[2025-05-13 22:53:08] This is codeql database create python-db --language=python --source-root=test-code --command python test-code/insecure4.py --overwrite
[2025-05-13 22:53:08] Log file was started late.
[2025-05-13 22:53:08] [PROGRESS] database create> Initializing database at C:\Users\sever\OneDrive\Desktop\Language-based Security\Project GDPR Compliance\gdpr-analyzer\python-db.
[2025-05-13 22:53:08] Running plumbing command: codeql database init --overwrite --language=python --extractor-options-verbosity=1 --qlconfig-file=C:\Users\sever\OneDrive\Desktop\Language-based Security\Project GDPR Compliance\gdpr-analyzer\qlconfig.yml --source-root=C:\Users\sever\OneDrive\Desktop\Language-based Security\Project GDPR Compliance\gdpr-analyzer\test-code --allow-missing-source-root=false --allow-already-existing -- C:\Users\sever\OneDrive\Desktop\Language-based Security\Project GDPR Compliance\gdpr-analyzer\python-db
[2025-05-13 22:53:08] Calling plumbing command: codeql resolve languages --extractor-options-verbosity=1 --format=betterjson
[2025-05-13 22:53:09] [DETAILS] resolve languages> Scanning for [codeql-extractor.yml] from C:\Users\sever\OneDrive\Desktop\Language-based Security\Project GDPR Compliance\gdpr-analyzer\codeql\.codeqlmanifest.json
[2025-05-13 22:53:09] [DETAILS] resolve languages> Parsing C:\Users\sever\OneDrive\Desktop\Language-based Security\Project GDPR Compliance\gdpr-analyzer\codeql\actions\codeql-extractor.yml.
[2025-05-13 22:53:09] [DETAILS] resolve languages> Parsing C:\Users\sever\OneDrive\Desktop\Language-based Security\Project GDPR Compliance\gdpr-analyzer\codeql\cpp\codeql-extractor.yml.
[2025-05-13 22:53:09] [DETAILS] resolve languages> Parsing C:\Users\sever\OneDrive\Desktop\Language-based Security\Project GDPR Compliance\gdpr-analyzer\codeql\csharp\codeql-extractor.yml.
[2025-05-13 22:53:09] [DETAILS] resolve languages> Parsing C:\Users\sever\OneDrive\Desktop\Language-based Security\Project GDPR Compliance\gdpr-analyzer\codeql\csv\codeql-extractor.yml.
[2025-05-13 22:53:09] [DETAILS] resolve languages> Parsing C:\Users\sever\OneDrive\Desktop\Language-based Security\Project GDPR Compliance\gdpr-analyzer\codeql\go\codeql-extractor.yml.
[2025-05-13 22:53:09] [DETAILS] resolve languages> Parsing C:\Users\sever\OneDrive\Desktop\Language-based Security\Project GDPR Compliance\gdpr-analyzer\codeql\html\codeql-extractor.yml.
[2025-05-13 22:53:09] [DETAILS] resolve languages> Parsing C:\Users\sever\OneDrive\Desktop\Language-based Security\Project GDPR Compliance\gdpr-analyzer\codeql\java\codeql-extractor.yml.
[2025-05-13 22:53:09] [DETAILS] resolve languages> Parsing C:\Users\sever\OneDrive\Desktop\Language-based Security\Project GDPR Compliance\gdpr-analyzer\codeql\javascript\codeql-extractor.yml.
[2025-05-13 22:53:09] [DETAILS] resolve languages> Parsing C:\Users\sever\OneDrive\Desktop\Language-based Security\Project GDPR Compliance\gdpr-analyzer\codeql\properties\codeql-extractor.yml.
[2025-05-13 22:53:09] [DETAILS] resolve languages> Parsing C:\Users\sever\OneDrive\Desktop\Language-based Security\Project GDPR Compliance\gdpr-analyzer\codeql\python\codeql-extractor.yml.
[2025-05-13 22:53:09] [DETAILS] resolve languages> Parsing C:\Users\sever\OneDrive\Desktop\Language-based Security\Project GDPR Compliance\gdpr-analyzer\codeql\ruby\codeql-extractor.yml.
[2025-05-13 22:53:09] [DETAILS] resolve languages> Parsing C:\Users\sever\OneDrive\Desktop\Language-based Security\Project GDPR Compliance\gdpr-analyzer\codeql\swift\codeql-extractor.yml.
[2025-05-13 22:53:09] [DETAILS] resolve languages> Parsing C:\Users\sever\OneDrive\Desktop\Language-based Security\Project GDPR Compliance\gdpr-analyzer\codeql\xml\codeql-extractor.yml.
[2025-05-13 22:53:09] [DETAILS] resolve languages> Parsing C:\Users\sever\OneDrive\Desktop\Language-based Security\Project GDPR Compliance\gdpr-analyzer\codeql\yaml\codeql-extractor.yml.
[2025-05-13 22:53:09] Plumbing command codeql resolve languages completed:
                      {
                        "aliases" : {
                          "c" : "cpp",
                          "c++" : "cpp",
                          "c-c++" : "cpp",
                          "c-cpp" : "cpp",
                          "c#" : "csharp",
                          "java-kotlin" : "java",
                          "kotlin" : "java",
                          "javascript-typescript" : "javascript",
                          "typescript" : "javascript"
                        },
                        "extractors" : {
                          "actions" : [
                            {
                              "extractor_root" : "C:\\Users\\sever\\OneDrive\\Desktop\\Language-based Security\\Project GDPR Compliance\\gdpr-analyzer\\codeql\\actions",
                              "extractor_options" : { }
                            }
                          ],
                          "cpp" : [
                            {
                              "extractor_root" : "C:\\Users\\sever\\OneDrive\\Desktop\\Language-based Security\\Project GDPR Compliance\\gdpr-analyzer\\codeql\\cpp",
                              "extractor_options" : {
                                "scale_timeouts" : {
                                  "title" : "Value to scale compiler introspection timeouts with",
                                  "description" : "The extractor attempts to determine what compiler the source code being extracted is compiled with. To this end the extractor makes additional calls to the compiler, some of which are expected to return within a certain fixed time (either 10s or 15s). On some systems that are under high load this time might be too short, and can be scaled up using this option.\n",
                                  "type" : "string",
                                  "pattern" : "[0-9]+"
                                },
                                "log_verbosity" : {
                                  "title" : "Verbosity of the extractor logging",
                                  "description" : "Set the verbosity of the extractor logging to 'quiet' (0), 'normal' (1), 'chatty' (2), or 'noisy' (3). The default is 'normal'.\n",
                                  "type" : "string",
                                  "pattern" : "[0-3]"
                                }
                              }
                            }
                          ],
                          "csharp" : [
                            {
                              "extractor_root" : "C:\\Users\\sever\\OneDrive\\Desktop\\Language-based Security\\Project GDPR Compliance\\gdpr-analyzer\\codeql\\csharp",
                              "extractor_options" : {
                                "trap" : {
                                  "title" : "Options pertaining to TRAP.",
                                  "description" : "Options pertaining to TRAP.",
                                  "type" : "object",
                                  "properties" : {
                                    "compression" : {
                                      "title" : "Controls compression for the TRAP files written by the extractor.",
                                      "description" : "This option is only intended for use in debugging the extractor. Accepted values are 'brotli' (the default, to write brotli-compressed TRAP), 'gzip', and 'none' (to write uncompressed TRAP).\n",
                                      "type" : "string",
                                      "pattern" : "^(none|gzip|brotli)$"
                                    }
                                  }
                                },
                                "buildless" : {
                                  "title" : "DEPRECATED - Whether to use buildless (standalone) extraction.",
                                  "description" : "DEPRECATED: Use `--build-mode none` instead.\nA value indicating, which type of extraction the autobuilder should perform. If 'true', then the standalone extractor will be used, otherwise tracing extraction will be performed. The default is 'false'. Note that buildless extraction will generally yield less accurate analysis results, and should only be used in cases where it is not possible to build the code (for example if it uses inaccessible dependencies).\n",
                                  "type" : "string",
                                  "pattern" : "^(false|true)$"
                                },
                                "logging" : {
                                  "title" : "Options pertaining to logging.",
                                  "description" : "Options pertaining to logging.",
                                  "type" : "object",
                                  "properties" : {
                                    "verbosity" : {
                                      "title" : "Extractor logging verbosity level.",
                                      "description" : "Controls the level of verbosity of the extractor. The supported levels are (in order of increasing verbosity):\n  - off\n  - errors\n  - warnings\n  - info or progress\n  - debug or progress+\n  - trace or progress++\n  - progress+++\n",
                                      "type" : "string",
                                      "pattern" : "^(off|errors|warnings|(info|progress)|(debug|progress\\+)|(trace|progress\\+\\+)|progress\\+\\+\\+)$"
                                    }
                                  }
                                },
                                "binlog" : {
                                  "title" : "Binlog",
                                  "description" : "[EXPERIMENTAL] The value is a path to the MsBuild binary log file that should be extracted. This option only works when `--build-mode none` is also specified.\n",
                                  "type" : "array"
                                }
                              }
                            }
                          ],
                          "csv" : [
                            {
                              "extractor_root" : "C:\\Users\\sever\\OneDrive\\Desktop\\Language-based Security\\Project GDPR Compliance\\gdpr-analyzer\\codeql\\csv"
                            }
                          ],
                          "go" : [
                            {
                              "extractor_root" : "C:\\Users\\sever\\OneDrive\\Desktop\\Language-based Security\\Project GDPR Compliance\\gdpr-analyzer\\codeql\\go",
                              "extractor_options" : {
                                "extract_tests" : {
                                  "title" : "Whether to include Go test files in the CodeQL database.",
                                  "description" : "A value indicating whether Go test files should be included in the CodeQL database. The default is 'false'.\n",
                                  "type" : "string",
                                  "pattern" : "^(false|true)$"
                                },
                                "extract_vendor_dirs" : {
                                  "title" : "Whether to include Go vendor directories in the CodeQL database.",
                                  "description" : "A value indicating whether Go vendor directories should be included in the CodeQL database. The default is 'false'.\n",
                                  "type" : "string",
                                  "pattern" : "^(false|true)$"
                                }
                              }
                            }
                          ],
                          "html" : [
                            {
                              "extractor_root" : "C:\\Users\\sever\\OneDrive\\Desktop\\Language-based Security\\Project GDPR Compliance\\gdpr-analyzer\\codeql\\html"
                            }
                          ],
                          "java" : [
                            {
                              "extractor_root" : "C:\\Users\\sever\\OneDrive\\Desktop\\Language-based Security\\Project GDPR Compliance\\gdpr-analyzer\\codeql\\java",
                              "extractor_options" : {
                                "exclude" : {
                                  "title" : "A glob excluding files from analysis.",
                                  "description" : "A glob indicating what files to exclude from the analysis. This accepts glob patterns that are supported by Java's 'getPathMatcher' implementation.\n",
                                  "type" : "string"
                                },
                                "add_prefer_source" : {
                                  "title" : "Whether to always prefer source files over class files.",
                                  "description" : "A value indicating whether source files should be preferred over class files. If set to 'true', the extraction adds '-Xprefer:source' to the javac command line. If set to 'false', the extraction uses the default javac behavior ('-Xprefer:newer'). The default is 'true'.\n",
                                  "type" : "string",
                                  "pattern" : "^(false|true)$"
                                },
                                "buildless" : {
                                  "title" : "Whether to use buildless (standalone) extraction (experimental).",
                                  "description" : "A value indicating, which type of extraction the autobuilder should perform. If 'true', then the standalone extractor will be used, otherwise tracing extraction will be performed. The default is 'false'. Note that buildless extraction will generally yield less accurate analysis results, and should only be used in cases where it is not possible to build the code (for example if it uses inaccessible dependencies).\n",
                                  "type" : "string",
                                  "pattern" : "^(false|true)$"
                                },
                                "buildless_dependency_dir" : {
                                  "title" : "The path where buildless (standalone) extraction should keep dependencies.",
                                  "description" : "If set, the buildless (standalone) extractor will store dependencies in this directory.\n",
                                  "type" : "string"
                                },
                                "minimize_dependency_jars" : {
                                  "title" : "Whether to rewrite and minimize downloaded JAR dependencies (experimental).",
                                  "description" : "If 'true', JAR dependencies downloaded during extraction will be rewritten to remove unneeded data, such as method bodies. The default is 'false'.\n",
                                  "type" : "string",
                                  "pattern" : "^(false|true)$"
                                }
                              }
                            }
                          ],
                          "javascript" : [
                            {
                              "extractor_root" : "C:\\Users\\sever\\OneDrive\\Desktop\\Language-based Security\\Project GDPR Compliance\\gdpr-analyzer\\codeql\\javascript",
                              "extractor_options" : {
                                "skip_types" : {
                                  "title" : "Skip type extraction for TypeScript",
                                  "description" : "Whether to skip the extraction of types in a TypeScript application",
                                  "type" : "string",
                                  "pattern" : "^(false|true)$"
                                }
                              }
                            }
                          ],
                          "properties" : [
                            {
                              "extractor_root" : "C:\\Users\\sever\\OneDrive\\Desktop\\Language-based Security\\Project GDPR Compliance\\gdpr-analyzer\\codeql\\properties"
                            }
                          ],
                          "python" : [
                            {
                              "extractor_root" : "C:\\Users\\sever\\OneDrive\\Desktop\\Language-based Security\\Project GDPR Compliance\\gdpr-analyzer\\codeql\\python",
                              "extractor_options" : {
                                "logging" : {
                                  "title" : "Options pertaining to logging.",
                                  "description" : "Options pertaining to logging.",
                                  "type" : "object",
                                  "properties" : {
                                    "verbosity" : {
                                      "title" : "Python extractor logging verbosity level.",
                                      "description" : "Controls the level of verbosity of the CodeQL Python extractor.\nThe supported levels are (in order of increasing verbosity):\n\n  - off\n  - errors\n  - warnings\n  - info or progress\n  - debug or progress+\n  - trace or progress++\n  - progress+++\n",
                                      "type" : "string",
                                      "pattern" : "^(off|errors|warnings|(info|progress)|(debug|progress\\+)|(trace|progress\\+\\+)|progress\\+\\+\\+)$"
                                    }
                                  }
                                },
                                "python_executable_name" : {
                                  "title" : "Controls the name of the Python executable used by the Python extractor.",
                                  "description" : "The Python extractor uses platform-dependent heuristics to determine the name of the Python executable to use. Specifying a value for this option overrides the name of the Python executable used by the extractor. Accepted values are py, python and python3. Use this setting with caution, the Python extractor requires Python 3 to run.\n",
                                  "type" : "string",
                                  "pattern" : "^(py|python|python3)$"
                                }
                              }
                            }
                          ],
                          "ruby" : [
                            {
                              "extractor_root" : "C:\\Users\\sever\\OneDrive\\Desktop\\Language-based Security\\Project GDPR Compliance\\gdpr-analyzer\\codeql\\ruby",
                              "extractor_options" : {
                                "trap" : {
                                  "title" : "Options pertaining to TRAP.",
                                  "description" : "Options pertaining to TRAP.",
                                  "type" : "object",
                                  "properties" : {
                                    "compression" : {
                                      "title" : "Controls compression for the TRAP files written by the extractor.",
                                      "description" : "This option is only intended for use in debugging the extractor. Accepted values are 'gzip' (the default, to write gzip-compressed TRAP) and 'none' (to write uncompressed TRAP).\n",
                                      "type" : "string",
                                      "pattern" : "^(none|gzip)$"
                                    }
                                  }
                                }
                              }
                            }
                          ],
                          "swift" : [
                            {
                              "extractor_root" : "C:\\Users\\sever\\OneDrive\\Desktop\\Language-based Security\\Project GDPR Compliance\\gdpr-analyzer\\codeql\\swift"
                            }
                          ],
                          "xml" : [
                            {
                              "extractor_root" : "C:\\Users\\sever\\OneDrive\\Desktop\\Language-based Security\\Project GDPR Compliance\\gdpr-analyzer\\codeql\\xml"
                            }
                          ],
                          "yaml" : [
                            {
                              "extractor_root" : "C:\\Users\\sever\\OneDrive\\Desktop\\Language-based Security\\Project GDPR Compliance\\gdpr-analyzer\\codeql\\yaml"
                            }
                          ]
                        }
                      }
[2025-05-13 22:53:09] [PROGRESS] database init> Calculating baseline information in C:\Users\sever\OneDrive\Desktop\Language-based Security\Project GDPR Compliance\gdpr-analyzer\test-code
[2025-05-13 22:53:09] [SPAMMY] database init> Ignoring the following directories when processing baseline information: .git, .hg, .svn.
[2025-05-13 22:53:09] [DETAILS] database init> Running command in C:\Users\sever\OneDrive\Desktop\Language-based Security\Project GDPR Compliance\gdpr-analyzer\test-code: C:\Users\sever\OneDrive\Desktop\Language-based Security\Project GDPR Compliance\gdpr-analyzer\codeql\tools\win64\scc.exe --by-file --exclude-dir .git,.hg,.svn --format json --no-large --no-min .
[2025-05-13 22:53:09] [SPAMMY] database init> Found 5 baseline files for python.
[2025-05-13 22:53:09] [PROGRESS] database init> Calculated baseline information for languages: python (87ms).
[2025-05-13 22:53:09] [PROGRESS] database init> Resolving extractor python.
[2025-05-13 22:53:09] [DETAILS] database init> Found candidate extractor root for python: C:\Users\sever\OneDrive\Desktop\Language-based Security\Project GDPR Compliance\gdpr-analyzer\codeql\python.
[2025-05-13 22:53:09] [PROGRESS] database init> Successfully loaded extractor Python (python) from C:\Users\sever\OneDrive\Desktop\Language-based Security\Project GDPR Compliance\gdpr-analyzer\codeql\python.
[2025-05-13 22:53:09] [PROGRESS] database init> Created skeleton CodeQL database at C:\Users\sever\OneDrive\Desktop\Language-based Security\Project GDPR Compliance\gdpr-analyzer\python-db. This in-progress database is ready to be populated by an extractor.
[2025-05-13 22:53:09] Plumbing command codeql database init completed.
[2025-05-13 22:53:09] [PROGRESS] database create> Running build command: [python, test-code/insecure4.py]
[2025-05-13 22:53:09] Running plumbing command: codeql database trace-command --working-dir=C:\Users\sever\OneDrive\Desktop\Language-based Security\Project GDPR Compliance\gdpr-analyzer\test-code --index-traceless-dbs --no-db-cluster -- C:\Users\sever\OneDrive\Desktop\Language-based Security\Project GDPR Compliance\gdpr-analyzer\python-db python test-code/insecure4.py
[2025-05-13 22:53:09] Using autobuild script C:\Users\sever\OneDrive\Desktop\Language-based Security\Project GDPR Compliance\gdpr-analyzer\codeql\python\tools\autobuild.cmd.
[2025-05-13 22:53:09] [PROGRESS] database trace-command> Running command in C:\Users\sever\OneDrive\Desktop\Language-based Security\Project GDPR Compliance\gdpr-analyzer\test-code: [C:\Users\sever\OneDrive\Desktop\Language-based Security\Project GDPR Compliance\gdpr-analyzer\codeql\python\tools\autobuild.cmd]
[2025-05-13 22:53:10] [build-stdout] Python 3.13.3
[2025-05-13 22:53:10] [build-stderr] No suitable Python runtime found
[2025-05-13 22:53:10] [build-stderr] Pass --list (-0) to see all detected environments on your machine
[2025-05-13 22:53:10] [build-stderr] or set environment variable PYLAUNCHER_ALLOW_INSTALL to use winget
[2025-05-13 22:53:10] [build-stderr] or open the Microsoft Store to the requested version.
[2025-05-13 22:53:10] [build-stdout] No directories containing root identifiers were found. Returning working directory as root.
[2025-05-13 22:53:10] [build-stdout] Will try to guess Python version, as it was not specified in `lgtm.yml`
[2025-05-13 22:53:10] [build-stdout] Trying to guess Python version based on Trove classifiers in setup.py
[2025-05-13 22:53:10] [build-stdout] Did not find setup.py (expected it to be at C:\Users\sever\OneDrive\Desktop\Language-based Security\Project GDPR Compliance\gdpr-analyzer\test-code\setup.py)
[2025-05-13 22:53:10] [build-stdout] Trying to guess Python version based on travis file
[2025-05-13 22:53:10] [build-stdout] Did not find any travis files (expected them at either ['C:\\Users\\sever\\OneDrive\\Desktop\\Language-based Security\\Project GDPR Compliance\\gdpr-analyzer\\test-code\\.travis.yml', 'C:\\Users\\sever\\OneDrive\\Desktop\\Language-based Security\\Project GDPR Compliance\\gdpr-analyzer\\test-code\\travis.yml'])
[2025-05-13 22:53:10] [build-stdout] Trying to guess Python version based on installed versions
[2025-05-13 22:53:10] [build-stdout] Wanted to run Python 2, but it is not available. Using Python 3 instead
[2025-05-13 22:53:10] [build-stdout] This script is running Python 3, but Python 2 is also available (as 'py -3')
[2025-05-13 22:53:10] [build-stdout] Could not guess Python version, will use default: Python 3
[2025-05-13 22:53:10] [build-stdout] Calling py -3 -S C:\Users\sever\OneDrive\Desktop\Language-based Security\Project GDPR Compliance\gdpr-analyzer\codeql\python\tools\python_tracer.py --verbosity 3 -z all -c C:\Users\sever\OneDrive\Desktop\Language-based Security\Project GDPR Compliance\gdpr-analyzer\python-db\working\trap_cache -R C:\Users\sever\OneDrive\Desktop\Language-based Security\Project GDPR Compliance\gdpr-analyzer\test-code
[2025-05-13 22:53:11] [build-stdout] Python 3.13.3
[2025-05-13 22:53:11] [build-stdout] INFO: The Python extractor has recently stopped extracting the standard library by default. If you encounter problems, please let us know by submitting an issue to https://github.com/github/codeql. It is possible to re-enable extraction of the standard library by setting the environment variable CODEQL_EXTRACTOR_PYTHON_EXTRACT_STDLIB.
[2025-05-13 22:53:11] [build-stdout] [INFO] Extraction will use the Python 3 standard library.
[2025-05-13 22:53:11] [build-stdout] [INFO] sys_path is: ['C:\\Users\\sever\\OneDrive\\Desktop\\Language-based Security\\Project GDPR Compliance\\gdpr-analyzer\\codeql\\python\\tools', 'C:\\Users\\sever\\AppData\\Local\\Programs\\Python\\Python313\\python313.zip', 'C:\\Users\\sever\\AppData\\Local\\Programs\\Python\\Python313\\DLLs', 'C:\\Users\\sever\\AppData\\Local\\Programs\\Python\\Python313\\Lib', 'C:\\Users\\sever\\AppData\\Local\\Programs\\Python\\Python313']
[2025-05-13 22:53:11] [build-stdout] [INFO] Python version 3.13.3
[2025-05-13 22:53:11] [build-stdout] [INFO] Python extractor version 7.1.2
[2025-05-13 22:53:12] [build-stdout] [INFO] [1] Extracted file C:\Users\sever\OneDrive\Desktop\Language-based Security\Project GDPR Compliance\gdpr-analyzer\test-code\insecure1.py in 36ms
[2025-05-13 22:53:12] [build-stdout] [INFO] [1] Extracted file C:\Users\sever\OneDrive\Desktop\Language-based Security\Project GDPR Compliance\gdpr-analyzer\test-code\insecure2.py in 26ms
[2025-05-13 22:53:12] [build-stdout] [INFO] [1] Extracted file C:\Users\sever\OneDrive\Desktop\Language-based Security\Project GDPR Compliance\gdpr-analyzer\test-code\insecure3.py in 30ms
[2025-05-13 22:53:12] [build-stdout] [INFO] [4] Extracted file C:\Users\sever\OneDrive\Desktop\Language-based Security\Project GDPR Compliance\gdpr-analyzer\test-code\secure.py in 34ms
[2025-05-13 22:53:12] [build-stdout] [INFO] [3] Extracted file C:\Users\sever\OneDrive\Desktop\Language-based Security\Project GDPR Compliance\gdpr-analyzer\test-code\insecure4.py in 40ms
[2025-05-13 22:53:13] [build-stdout] [INFO] Processed 5 modules in 1.74s
[2025-05-13 22:53:13] [PROGRESS] database trace-command> Running command in C:\Users\sever\OneDrive\Desktop\Language-based Security\Project GDPR Compliance\gdpr-analyzer\test-code: [python, test-code/insecure4.py]
[2025-05-13 22:53:13] [build-stderr] python: can't open file 'C:\\Users\\sever\\OneDrive\\Desktop\\Language-based Security\\Project GDPR Compliance\\gdpr-analyzer\\test-code\\test-code\\insecure4.py': [Errno 2] No such file or directory
[2025-05-13 22:53:13] [ERROR] Spawned process exited abnormally (code 2; tried to run: [C:\Users\sever\OneDrive\Desktop\Language-based Security\Project GDPR Compliance\gdpr-analyzer\codeql\tools\win64\runner.exe, cmd.exe, /C, type, NUL, &&, python, test-code/insecure4.py])
[2025-05-13 22:53:13] Exception caught at top level: Exit status 2 from command: [C:\Users\sever\OneDrive\Desktop\Language-based Security\Project GDPR Compliance\gdpr-analyzer\codeql\tools\win64\runner.exe, cmd.exe, /C, type, NUL, &&, python, test-code/insecure4.py]
                      com.semmle.cli2.Commandline.executeAndCheckResult(Commandline.java:170)
                      com.semmle.cli2.Commandline.runWithoutReturn(Commandline.java:123)
                      com.semmle.cli2.database.DatabaseProcessCommandCommon.executeSubcommand(DatabaseProcessCommandCommon.java:227)
                      com.semmle.cli2.database.TraceCommandCommand.executeSubcommand(TraceCommandCommand.java:126)
                      com.semmle.cli2.picocli.SubcommandCommon.lambda$executeSubcommandWithMessages$5(SubcommandCommon.java:892)
                      com.semmle.cli2.picocli.SubcommandCommon.withCompilationMessages(SubcommandCommon.java:444)
                      com.semmle.cli2.picocli.SubcommandCommon.executeSubcommandWithMessages(SubcommandCommon.java:890)
                      com.semmle.cli2.picocli.PlumbingRunner.run(PlumbingRunner.java:119)
                      com.semmle.cli2.picocli.SubcommandCommon.runPlumbingInProcess(SubcommandCommon.java:201)
                      com.semmle.cli2.database.CreateCommand.executeSubcommand(CreateCommand.java:185)
                      com.semmle.cli2.picocli.SubcommandCommon.lambda$executeSubcommandWithMessages$5(SubcommandCommon.java:892)
                      com.semmle.cli2.picocli.SubcommandCommon.withCompilationMessages(SubcommandCommon.java:444)
                      com.semmle.cli2.picocli.SubcommandCommon.executeSubcommandWithMessages(SubcommandCommon.java:890)
                      com.semmle.cli2.picocli.SubcommandCommon.toplevelMain(SubcommandCommon.java:777)
                      com.semmle.cli2.picocli.SubcommandCommon.call(SubcommandCommon.java:757)
                      com.semmle.cli2.picocli.SubcommandMaker.runMain(SubcommandMaker.java:238)
                      com.semmle.cli2.picocli.SubcommandMaker.runMain(SubcommandMaker.java:259)
                      com.semmle.cli2.CodeQL.main(CodeQL.java:115)
