[2025-05-13 21:31:18] This is codeql database create python-db --language=python --source-root=test-code --overwrite
[2025-05-13 21:31:18] Log file was started late.
[2025-05-13 21:31:18] [PROGRESS] database create> Initializing database at C:\Users\sever\OneDrive\Desktop\Language-based Security\Project GDPR Compliance\gdpr-analyzer\python-db.
[2025-05-13 21:31:18] Running plumbing command: codeql database init --overwrite --language=python --extractor-options-verbosity=1 --qlconfig-file=C:\Users\sever\OneDrive\Desktop\Language-based Security\Project GDPR Compliance\gdpr-analyzer\qlconfig.yml --source-root=C:\Users\sever\OneDrive\Desktop\Language-based Security\Project GDPR Compliance\gdpr-analyzer\test-code --allow-missing-source-root=false --allow-already-existing -- C:\Users\sever\OneDrive\Desktop\Language-based Security\Project GDPR Compliance\gdpr-analyzer\python-db
[2025-05-13 21:31:18] Calling plumbing command: codeql resolve languages --extractor-options-verbosity=1 --format=betterjson
[2025-05-13 21:31:19] [DETAILS] resolve languages> Scanning for [codeql-extractor.yml] from C:\Users\sever\OneDrive\Desktop\Language-based Security\Project GDPR Compliance\gdpr-analyzer\codeql\.codeqlmanifest.json
[2025-05-13 21:31:19] [DETAILS] resolve languages> Parsing C:\Users\sever\OneDrive\Desktop\Language-based Security\Project GDPR Compliance\gdpr-analyzer\codeql\actions\codeql-extractor.yml.
[2025-05-13 21:31:19] [DETAILS] resolve languages> Parsing C:\Users\sever\OneDrive\Desktop\Language-based Security\Project GDPR Compliance\gdpr-analyzer\codeql\cpp\codeql-extractor.yml.
[2025-05-13 21:31:19] [DETAILS] resolve languages> Parsing C:\Users\sever\OneDrive\Desktop\Language-based Security\Project GDPR Compliance\gdpr-analyzer\codeql\csharp\codeql-extractor.yml.
[2025-05-13 21:31:19] [DETAILS] resolve languages> Parsing C:\Users\sever\OneDrive\Desktop\Language-based Security\Project GDPR Compliance\gdpr-analyzer\codeql\csv\codeql-extractor.yml.
[2025-05-13 21:31:19] [DETAILS] resolve languages> Parsing C:\Users\sever\OneDrive\Desktop\Language-based Security\Project GDPR Compliance\gdpr-analyzer\codeql\go\codeql-extractor.yml.
[2025-05-13 21:31:19] [DETAILS] resolve languages> Parsing C:\Users\sever\OneDrive\Desktop\Language-based Security\Project GDPR Compliance\gdpr-analyzer\codeql\html\codeql-extractor.yml.
[2025-05-13 21:31:19] [DETAILS] resolve languages> Parsing C:\Users\sever\OneDrive\Desktop\Language-based Security\Project GDPR Compliance\gdpr-analyzer\codeql\java\codeql-extractor.yml.
[2025-05-13 21:31:19] [DETAILS] resolve languages> Parsing C:\Users\sever\OneDrive\Desktop\Language-based Security\Project GDPR Compliance\gdpr-analyzer\codeql\javascript\codeql-extractor.yml.
[2025-05-13 21:31:19] [DETAILS] resolve languages> Parsing C:\Users\sever\OneDrive\Desktop\Language-based Security\Project GDPR Compliance\gdpr-analyzer\codeql\properties\codeql-extractor.yml.
[2025-05-13 21:31:19] [DETAILS] resolve languages> Parsing C:\Users\sever\OneDrive\Desktop\Language-based Security\Project GDPR Compliance\gdpr-analyzer\codeql\python\codeql-extractor.yml.
[2025-05-13 21:31:19] [DETAILS] resolve languages> Parsing C:\Users\sever\OneDrive\Desktop\Language-based Security\Project GDPR Compliance\gdpr-analyzer\codeql\ruby\codeql-extractor.yml.
[2025-05-13 21:31:19] [DETAILS] resolve languages> Parsing C:\Users\sever\OneDrive\Desktop\Language-based Security\Project GDPR Compliance\gdpr-analyzer\codeql\swift\codeql-extractor.yml.
[2025-05-13 21:31:19] [DETAILS] resolve languages> Parsing C:\Users\sever\OneDrive\Desktop\Language-based Security\Project GDPR Compliance\gdpr-analyzer\codeql\xml\codeql-extractor.yml.
[2025-05-13 21:31:19] [DETAILS] resolve languages> Parsing C:\Users\sever\OneDrive\Desktop\Language-based Security\Project GDPR Compliance\gdpr-analyzer\codeql\yaml\codeql-extractor.yml.
[2025-05-13 21:31:19] Plumbing command codeql resolve languages completed:
                      {
                        "aliases" : {
                          "c" : "cpp",
                          "c++" : "cpp",
                          "c-c++" : "cpp",
                          "c-cpp" : "cpp",
                          "c#" : "csharp",
                          "java-kotlin" : "java",
                          "kotlin" : "java",
                          "javascript-typescript" : "javascript",
                          "typescript" : "javascript"
                        },
                        "extractors" : {
                          "actions" : [
                            {
                              "extractor_root" : "C:\\Users\\sever\\OneDrive\\Desktop\\Language-based Security\\Project GDPR Compliance\\gdpr-analyzer\\codeql\\actions",
                              "extractor_options" : { }
                            }
                          ],
                          "cpp" : [
                            {
                              "extractor_root" : "C:\\Users\\sever\\OneDrive\\Desktop\\Language-based Security\\Project GDPR Compliance\\gdpr-analyzer\\codeql\\cpp",
                              "extractor_options" : {
                                "scale_timeouts" : {
                                  "title" : "Value to scale compiler introspection timeouts with",
                                  "description" : "The extractor attempts to determine what compiler the source code being extracted is compiled with. To this end the extractor makes additional calls to the compiler, some of which are expected to return within a certain fixed time (either 10s or 15s). On some systems that are under high load this time might be too short, and can be scaled up using this option.\n",
                                  "type" : "string",
                                  "pattern" : "[0-9]+"
                                },
                                "log_verbosity" : {
                                  "title" : "Verbosity of the extractor logging",
                                  "description" : "Set the verbosity of the extractor logging to 'quiet' (0), 'normal' (1), 'chatty' (2), or 'noisy' (3). The default is 'normal'.\n",
                                  "type" : "string",
                                  "pattern" : "[0-3]"
                                }
                              }
                            }
                          ],
                          "csharp" : [
                            {
                              "extractor_root" : "C:\\Users\\sever\\OneDrive\\Desktop\\Language-based Security\\Project GDPR Compliance\\gdpr-analyzer\\codeql\\csharp",
                              "extractor_options" : {
                                "trap" : {
                                  "title" : "Options pertaining to TRAP.",
                                  "description" : "Options pertaining to TRAP.",
                                  "type" : "object",
                                  "properties" : {
                                    "compression" : {
                                      "title" : "Controls compression for the TRAP files written by the extractor.",
                                      "description" : "This option is only intended for use in debugging the extractor. Accepted values are 'brotli' (the default, to write brotli-compressed TRAP), 'gzip', and 'none' (to write uncompressed TRAP).\n",
                                      "type" : "string",
                                      "pattern" : "^(none|gzip|brotli)$"
                                    }
                                  }
                                },
                                "buildless" : {
                                  "title" : "DEPRECATED - Whether to use buildless (standalone) extraction.",
                                  "description" : "DEPRECATED: Use `--build-mode none` instead.\nA value indicating, which type of extraction the autobuilder should perform. If 'true', then the standalone extractor will be used, otherwise tracing extraction will be performed. The default is 'false'. Note that buildless extraction will generally yield less accurate analysis results, and should only be used in cases where it is not possible to build the code (for example if it uses inaccessible dependencies).\n",
                                  "type" : "string",
                                  "pattern" : "^(false|true)$"
                                },
                                "logging" : {
                                  "title" : "Options pertaining to logging.",
                                  "description" : "Options pertaining to logging.",
                                  "type" : "object",
                                  "properties" : {
                                    "verbosity" : {
                                      "title" : "Extractor logging verbosity level.",
                                      "description" : "Controls the level of verbosity of the extractor. The supported levels are (in order of increasing verbosity):\n  - off\n  - errors\n  - warnings\n  - info or progress\n  - debug or progress+\n  - trace or progress++\n  - progress+++\n",
                                      "type" : "string",
                                      "pattern" : "^(off|errors|warnings|(info|progress)|(debug|progress\\+)|(trace|progress\\+\\+)|progress\\+\\+\\+)$"
                                    }
                                  }
                                },
                                "binlog" : {
                                  "title" : "Binlog",
                                  "description" : "[EXPERIMENTAL] The value is a path to the MsBuild binary log file that should be extracted. This option only works when `--build-mode none` is also specified.\n",
                                  "type" : "array"
                                }
                              }
                            }
                          ],
                          "csv" : [
                            {
                              "extractor_root" : "C:\\Users\\sever\\OneDrive\\Desktop\\Language-based Security\\Project GDPR Compliance\\gdpr-analyzer\\codeql\\csv"
                            }
                          ],
                          "go" : [
                            {
                              "extractor_root" : "C:\\Users\\sever\\OneDrive\\Desktop\\Language-based Security\\Project GDPR Compliance\\gdpr-analyzer\\codeql\\go",
                              "extractor_options" : {
                                "extract_tests" : {
                                  "title" : "Whether to include Go test files in the CodeQL database.",
                                  "description" : "A value indicating whether Go test files should be included in the CodeQL database. The default is 'false'.\n",
                                  "type" : "string",
                                  "pattern" : "^(false|true)$"
                                },
                                "extract_vendor_dirs" : {
                                  "title" : "Whether to include Go vendor directories in the CodeQL database.",
                                  "description" : "A value indicating whether Go vendor directories should be included in the CodeQL database. The default is 'false'.\n",
                                  "type" : "string",
                                  "pattern" : "^(false|true)$"
                                }
                              }
                            }
                          ],
                          "html" : [
                            {
                              "extractor_root" : "C:\\Users\\sever\\OneDrive\\Desktop\\Language-based Security\\Project GDPR Compliance\\gdpr-analyzer\\codeql\\html"
                            }
                          ],
                          "java" : [
                            {
                              "extractor_root" : "C:\\Users\\sever\\OneDrive\\Desktop\\Language-based Security\\Project GDPR Compliance\\gdpr-analyzer\\codeql\\java",
                              "extractor_options" : {
                                "exclude" : {
                                  "title" : "A glob excluding files from analysis.",
                                  "description" : "A glob indicating what files to exclude from the analysis. This accepts glob patterns that are supported by Java's 'getPathMatcher' implementation.\n",
                                  "type" : "string"
                                },
                                "add_prefer_source" : {
                                  "title" : "Whether to always prefer source files over class files.",
                                  "description" : "A value indicating whether source files should be preferred over class files. If set to 'true', the extraction adds '-Xprefer:source' to the javac command line. If set to 'false', the extraction uses the default javac behavior ('-Xprefer:newer'). The default is 'true'.\n",
                                  "type" : "string",
                                  "pattern" : "^(false|true)$"
                                },
                                "buildless" : {
                                  "title" : "Whether to use buildless (standalone) extraction (experimental).",
                                  "description" : "A value indicating, which type of extraction the autobuilder should perform. If 'true', then the standalone extractor will be used, otherwise tracing extraction will be performed. The default is 'false'. Note that buildless extraction will generally yield less accurate analysis results, and should only be used in cases where it is not possible to build the code (for example if it uses inaccessible dependencies).\n",
                                  "type" : "string",
                                  "pattern" : "^(false|true)$"
                                },
                                "buildless_dependency_dir" : {
                                  "title" : "The path where buildless (standalone) extraction should keep dependencies.",
                                  "description" : "If set, the buildless (standalone) extractor will store dependencies in this directory.\n",
                                  "type" : "string"
                                },
                                "minimize_dependency_jars" : {
                                  "title" : "Whether to rewrite and minimize downloaded JAR dependencies (experimental).",
                                  "description" : "If 'true', JAR dependencies downloaded during extraction will be rewritten to remove unneeded data, such as method bodies. The default is 'false'.\n",
                                  "type" : "string",
                                  "pattern" : "^(false|true)$"
                                }
                              }
                            }
                          ],
                          "javascript" : [
                            {
                              "extractor_root" : "C:\\Users\\sever\\OneDrive\\Desktop\\Language-based Security\\Project GDPR Compliance\\gdpr-analyzer\\codeql\\javascript",
                              "extractor_options" : {
                                "skip_types" : {
                                  "title" : "Skip type extraction for TypeScript",
                                  "description" : "Whether to skip the extraction of types in a TypeScript application",
                                  "type" : "string",
                                  "pattern" : "^(false|true)$"
                                }
                              }
                            }
                          ],
                          "properties" : [
                            {
                              "extractor_root" : "C:\\Users\\sever\\OneDrive\\Desktop\\Language-based Security\\Project GDPR Compliance\\gdpr-analyzer\\codeql\\properties"
                            }
                          ],
                          "python" : [
                            {
                              "extractor_root" : "C:\\Users\\sever\\OneDrive\\Desktop\\Language-based Security\\Project GDPR Compliance\\gdpr-analyzer\\codeql\\python",
                              "extractor_options" : {
                                "logging" : {
                                  "title" : "Options pertaining to logging.",
                                  "description" : "Options pertaining to logging.",
                                  "type" : "object",
                                  "properties" : {
                                    "verbosity" : {
                                      "title" : "Python extractor logging verbosity level.",
                                      "description" : "Controls the level of verbosity of the CodeQL Python extractor.\nThe supported levels are (in order of increasing verbosity):\n\n  - off\n  - errors\n  - warnings\n  - info or progress\n  - debug or progress+\n  - trace or progress++\n  - progress+++\n",
                                      "type" : "string",
                                      "pattern" : "^(off|errors|warnings|(info|progress)|(debug|progress\\+)|(trace|progress\\+\\+)|progress\\+\\+\\+)$"
                                    }
                                  }
                                },
                                "python_executable_name" : {
                                  "title" : "Controls the name of the Python executable used by the Python extractor.",
                                  "description" : "The Python extractor uses platform-dependent heuristics to determine the name of the Python executable to use. Specifying a value for this option overrides the name of the Python executable used by the extractor. Accepted values are py, python and python3. Use this setting with caution, the Python extractor requires Python 3 to run.\n",
                                  "type" : "string",
                                  "pattern" : "^(py|python|python3)$"
                                }
                              }
                            }
                          ],
                          "ruby" : [
                            {
                              "extractor_root" : "C:\\Users\\sever\\OneDrive\\Desktop\\Language-based Security\\Project GDPR Compliance\\gdpr-analyzer\\codeql\\ruby",
                              "extractor_options" : {
                                "trap" : {
                                  "title" : "Options pertaining to TRAP.",
                                  "description" : "Options pertaining to TRAP.",
                                  "type" : "object",
                                  "properties" : {
                                    "compression" : {
                                      "title" : "Controls compression for the TRAP files written by the extractor.",
                                      "description" : "This option is only intended for use in debugging the extractor. Accepted values are 'gzip' (the default, to write gzip-compressed TRAP) and 'none' (to write uncompressed TRAP).\n",
                                      "type" : "string",
                                      "pattern" : "^(none|gzip)$"
                                    }
                                  }
                                }
                              }
                            }
                          ],
                          "swift" : [
                            {
                              "extractor_root" : "C:\\Users\\sever\\OneDrive\\Desktop\\Language-based Security\\Project GDPR Compliance\\gdpr-analyzer\\codeql\\swift"
                            }
                          ],
                          "xml" : [
                            {
                              "extractor_root" : "C:\\Users\\sever\\OneDrive\\Desktop\\Language-based Security\\Project GDPR Compliance\\gdpr-analyzer\\codeql\\xml"
                            }
                          ],
                          "yaml" : [
                            {
                              "extractor_root" : "C:\\Users\\sever\\OneDrive\\Desktop\\Language-based Security\\Project GDPR Compliance\\gdpr-analyzer\\codeql\\yaml"
                            }
                          ]
                        }
                      }
[2025-05-13 21:31:19] [PROGRESS] database init> Calculating baseline information in C:\Users\sever\OneDrive\Desktop\Language-based Security\Project GDPR Compliance\gdpr-analyzer\test-code
[2025-05-13 21:31:19] [SPAMMY] database init> Ignoring the following directories when processing baseline information: .git, .hg, .svn.
[2025-05-13 21:31:19] [DETAILS] database init> Running command in C:\Users\sever\OneDrive\Desktop\Language-based Security\Project GDPR Compliance\gdpr-analyzer\test-code: C:\Users\sever\OneDrive\Desktop\Language-based Security\Project GDPR Compliance\gdpr-analyzer\codeql\tools\win64\scc.exe --by-file --exclude-dir .git,.hg,.svn --format json --no-large --no-min .
[2025-05-13 21:31:20] [SPAMMY] database init> Found 4 baseline files for python.
[2025-05-13 21:31:20] [PROGRESS] database init> Calculated baseline information for languages: python (161ms).
[2025-05-13 21:31:20] [PROGRESS] database init> Resolving extractor python.
[2025-05-13 21:31:20] [DETAILS] database init> Found candidate extractor root for python: C:\Users\sever\OneDrive\Desktop\Language-based Security\Project GDPR Compliance\gdpr-analyzer\codeql\python.
[2025-05-13 21:31:20] [PROGRESS] database init> Successfully loaded extractor Python (python) from C:\Users\sever\OneDrive\Desktop\Language-based Security\Project GDPR Compliance\gdpr-analyzer\codeql\python.
[2025-05-13 21:31:20] [PROGRESS] database init> Created skeleton CodeQL database at C:\Users\sever\OneDrive\Desktop\Language-based Security\Project GDPR Compliance\gdpr-analyzer\python-db. This in-progress database is ready to be populated by an extractor.
[2025-05-13 21:31:20] Plumbing command codeql database init completed.
[2025-05-13 21:31:20] [PROGRESS] database create> Running build command: []
[2025-05-13 21:31:20] Running plumbing command: codeql database trace-command --working-dir=C:\Users\sever\OneDrive\Desktop\Language-based Security\Project GDPR Compliance\gdpr-analyzer\test-code --index-traceless-dbs --no-db-cluster -- C:\Users\sever\OneDrive\Desktop\Language-based Security\Project GDPR Compliance\gdpr-analyzer\python-db
[2025-05-13 21:31:20] Using autobuild script C:\Users\sever\OneDrive\Desktop\Language-based Security\Project GDPR Compliance\gdpr-analyzer\codeql\python\tools\autobuild.cmd.
[2025-05-13 21:31:20] [PROGRESS] database trace-command> Running command in C:\Users\sever\OneDrive\Desktop\Language-based Security\Project GDPR Compliance\gdpr-analyzer\test-code: [C:\Users\sever\OneDrive\Desktop\Language-based Security\Project GDPR Compliance\gdpr-analyzer\codeql\python\tools\autobuild.cmd]
[2025-05-13 21:31:20] [build-stdout] Python 3.13.3
[2025-05-13 21:31:21] [build-stderr] No suitable Python runtime found
[2025-05-13 21:31:21] [build-stderr] Pass --list (-0) to see all detected environments on your machine
[2025-05-13 21:31:21] [build-stderr] or set environment variable PYLAUNCHER_ALLOW_INSTALL to use winget
[2025-05-13 21:31:21] [build-stderr] or open the Microsoft Store to the requested version.
[2025-05-13 21:31:21] [build-stdout] No directories containing root identifiers were found. Returning working directory as root.
[2025-05-13 21:31:21] [build-stdout] Will try to guess Python version, as it was not specified in `lgtm.yml`
[2025-05-13 21:31:21] [build-stdout] Trying to guess Python version based on Trove classifiers in setup.py
[2025-05-13 21:31:21] [build-stdout] Did not find setup.py (expected it to be at C:\Users\sever\OneDrive\Desktop\Language-based Security\Project GDPR Compliance\gdpr-analyzer\test-code\setup.py)
[2025-05-13 21:31:21] [build-stdout] Trying to guess Python version based on travis file
[2025-05-13 21:31:21] [build-stdout] Did not find any travis files (expected them at either ['C:\\Users\\sever\\OneDrive\\Desktop\\Language-based Security\\Project GDPR Compliance\\gdpr-analyzer\\test-code\\.travis.yml', 'C:\\Users\\sever\\OneDrive\\Desktop\\Language-based Security\\Project GDPR Compliance\\gdpr-analyzer\\test-code\\travis.yml'])
[2025-05-13 21:31:21] [build-stdout] Trying to guess Python version based on installed versions
[2025-05-13 21:31:21] [build-stdout] Wanted to run Python 2, but it is not available. Using Python 3 instead
[2025-05-13 21:31:21] [build-stdout] This script is running Python 3, but Python 2 is also available (as 'py -3')
[2025-05-13 21:31:21] [build-stdout] Could not guess Python version, will use default: Python 3
[2025-05-13 21:31:21] [build-stdout] Calling py -3 -S C:\Users\sever\OneDrive\Desktop\Language-based Security\Project GDPR Compliance\gdpr-analyzer\codeql\python\tools\python_tracer.py --verbosity 3 -z all -c C:\Users\sever\OneDrive\Desktop\Language-based Security\Project GDPR Compliance\gdpr-analyzer\python-db\working\trap_cache -R C:\Users\sever\OneDrive\Desktop\Language-based Security\Project GDPR Compliance\gdpr-analyzer\test-code
[2025-05-13 21:31:22] [build-stdout] Python 3.13.3
[2025-05-13 21:31:22] [build-stdout] INFO: The Python extractor has recently stopped extracting the standard library by default. If you encounter problems, please let us know by submitting an issue to https://github.com/github/codeql. It is possible to re-enable extraction of the standard library by setting the environment variable CODEQL_EXTRACTOR_PYTHON_EXTRACT_STDLIB.
[2025-05-13 21:31:23] [build-stdout] [INFO] Extraction will use the Python 3 standard library.
[2025-05-13 21:31:23] [build-stdout] [INFO] sys_path is: ['C:\\Users\\sever\\OneDrive\\Desktop\\Language-based Security\\Project GDPR Compliance\\gdpr-analyzer\\codeql\\python\\tools', 'C:\\Users\\sever\\AppData\\Local\\Programs\\Python\\Python313\\python313.zip', 'C:\\Users\\sever\\AppData\\Local\\Programs\\Python\\Python313\\DLLs', 'C:\\Users\\sever\\AppData\\Local\\Programs\\Python\\Python313\\Lib', 'C:\\Users\\sever\\AppData\\Local\\Programs\\Python\\Python313']
[2025-05-13 21:31:23] [build-stdout] [INFO] Python version 3.13.3
[2025-05-13 21:31:23] [build-stdout] [INFO] Python extractor version 7.1.2
[2025-05-13 21:31:25] [build-stdout] [INFO] [2] Extracted file C:\Users\sever\OneDrive\Desktop\Language-based Security\Project GDPR Compliance\gdpr-analyzer\test-code\insecure1.py in 75ms
[2025-05-13 21:31:25] [build-stdout] [INFO] [11] Extracted file C:\Users\sever\OneDrive\Desktop\Language-based Security\Project GDPR Compliance\gdpr-analyzer\test-code\insecure2.py in 46ms
[2025-05-13 21:31:25] [build-stdout] [INFO] [2] Extracted file C:\Users\sever\OneDrive\Desktop\Language-based Security\Project GDPR Compliance\gdpr-analyzer\test-code\secure.py in 27ms
[2025-05-13 21:31:25] [build-stdout] [INFO] [6] Extracted file C:\Users\sever\OneDrive\Desktop\Language-based Security\Project GDPR Compliance\gdpr-analyzer\test-code\insecure3.py in 46ms
[2025-05-13 21:31:26] [build-stdout] [INFO] Processed 4 modules in 3.04s
[2025-05-13 21:31:26] Plumbing command codeql database trace-command completed.
[2025-05-13 21:31:26] [PROGRESS] database create> Finalizing database at C:\Users\sever\OneDrive\Desktop\Language-based Security\Project GDPR Compliance\gdpr-analyzer\python-db.
[2025-05-13 21:31:26] Running plumbing command: codeql database finalize --no-db-cluster -- C:\Users\sever\OneDrive\Desktop\Language-based Security\Project GDPR Compliance\gdpr-analyzer\python-db
[2025-05-13 21:31:26] Using pre-finalize script C:\Users\sever\OneDrive\Desktop\Language-based Security\Project GDPR Compliance\gdpr-analyzer\codeql\python\tools\pre-finalize.cmd.
[2025-05-13 21:31:26] [PROGRESS] database finalize> Running pre-finalize script C:\Users\sever\OneDrive\Desktop\Language-based Security\Project GDPR Compliance\gdpr-analyzer\codeql\python\tools\pre-finalize.cmd in C:\Users\sever\OneDrive\Desktop\Language-based Security\Project GDPR Compliance\gdpr-analyzer\test-code.
[2025-05-13 21:31:26] Running plumbing command: codeql database trace-command --working-dir=C:\Users\sever\OneDrive\Desktop\Language-based Security\Project GDPR Compliance\gdpr-analyzer\test-code --no-tracing -- C:\Users\sever\OneDrive\Desktop\Language-based Security\Project GDPR Compliance\gdpr-analyzer\python-db C:\Users\sever\OneDrive\Desktop\Language-based Security\Project GDPR Compliance\gdpr-analyzer\codeql\python\tools\pre-finalize.cmd
[2025-05-13 21:31:26] [PROGRESS] database trace-command> Running command in C:\Users\sever\OneDrive\Desktop\Language-based Security\Project GDPR Compliance\gdpr-analyzer\test-code: [C:\Users\sever\OneDrive\Desktop\Language-based Security\Project GDPR Compliance\gdpr-analyzer\codeql\python\tools\pre-finalize.cmd]
[2025-05-13 21:31:29] [build-stderr] Scanning for files in C:\Users\sever\OneDrive\Desktop\Language-based Security\Project GDPR Compliance\gdpr-analyzer\test-code...
[2025-05-13 21:31:29] Plumbing command codeql database trace-command completed.
[2025-05-13 21:31:29] [PROGRESS] database finalize> Running TRAP import for CodeQL database at C:\Users\sever\OneDrive\Desktop\Language-based Security\Project GDPR Compliance\gdpr-analyzer\python-db...
[2025-05-13 21:31:29] Running plumbing command: codeql dataset import --dbscheme=C:\Users\sever\OneDrive\Desktop\Language-based Security\Project GDPR Compliance\gdpr-analyzer\codeql\python\semmlecode.python.dbscheme -- C:\Users\sever\OneDrive\Desktop\Language-based Security\Project GDPR Compliance\gdpr-analyzer\python-db\db-python C:\Users\sever\OneDrive\Desktop\Language-based Security\Project GDPR Compliance\gdpr-analyzer\python-db\trap\python
[2025-05-13 21:31:29] Clearing disk cache since the version file C:\Users\sever\OneDrive\Desktop\Language-based Security\Project GDPR Compliance\gdpr-analyzer\python-db\db-python\default\cache\version does not exist
[2025-05-13 21:31:29] Tuple pool not found. Clearing relations with cached strings
[2025-05-13 21:31:29] Trimming disk cache at C:\Users\sever\OneDrive\Desktop\Language-based Security\Project GDPR Compliance\gdpr-analyzer\python-db\db-python\default\cache in mode clear.
[2025-05-13 21:31:29] Sequence stamp origin is -6049870790268058192
[2025-05-13 21:31:29] Pausing evaluation to hard-clear memory at sequence stamp o+0
[2025-05-13 21:31:29] Unpausing evaluation
[2025-05-13 21:31:29] Pausing evaluation to quickly trim disk at sequence stamp o+1
[2025-05-13 21:31:29] Unpausing evaluation
[2025-05-13 21:31:29] Pausing evaluation to zealously trim disk at sequence stamp o+2
[2025-05-13 21:31:29] Unpausing evaluation
[2025-05-13 21:31:29] Trimming completed (28ms): Purged everything.
[2025-05-13 21:31:30] Scanning for files in C:\Users\sever\OneDrive\Desktop\Language-based Security\Project GDPR Compliance\gdpr-analyzer\python-db\trap\python
[2025-05-13 21:31:30] Found 11 TRAP files (451.40 KiB)
[2025-05-13 21:31:30] [PROGRESS] dataset import> Importing TRAP files
[2025-05-13 21:31:30] Importing $files.FXcSQilLQgqmMb32klDaZe97SlE=.trap.gz (1 of 11)
[2025-05-13 21:31:31] Importing $files.ey2g74V8oP5Kyix8kHp33YDSTrA=.trap.gz (2 of 11)
[2025-05-13 21:31:31] Importing $files.uByqs-hXAj_SUjh0hDv2o3JCRJk=.trap.gz (3 of 11)
[2025-05-13 21:31:31] Importing $flags.k12orMTnHnDyJEDgvxRu2eAf-mo=.trap.gz (4 of 11)
[2025-05-13 21:31:31] Importing $interpreter3.eDpU13bftAid8DHLeDU9AJGK8BI=.trap.gz (5 of 11)
[2025-05-13 21:31:31] Importing $stdlib_33.h2FAE18dzC3DwsiJV3DIwdFJQ7U=.trap (6 of 11)
[2025-05-13 21:31:31] Importing insecure1.py.bcM-YlfQXEyDHbKK94qfgMJx84o=.trap.gz (7 of 11)
[2025-05-13 21:31:31] Importing insecure2.py.KFNFz2KFzDeujY1JpSU0ixWZTqI=.trap.gz (8 of 11)
[2025-05-13 21:31:31] Importing insecure3.py.DTIhERlPGI-ghXTFDf5L0FoGFqQ=.trap.gz (9 of 11)
[2025-05-13 21:31:31] Importing metadata.trap.gz (10 of 11)
[2025-05-13 21:31:31] Importing secure.py.eBiMQKU75p8YTdQrsxGR-JdcnzE=.trap.gz (11 of 11)
[2025-05-13 21:31:31] [PROGRESS] dataset import> Merging relations
[2025-05-13 21:31:32] Merging 1 fragment for 'files'.
[2025-05-13 21:31:32] Merged 34 bytes for 'files'.
[2025-05-13 21:31:32] Merging 1 fragment for 'folders'.
[2025-05-13 21:31:32] Merged 42 bytes for 'folders'.
[2025-05-13 21:31:32] Merging 1 fragment for 'containerparent'.
[2025-05-13 21:31:32] Merged 48 bytes for 'containerparent'.
[2025-05-13 21:31:32] Merging 1 fragment for 'py_flags_versioned'.
[2025-05-13 21:31:32] Merged 184 bytes for 'py_flags_versioned'.
[2025-05-13 21:31:32] Merging 1 fragment for 'py_cobjects'.
[2025-05-13 21:31:32] Merged 4442 bytes (4.34 KiB) for 'py_cobjects'.
[2025-05-13 21:31:32] Merging 1 fragment for 'py_cobjecttypes'.
[2025-05-13 21:31:32] Merged 4757 bytes (4.65 KiB) for 'py_cobjecttypes'.
[2025-05-13 21:31:32] Merging 1 fragment for 'py_cobject_sources'.
[2025-05-13 21:31:32] Merged 6615 bytes (6.46 KiB) for 'py_cobject_sources'.
[2025-05-13 21:31:32] Merging 1 fragment for 'py_cobjectnames'.
[2025-05-13 21:31:32] Merged 5678 bytes (5.54 KiB) for 'py_cobjectnames'.
[2025-05-13 21:31:32] Merging 1 fragment for 'py_cmembers_versioned'.
[2025-05-13 21:31:32] Merged 6487 bytes (6.33 KiB) for 'py_cmembers_versioned'.
[2025-05-13 21:31:32] Merging 1 fragment for 'py_special_objects'.
[2025-05-13 21:31:32] Merged 135 bytes for 'py_special_objects'.
[2025-05-13 21:31:32] Merging 1 fragment for 'py_citems'.
[2025-05-13 21:31:32] Merged 545 bytes for 'py_citems'.
[2025-05-13 21:31:32] Merging 1 fragment for 'ext_rettype'.
[2025-05-13 21:31:32] Merged 4050 bytes (3.96 KiB) for 'ext_rettype'.
[2025-05-13 21:31:32] Merging 1 fragment for 'ext_argtype'.
[2025-05-13 21:31:32] Merged 6815 bytes (6.66 KiB) for 'ext_argtype'.
[2025-05-13 21:31:32] Merging 1 fragment for 'ext_argreturn'.
[2025-05-13 21:31:32] Merged 41 bytes for 'ext_argreturn'.
[2025-05-13 21:31:32] Merging 1 fragment for 'ext_proptype'.
[2025-05-13 21:31:32] Merged 343 bytes for 'ext_proptype'.
[2025-05-13 21:31:32] Merging 1 fragment for 'py_Modules'.
[2025-05-13 21:31:32] Merged 21 bytes for 'py_Modules'.
[2025-05-13 21:31:32] Merging 1 fragment for 'py_module_path'.
[2025-05-13 21:31:32] Merged 33 bytes for 'py_module_path'.
[2025-05-13 21:31:32] Merging 1 fragment for 'variable'.
[2025-05-13 21:31:32] Merged 121 bytes for 'variable'.
[2025-05-13 21:31:32] Merging 1 fragment for 'py_extracted_version'.
[2025-05-13 21:31:32] Merged 32 bytes for 'py_extracted_version'.
[2025-05-13 21:31:32] Merging 1 fragment for 'py_stmt_lists'.
[2025-05-13 21:31:32] Merged 54 bytes for 'py_stmt_lists'.
[2025-05-13 21:31:32] Merging 1 fragment for 'py_stmts'.
[2025-05-13 21:31:32] Merged 100 bytes for 'py_stmts'.
[2025-05-13 21:31:32] Merging 1 fragment for 'py_scopes'.
[2025-05-13 21:31:32] Merged 103 bytes for 'py_scopes'.
[2025-05-13 21:31:32] Merging 1 fragment for 'py_exprs'.
[2025-05-13 21:31:32] Merged 209 bytes for 'py_exprs'.
[2025-05-13 21:31:32] Merging 1 fragment for 'py_strs'.
[2025-05-13 21:31:32] Merged 99 bytes for 'py_strs'.
[2025-05-13 21:31:32] Merging 1 fragment for 'py_expr_lists'.
[2025-05-13 21:31:32] Merged 85 bytes for 'py_expr_lists'.
[2025-05-13 21:31:32] Merging 1 fragment for 'py_variables'.
[2025-05-13 21:31:32] Merged 79 bytes for 'py_variables'.
[2025-05-13 21:31:32] Merging 1 fragment for 'py_expr_contexts'.
[2025-05-13 21:31:32] Merged 104 bytes for 'py_expr_contexts'.
[2025-05-13 21:31:32] Merging 1 fragment for 'py_exports'.
[2025-05-13 21:31:32] Merged 44 bytes for 'py_exports'.
[2025-05-13 21:31:32] Merging 1 fragment for 'py_flow_bb_node'.
[2025-05-13 21:31:32] Merged 268 bytes for 'py_flow_bb_node'.
[2025-05-13 21:31:32] Merging 1 fragment for 'py_scope_flow'.
[2025-05-13 21:31:32] Merged 90 bytes for 'py_scope_flow'.
[2025-05-13 21:31:32] Merging 1 fragment for 'py_successors'.
[2025-05-13 21:31:32] Merged 126 bytes for 'py_successors'.
[2025-05-13 21:31:32] Merging 1 fragment for 'py_idoms'.
[2025-05-13 21:31:32] Merged 126 bytes for 'py_idoms'.
[2025-05-13 21:31:32] Merging 1 fragment for 'py_ssa_var'.
[2025-05-13 21:31:32] Merged 54 bytes for 'py_ssa_var'.
[2025-05-13 21:31:32] Merging 1 fragment for 'py_ssa_defn'.
[2025-05-13 21:31:32] Merged 51 bytes for 'py_ssa_defn'.
[2025-05-13 21:31:32] Merging 1 fragment for 'py_ssa_use'.
[2025-05-13 21:31:32] Merged 73 bytes for 'py_ssa_use'.
[2025-05-13 21:31:32] Merging 1 fragment for 'locations_ast'.
[2025-05-13 21:31:32] Merged 349 bytes for 'locations_ast'.
[2025-05-13 21:31:32] Merging 1 fragment for 'py_scope_location'.
[2025-05-13 21:31:33] Merged 42 bytes for 'py_scope_location'.
[2025-05-13 21:31:33] Merging 1 fragment for 'py_codelines'.
[2025-05-13 21:31:33] Merged 42 bytes for 'py_codelines'.
[2025-05-13 21:31:33] Merging 1 fragment for 'py_commentlines'.
[2025-05-13 21:31:33] Merged 38 bytes for 'py_commentlines'.
[2025-05-13 21:31:33] Merging 1 fragment for 'py_docstringlines'.
[2025-05-13 21:31:33] Merged 38 bytes for 'py_docstringlines'.
[2025-05-13 21:31:33] Merging 1 fragment for 'py_alllines'.
[2025-05-13 21:31:33] Merged 42 bytes for 'py_alllines'.
[2025-05-13 21:31:33] Merging 1 fragment for 'numlines'.
[2025-05-13 21:31:33] Merged 55 bytes for 'numlines'.
[2025-05-13 21:31:33] Merging 1 fragment for 'py_locations'.
[2025-05-13 21:31:33] Merged 137 bytes for 'py_locations'.
[2025-05-13 21:31:33] Merging 1 fragment for 'py_alias_lists'.
[2025-05-13 21:31:33] Merged 33 bytes for 'py_alias_lists'.
[2025-05-13 21:31:33] Merging 1 fragment for 'py_aliases'.
[2025-05-13 21:31:33] Merged 43 bytes for 'py_aliases'.
[2025-05-13 21:31:33] Merging 1 fragment for 'py_ints'.
[2025-05-13 21:31:33] Merged 30 bytes for 'py_ints'.
[2025-05-13 21:31:33] Merging 1 fragment for 'py_bools'.
[2025-05-13 21:31:33] Merged 30 bytes for 'py_bools'.
[2025-05-13 21:31:33] Merging 1 fragment for 'py_dict_item_lists'.
[2025-05-13 21:31:33] Merged 35 bytes for 'py_dict_item_lists'.
[2025-05-13 21:31:33] Merging 1 fragment for 'py_dict_items'.
[2025-05-13 21:31:33] Merged 61 bytes for 'py_dict_items'.
[2025-05-13 21:31:33] Merging 1 fragment for 'sourceLocationPrefix'.
[2025-05-13 21:31:33] Merged 17 bytes for 'sourceLocationPrefix'.
[2025-05-13 21:31:33] Merging 1 fragment for 'py_arguments'.
[2025-05-13 21:31:33] Merged 33 bytes for 'py_arguments'.
[2025-05-13 21:31:33] Merging 1 fragment for 'py_Functions'.
[2025-05-13 21:31:33] Merged 33 bytes for 'py_Functions'.
[2025-05-13 21:31:33] Merging 1 fragment for 'py_parameter_lists'.
[2025-05-13 21:31:33] Merged 33 bytes for 'py_parameter_lists'.
[2025-05-13 21:31:33] Saving string and id pools to disk.
[2025-05-13 21:31:33] [WARN] Failed to delete C:\Users\sever\OneDrive\Desktop\Language-based Security\Project GDPR Compliance\gdpr-analyzer\python-db\db-python\default\pools-tmp\0 (attempt 1)
                             java.nio.file.FileSystemException: C:\Users\sever\OneDrive\Desktop\Language-based Security\Project GDPR Compliance\gdpr-analyzer\python-db\db-python\default\pools-tmp\0: The process cannot access the file because it is being used by another process
                             	at java.base/sun.nio.fs.WindowsException.translateToIOException(Unknown Source)
                             	at java.base/sun.nio.fs.WindowsException.rethrowAsIOException(Unknown Source)
                             	at java.base/sun.nio.fs.WindowsException.rethrowAsIOException(Unknown Source)
                             	at java.base/sun.nio.fs.WindowsFileSystemProvider.implDelete(Unknown Source)
                             	at java.base/sun.nio.fs.AbstractFileSystemProvider.delete(Unknown Source)
                             	at java.base/java.nio.file.Files.delete(Unknown Source)
                             	at com.semmle.util.files.FileUtil8.delete(FileUtil8.java:361)
                             	at com.semmle.util.files.FileUtil8.deleteIfExists(FileUtil8.java:394)
                             	at com.semmle.util.files.FileUtil8.lambda$deleteWithRetries$10(FileUtil8.java:628)
                             	at com.semmle.util.files.FileUtil8.performWithRetries(FileUtil8.java:559)
                             	at com.semmle.util.files.FileUtil8.deleteWithRetries(FileUtil8.java:627)
                             	at com.semmle.util.files.FileUtil8$2.doDelete(FileUtil8.java:193)
                             	at com.semmle.util.files.FileUtil8$2.tryDelete(FileUtil8.java:200)
                             	at com.semmle.util.files.FileUtil8$2.tryDelete(FileUtil8.java:223)
                             	at com.semmle.util.files.FileUtil8$2.postVisitDirectory(FileUtil8.java:264)
                             	at com.semmle.util.files.FileUtil8$2.postVisitDirectory(FileUtil8.java:164)
                             	at java.base/java.nio.file.Files.walkFileTree(Unknown Source)
                             	at java.base/java.nio.file.Files.walkFileTree(Unknown Source)
                             	at com.semmle.util.files.FileUtil8.recursiveDelete(FileUtil8.java:162)
                             	at com.semmle.util.files.FileUtil8.strictRecursiveDelete(FileUtil8.java:136)
                             	at com.semmle.util.files.FileUtil8.strictRecursiveDeleteWithRetries(FileUtil8.java:112)
                             	at com.semmle.inmemory.stringpool.StringPool.promoteAndSave(StringPool.java:552)
                             	at com.semmle.inmemory.MemoryBackend.saveMetadata(MemoryBackend.java:252)
                             	at com.semmle.inmemory.trap.ImportTasksProcessor.close(ImportTasksProcessor.java:509)
                             	at com.semmle.util.concurrent.FutureUtils.lambda$futureAutoclose$14(FutureUtils.java:222)
                             	at java.base/java.util.concurrent.CompletableFuture.uniHandle(Unknown Source)
                             	at java.base/java.util.concurrent.CompletableFuture$UniHandle.tryFire(Unknown Source)
                             	at java.base/java.util.concurrent.CompletableFuture.postComplete(Unknown Source)
                             	at java.base/java.util.concurrent.CompletableFuture.complete(Unknown Source)
                             	at com.semmle.util.concurrent.Paralleliser.startMoreJobs(Paralleliser.java:126)
                             	at com.semmle.util.concurrent.Paralleliser.lambda$startMoreJobs$2(Paralleliser.java:111)
                             	at java.base/java.util.concurrent.CompletableFuture.uniWhenComplete(Unknown Source)
                             	at java.base/java.util.concurrent.CompletableFuture$UniWhenComplete.tryFire(Unknown Source)
                             	at java.base/java.util.concurrent.CompletableFuture.postComplete(Unknown Source)
                             	at java.base/java.util.concurrent.CompletableFuture$AsyncRun.run(Unknown Source)
                             	at java.base/java.util.concurrent.ThreadPoolExecutor.runWorker(Unknown Source)
                             	at java.base/java.util.concurrent.ThreadPoolExecutor$Worker.run(Unknown Source)
                             	at java.base/java.lang.Thread.run(Unknown Source)
[2025-05-13 21:31:34] Finished importing TRAP files.
[2025-05-13 21:31:34] Read 943.90 KiB of uncompressed TRAP data.
[2025-05-13 21:31:34] Uncompressed relation data size: 181.73 KiB
[2025-05-13 21:31:34] Relation data size: 42.17 KiB (merge rate: 46.08 KiB/s)
[2025-05-13 21:31:34] String pool size: 2.06 MiB
[2025-05-13 21:31:34] ID pool size: 1.09 MiB
[2025-05-13 21:31:34] [PROGRESS] dataset import> Finished writing database (relations: 42.17 KiB; string pool: 2.06 MiB).
[2025-05-13 21:31:34] Pausing evaluation to close the cache at sequence stamp o+109
[2025-05-13 21:31:34] The disk cache is freshly trimmed; leave it be.
[2025-05-13 21:31:34] Unpausing evaluation
[2025-05-13 21:31:34] Plumbing command codeql dataset import completed.
[2025-05-13 21:31:34] [PROGRESS] database finalize> TRAP import complete (5.4s).
[2025-05-13 21:31:34] Running plumbing command: codeql database cleanup -- C:\Users\sever\OneDrive\Desktop\Language-based Security\Project GDPR Compliance\gdpr-analyzer\python-db
[2025-05-13 21:31:35] [PROGRESS] database cleanup> Cleaning up existing TRAP files after import...
[2025-05-13 21:31:35] [PROGRESS] database cleanup> TRAP files cleaned up (25ms).
[2025-05-13 21:31:35] [PROGRESS] database cleanup> Cleaning up scratch directory...
[2025-05-13 21:31:35] [PROGRESS] database cleanup> Scratch directory cleaned up (21ms).
[2025-05-13 21:31:35] Running plumbing command: codeql dataset cleanup -- C:\Users\sever\OneDrive\Desktop\Language-based Security\Project GDPR Compliance\gdpr-analyzer\python-db\db-python
[2025-05-13 21:31:35] [PROGRESS] dataset cleanup> Cleaning up dataset in C:\Users\sever\OneDrive\Desktop\Language-based Security\Project GDPR Compliance\gdpr-analyzer\python-db\db-python.
[2025-05-13 21:31:35] Trimming disk cache at C:\Users\sever\OneDrive\Desktop\Language-based Security\Project GDPR Compliance\gdpr-analyzer\python-db\db-python\default\cache in mode trim.
[2025-05-13 21:31:35] Sequence stamp origin is -6049870767536302110
[2025-05-13 21:31:35] Pausing evaluation to quickly trim memory at sequence stamp o+0
[2025-05-13 21:31:35] Unpausing evaluation
[2025-05-13 21:31:35] Pausing evaluation to zealously trim disk at sequence stamp o+1
[2025-05-13 21:31:35] Unpausing evaluation
[2025-05-13 21:31:35] Trimming completed (13ms): Trimmed disposable data from cache.
[2025-05-13 21:31:35] Pausing evaluation to close the cache at sequence stamp o+2
[2025-05-13 21:31:35] The disk cache is freshly trimmed; leave it be.
[2025-05-13 21:31:35] Unpausing evaluation
[2025-05-13 21:31:35] [PROGRESS] dataset cleanup> Trimmed disposable data from cache.
[2025-05-13 21:31:35] [PROGRESS] dataset cleanup> Finalizing dataset in C:\Users\sever\OneDrive\Desktop\Language-based Security\Project GDPR Compliance\gdpr-analyzer\python-db\db-python
[2025-05-13 21:31:35] [DETAILS] dataset cleanup> Finished deleting ID pool from C:\Users\sever\OneDrive\Desktop\Language-based Security\Project GDPR Compliance\gdpr-analyzer\python-db\db-python (13ms).
[2025-05-13 21:31:35] Plumbing command codeql dataset cleanup completed.
[2025-05-13 21:31:35] Plumbing command codeql database cleanup completed with status 0.
[2025-05-13 21:31:35] [PROGRESS] database finalize> Finished zipping source archive (1.57 KiB).
[2025-05-13 21:31:35] Plumbing command codeql database finalize completed.
[2025-05-13 21:31:35] [PROGRESS] database create> Successfully created database at C:\Users\sever\OneDrive\Desktop\Language-based Security\Project GDPR Compliance\gdpr-analyzer\python-db.
[2025-05-13 21:31:35] Terminating normally.
