[2025-05-13 21:30:56] This is codeql execute queries -J-Xmx1800M --off-heap-ram=1431 --verbosity=progress --logdir=C:\Users\sever\OneDrive\Desktop\Language-based Security\Project GDPR Compliance\gdpr-analyzer\python-db\log --evaluator-log-level=5 --warnings=show --dynamic-join-order-mode=none --qlconfig-file=C:\Users\sever\OneDrive\Desktop\Language-based Security\Project GDPR Compliance\gdpr-analyzer\qlconfig.yml -- C:\Users\sever\OneDrive\Desktop\Language-based Security\Project GDPR Compliance\gdpr-analyzer\python-db\db-python path:C:\Users\sever\OneDrive\Desktop\Language-based Security\Project GDPR Compliance\gdpr-analyzer\custom-queries\python\gdpr\queries\SensitiveData.ql
[2025-05-13 21:30:56] Calling plumbing command: codeql resolve queries --qlconfig-file=C:\Users\sever\OneDrive\Desktop\Language-based Security\Project GDPR Compliance\gdpr-analyzer\qlconfig.yml --format=json -- path:C:\Users\sever\OneDrive\Desktop\Language-based Security\Project GDPR Compliance\gdpr-analyzer\custom-queries\python\gdpr\queries\SensitiveData.ql
[2025-05-13 21:30:57] [PROGRESS] resolve queries> Recording pack reference gdpr-analyzer at C:\Users\sever\OneDrive\Desktop\Language-based Security\Project GDPR Compliance\gdpr-analyzer\custom-queries\python\gdpr.
[2025-05-13 21:30:57] Plumbing command codeql resolve queries completed:
                      [
                        "C:\\Users\\sever\\OneDrive\\Desktop\\Language-based Security\\Project GDPR Compliance\\gdpr-analyzer\\custom-queries\\python\\gdpr\\queries\\SensitiveData.ql"
                      ]
[2025-05-13 21:30:57] Refusing fancy output: The terminal is not an xterm: 
[2025-05-13 21:30:57] Creating executor with 1 threads.
[2025-05-13 21:30:57] Calling plumbing command: codeql resolve extensions --qlconfig-file=C:\Users\sever\OneDrive\Desktop\Language-based Security\Project GDPR Compliance\gdpr-analyzer\qlconfig.yml --include-extension-row-locations path:C:\Users\sever\OneDrive\Desktop\Language-based Security\Project GDPR Compliance\gdpr-analyzer\custom-queries\python\gdpr\queries\SensitiveData.ql
[2025-05-13 21:30:57] Calling plumbing command: codeql resolve queries --qlconfig-file=C:\Users\sever\OneDrive\Desktop\Language-based Security\Project GDPR Compliance\gdpr-analyzer\qlconfig.yml --allow-library-packs --format startingpacks -- path:C:\Users\sever\OneDrive\Desktop\Language-based Security\Project GDPR Compliance\gdpr-analyzer\custom-queries\python\gdpr\queries\SensitiveData.ql
[2025-05-13 21:30:57] [PROGRESS] resolve queries> Recording pack reference gdpr-analyzer at C:\Users\sever\OneDrive\Desktop\Language-based Security\Project GDPR Compliance\gdpr-analyzer\custom-queries\python\gdpr.
[2025-05-13 21:30:57] Plumbing command codeql resolve queries completed:
                      [
                        "C:\\Users\\sever\\OneDrive\\Desktop\\Language-based Security\\Project GDPR Compliance\\gdpr-analyzer\\custom-queries\\python\\gdpr"
                      ]
[2025-05-13 21:30:58] Calling plumbing command: codeql resolve extensions-by-pack --qlconfig-file=C:\Users\sever\OneDrive\Desktop\Language-based Security\Project GDPR Compliance\gdpr-analyzer\qlconfig.yml --include-extension-row-locations -- C:\Users\sever\OneDrive\Desktop\Language-based Security\Project GDPR Compliance\gdpr-analyzer\custom-queries\python\gdpr
[2025-05-13 21:30:58] [SPAMMY] resolve extensions-by-pack> [INCOMPATIBILITY] gdpr-analyzer: not 0.0.1 {root: gdpr-analyzer@0.0.1}
[2025-05-13 21:30:58] [SPAMMY] resolve extensions-by-pack> [DERIVATION] gdpr-analyzer: 0.0.1 {gdpr-analyzer: not 0.0.1 {root: gdpr-analyzer@0.0.1}}
[2025-05-13 21:30:58] [SPAMMY] resolve extensions-by-pack> [INCOMPATIBILITY] gdpr-analyzer: * [*], codeql/python-all: not * [*] {dependency: gdpr-analyzer@* [*] requires codeql/python-all@*}
[2025-05-13 21:30:58] [SPAMMY] resolve extensions-by-pack> [DECISION 1] gdpr-analyzer: 0.0.1
[2025-05-13 21:30:58] [SPAMMY] resolve extensions-by-pack> [DERIVATION] codeql/python-all: * [*] {gdpr-analyzer: * [*], codeql/python-all: not * [*] {dependency: gdpr-analyzer@* [*] requires codeql/python-all@*}}
[2025-05-13 21:30:58] [SPAMMY] resolve extensions-by-pack> [INCOMPATIBILITY] codeql/python-all: * [*], codeql/dataflow: not * [*] {dependency: codeql/python-all@* [*] requires codeql/dataflow@2.0.6}
[2025-05-13 21:30:58] [SPAMMY] resolve extensions-by-pack> [INCOMPATIBILITY] codeql/python-all: * [*], codeql/mad: not * [*] {dependency: codeql/python-all@* [*] requires codeql/mad@1.0.22}
[2025-05-13 21:30:58] [SPAMMY] resolve extensions-by-pack> [INCOMPATIBILITY] codeql/python-all: * [*], codeql/regex: not * [*] {dependency: codeql/python-all@* [*] requires codeql/regex@1.0.22}
[2025-05-13 21:30:58] [SPAMMY] resolve extensions-by-pack> [INCOMPATIBILITY] codeql/python-all: * [*], codeql/threat-models: not * [*] {dependency: codeql/python-all@* [*] requires codeql/threat-models@1.0.22}
[2025-05-13 21:30:58] [SPAMMY] resolve extensions-by-pack> [INCOMPATIBILITY] codeql/python-all: * [*], codeql/tutorial: not * [*] {dependency: codeql/python-all@* [*] requires codeql/tutorial@1.0.22}
[2025-05-13 21:30:58] [SPAMMY] resolve extensions-by-pack> [INCOMPATIBILITY] codeql/python-all: * [*], codeql/util: not * [*] {dependency: codeql/python-all@* [*] requires codeql/util@2.0.9}
[2025-05-13 21:30:58] [SPAMMY] resolve extensions-by-pack> [INCOMPATIBILITY] codeql/python-all: * [*], codeql/xml: not * [*] {dependency: codeql/python-all@* [*] requires codeql/xml@1.0.22}
[2025-05-13 21:30:58] [SPAMMY] resolve extensions-by-pack> [INCOMPATIBILITY] codeql/python-all: * [*], codeql/yaml: not * [*] {dependency: codeql/python-all@* [*] requires codeql/yaml@1.0.22}
[2025-05-13 21:30:58] [SPAMMY] resolve extensions-by-pack> [DECISION 2] codeql/python-all: 4.0.6
[2025-05-13 21:30:58] [SPAMMY] resolve extensions-by-pack> [DERIVATION] codeql/yaml: * [*] {codeql/python-all: * [*], codeql/yaml: not * [*] {dependency: codeql/python-all@* [*] requires codeql/yaml@1.0.22}}
[2025-05-13 21:30:58] [SPAMMY] resolve extensions-by-pack> [DERIVATION] codeql/xml: * [*] {codeql/python-all: * [*], codeql/xml: not * [*] {dependency: codeql/python-all@* [*] requires codeql/xml@1.0.22}}
[2025-05-13 21:30:58] [SPAMMY] resolve extensions-by-pack> [DERIVATION] codeql/util: * [*] {codeql/python-all: * [*], codeql/util: not * [*] {dependency: codeql/python-all@* [*] requires codeql/util@2.0.9}}
[2025-05-13 21:30:58] [SPAMMY] resolve extensions-by-pack> [DERIVATION] codeql/tutorial: * [*] {codeql/python-all: * [*], codeql/tutorial: not * [*] {dependency: codeql/python-all@* [*] requires codeql/tutorial@1.0.22}}
[2025-05-13 21:30:58] [SPAMMY] resolve extensions-by-pack> [DERIVATION] codeql/threat-models: * [*] {codeql/python-all: * [*], codeql/threat-models: not * [*] {dependency: codeql/python-all@* [*] requires codeql/threat-models@1.0.22}}
[2025-05-13 21:30:58] [SPAMMY] resolve extensions-by-pack> [DERIVATION] codeql/regex: * [*] {codeql/python-all: * [*], codeql/regex: not * [*] {dependency: codeql/python-all@* [*] requires codeql/regex@1.0.22}}
[2025-05-13 21:30:58] [SPAMMY] resolve extensions-by-pack> [DERIVATION] codeql/mad: * [*] {codeql/python-all: * [*], codeql/mad: not * [*] {dependency: codeql/python-all@* [*] requires codeql/mad@1.0.22}}
[2025-05-13 21:30:58] [SPAMMY] resolve extensions-by-pack> [DERIVATION] codeql/dataflow: * [*] {codeql/python-all: * [*], codeql/dataflow: not * [*] {dependency: codeql/python-all@* [*] requires codeql/dataflow@2.0.6}}
[2025-05-13 21:30:58] [SPAMMY] resolve extensions-by-pack> [INCOMPATIBILITY] codeql/dataflow: * [*], codeql/ssa: not * [*] {dependency: codeql/dataflow@* [*] requires codeql/ssa@1.1.1}
[2025-05-13 21:30:58] [SPAMMY] resolve extensions-by-pack> [INCOMPATIBILITY] codeql/dataflow: * [*], codeql/typetracking: not * [*] {dependency: codeql/dataflow@* [*] requires codeql/typetracking@2.0.6}
[2025-05-13 21:30:58] [SPAMMY] resolve extensions-by-pack> [INCOMPATIBILITY] codeql/dataflow: * [*], codeql/util: not * [*] {dependency: codeql/dataflow@* [*] requires codeql/util@2.0.9}
[2025-05-13 21:30:58] [SPAMMY] resolve extensions-by-pack> [DECISION 3] codeql/dataflow: 2.0.6
[2025-05-13 21:30:58] [SPAMMY] resolve extensions-by-pack> [DERIVATION] codeql/typetracking: * [*] {codeql/dataflow: * [*], codeql/typetracking: not * [*] {dependency: codeql/dataflow@* [*] requires codeql/typetracking@2.0.6}}
[2025-05-13 21:30:58] [SPAMMY] resolve extensions-by-pack> [DERIVATION] codeql/ssa: * [*] {codeql/dataflow: * [*], codeql/ssa: not * [*] {dependency: codeql/dataflow@* [*] requires codeql/ssa@1.1.1}}
[2025-05-13 21:30:58] [SPAMMY] resolve extensions-by-pack> [INCOMPATIBILITY] codeql/mad: * [*], codeql/dataflow: not * [*] {dependency: codeql/mad@* [*] requires codeql/dataflow@2.0.6}
[2025-05-13 21:30:58] [SPAMMY] resolve extensions-by-pack> [INCOMPATIBILITY] codeql/mad: * [*], codeql/util: not * [*] {dependency: codeql/mad@* [*] requires codeql/util@2.0.9}
[2025-05-13 21:30:58] [SPAMMY] resolve extensions-by-pack> [DECISION 4] codeql/mad: 1.0.22
[2025-05-13 21:30:58] [SPAMMY] resolve extensions-by-pack> [INCOMPATIBILITY] codeql/regex: * [*], codeql/util: not * [*] {dependency: codeql/regex@* [*] requires codeql/util@2.0.9}
[2025-05-13 21:30:58] [SPAMMY] resolve extensions-by-pack> [DECISION 5] codeql/regex: 1.0.22
[2025-05-13 21:30:58] [SPAMMY] resolve extensions-by-pack> [INCOMPATIBILITY] codeql/ssa: * [*], codeql/util: not * [*] {dependency: codeql/ssa@* [*] requires codeql/util@2.0.9}
[2025-05-13 21:30:58] [SPAMMY] resolve extensions-by-pack> [DECISION 6] codeql/ssa: 1.1.1
[2025-05-13 21:30:58] [SPAMMY] resolve extensions-by-pack> [DECISION 7] codeql/threat-models: 1.0.22
[2025-05-13 21:30:58] [SPAMMY] resolve extensions-by-pack> [DECISION 8] codeql/tutorial: 1.0.22
[2025-05-13 21:30:58] [SPAMMY] resolve extensions-by-pack> [INCOMPATIBILITY] codeql/typetracking: * [*], codeql/util: not * [*] {dependency: codeql/typetracking@* [*] requires codeql/util@2.0.9}
[2025-05-13 21:30:58] [SPAMMY] resolve extensions-by-pack> [DECISION 9] codeql/typetracking: 2.0.6
[2025-05-13 21:30:58] [SPAMMY] resolve extensions-by-pack> [DECISION 10] codeql/util: 2.0.9
[2025-05-13 21:30:58] [SPAMMY] resolve extensions-by-pack> [INCOMPATIBILITY] codeql/xml: * [*], codeql/util: not * [*] {dependency: codeql/xml@* [*] requires codeql/util@2.0.9}
[2025-05-13 21:30:58] [SPAMMY] resolve extensions-by-pack> [DECISION 11] codeql/xml: 1.0.22
[2025-05-13 21:30:58] [SPAMMY] resolve extensions-by-pack> [DECISION 12] codeql/yaml: 1.0.22
[2025-05-13 21:30:58] [PROGRESS] resolve extensions-by-pack> Loading data extensions in C:\Users\sever\.codeql\packages\codeql\python-all\4.0.6\ext\default-threat-models-fixup.model.yml.
[2025-05-13 21:30:58] [DETAILS] resolve extensions-by-pack>   Found extension targeting codeql/threat-models:threatModelConfiguration: 1 tuples.
[2025-05-13 21:30:58] [PROGRESS] resolve extensions-by-pack> Loading data extensions in C:\Users\sever\.codeql\packages\codeql\python-all\4.0.6\semmle\python\frameworks\Asyncpg.model.yml.
[2025-05-13 21:30:58] [DETAILS] resolve extensions-by-pack>   Found extension targeting codeql/python-all:sinkModel: 5 tuples.
[2025-05-13 21:30:58] [DETAILS] resolve extensions-by-pack>   Found extension targeting codeql/python-all:typeModel: 6 tuples.
[2025-05-13 21:30:58] [PROGRESS] resolve extensions-by-pack> Loading data extensions in C:\Users\sever\.codeql\packages\codeql\python-all\4.0.6\semmle\python\frameworks\Stdlib.model.yml.
[2025-05-13 21:30:58] [DETAILS] resolve extensions-by-pack>   Found extension targeting codeql/python-all:sourceModel: 12 tuples.
[2025-05-13 21:30:58] [DETAILS] resolve extensions-by-pack>   Found extension targeting codeql/python-all:sinkModel: 1 tuples.
[2025-05-13 21:30:58] [DETAILS] resolve extensions-by-pack>   Found extension targeting codeql/python-all:summaryModel: 66 tuples.
[2025-05-13 21:30:58] [DETAILS] resolve extensions-by-pack>   Found extension targeting codeql/python-all:neutralModel: 0 tuples.
[2025-05-13 21:30:58] [DETAILS] resolve extensions-by-pack>   Found extension targeting codeql/python-all:typeModel: 0 tuples.
[2025-05-13 21:30:58] [DETAILS] resolve extensions-by-pack>   Found extension targeting codeql/python-all:typeVariableModel: 0 tuples.
[2025-05-13 21:30:58] [PROGRESS] resolve extensions-by-pack> Loading data extensions in C:\Users\sever\.codeql\packages\codeql\python-all\4.0.6\semmle\python\frameworks\data\internal\empty.model.yml.
[2025-05-13 21:30:58] [DETAILS] resolve extensions-by-pack>   Found extension targeting codeql/python-all:sourceModel: 0 tuples.
[2025-05-13 21:30:58] [DETAILS] resolve extensions-by-pack>   Found extension targeting codeql/python-all:sinkModel: 0 tuples.
[2025-05-13 21:30:58] [DETAILS] resolve extensions-by-pack>   Found extension targeting codeql/python-all:summaryModel: 0 tuples.
[2025-05-13 21:30:58] [DETAILS] resolve extensions-by-pack>   Found extension targeting codeql/python-all:neutralModel: 0 tuples.
[2025-05-13 21:30:58] [DETAILS] resolve extensions-by-pack>   Found extension targeting codeql/python-all:typeModel: 0 tuples.
[2025-05-13 21:30:58] [DETAILS] resolve extensions-by-pack>   Found extension targeting codeql/python-all:typeVariableModel: 0 tuples.
[2025-05-13 21:31:00] [PROGRESS] resolve extensions-by-pack> Loading data extensions in C:\Users\sever\.codeql\packages\codeql\python-all\4.0.6\semmle\python\frameworks\data\internal\subclass-capture\ALL.model.yml.
[2025-05-13 21:31:00] [DETAILS] resolve extensions-by-pack>   Found extension targeting codeql/python-all:typeModel: 58275 tuples.
[2025-05-13 21:31:00] [PROGRESS] resolve extensions-by-pack> Loading data extensions in C:\Users\sever\.codeql\packages\codeql\threat-models\1.0.22\ext\supported-threat-models.model.yml.
[2025-05-13 21:31:00] [DETAILS] resolve extensions-by-pack>   Found extension targeting codeql/threat-models:threatModelConfiguration: 1 tuples.
[2025-05-13 21:31:00] [PROGRESS] resolve extensions-by-pack> Loading data extensions in C:\Users\sever\.codeql\packages\codeql\threat-models\1.0.22\ext\threat-model-grouping.model.yml.
[2025-05-13 21:31:00] [DETAILS] resolve extensions-by-pack>   Found extension targeting codeql/threat-models:threatModelGrouping: 15 tuples.
[2025-05-13 21:31:00] [PROGRESS] resolve extensions-by-pack> Loading data extensions in C:\Users\sever\.codeql\packages\codeql\util\2.0.9\ext\default-alert-filter.yml.
[2025-05-13 21:31:00] [DETAILS] resolve extensions-by-pack>   Found extension targeting codeql/util:restrictAlertsTo: 0 tuples.
[2025-05-13 21:31:00] [DETAILS] resolve extensions-by-pack>   Found extension targeting codeql/util:restrictAlertsToExactLocation: 0 tuples.
[2025-05-13 21:31:00] Plumbing command codeql resolve extensions-by-pack completed:
                      {
                        "models" : [ ],
                        "data" : {
                          "C:\\Users\\sever\\OneDrive\\Desktop\\Language-based Security\\Project GDPR Compliance\\gdpr-analyzer\\custom-queries\\python\\gdpr" : [
                            {
                              "predicate" : "threatModelConfiguration",
                              "file" : "C:\\Users\\sever\\.codeql\\packages\\codeql\\python-all\\4.0.6\\ext\\default-threat-models-fixup.model.yml",
                              "index" : 0,
                              "firstRowId" : 0,
                              "rowCount" : 1,
                              "predicateHasOrigin" : false,
                              "locations" : {
                                "lineNumbers" : "A=8",
                                "columnNumbers" : "A=9"
                              }
                            },
                            {
                              "predicate" : "sinkModel",
                              "file" : "C:\\Users\\sever\\.codeql\\packages\\codeql\\python-all\\4.0.6\\semmle\\python\\frameworks\\Asyncpg.model.yml",
                              "index" : 0,
                              "firstRowId" : 1,
                              "rowCount" : 5,
                              "predicateHasOrigin" : true,
                              "locations" : {
                                "lineNumbers" : "A=7+1+2+1+2",
                                "columnNumbers" : "A=9*5"
                              }
                            },
                            {
                              "predicate" : "typeModel",
                              "file" : "C:\\Users\\sever\\.codeql\\packages\\codeql\\python-all\\4.0.6\\semmle\\python\\frameworks\\Asyncpg.model.yml",
                              "index" : 1,
                              "firstRowId" : 6,
                              "rowCount" : 6,
                              "predicateHasOrigin" : false,
                              "locations" : {
                                "lineNumbers" : "A=20+4+1*2+2+1",
                                "columnNumbers" : "A=9*6"
                              }
                            },
                            {
                              "predicate" : "sourceModel",
                              "file" : "C:\\Users\\sever\\.codeql\\packages\\codeql\\python-all\\4.0.6\\semmle\\python\\frameworks\\Stdlib.model.yml",
                              "index" : 0,
                              "firstRowId" : 12,
                              "rowCount" : 12,
                              "predicateHasOrigin" : true,
                              "locations" : {
                                "lineNumbers" : "A=6+1*4+2+1+2+1*2+4+2",
                                "columnNumbers" : "A=9*12"
                              }
                            },
                            {
                              "predicate" : "sinkModel",
                              "file" : "C:\\Users\\sever\\.codeql\\packages\\codeql\\python-all\\4.0.6\\semmle\\python\\frameworks\\Stdlib.model.yml",
                              "index" : 1,
                              "firstRowId" : 24,
                              "rowCount" : 1,
                              "predicateHasOrigin" : true,
                              "locations" : {
                                "lineNumbers" : "A=29",
                                "columnNumbers" : "A=9"
                              }
                            },
                            {
                              "predicate" : "summaryModel",
                              "file" : "C:\\Users\\sever\\.codeql\\packages\\codeql\\python-all\\4.0.6\\semmle\\python\\frameworks\\Stdlib.model.yml",
                              "index" : 2,
                              "firstRowId" : 25,
                              "rowCount" : 66,
                              "predicateHasOrigin" : true,
                              "locations" : {
                                "lineNumbers" : "A=37+1+2+4+2*2+4+2*3+1+2+1+2+1+2+4+2+4+2*2+3+2*2+3+1+2*4+4+1+4+1+4+1*5+2*4+4+1+2*11+3+2+3+4+1+2*2+1+2",
                                "columnNumbers" : "A=9*66"
                              }
                            },
                            {
                              "predicate" : "neutralModel",
                              "file" : "C:\\Users\\sever\\.codeql\\packages\\codeql\\python-all\\4.0.6\\semmle\\python\\frameworks\\Stdlib.model.yml",
                              "index" : 3,
                              "firstRowId" : 91,
                              "rowCount" : 0,
                              "predicateHasOrigin" : false,
                              "locations" : {
                                "lineNumbers" : "A",
                                "columnNumbers" : "A"
                              }
                            },
                            {
                              "predicate" : "typeModel",
                              "file" : "C:\\Users\\sever\\.codeql\\packages\\codeql\\python-all\\4.0.6\\semmle\\python\\frameworks\\Stdlib.model.yml",
                              "index" : 4,
                              "firstRowId" : 91,
                              "rowCount" : 0,
                              "predicateHasOrigin" : false,
                              "locations" : {
                                "lineNumbers" : "A",
                                "columnNumbers" : "A"
                              }
                            },
                            {
                              "predicate" : "typeVariableModel",
                              "file" : "C:\\Users\\sever\\.codeql\\packages\\codeql\\python-all\\4.0.6\\semmle\\python\\frameworks\\Stdlib.model.yml",
                              "index" : 5,
                              "firstRowId" : 91,
                              "rowCount" : 0,
                              "predicateHasOrigin" : false,
                              "locations" : {
                                "lineNumbers" : "A",
                                "columnNumbers" : "A"
                              }
                            },
                            {
                              "predicate" : "sourceModel",
                              "file" : "C:\\Users\\sever\\.codeql\\packages\\codeql\\python-all\\4.0.6\\semmle\\python\\frameworks\\data\\internal\\empty.model.yml",
                              "index" : 0,
                              "firstRowId" : 91,
                              "rowCount" : 0,
                              "predicateHasOrigin" : true,
                              "locations" : {
                                "lineNumbers" : "A",
                                "columnNumbers" : "A"
                              }
                            },
                            {
                              "predicate" : "sinkModel",
                              "file" : "C:\\Users\\sever\\.codeql\\packages\\codeql\\python-all\\4.0.6\\semmle\\python\\frameworks\\data\\internal\\empty.model.yml",
                              "index" : 1,
                              "firstRowId" : 91,
                              "rowCount" : 0,
                              "predicateHasOrigin" : true,
                              "locations" : {
                                "lineNumbers" : "A",
                                "columnNumbers" : "A"
                              }
                            },
                            {
                              "predicate" : "summaryModel",
                              "file" : "C:\\Users\\sever\\.codeql\\packages\\codeql\\python-all\\4.0.6\\semmle\\python\\frameworks\\data\\internal\\empty.model.yml",
                              "index" : 2,
                              "firstRowId" : 91,
                              "rowCount" : 0,
                              "predicateHasOrigin" : true,
                              "locations" : {
                                "lineNumbers" : "A",
                                "columnNumbers" : "A"
                              }
                            },
                            {
                              "predicate" : "neutralModel",
                              "file" : "C:\\Users\\sever\\.codeql\\packages\\codeql\\python-all\\4.0.6\\semmle\\python\\frameworks\\data\\internal\\empty.model.yml",
                              "index" : 3,
                              "firstRowId" : 91,
                              "rowCount" : 0,
                              "predicateHasOrigin" : false,
                              "locations" : {
                                "lineNumbers" : "A",
                                "columnNumbers" : "A"
                              }
                            },
                            {
                              "predicate" : "typeModel",
                              "file" : "C:\\Users\\sever\\.codeql\\packages\\codeql\\python-all\\4.0.6\\semmle\\python\\frameworks\\data\\internal\\empty.model.yml",
                              "index" : 4,
                              "firstRowId" : 91,
                              "rowCount" : 0,
                              "predicateHasOrigin" : false,
                              "locations" : {
                                "lineNumbers" : "A",
                                "columnNumbers" : "A"
                              }
                            },
                            {
                              "predicate" : "typeVariableModel",
                              "file" : "C:\\Users\\sever\\.codeql\\packages\\codeql\\python-all\\4.0.6\\semmle\\python\\frameworks\\data\\internal\\empty.model.yml",
                              "index" : 5,
                              "firstRowId" : 91,
                              "rowCount" : 0,
                              "predicateHasOrigin" : false,
                              "locations" : {
                                "lineNumbers" : "A",
                                "columnNumbers" : "A"
                              }
                            },
                            {
                              "predicate" : "typeModel",
                              "file" : "C:\\Users\\sever\\.codeql\\packages\\codeql\\python-all\\4.0.6\\semmle\\python\\frameworks\\data\\internal\\subclass-capture\\ALL.model.yml",
                              "index" : 0,
                              "firstRowId" : 91,
                              "rowCount" : 58275,
                              "predicateHasOrigin" : false,
                              "locations" : {
                                "lineNumbers" : "A=7+3*58274",
                                "columnNumbers" : "A=5*58275"
                              }
                            },
                            {
                              "predicate" : "threatModelConfiguration",
                              "file" : "C:\\Users\\sever\\.codeql\\packages\\codeql\\threat-models\\1.0.22\\ext\\supported-threat-models.model.yml",
                              "index" : 0,
                              "firstRowId" : 58366,
                              "rowCount" : 1,
                              "predicateHasOrigin" : false,
                              "locations" : {
                                "lineNumbers" : "A=6",
                                "columnNumbers" : "A=9"
                              }
                            },
                            {
                              "predicate" : "threatModelGrouping",
                              "file" : "C:\\Users\\sever\\.codeql\\packages\\codeql\\threat-models\\1.0.22\\ext\\threat-model-grouping.model.yml",
                              "index" : 0,
                              "firstRowId" : 58367,
                              "rowCount" : 15,
                              "predicateHasOrigin" : false,
                              "locations" : {
                                "lineNumbers" : "A=8+3+1+3+1*5+3+1+5+1*3",
                                "columnNumbers" : "A=9*15"
                              }
                            },
                            {
                              "predicate" : "restrictAlertsTo",
                              "file" : "C:\\Users\\sever\\.codeql\\packages\\codeql\\util\\2.0.9\\ext\\default-alert-filter.yml",
                              "index" : 0,
                              "firstRowId" : 58382,
                              "rowCount" : 0,
                              "predicateHasOrigin" : false,
                              "locations" : {
                                "lineNumbers" : "A",
                                "columnNumbers" : "A"
                              }
                            },
                            {
                              "predicate" : "restrictAlertsToExactLocation",
                              "file" : "C:\\Users\\sever\\.codeql\\packages\\codeql\\util\\2.0.9\\ext\\default-alert-filter.yml",
                              "index" : 1,
                              "firstRowId" : 58382,
                              "rowCount" : 0,
                              "predicateHasOrigin" : false,
                              "locations" : {
                                "lineNumbers" : "A",
                                "columnNumbers" : "A"
                              }
                            }
                          ]
                        },
                        "threatModels" : {
                          "C:\\Users\\sever\\OneDrive\\Desktop\\Language-based Security\\Project GDPR Compliance\\gdpr-analyzer\\custom-queries\\python\\gdpr" : {
                            "extensions" : [
                              {
                                "data" : [ ],
                                "addsTo" : {
                                  "extensible" : "threatModelConfiguration",
                                  "checkPresence" : true,
                                  "packName" : "codeql/threat-models"
                                }
                              }
                            ]
                          }
                        },
                        "extensionPacks" : [ ]
                      }
[2025-05-13 21:31:00] Plumbing command codeql resolve extensions completed:
                      {
                        "models" : [ ],
                        "data" : {
                          "C:\\Users\\sever\\OneDrive\\Desktop\\Language-based Security\\Project GDPR Compliance\\gdpr-analyzer\\custom-queries\\python\\gdpr" : [
                            {
                              "predicate" : "threatModelConfiguration",
                              "file" : "C:\\Users\\sever\\.codeql\\packages\\codeql\\python-all\\4.0.6\\ext\\default-threat-models-fixup.model.yml",
                              "index" : 0,
                              "firstRowId" : 0,
                              "rowCount" : 1,
                              "predicateHasOrigin" : false,
                              "locations" : {
                                "lineNumbers" : "A=8",
                                "columnNumbers" : "A=9"
                              }
                            },
                            {
                              "predicate" : "sinkModel",
                              "file" : "C:\\Users\\sever\\.codeql\\packages\\codeql\\python-all\\4.0.6\\semmle\\python\\frameworks\\Asyncpg.model.yml",
                              "index" : 0,
                              "firstRowId" : 1,
                              "rowCount" : 5,
                              "predicateHasOrigin" : true,
                              "locations" : {
                                "lineNumbers" : "A=7+1+2+1+2",
                                "columnNumbers" : "A=9*5"
                              }
                            },
                            {
                              "predicate" : "typeModel",
                              "file" : "C:\\Users\\sever\\.codeql\\packages\\codeql\\python-all\\4.0.6\\semmle\\python\\frameworks\\Asyncpg.model.yml",
                              "index" : 1,
                              "firstRowId" : 6,
                              "rowCount" : 6,
                              "predicateHasOrigin" : false,
                              "locations" : {
                                "lineNumbers" : "A=20+4+1*2+2+1",
                                "columnNumbers" : "A=9*6"
                              }
                            },
                            {
                              "predicate" : "sourceModel",
                              "file" : "C:\\Users\\sever\\.codeql\\packages\\codeql\\python-all\\4.0.6\\semmle\\python\\frameworks\\Stdlib.model.yml",
                              "index" : 0,
                              "firstRowId" : 12,
                              "rowCount" : 12,
                              "predicateHasOrigin" : true,
                              "locations" : {
                                "lineNumbers" : "A=6+1*4+2+1+2+1*2+4+2",
                                "columnNumbers" : "A=9*12"
                              }
                            },
                            {
                              "predicate" : "sinkModel",
                              "file" : "C:\\Users\\sever\\.codeql\\packages\\codeql\\python-all\\4.0.6\\semmle\\python\\frameworks\\Stdlib.model.yml",
                              "index" : 1,
                              "firstRowId" : 24,
                              "rowCount" : 1,
                              "predicateHasOrigin" : true,
                              "locations" : {
                                "lineNumbers" : "A=29",
                                "columnNumbers" : "A=9"
                              }
                            },
                            {
                              "predicate" : "summaryModel",
                              "file" : "C:\\Users\\sever\\.codeql\\packages\\codeql\\python-all\\4.0.6\\semmle\\python\\frameworks\\Stdlib.model.yml",
                              "index" : 2,
                              "firstRowId" : 25,
                              "rowCount" : 66,
                              "predicateHasOrigin" : true,
                              "locations" : {
                                "lineNumbers" : "A=37+1+2+4+2*2+4+2*3+1+2+1+2+1+2+4+2+4+2*2+3+2*2+3+1+2*4+4+1+4+1+4+1*5+2*4+4+1+2*11+3+2+3+4+1+2*2+1+2",
                                "columnNumbers" : "A=9*66"
                              }
                            },
                            {
                              "predicate" : "neutralModel",
                              "file" : "C:\\Users\\sever\\.codeql\\packages\\codeql\\python-all\\4.0.6\\semmle\\python\\frameworks\\Stdlib.model.yml",
                              "index" : 3,
                              "firstRowId" : 91,
                              "rowCount" : 0,
                              "predicateHasOrigin" : false,
                              "locations" : {
                                "lineNumbers" : "A",
                                "columnNumbers" : "A"
                              }
                            },
                            {
                              "predicate" : "typeModel",
                              "file" : "C:\\Users\\sever\\.codeql\\packages\\codeql\\python-all\\4.0.6\\semmle\\python\\frameworks\\Stdlib.model.yml",
                              "index" : 4,
                              "firstRowId" : 91,
                              "rowCount" : 0,
                              "predicateHasOrigin" : false,
                              "locations" : {
                                "lineNumbers" : "A",
                                "columnNumbers" : "A"
                              }
                            },
                            {
                              "predicate" : "typeVariableModel",
                              "file" : "C:\\Users\\sever\\.codeql\\packages\\codeql\\python-all\\4.0.6\\semmle\\python\\frameworks\\Stdlib.model.yml",
                              "index" : 5,
                              "firstRowId" : 91,
                              "rowCount" : 0,
                              "predicateHasOrigin" : false,
                              "locations" : {
                                "lineNumbers" : "A",
                                "columnNumbers" : "A"
                              }
                            },
                            {
                              "predicate" : "sourceModel",
                              "file" : "C:\\Users\\sever\\.codeql\\packages\\codeql\\python-all\\4.0.6\\semmle\\python\\frameworks\\data\\internal\\empty.model.yml",
                              "index" : 0,
                              "firstRowId" : 91,
                              "rowCount" : 0,
                              "predicateHasOrigin" : true,
                              "locations" : {
                                "lineNumbers" : "A",
                                "columnNumbers" : "A"
                              }
                            },
                            {
                              "predicate" : "sinkModel",
                              "file" : "C:\\Users\\sever\\.codeql\\packages\\codeql\\python-all\\4.0.6\\semmle\\python\\frameworks\\data\\internal\\empty.model.yml",
                              "index" : 1,
                              "firstRowId" : 91,
                              "rowCount" : 0,
                              "predicateHasOrigin" : true,
                              "locations" : {
                                "lineNumbers" : "A",
                                "columnNumbers" : "A"
                              }
                            },
                            {
                              "predicate" : "summaryModel",
                              "file" : "C:\\Users\\sever\\.codeql\\packages\\codeql\\python-all\\4.0.6\\semmle\\python\\frameworks\\data\\internal\\empty.model.yml",
                              "index" : 2,
                              "firstRowId" : 91,
                              "rowCount" : 0,
                              "predicateHasOrigin" : true,
                              "locations" : {
                                "lineNumbers" : "A",
                                "columnNumbers" : "A"
                              }
                            },
                            {
                              "predicate" : "neutralModel",
                              "file" : "C:\\Users\\sever\\.codeql\\packages\\codeql\\python-all\\4.0.6\\semmle\\python\\frameworks\\data\\internal\\empty.model.yml",
                              "index" : 3,
                              "firstRowId" : 91,
                              "rowCount" : 0,
                              "predicateHasOrigin" : false,
                              "locations" : {
                                "lineNumbers" : "A",
                                "columnNumbers" : "A"
                              }
                            },
                            {
                              "predicate" : "typeModel",
                              "file" : "C:\\Users\\sever\\.codeql\\packages\\codeql\\python-all\\4.0.6\\semmle\\python\\frameworks\\data\\internal\\empty.model.yml",
                              "index" : 4,
                              "firstRowId" : 91,
                              "rowCount" : 0,
                              "predicateHasOrigin" : false,
                              "locations" : {
                                "lineNumbers" : "A",
                                "columnNumbers" : "A"
                              }
                            },
                            {
                              "predicate" : "typeVariableModel",
                              "file" : "C:\\Users\\sever\\.codeql\\packages\\codeql\\python-all\\4.0.6\\semmle\\python\\frameworks\\data\\internal\\empty.model.yml",
                              "index" : 5,
                              "firstRowId" : 91,
                              "rowCount" : 0,
                              "predicateHasOrigin" : false,
                              "locations" : {
                                "lineNumbers" : "A",
                                "columnNumbers" : "A"
                              }
                            },
                            {
                              "predicate" : "typeModel",
                              "file" : "C:\\Users\\sever\\.codeql\\packages\\codeql\\python-all\\4.0.6\\semmle\\python\\frameworks\\data\\internal\\subclass-capture\\ALL.model.yml",
                              "index" : 0,
                              "firstRowId" : 91,
                              "rowCount" : 58275,
                              "predicateHasOrigin" : false,
                              "locations" : {
                                "lineNumbers" : "A=7+3*58274",
                                "columnNumbers" : "A=5*58275"
                              }
                            },
                            {
                              "predicate" : "threatModelConfiguration",
                              "file" : "C:\\Users\\sever\\.codeql\\packages\\codeql\\threat-models\\1.0.22\\ext\\supported-threat-models.model.yml",
                              "index" : 0,
                              "firstRowId" : 58366,
                              "rowCount" : 1,
                              "predicateHasOrigin" : false,
                              "locations" : {
                                "lineNumbers" : "A=6",
                                "columnNumbers" : "A=9"
                              }
                            },
                            {
                              "predicate" : "threatModelGrouping",
                              "file" : "C:\\Users\\sever\\.codeql\\packages\\codeql\\threat-models\\1.0.22\\ext\\threat-model-grouping.model.yml",
                              "index" : 0,
                              "firstRowId" : 58367,
                              "rowCount" : 15,
                              "predicateHasOrigin" : false,
                              "locations" : {
                                "lineNumbers" : "A=8+3+1+3+1*5+3+1+5+1*3",
                                "columnNumbers" : "A=9*15"
                              }
                            },
                            {
                              "predicate" : "restrictAlertsTo",
                              "file" : "C:\\Users\\sever\\.codeql\\packages\\codeql\\util\\2.0.9\\ext\\default-alert-filter.yml",
                              "index" : 0,
                              "firstRowId" : 58382,
                              "rowCount" : 0,
                              "predicateHasOrigin" : false,
                              "locations" : {
                                "lineNumbers" : "A",
                                "columnNumbers" : "A"
                              }
                            },
                            {
                              "predicate" : "restrictAlertsToExactLocation",
                              "file" : "C:\\Users\\sever\\.codeql\\packages\\codeql\\util\\2.0.9\\ext\\default-alert-filter.yml",
                              "index" : 1,
                              "firstRowId" : 58382,
                              "rowCount" : 0,
                              "predicateHasOrigin" : false,
                              "locations" : {
                                "lineNumbers" : "A",
                                "columnNumbers" : "A"
                              }
                            }
                          ]
                        },
                        "threatModels" : {
                          "C:\\Users\\sever\\OneDrive\\Desktop\\Language-based Security\\Project GDPR Compliance\\gdpr-analyzer\\custom-queries\\python\\gdpr" : {
                            "extensions" : [
                              {
                                "data" : [ ],
                                "addsTo" : {
                                  "extensible" : "threatModelConfiguration",
                                  "checkPresence" : true,
                                  "packName" : "codeql/threat-models"
                                }
                              }
                            ]
                          }
                        },
                        "extensionPacks" : [ ]
                      }
[2025-05-13 21:31:01] [WARN] execute queries> Error retrieving qlpack commit hash from Git repository
                             org.eclipse.jgit.api.errors.NoHeadException: No HEAD exists and no explicit starting revision was specified
                             	at org.eclipse.jgit.api.LogCommand.call(LogCommand.java:129)
                             	at com.semmle.cli2.pack.PackUtil.getLastCommit(PackUtil.java:64)
                             	at com.semmle.cli2.pack.PackUtil.queryGitForHeadVersion(PackUtil.java:44)
                             	at com.semmle.cli2.bqrs.InterpretCommand.getQlPackSha(InterpretCommand.java:424)
                             	at com.semmle.cli2.execute.RunResultBuilder.lambda$addPack$0(RunResultBuilder.java:85)
                             	at java.base/java.util.TreeMap.callMappingFunctionWithCheck(Unknown Source)
                             	at java.base/java.util.TreeMap.computeIfAbsent(Unknown Source)
                             	at com.semmle.cli2.execute.RunResultBuilder.addPack(RunResultBuilder.java:82)
                             	at com.semmle.cli2.execute.RunResultBuilder.lambda$recordDataExtensions$4(RunResultBuilder.java:115)
                             	at java.base/java.util.LinkedHashMap.forEach(Unknown Source)
                             	at java.base/java.util.Collections$UnmodifiableMap.forEach(Unknown Source)
                             	at com.semmle.cli2.execute.RunResultBuilder.recordDataExtensions(RunResultBuilder.java:105)
                             	at com.semmle.cli2.execute.ExecuteQueriesCommand.executeSubcommand(ExecuteQueriesCommand.java:480)
                             	at com.semmle.cli2.picocli.SubcommandCommon.lambda$executeSubcommandWithMessages$5(SubcommandCommon.java:892)
                             	at com.semmle.cli2.picocli.SubcommandCommon.withCompilationMessages(SubcommandCommon.java:444)
                             	at com.semmle.cli2.picocli.SubcommandCommon.executeSubcommandWithMessages(SubcommandCommon.java:890)
                             	at com.semmle.cli2.picocli.SubcommandCommon.toplevelMain(SubcommandCommon.java:777)
                             	at com.semmle.cli2.picocli.SubcommandCommon.call(SubcommandCommon.java:757)
                             	at com.semmle.cli2.picocli.SubcommandMaker.runMain(SubcommandMaker.java:238)
                             	at com.semmle.cli2.picocli.SubcommandMaker.runMain(SubcommandMaker.java:259)
                             	at com.semmle.cli2.CodeQL.main(CodeQL.java:115)
[2025-05-13 21:31:02] Calling plumbing command: codeql resolve library-path --qlconfig-file=C:\Users\sever\OneDrive\Desktop\Language-based Security\Project GDPR Compliance\gdpr-analyzer\qlconfig.yml --query=C:\Users\sever\OneDrive\Desktop\Language-based Security\Project GDPR Compliance\gdpr-analyzer\custom-queries\python\gdpr\queries\SensitiveData.ql --format=json
[2025-05-13 21:31:02] [DETAILS] resolve library-path> Resolving query at normalized path C:\Users\sever\OneDrive\Desktop\Language-based Security\Project GDPR Compliance\gdpr-analyzer\custom-queries\python\gdpr\queries\SensitiveData.ql.
[2025-05-13 21:31:02] [DETAILS] resolve library-path> Found enclosing pack 'gdpr-analyzer' at C:\Users\sever\OneDrive\Desktop\Language-based Security\Project GDPR Compliance\gdpr-analyzer\custom-queries\python\gdpr.
[2025-05-13 21:31:02] [DETAILS] resolve library-path> Adding compilation cache at C:\Users\sever\.codeql\compile-cache.
[2025-05-13 21:31:02] [DETAILS] resolve library-path> Resolving library dependencies from C:\Users\sever\OneDrive\Desktop\Language-based Security\Project GDPR Compliance\gdpr-analyzer\custom-queries\python\gdpr\qlpack.yml.
[2025-05-13 21:31:02] [SPAMMY] resolve library-path> [INCOMPATIBILITY] gdpr-analyzer: not 0.0.1 {root: gdpr-analyzer@0.0.1}
[2025-05-13 21:31:02] [SPAMMY] resolve library-path> [DERIVATION] gdpr-analyzer: 0.0.1 {gdpr-analyzer: not 0.0.1 {root: gdpr-analyzer@0.0.1}}
[2025-05-13 21:31:02] [SPAMMY] resolve library-path> [INCOMPATIBILITY] gdpr-analyzer: * [*], codeql/python-all: not * [*] {dependency: gdpr-analyzer@* [*] requires codeql/python-all@*}
[2025-05-13 21:31:02] [SPAMMY] resolve library-path> [DECISION 1] gdpr-analyzer: 0.0.1
[2025-05-13 21:31:02] [SPAMMY] resolve library-path> [DERIVATION] codeql/python-all: * [*] {gdpr-analyzer: * [*], codeql/python-all: not * [*] {dependency: gdpr-analyzer@* [*] requires codeql/python-all@*}}
[2025-05-13 21:31:02] [SPAMMY] resolve library-path> [INCOMPATIBILITY] codeql/python-all: * [*], codeql/dataflow: not * [*] {dependency: codeql/python-all@* [*] requires codeql/dataflow@2.0.6}
[2025-05-13 21:31:02] [SPAMMY] resolve library-path> [INCOMPATIBILITY] codeql/python-all: * [*], codeql/mad: not * [*] {dependency: codeql/python-all@* [*] requires codeql/mad@1.0.22}
[2025-05-13 21:31:02] [SPAMMY] resolve library-path> [INCOMPATIBILITY] codeql/python-all: * [*], codeql/regex: not * [*] {dependency: codeql/python-all@* [*] requires codeql/regex@1.0.22}
[2025-05-13 21:31:02] [SPAMMY] resolve library-path> [INCOMPATIBILITY] codeql/python-all: * [*], codeql/threat-models: not * [*] {dependency: codeql/python-all@* [*] requires codeql/threat-models@1.0.22}
[2025-05-13 21:31:02] [SPAMMY] resolve library-path> [INCOMPATIBILITY] codeql/python-all: * [*], codeql/tutorial: not * [*] {dependency: codeql/python-all@* [*] requires codeql/tutorial@1.0.22}
[2025-05-13 21:31:02] [SPAMMY] resolve library-path> [INCOMPATIBILITY] codeql/python-all: * [*], codeql/util: not * [*] {dependency: codeql/python-all@* [*] requires codeql/util@2.0.9}
[2025-05-13 21:31:02] [SPAMMY] resolve library-path> [INCOMPATIBILITY] codeql/python-all: * [*], codeql/xml: not * [*] {dependency: codeql/python-all@* [*] requires codeql/xml@1.0.22}
[2025-05-13 21:31:02] [SPAMMY] resolve library-path> [INCOMPATIBILITY] codeql/python-all: * [*], codeql/yaml: not * [*] {dependency: codeql/python-all@* [*] requires codeql/yaml@1.0.22}
[2025-05-13 21:31:02] [SPAMMY] resolve library-path> [DECISION 2] codeql/python-all: 4.0.6
[2025-05-13 21:31:02] [SPAMMY] resolve library-path> [DERIVATION] codeql/yaml: * [*] {codeql/python-all: * [*], codeql/yaml: not * [*] {dependency: codeql/python-all@* [*] requires codeql/yaml@1.0.22}}
[2025-05-13 21:31:02] [SPAMMY] resolve library-path> [DERIVATION] codeql/xml: * [*] {codeql/python-all: * [*], codeql/xml: not * [*] {dependency: codeql/python-all@* [*] requires codeql/xml@1.0.22}}
[2025-05-13 21:31:02] [SPAMMY] resolve library-path> [DERIVATION] codeql/util: * [*] {codeql/python-all: * [*], codeql/util: not * [*] {dependency: codeql/python-all@* [*] requires codeql/util@2.0.9}}
[2025-05-13 21:31:02] [SPAMMY] resolve library-path> [DERIVATION] codeql/tutorial: * [*] {codeql/python-all: * [*], codeql/tutorial: not * [*] {dependency: codeql/python-all@* [*] requires codeql/tutorial@1.0.22}}
[2025-05-13 21:31:02] [SPAMMY] resolve library-path> [DERIVATION] codeql/threat-models: * [*] {codeql/python-all: * [*], codeql/threat-models: not * [*] {dependency: codeql/python-all@* [*] requires codeql/threat-models@1.0.22}}
[2025-05-13 21:31:02] [SPAMMY] resolve library-path> [DERIVATION] codeql/regex: * [*] {codeql/python-all: * [*], codeql/regex: not * [*] {dependency: codeql/python-all@* [*] requires codeql/regex@1.0.22}}
[2025-05-13 21:31:02] [SPAMMY] resolve library-path> [DERIVATION] codeql/mad: * [*] {codeql/python-all: * [*], codeql/mad: not * [*] {dependency: codeql/python-all@* [*] requires codeql/mad@1.0.22}}
[2025-05-13 21:31:02] [SPAMMY] resolve library-path> [DERIVATION] codeql/dataflow: * [*] {codeql/python-all: * [*], codeql/dataflow: not * [*] {dependency: codeql/python-all@* [*] requires codeql/dataflow@2.0.6}}
[2025-05-13 21:31:02] [SPAMMY] resolve library-path> [INCOMPATIBILITY] codeql/dataflow: * [*], codeql/ssa: not * [*] {dependency: codeql/dataflow@* [*] requires codeql/ssa@1.1.1}
[2025-05-13 21:31:02] [SPAMMY] resolve library-path> [INCOMPATIBILITY] codeql/dataflow: * [*], codeql/typetracking: not * [*] {dependency: codeql/dataflow@* [*] requires codeql/typetracking@2.0.6}
[2025-05-13 21:31:02] [SPAMMY] resolve library-path> [INCOMPATIBILITY] codeql/dataflow: * [*], codeql/util: not * [*] {dependency: codeql/dataflow@* [*] requires codeql/util@2.0.9}
[2025-05-13 21:31:02] [SPAMMY] resolve library-path> [DECISION 3] codeql/dataflow: 2.0.6
[2025-05-13 21:31:02] [SPAMMY] resolve library-path> [DERIVATION] codeql/typetracking: * [*] {codeql/dataflow: * [*], codeql/typetracking: not * [*] {dependency: codeql/dataflow@* [*] requires codeql/typetracking@2.0.6}}
[2025-05-13 21:31:02] [SPAMMY] resolve library-path> [DERIVATION] codeql/ssa: * [*] {codeql/dataflow: * [*], codeql/ssa: not * [*] {dependency: codeql/dataflow@* [*] requires codeql/ssa@1.1.1}}
[2025-05-13 21:31:02] [SPAMMY] resolve library-path> [INCOMPATIBILITY] codeql/mad: * [*], codeql/dataflow: not * [*] {dependency: codeql/mad@* [*] requires codeql/dataflow@2.0.6}
[2025-05-13 21:31:02] [SPAMMY] resolve library-path> [INCOMPATIBILITY] codeql/mad: * [*], codeql/util: not * [*] {dependency: codeql/mad@* [*] requires codeql/util@2.0.9}
[2025-05-13 21:31:02] [SPAMMY] resolve library-path> [DECISION 4] codeql/mad: 1.0.22
[2025-05-13 21:31:02] [SPAMMY] resolve library-path> [INCOMPATIBILITY] codeql/regex: * [*], codeql/util: not * [*] {dependency: codeql/regex@* [*] requires codeql/util@2.0.9}
[2025-05-13 21:31:02] [SPAMMY] resolve library-path> [DECISION 5] codeql/regex: 1.0.22
[2025-05-13 21:31:02] [SPAMMY] resolve library-path> [INCOMPATIBILITY] codeql/ssa: * [*], codeql/util: not * [*] {dependency: codeql/ssa@* [*] requires codeql/util@2.0.9}
[2025-05-13 21:31:02] [SPAMMY] resolve library-path> [DECISION 6] codeql/ssa: 1.1.1
[2025-05-13 21:31:02] [SPAMMY] resolve library-path> [DECISION 7] codeql/threat-models: 1.0.22
[2025-05-13 21:31:02] [SPAMMY] resolve library-path> [DECISION 8] codeql/tutorial: 1.0.22
[2025-05-13 21:31:02] [SPAMMY] resolve library-path> [INCOMPATIBILITY] codeql/typetracking: * [*], codeql/util: not * [*] {dependency: codeql/typetracking@* [*] requires codeql/util@2.0.9}
[2025-05-13 21:31:02] [SPAMMY] resolve library-path> [DECISION 9] codeql/typetracking: 2.0.6
[2025-05-13 21:31:02] [SPAMMY] resolve library-path> [DECISION 10] codeql/util: 2.0.9
[2025-05-13 21:31:02] [SPAMMY] resolve library-path> [INCOMPATIBILITY] codeql/xml: * [*], codeql/util: not * [*] {dependency: codeql/xml@* [*] requires codeql/util@2.0.9}
[2025-05-13 21:31:02] [SPAMMY] resolve library-path> [DECISION 11] codeql/xml: 1.0.22
[2025-05-13 21:31:02] [SPAMMY] resolve library-path> [DECISION 12] codeql/yaml: 1.0.22
[2025-05-13 21:31:02] [DETAILS] resolve library-path> QL pack dependencies for C:\Users\sever\OneDrive\Desktop\Language-based Security\Project GDPR Compliance\gdpr-analyzer\custom-queries\python\gdpr resolved OK.
[2025-05-13 21:31:02] [DETAILS] resolve library-path> Found dbscheme through QL packs: C:\Users\sever\.codeql\packages\codeql\python-all\4.0.6\semmlecode.python.dbscheme.
[2025-05-13 21:31:02] Plumbing command codeql resolve library-path completed:
                      {
                        "libraryPath" : [
                          "C:\\Users\\sever\\OneDrive\\Desktop\\Language-based Security\\Project GDPR Compliance\\gdpr-analyzer\\custom-queries\\python\\gdpr",
                          "C:\\Users\\sever\\.codeql\\packages\\codeql\\python-all\\4.0.6",
                          "C:\\Users\\sever\\.codeql\\packages\\codeql\\dataflow\\2.0.6",
                          "C:\\Users\\sever\\.codeql\\packages\\codeql\\mad\\1.0.22",
                          "C:\\Users\\sever\\.codeql\\packages\\codeql\\regex\\1.0.22",
                          "C:\\Users\\sever\\.codeql\\packages\\codeql\\ssa\\1.1.1",
                          "C:\\Users\\sever\\.codeql\\packages\\codeql\\threat-models\\1.0.22",
                          "C:\\Users\\sever\\.codeql\\packages\\codeql\\tutorial\\1.0.22",
                          "C:\\Users\\sever\\.codeql\\packages\\codeql\\typetracking\\2.0.6",
                          "C:\\Users\\sever\\.codeql\\packages\\codeql\\util\\2.0.9",
                          "C:\\Users\\sever\\.codeql\\packages\\codeql\\xml\\1.0.22",
                          "C:\\Users\\sever\\.codeql\\packages\\codeql\\yaml\\1.0.22"
                        ],
                        "dbscheme" : "C:\\Users\\sever\\.codeql\\packages\\codeql\\python-all\\4.0.6\\semmlecode.python.dbscheme",
                        "compilationCache" : [
                          "C:\\Users\\sever\\.codeql\\compile-cache"
                        ],
                        "relativeName" : "gdpr-analyzer\\queries\\SensitiveData.ql",
                        "qlPackName" : "gdpr-analyzer"
                      }
[2025-05-13 21:31:02] [PROGRESS] execute queries> Compiling query plan for C:\Users\sever\OneDrive\Desktop\Language-based Security\Project GDPR Compliance\gdpr-analyzer\custom-queries\python\gdpr\queries\SensitiveData.ql.
[2025-05-13 21:31:02] [DETAILS] execute queries> Resolving imports for C:\Users\sever\OneDrive\Desktop\Language-based Security\Project GDPR Compliance\gdpr-analyzer\custom-queries\python\gdpr\queries\SensitiveData.ql.
[2025-05-13 21:31:05] Resolved file set for C:\Users\sever\OneDrive\Desktop\Language-based Security\Project GDPR Compliance\gdpr-analyzer\custom-queries\python\gdpr\queries\SensitiveData.ql hashes to 5eaf21cf2afa9583c6306e2977cf972b.
[2025-05-13 21:31:05] [DETAILS] execute queries> Compilation cache hit for C:\Users\sever\OneDrive\Desktop\Language-based Security\Project GDPR Compliance\gdpr-analyzer\custom-queries\python\gdpr\queries\SensitiveData.ql.
[2025-05-13 21:31:05] [SPAMMY] execute queries> No database upgrade/downgrade needed for C:\Users\sever\OneDrive\Desktop\Language-based Security\Project GDPR Compliance\gdpr-analyzer\custom-queries\python\gdpr\queries\SensitiveData.ql
[2025-05-13 21:31:06] [PROGRESS] execute queries> [1/1] Found in cache: C:\Users\sever\OneDrive\Desktop\Language-based Security\Project GDPR Compliance\gdpr-analyzer\custom-queries\python\gdpr\queries\SensitiveData.ql.
[2025-05-13 21:31:06] [PROGRESS] execute queries> Starting evaluation of gdpr-analyzer\queries\SensitiveData.ql.
[2025-05-13 21:31:06] Starting evaluation of C:\Users\sever\OneDrive\Desktop\Language-based Security\Project GDPR Compliance\gdpr-analyzer\custom-queries\python\gdpr\queries\SensitiveData.ql
[2025-05-13 21:31:06] (0s) Start query execution
[2025-05-13 21:31:06] (0s) Beginning execution of C:\Users\sever\OneDrive\Desktop\Language-based Security\Project GDPR Compliance\gdpr-analyzer\custom-queries\python\gdpr\queries\SensitiveData.ql
[2025-05-13 21:31:06] (0s)  >>> Full cache hit cached_AstExtended::AstNode.getLocation/0#dispred#6b4dcb62/2@389a43u0 with 58 rows and digest e7697bcfc3labad2e1maipsa9kf.
[2025-05-13 21:31:06] (0s)  >>> Full cache hit cached_Files::Impl::Container.splitAbsolutePath/2#dispred#324a3985/3@c992f399 with 30 rows and digest 2ce6b7003l9m0ceahlpcba19520.
[2025-05-13 21:31:06] (0s)  >>> First-level cache hit cached_Module::moduleNameFromFile/1#a01d5f51/2@010e4f4r with empty relation.
[2025-05-13 21:31:06] (0s)  >>> First-level cache hit cached_Import::ImportStar.getModuleExpr/0#dispred#8ab9ce73/2@9212cahk with empty relation.
[2025-05-13 21:31:06] (0s)  >>> Full cache hit cached_Exprs::Expr.toString/0#dispred#7435dfcd/2@a8c03872 with 38 rows and digest 362f26los05hu7oa9gauim02qk1.
[2025-05-13 21:31:06] (0s)  >>> Full cache hit cached_Essa::TEssaDefinition#4c062f56/1@918595pb with 26 rows and digest b960f40d6634323fua6m7r79495.
[2025-05-13 21:31:06] (0s)  >>> First-level cache hit cached_Essa::TEssaEdgeDefinition#be4738bc/4@2da913f5 with empty relation.
[2025-05-13 21:31:06] (0s)  >>> First-level cache hit cached_SsaCompute::EssaDefinitions::piNode/3#b1917f93/3@3204beti with empty relation.
[2025-05-13 21:31:06] (0s)  >>> First-level cache hit cached_SsaCompute::AdjacentUses::adjacentUseUse/2#c094915e/2@1fd2fe9p with empty relation.
[2025-05-13 21:31:06] (0s)  >>> First-level cache hit cached_SsaCompute::AdjacentUses::adjacentUseUseSameVar/2#2eafd7db/2@0dcc16hn with empty relation.
[2025-05-13 21:31:06] (0s)  >>> Full cache hit cached_SsaCompute::AdjacentUses::adjacentVarRefs/5#de1f7cd5/5@4359219o with 16 rows and digest 3320a06m6ueph7vt48aumepol98.
[2025-05-13 21:31:06] (0s)  >>> Full cache hit cached_SsaCompute::AdjacentUses::defSourceUseRank/4#ebad7bcb/4@99c70bvp with 40 rows and digest 2cc1c562fuaebqfmg3l5l6gbapd.
[2025-05-13 21:31:06] (0s)  >>> Full cache hit cached_SsaCompute::SsaComputeImpl::variableDefine/4#79261f91/4@1e9ed9n1 with 29 rows and digest 6ab165s8fm5qavu5e91o4nelqta.
[2025-05-13 21:31:06] (0s)  >>> First-level cache hit cached_Flow::BasicBlock.strictlyDominates/1#dispred#65ae2ca3/2@40c1c68m with empty relation.
[2025-05-13 21:31:06] (0s)  >>> Full cache hit cached_CachedStages::Stages::AST::ref/0#e52d92b5/0@c876115v with 1 rows and digest ac90f0ei322hhreshlvdl215c38.
[2025-05-13 21:31:06] (0s)  >>> Full cache hit cached_CachedStages::Stages::AST::backref/0#dddb3000/0@a80d27a0 with 1 rows and digest ac90f0ei322hhreshlvdl215c38.
[2025-05-13 21:31:06] (0s)  >>> Full cache hit cached_SsaDefinitions::SsaSource::method_call_refinement/3#3634d2a9/3@ec7d91se with 1 rows and digest 266507f5j38k1fg924usisku98f.
[2025-05-13 21:31:06] (0s)  >>> Full cache hit cached_SsaDefinitions::SsaSource::argument_refinement/3#615fb3a9/3@2d844778 with 3 rows and digest 8839fdbts5gg9d18d51snl3j1u7.
[2025-05-13 21:31:07] (0s)  >>> Full cache hit cached_SsaDefinitions::SsaSource::assignment_definition/3#a5ba4d99/3@5c11868o with 8 rows and digest fdca78f06ebi6kkb36orgcbhuof.
[2025-05-13 21:31:07] (0s)  >>> Full cache hit cached_Flow::DefinitionNode#e8809c3b/1@a95b912i with 8 rows and digest 25e316e2j375m30t35m37ppb6ie.
[2025-05-13 21:31:07] (0s)  >>> Full cache hit cached_AstExtended::AstNode.getAFlowNode/0#dispred#fcebb9ee/2@89ae53vo with 52 rows and digest c32df7h3hkmcin7iv2bfk128ig2.
[2025-05-13 21:31:07] (0s)  >>> Full cache hit cached_SsaDefinitions::SsaSource::parameter_definition/2#40b2fede/2@9409b5ba with 1 rows and digest 9780f8d6kk75evcbuhcfjn42t23.
[2025-05-13 21:31:07] (0s)  >>> First-level cache hit cached_SsaDefinitions::SsaSource::attribute_assignment_refinement/3#5f777592/3@f4c9688s with empty relation.
[2025-05-13 21:31:07] (1s)  >>> Full cache hit cached_Flow::ControlFlowNode.getScope/0#dispred#b061daac/2@afe6a2k8 with 52 rows and digest d716415bv66r8ldo86l66e6vqg5.
[2025-05-13 21:31:07] (1s)  >>> Full cache hit cached_AstExtended::AstNode.getAChildNode/0#dispred#a130356d/2@4a4f6brg with 54 rows and digest c3dc8ah8bc4va8crv2evb5nqqq4.
[2025-05-13 21:31:07] (1s)  >>> First-level cache hit cached_Flow::BasicBlock.getASuccessor/0#dispred#7249dd96/2@debdc7ao with empty relation.
[2025-05-13 21:31:07] (1s)  >>> First-level cache hit cached_SsaDefinitions::SsaSource::attribute_deletion_refinement/3#7de1bd7a/3@bc7edf3e with empty relation.
[2025-05-13 21:31:07] (1s)  >>> First-level cache hit cached_SsaDefinitions::SsaSource::deletion_definition/2#e74a17e3/2@a934fde8 with empty relation.
[2025-05-13 21:31:07] (1s)  >>> First-level cache hit cached_SsaDefinitions::SsaSource::exception_capture/2#fd0779df/2@793700dj with empty relation.
[2025-05-13 21:31:07] (1s)  >>> First-level cache hit cached_SsaDefinitions::SsaSource::exception_group_capture/2#d53f492d/2@790fdeja with empty relation.
[2025-05-13 21:31:07] (1s)  >>> First-level cache hit cached_SsaDefinitions::SsaSource::import_star_refinement/3#1675f8e2/3@39fa47h0 with empty relation.
[2025-05-13 21:31:07] (1s)  >>> First-level cache hit cached_SsaDefinitions::SsaSource::init_module_submodule_defn/2#64b1af7d/2@2761bd9c with empty relation.
[2025-05-13 21:31:07] (1s)  >>> First-level cache hit cached_SsaDefinitions::SsaSource::multi_assignment_definition/4#1d17889e/4@89e653d3 with empty relation.
[2025-05-13 21:31:07] (1s)  >>> First-level cache hit cached_Flow::SequenceNode.getElement/1#dispred#4cc4068f/3@cc5e78ka with empty relation.
[2025-05-13 21:31:07] (1s)  >>> First-level cache hit cached_SsaDefinitions::SsaSource::pattern_alias_definition/2#e55586af/2@f91af3ha with empty relation.
[2025-05-13 21:31:07] (1s)  >>> First-level cache hit cached_SsaDefinitions::SsaSource::pattern_capture_definition/2#77b3ae42/2@6e282c28 with empty relation.
[2025-05-13 21:31:07] (1s)  >>> First-level cache hit cached_SsaDefinitions::SsaSource::test_refinement/3#2cbdf557/3@c646bdum with empty relation.
[2025-05-13 21:31:07] (1s)  >>> First-level cache hit cached_SsaDefinitions::SsaSource::with_definition/2#e1888ceb/2@e0bd2902 with empty relation.
[2025-05-13 21:31:07] (1s)  >>> First-level cache hit cached_SsaCompute::SsaDefinitions::reachesEndOfBlock/4#214bd902/4@8d3536mv with empty relation.
[2025-05-13 21:31:07] (1s)  >>> First-level cache hit cached_SsaCompute::Liveness::liveAtExit/2#b6aa63f4/2@00f3ba04 with empty relation.
[2025-05-13 21:31:07] (1s)  >>> Full cache hit cached_SsaCompute::Liveness::liveAtEntry/2#bab3ea7c/2@6601ffvo with 4 rows and digest 0c15d12e4k643bhrps57emg4td9.
[2025-05-13 21:31:07] (1s)  >>> Full cache hit cached_SsaCompute::SsaComputeImpl::defUseRank/4#782a2f48/4@a2d696uu with 84 rows and digest 68ca65egetu0e03vt0g14djanp6.
[2025-05-13 21:31:07] (1s)  >>> Full cache hit cached_SsaCompute::SsaComputeImpl::variableDef/4#38b3ef7e/4@8a1c0f76 with 33 rows and digest b3f6a83bh0903fo15i5akmkutve.
[2025-05-13 21:31:07] (1s)  >>> Full cache hit cached_SsaCompute::SsaComputeImpl::variableRefine/4#b20a3c26/4@209e7767 with 4 rows and digest 1e1c09ts38d6jtt82009b75a8n0.
[2025-05-13 21:31:07] (1s)  >>> Full cache hit cached_SsaCompute::SsaComputeImpl::variableUse/4#da62dc30/4@ce02f549 with 51 rows and digest 5742eb46m7n040b4kje5m14dgrc.
[2025-05-13 21:31:07] (1s)  >>> Full cache hit cached_SsaCompute::SsaComputeImpl::defRank/4#f608ea69/4@7f1611ue with 33 rows and digest 5d61abcuc717lo0so3u9tjm20c8.
[2025-05-13 21:31:07] (1s)  >>> Full cache hit cached_SsaCompute::SsaComputeImpl::lastRank/2#6cfcb19d/3@0891d874 with 25 rows and digest 32ed771pvop925t8mt9bojscie3.
[2025-05-13 21:31:07] (1s)  >>> First-level cache hit cached_SsaCompute::EssaDefinitions::phiNode/2#4864b30d/2@ce8e8e2f with empty relation.
[2025-05-13 21:31:07] (1s)  >>> Full cache hit cached_SsaCompute::SsaComputeImpl::ssaDef/2#1ca5a11b/2@ae9182bm with 21 rows and digest 1c1959or1euvd61mngcai260ba5.
[2025-05-13 21:31:07] (1s)  >>> Full cache hit cached_SsaCompute::EssaDefinitions::variableUpdate/5#c42159b9/5@2ba91fut with 26 rows and digest 993a14l0hlved7lca2p0k4llhdd.
[2025-05-13 21:31:07] (1s)  >>> Full cache hit cached_SsaCompute::EssaDefinitions::variableDefinition/5#32b5d84f/5@5f1279gb with 22 rows and digest 02a71eb1lugp3b192rrmgdei06f.
[2025-05-13 21:31:07] (1s)  >>> Full cache hit cached_SsaCompute::EssaDefinitions::variableRefinement/5#4e891107/5@95e977ab with 4 rows and digest 645e5dk7clghqhrqrlevkuti9q0.
[2025-05-13 21:31:07] (1s)  >>> Full cache hit cached_SsaCompute::SsaComputeImpl::ssaDefReachesRank/4#f19c6fee/4@404efe5b with 71 rows and digest 48ebbc5ovo62o81hkmindflanq8.
[2025-05-13 21:31:07] (1s)  >>> First-level cache hit cached_Flow::BasicBlock.getImmediateDominator/0#dispred#0f15e8ec/2@408ca88v with empty relation.
[2025-05-13 21:31:07] (1s)  >>> First-level cache hit cached_Essa::TPhiFunction#dfb6fe3b/3@2bce46ul with empty relation.
[2025-05-13 21:31:07] (1s)  >>> First-level cache hit cached_Essa::PhiFunction.getInput/1#dispred#f797e1b9/3@8f4ad7c4 with empty relation.
[2025-05-13 21:31:08] (1s)  >>> Full cache hit cached_Essa::TEssaNodeDefinition#96e9ebfe/4@a811d0mp with 22 rows and digest 117ad0nufb87otg7nm3slt5u35d.
[2025-05-13 21:31:08] (1s)  >>> Full cache hit cached_Essa::TEssaNodeRefinement#8de2de42/4@3787696p with 4 rows and digest caabefn4vhar07fi0b4cmn57v42.
[2025-05-13 21:31:08] (1s)  >>> Full cache hit cached_AstExtended::AstNode.getParentNode/0#dispred#c159e3ee/2@699751d5 with 54 rows and digest 62aa16q3assrl39fj7pcoqfb2i1.
[2025-05-13 21:31:08] (1s)  >>> First-level cache hit cached_#Flow::BasicBlock.getASuccessor/0#dispred#7249dd96Plus/2@4ae642b8 with empty relation.
[2025-05-13 21:31:08] (1s)  >>> Full cache hit cached_Flow::ControlFlowNode.toString/0#dispred#e1af144b/2@54b666h0 with 52 rows and digest f25cd9tvjqfgkr7enq12b15fnpb.
[2025-05-13 21:31:08] (1s)  >>> Full cache hit cached_SsaCompute::AdjacentUses::variableSourceUse/4#4525ef19/4@271bba4s with 11 rows and digest d02c4ds8adtvkokffjg5g6oecg4.
[2025-05-13 21:31:08] (1s)  >>> Full cache hit cached_SsaCompute::AdjacentUses::definesAt/4#68130204/4@388909lj with 22 rows and digest d67193j6lg3l38lbi9l8tjvohqb.
[2025-05-13 21:31:08] (2s)  >>> Full cache hit cached_SsaCompute::AdjacentUses::firstUse/2#ca053ce0/2@b3437a3s with 8 rows and digest 39b71d4m49lkrqs180huhbma670.
[2025-05-13 21:31:08] (2s)  >>> Full cache hit cached_SsaCompute::AdjacentUses::useOfDef/2#16a7ee50/2@c0f71efh with 8 rows and digest 39b71d4m49lkrqs180huhbma670.
[2025-05-13 21:31:08] (2s)  >>> Full cache hit cached_SsaCompute::SsaDefinitions::reachesExit/3#a534505a/3@cbea635k with 21 rows and digest 975e07ee5ao08koghm1v383kqf8.
[2025-05-13 21:31:08] (2s)  >>> Full cache hit cached_SsaCompute::SsaDefinitions::reachesUse/4#216dc4f6/4@2dbd699l with 45 rows and digest b4d02ei7alhfv7voe83eoev8fu2.
[2025-05-13 21:31:08] (2s)  >>> Full cache hit cached_SsaCompute::SsaComputeImpl::ssaDefReachesUseWithinBlock/4#87a91e15/4@f3e4d889 with 45 rows and digest b4d02ei7alhfv7voe83eoev8fu2.
[2025-05-13 21:31:08] (2s)  >>> Created relation py_variables/2@62cd450b with 20 rows and digest 06b6215hrgclfmr0r28uq6rrev9.
[2025-05-13 21:31:08] (2s)  >>> Created relation py_exprs/4@62fb455g with 38 rows and digest 3ad7f0vqkrobo1gqougt0a5jl7b.
[2025-05-13 21:31:08] (2s) Starting to evaluate predicate SensitiveData::isSensitiveName/1#6ce2539c/1@d44404cr
[2025-05-13 21:31:08] (2s)  >>> Created relation SensitiveData::isSensitiveName/1#6ce2539c/1@d44404cr with 4 rows and digest 130fedorn8qj6l34d4n9lf77km7.
[2025-05-13 21:31:08] (2s)  >>> Created relation variable/3@5e1d40kq with 24 rows and digest 239345holnnn13ro1r11udoqem9.
[2025-05-13 21:31:08] (2s) Starting to evaluate predicate variable_201#join_rhs/3@0467c2qr
[2025-05-13 21:31:08] (2s)  >>> Created relation variable_201#join_rhs/3@0467c2qr with 24 rows and digest 7174eb961tg5h2t0ir80vp4t6nf.
[2025-05-13 21:31:08] (2s) Starting to evaluate predicate Exprs::Name.getId/0#dispred#4fa5460e#fb/2@caa6391m
[2025-05-13 21:31:08] (2s)  >>> Created relation Exprs::Name.getId/0#dispred#4fa5460e#fb/2@caa6391m with 12 rows and digest 162ba2i9mln9s2i0vrbc4ksifc7.
[2025-05-13 21:31:08] (2s)  >>> Created relation locations_ast/6@aba204da with 58 rows and digest 41ec19q1mu6vrd1f3ut17vna317.
[2025-05-13 21:31:08] (2s)  >>> Created relation locations_default/6@2b5cc3pr with 0 rows and digest THIS-RELATION-HAS-NO-TUPLES.
[2025-05-13 21:31:08] (2s) Starting to evaluate predicate Files::Location.getEndLine/0#dispred#20e291bf#bf/2@207b73ov
[2025-05-13 21:31:08] (2s)  >>> Created relation Files::Location.getEndLine/0#dispred#20e291bf#bf/2@207b73ov with 58 rows and digest 416ed0u20sn0mstqma41at2rerf.
[2025-05-13 21:31:08] (2s) Starting to evaluate predicate Files::Location.getStartLine/0#dispred#a15d2f9d#bf/2@926f7cpc
[2025-05-13 21:31:08] (2s)  >>> Created relation Files::Location.getStartLine/0#dispred#a15d2f9d#bf/2@926f7cpc with 58 rows and digest 416ed0u20sn0mstqma41at2rerf.
[2025-05-13 21:31:08] (2s)  >>> Created relation files/2@ec93749g with 4 rows and digest 329651vaur2cljp6eqjm05j7nda.
[2025-05-13 21:31:08] (2s)  >>> Created relation py_module_path/2@7a0f7599 with 4 rows and digest 64ad4d1o2j6maifntg8mo1rfhi1.
[2025-05-13 21:31:08] (2s) Starting to evaluate predicate Files::Location.getPath/0#dispred#4f81638b#bf/2@be01cb0n
[2025-05-13 21:31:08] (2s)  >>> Created relation Files::Location.getPath/0#dispred#4f81638b#bf/2@be01cb0n with 58 rows and digest 8b62a8j9tar12fljl7g59mtckdf.
[2025-05-13 21:31:08] (2s) Starting to evaluate predicate Files::Location.getPath/0#dispred#4f81638b#bf_10#join_rhs/2@1bb850kp
[2025-05-13 21:31:08] (2s)  >>> Created relation Files::Location.getPath/0#dispred#4f81638b#bf_10#join_rhs/2@1bb850kp with 58 rows and digest 408020sotqhjrht757nfqnp49da.
[2025-05-13 21:31:08] (2s) Starting to evaluate predicate Files::Location.getFile/0#dispred#fab46add#bf/2@778b9b1i
[2025-05-13 21:31:08] (2s)  >>> Created relation Files::Location.getFile/0#dispred#fab46add#bf/2@778b9b1i with 58 rows and digest 8b62a8j9tar12fljl7g59mtckdf.
[2025-05-13 21:31:08] (2s)  >>> Created relation Files::Location.getFile/0#dispred#fab46add#bf_10#join_rhs/2@d9a973hl with 58 rows and digest 408020sotqhjrht757nfqnp49da.
[2025-05-13 21:31:08] (2s)  >>> Created relation py_locations/2@d222f4l2 with 53 rows and digest fdaf5ds4u7i492ekcalq47alu06.
[2025-05-13 21:31:08] (2s) Starting to evaluate predicate py_locations_10#join_rhs/2@cad24bnc
[2025-05-13 21:31:08] (2s)  >>> Created relation py_locations_10#join_rhs/2@cad24bnc with 53 rows and digest a25622qge4rpnvs6l9agdgsgv15.
[2025-05-13 21:31:08] (2s) Starting to evaluate predicate Exprs::Expr.getLocation/0#dispred#c128155b/2@d10f96ct
[2025-05-13 21:31:08] (2s)  >>> Created relation Exprs::Expr.getLocation/0#dispred#c128155b/2@d10f96ct with 38 rows and digest 730a53c9frag5o7918jfpnikeq3.
[2025-05-13 21:31:08] (2s) Starting to evaluate predicate AstExtended::AstNode.getLocation/0#dispred#6b4dcb62_10#join_rhs/2@47d2f8d7
[2025-05-13 21:31:08] (2s)  >>> Created relation AstExtended::AstNode.getLocation/0#dispred#6b4dcb62_10#join_rhs/2@47d2f8d7 with 58 rows and digest 3124e3d23g1jurr28jmedo6cqsb.
[2025-05-13 21:31:08] (2s) Starting to evaluate predicate AstGenerated::Expr_.getLocation/0#dispred#3637884c_10#join_rhs/2@159b1fbo
[2025-05-13 21:31:08] (2s)  >>> Created relation AstGenerated::Expr_.getLocation/0#dispred#3637884c_10#join_rhs/2@159b1fbo with 38 rows and digest 687b12gugf1eiu4ev0la0v3e1jb.
[2025-05-13 21:31:08] (2s) Starting to evaluate predicate _AstExtended::AstNode.getLocation/0#dispred#6b4dcb62_AstExtended::AstNode.getLocation/0#dispred#6b4d__#shared/4@a497a7u7
[2025-05-13 21:31:08] (2s)  >>> Created relation _AstExtended::AstNode.getLocation/0#dispred#6b4dcb62_AstExtended::AstNode.getLocation/0#dispred#6b4d__#shared/4@a497a7u7 with 14 rows and digest 93d4350n32kjl4vminthlufc1r0.
[2025-05-13 21:31:08] (2s) Starting to evaluate predicate Exprs::Name.getId/0#dispred#4fa5460e#bf/2@1c667ebq
[2025-05-13 21:31:08] (2s)  >>> Created relation Exprs::Name.getId/0#dispred#4fa5460e#bf/2@1c667ebq with 20 rows and digest d13a67tplqiqlrd1o87m2gjgca6.
[2025-05-13 21:31:08] (2s)  >>> Created relation sourceLocationPrefix/1@64802cd1 with 1 rows and digest 8a3ae6qhdnd8d74ovm5e2odhl7a.
[2025-05-13 21:31:08] (2s)  >>> Created relation folders/2@bad7d9u0 with 9 rows and digest 013ee1k6671k53efrvufvjbk9a4.
[2025-05-13 21:31:08] (2s) Starting to evaluate predicate Files::Input::ContainerBase.getAbsolutePath/0#dispred#bb5aca3b/2@966d67vo
[2025-05-13 21:31:08] (2s)  >>> Created relation Files::Input::ContainerBase.getAbsolutePath/0#dispred#bb5aca3b/2@966d67vo with 13 rows and digest 2511adgieh83kngu1uvtsode9r5.
[2025-05-13 21:31:08] (2s) Starting to evaluate predicate Files::Impl::Container.getRelativePath/0#dispred#21f7a09a#bf/2@3d3b2fs1
[2025-05-13 21:31:08] (2s)  >>> Created relation Files::Impl::Container.getRelativePath/0#dispred#21f7a09a#bf/2@3d3b2fs1 with 5 rows and digest b4ef1f07neh0kptgjgapfmr1d08.
[2025-05-13 21:31:08] (2s)  >>> Created relation py_type_parameters/4@a1fcadgi with 0 rows and digest THIS-RELATION-HAS-NO-TUPLES.
[2025-05-13 21:31:08] (2s) Inferred that py_type_parameters_10#join_rhs/2@dc8dd6s9 is empty, due to py_type_parameters/4@a1fcadgi.
[2025-05-13 21:31:08] (2s) Inferred that py_type_parameters_20#join_rhs/2@e9503ao7 is empty, due to py_type_parameters/4@a1fcadgi.
[2025-05-13 21:31:08] (2s)  >>> Created relation py_comprehensions/3@5a5a332m with 0 rows and digest THIS-RELATION-HAS-NO-TUPLES.
[2025-05-13 21:31:08] (2s) Inferred that AstExtended::Comprehension.getASubExpression/0#dispred#63af4970/2@8f912bbl is empty, due to py_comprehensions/3@5a5a332m.
[2025-05-13 21:31:08] (2s) Inferred that AstGenerated::ListComp_.getAGenerator/0#dispred#0726485f/2@776433m6 is empty, due to py_comprehensions/3@5a5a332m.
[2025-05-13 21:31:08] (2s)  >>> Created relation py_StringParts/3@40e65fbh with 0 rows and digest THIS-RELATION-HAS-NO-TUPLES.
[2025-05-13 21:31:08] (2s) Inferred that py_StringParts_10#join_rhs/2@09edc2s7 is empty, due to py_StringParts/3@40e65fbh.
[2025-05-13 21:31:08] (2s) Inferred that AstGenerated::Str_.getAnImplicitlyConcatenatedPart/0#dispred#08057c4a/2@b548ab4a is empty, due to py_StringParts_10#join_rhs/2@09edc2s7.
[2025-05-13 21:31:08] (2s) Inferred that project#AstGenerated::Str_.getAnImplicitlyConcatenatedPart/0#dispred#08057c4a/1@fbc996q5 is empty, due to AstGenerated::Str_.getAnImplicitlyConcatenatedPart/0#dispred#08057c4a/2@b548ab4a.
[2025-05-13 21:31:08] (2s) Inferred that Exprs::StringLiteral.isUnicode/0#dispred#64a81fc8#b/1@7bc781ti is empty, due to project#AstGenerated::Str_.getAnImplicitlyConcatenatedPart/0#dispred#08057c4a/1@fbc996q5.
[2025-05-13 21:31:08] (2s)  >>> Created relation py_patterns/4@5b268b2a with 0 rows and digest THIS-RELATION-HAS-NO-TUPLES.
[2025-05-13 21:31:08] (2s) Inferred that py_patterns_20#join_rhs/2@063912q6 is empty, due to py_patterns/4@5b268b2a.
[2025-05-13 21:31:08] (2s) Inferred that py_patterns_10#join_rhs/2@626962h6 is empty, due to py_patterns/4@5b268b2a.
[2025-05-13 21:31:08] (2s) Inferred that py_patterns_230#join_rhs/3@54219et2 is empty, due to py_patterns/4@5b268b2a.
[2025-05-13 21:31:08] (2s) Inferred that #AstExtended::AstNode.getAChildNode/0#dispred#a130356dPlus#fb#flipped/2@f3d5f3hl is empty, due to py_patterns/4@5b268b2a.
[2025-05-13 21:31:08] (2s) Inferred that AstGenerated::PatternList_.getAnItem/0#dispred#3c725bc9/2@4e0113eh is empty, due to py_patterns_20#join_rhs/2@063912q6.
[2025-05-13 21:31:08] (2s) Inferred that Patterns::MatchAsPattern.getAlias/0#dispred#766c9d3f/2@e01a224v is empty, due to py_patterns_10#join_rhs/2@626962h6.
[2025-05-13 21:31:08] (2s) Inferred that Patterns::MatchCapturePattern.getVariable/0#dispred#1afb04d9/2@fac7a9lg is empty, due to py_patterns_10#join_rhs/2@626962h6.
[2025-05-13 21:31:08] (2s) Inferred that #AstExtended::AstNode.getAChildNode/0#dispred#a130356dPlus#fb#flipped_10#join_rhs/2@bf08f8qt is empty, due to #AstExtended::AstNode.getAChildNode/0#dispred#a130356dPlus#fb#flipped/2@f3d5f3hl.
[2025-05-13 21:31:08] (2s) Inferred that SsaDefinitions::SsaSource::pattern_alias_definition/2#e55586af/2@f8ca01uf is empty, due to Patterns::MatchAsPattern.getAlias/0#dispred#766c9d3f/2@e01a224v.
[2025-05-13 21:31:08] (2s) Inferred that SsaDefinitions::SsaSource::pattern_capture_definition/2#77b3ae42/2@330db0d6 is empty, due to Patterns::MatchCapturePattern.getVariable/0#dispred#1afb04d9/2@fac7a9lg.
[2025-05-13 21:31:08] (2s) Inferred that Patterns::Pattern.getCase/0#72a79c75/2@c7fb3fgs is empty, due to #AstExtended::AstNode.getAChildNode/0#dispred#a130356dPlus#fb#flipped_10#join_rhs/2@bf08f8qt.
[2025-05-13 21:31:08] (2s)  >>> Created relation py_dict_items/4@f807ab0r with 3 rows and digest bdd237mu4qi18h17qmv5s4s65mc.
[2025-05-13 21:31:08] (2s) Starting to evaluate predicate py_dict_items_10#join_rhs/2@1abaaa6d
[2025-05-13 21:31:08] (2s)  >>> Created relation py_dict_items_10#join_rhs/2@1abaaa6d with 3 rows and digest 1249ca8o9f45mun5on96m442trd.
[2025-05-13 21:31:08] (2s)  >>> Created relation py_Functions/2@dc6e589f with 1 rows and digest cfe2452e2dhg3utr7ehjcmvjcoc.
[2025-05-13 21:31:08] (2s)  >>> Created relation py_Classes/2@2777c63f with 0 rows and digest THIS-RELATION-HAS-NO-TUPLES.
[2025-05-13 21:31:08] (2s) Inferred that Class::Class.toString/0#dispred#19bc00cc/2@ef38470h is empty, due to py_Classes/2@2777c63f.
[2025-05-13 21:31:08] (2s) Inferred that py_Classes_10#join_rhs/2@132b13h6 is empty, due to py_Classes/2@2777c63f.
[2025-05-13 21:31:08] (2s) Inferred that ImportTime::ImportTimeScope.entryEdge/2#dispred#d2e3d051/3@14e4aflr is empty, due to py_Classes/2@2777c63f.
[2025-05-13 21:31:08] (2s) Inferred that Definitions::class_with_global_metaclass/2#f9fedc22/2@2f3991ea is empty, due to py_Classes/2@2777c63f.
[2025-05-13 21:31:08] (2s) Inferred that Definitions::ClassLocalVariable#75f27010/1@f553a8ab is empty, due to py_Classes/2@2777c63f.
[2025-05-13 21:31:08] (2s) Inferred that ImportTime::class_var_scope/3#59eab847/3@8ff9bdsa is empty, due to py_Classes/2@2777c63f.
[2025-05-13 21:31:08] (2s) Inferred that Variables::Variable.isSelf/0#dispred#7f6832b2/1@05d48c1b is empty, due to py_Classes/2@2777c63f.
[2025-05-13 21:31:08] (2s) Inferred that Class::Class.getScope/0#dispred#a9980f24/2@cbc60c1m is empty, due to py_Classes_10#join_rhs/2@132b13h6.
[2025-05-13 21:31:08] (2s) Inferred that project#ImportTime::ImportTimeScope.entryEdge/2#dispred#d2e3d051/2@f4a2dbiu is empty, due to ImportTime::ImportTimeScope.entryEdge/2#dispred#d2e3d051/3@14e4aflr.
[2025-05-13 21:31:08] (2s) Inferred that ImportTime::ImportTimeScope.getOuterVariable/1#dispred#2509ef70/3@31cc1fjt is empty, due to ImportTime::class_var_scope/3#59eab847/3@8ff9bdsa.
[2025-05-13 21:31:08] (2s) Inferred that project#ImportTime::ImportTimeScope.getOuterVariable/1#dispred#2509ef70/2@1cbf43a0 is empty, due to ImportTime::ImportTimeScope.getOuterVariable/1#dispred#2509ef70/3@31cc1fjt.
[2025-05-13 21:31:08] (2s)  >>> Created relation py_Modules/1@3e58c00b with 4 rows and digest 8e29cemrhk3h7apvd3o9njj0nia.
[2025-05-13 21:31:08] (2s)  >>> Created relation py_stmts/4@93720efi with 12 rows and digest 2a7f7bfrmktukq4cq5a2iaj3se7.
[2025-05-13 21:31:08] (2s) Starting to evaluate predicate Files::Impl::Container.splitAbsolutePath/2#dispred#324a3985_021#join_rhs/3@9a865792
[2025-05-13 21:31:08] (2s)  >>> Created relation Files::Impl::Container.splitAbsolutePath/2#dispred#324a3985_021#join_rhs/3@9a865792 with 30 rows and digest 9dc0a1sgvhguovmhs2m8nddigu7.
[2025-05-13 21:31:08] (2s) Starting to evaluate predicate py_module_path_10#join_rhs/2@5a2bd62f
[2025-05-13 21:31:08] (2s)  >>> Created relation py_module_path_10#join_rhs/2@5a2bd62f with 4 rows and digest 626112cm8hmbgd1p29idcv9eid5.
[2025-05-13 21:31:08] (2s) Starting to evaluate predicate Module::Module.isPackage/0#dispred#a8679d5f/1@9131c737
[2025-05-13 21:31:08] (2s)  >>> Created relation Module::Module.isPackage/0#dispred#a8679d5f/1@9131c737 with 0 rows and digest THIS-RELATION-HAS-NO-TUPLES.
[2025-05-13 21:31:08] (2s)  >>> Created relation py_strs/3@35cd6b34 with 23 rows and digest 020b92c07a9u3qv9i84k21sh957.
[2025-05-13 21:31:08] (2s) Starting to evaluate predicate py_strs_120#join_rhs/3@bec877pd
[2025-05-13 21:31:08] (2s)  >>> Created relation py_strs_120#join_rhs/3@bec877pd with 23 rows and digest a3db798n3inr6b99srgrvh3sidb.
[2025-05-13 21:31:08] (2s) Starting to evaluate predicate AstGenerated::Module_.getName/0#2ccd625a/2@38f91ee0
[2025-05-13 21:31:08] (2s)  >>> Created relation AstGenerated::Module_.getName/0#2ccd625a/2@38f91ee0 with 0 rows and digest THIS-RELATION-HAS-NO-TUPLES.
[2025-05-13 21:31:08] (2s) Inferred that AstGenerated::Module_.getName/0#2ccd625a_0#antijoin_rhs/1@a8f41596 is empty, due to AstGenerated::Module_.getName/0#2ccd625a/2@38f91ee0.
[2025-05-13 21:31:08] (2s) Starting to evaluate predicate py_stmts_10#join_rhs/2@97ec97cm
[2025-05-13 21:31:08] (2s)  >>> Created relation py_stmts_10#join_rhs/2@97ec97cm with 12 rows and digest 146ec2fvla0lkj22muo28k0svo6.
[2025-05-13 21:31:08] (2s) Starting to evaluate predicate Module::Module.getName/0#dispred#45a481b3#bf/2@2e1c3br9
[2025-05-13 21:31:08] (2s)  >>> Created relation Module::Module.getName/0#dispred#45a481b3#bf/2@2e1c3br9 with 0 rows and digest THIS-RELATION-HAS-NO-TUPLES.
[2025-05-13 21:31:08] (2s) Inferred that project#Module::Module.getName/0#dispred#45a481b3#bf/1@2279393d is empty, due to Module::Module.getName/0#dispred#45a481b3#bf/2@2e1c3br9.
[2025-05-13 21:31:08] (2s) Starting to evaluate predicate Module::Module.getFile/0#dispred#53eb9b1b/2@816ea0rg
[2025-05-13 21:31:08] (2s)  >>> Created relation Module::Module.getFile/0#dispred#53eb9b1b/2@816ea0rg with 4 rows and digest 64ad4d1o2j6maifntg8mo1rfhi1.
[2025-05-13 21:31:08] (2s) Starting to evaluate predicate AstGenerated::Module_.getKind/0#dd90ac6f/2@95377982
[2025-05-13 21:31:08] (2s)  >>> Created relation AstGenerated::Module_.getKind/0#dd90ac6f/2@95377982 with 0 rows and digest THIS-RELATION-HAS-NO-TUPLES.
[2025-05-13 21:31:08] (2s) Inferred that AstGenerated::Module_.getKind/0#dd90ac6f_0#antijoin_rhs/1@a84c4ek9 is empty, due to AstGenerated::Module_.getKind/0#dd90ac6f/2@95377982.
[2025-05-13 21:31:08] (2s) Starting to evaluate predicate Module::Module.getKind/0#dispred#ccc4de3e/2@2d81416l
[2025-05-13 21:31:08] (2s)  >>> Created relation Module::Module.getKind/0#dispred#ccc4de3e/2@2d81416l with 4 rows and digest 4326ff282duk06m9lpsdgdkt2a1.
[2025-05-13 21:31:08] (2s) Starting to evaluate predicate py_exprs_10#join_rhs/2@073ac12u
[2025-05-13 21:31:08] (2s)  >>> Created relation py_exprs_10#join_rhs/2@073ac12u with 38 rows and digest 1456a7fc7bh9pda94sltilrdu00.
[2025-05-13 21:31:08] (2s)  >>> Created relation py_expr_lists/3@1b5e391t with 14 rows and digest e87db9storq7l9jpvb4sllmu4m7.
[2025-05-13 21:31:08] (2s) Starting to evaluate predicate py_expr_lists_120#join_rhs/3@3304a2u1
[2025-05-13 21:31:08] (2s)  >>> Created relation py_expr_lists_120#join_rhs/3@3304a2u1 with 14 rows and digest ece2f336b7mhl57mb21j5kcn5l6.
[2025-05-13 21:31:08] (2s) Starting to evaluate predicate py_exprs_203#join_rhs/3@0e8aa5mo
[2025-05-13 21:31:08] (2s)  >>> Created relation py_exprs_203#join_rhs/3@0e8aa5mo with 38 rows and digest f829c4u1r48u86m52qm382dnf68.
[2025-05-13 21:31:08] (2s) Starting to evaluate predicate AstGenerated::Call_.getPositionalArg/1#dispred#16c46df7#ffb/3@a4dc08h1
[2025-05-13 21:31:08] (2s)  >>> Created relation AstGenerated::Call_.getPositionalArg/1#dispred#16c46df7#ffb/3@a4dc08h1 with 6 rows and digest 64ac02sk22s7coe5hfm9hcj9484.
[2025-05-13 21:31:08] (2s) Starting to evaluate predicate _py_exprs_10#join_rhs#antijoin_rhs#10/1@8754f207
[2025-05-13 21:31:08] (2s)  >>> Created relation _py_exprs_10#join_rhs#antijoin_rhs#10/1@8754f207 with 0 rows and digest THIS-RELATION-HAS-NO-TUPLES.
[2025-05-13 21:31:08] (2s) Inferred that Flow::StarredNode.getValue/0#dispred#77106d16/2@ecb8631a is empty, due to _py_exprs_10#join_rhs#antijoin_rhs#10/1@8754f207.
[2025-05-13 21:31:08] (2s) Starting to evaluate predicate _AstGenerated::Call_.getPositionalArg/1#dispred#16c46df7#ffb_py_exprs#antijoin_rhs/3@45e6d618
[2025-05-13 21:31:08] (2s)  >>> Created relation _AstGenerated::Call_.getPositionalArg/1#dispred#16c46df7#ffb_py_exprs#antijoin_rhs/3@45e6d618 with 0 rows and digest THIS-RELATION-HAS-NO-TUPLES.
[2025-05-13 21:31:08] (2s) Starting to evaluate predicate Exprs::Call.getArg/1#dispred#50c53eea#ffb/3@1505fcts
[2025-05-13 21:31:08] (2s)  >>> Created relation Exprs::Call.getArg/1#dispred#50c53eea#ffb/3@1505fcts with 6 rows and digest 64ac02sk22s7coe5hfm9hcj9484.
[2025-05-13 21:31:08] (2s) Starting to evaluate predicate Exprs::Call.getArg/1#dispred#50c53eea#ffb_120#join_rhs/3@3628ddph
[2025-05-13 21:31:08] (2s)  >>> Created relation Exprs::Call.getArg/1#dispred#50c53eea#ffb_120#join_rhs/3@3628ddph with 6 rows and digest 3a2e14nhcn4e2978m5nlqjuntr9.
[2025-05-13 21:31:08] (2s) Starting to evaluate predicate Function::FunctionExpr.getADecoratorCall/0#062a6e2a/2@i1#0345bbbi (iteration 1)
[2025-05-13 21:31:08] (2s) Empty delta for Function::FunctionExpr.getADecoratorCall/0#062a6e2a_delta (order for disjuncts: delta=<standard>).
[2025-05-13 21:31:08] (2s) Accumulating deltas
[2025-05-13 21:31:08] (2s)  >>> Created relation Function::FunctionExpr.getADecoratorCall/0#062a6e2a/2@0345bbbi with 0 rows and digest THIS-RELATION-HAS-NO-TUPLES.
[2025-05-13 21:31:08] (2s) Inferred that project#Function::FunctionExpr.getADecoratorCall/0#062a6e2a/1@d0a3dcds is empty, due to Function::FunctionExpr.getADecoratorCall/0#062a6e2a/2@0345bbbi.
[2025-05-13 21:31:08] (2s) Starting to evaluate predicate Class::ClassExpr.getADecoratorCall/0#54df5696/2@i1#a74da0oo (iteration 1)
[2025-05-13 21:31:08] (2s) Empty delta for Class::ClassExpr.getADecoratorCall/0#54df5696_delta (order for disjuncts: delta=<standard>).
[2025-05-13 21:31:08] (2s) Accumulating deltas
[2025-05-13 21:31:08] (2s)  >>> Created relation Class::ClassExpr.getADecoratorCall/0#54df5696/2@a74da0oo with 0 rows and digest THIS-RELATION-HAS-NO-TUPLES.
[2025-05-13 21:31:08] (2s) Inferred that project#Class::ClassExpr.getADecoratorCall/0#54df5696/1@a676207g is empty, due to Class::ClassExpr.getADecoratorCall/0#54df5696/2@a74da0oo.
[2025-05-13 21:31:08] (2s) Starting to evaluate predicate m#AstGenerated::Assign_.getValue/0#dispred#53d00b56#fb/1@848cbad6
[2025-05-13 21:31:08] (2s)  >>> Created relation m#AstGenerated::Assign_.getValue/0#dispred#53d00b56#fb/1@848cbad6 with 1 rows and digest 0d2c28r0ipaub94dn4o3m8jhplc.
[2025-05-13 21:31:08] (2s) Starting to evaluate predicate py_exprs_032#join_rhs/3@dc21c4iv
[2025-05-13 21:31:08] (2s)  >>> Created relation py_exprs_032#join_rhs/3@dc21c4iv with 38 rows and digest b59f6bdbhlc3385r46r82n58eh7.
[2025-05-13 21:31:08] (2s) Starting to evaluate predicate AstGenerated::Assign_.getValue/0#dispred#53d00b56#fb/2@af3894pm
[2025-05-13 21:31:08] (2s)  >>> Created relation AstGenerated::Assign_.getValue/0#dispred#53d00b56#fb/2@af3894pm with 1 rows and digest ee725d08493hvjv2ace12t4tud1.
[2025-05-13 21:31:08] (2s) Starting to evaluate predicate AstGenerated::Assign_.getValue/0#dispred#53d00b56#fb_10#join_rhs/2@45a2358g
[2025-05-13 21:31:08] (2s)  >>> Created relation AstGenerated::Assign_.getValue/0#dispred#53d00b56#fb_10#join_rhs/2@45a2358g with 1 rows and digest b06f6c3cco19necoqpf2v2jh8v5.
[2025-05-13 21:31:08] (2s) Starting to evaluate predicate Function::FunctionDef#ffa22159/2@9fd1a8fr
[2025-05-13 21:31:08] (2s)  >>> Created relation Function::FunctionDef#ffa22159/2@9fd1a8fr with 1 rows and digest ee725d08493hvjv2ace12t4tud1.
[2025-05-13 21:31:08] (2s) Starting to evaluate predicate project#Function::FunctionDef#ffa22159/1@a737a5do
[2025-05-13 21:31:08] (2s)  >>> Created relation project#Function::FunctionDef#ffa22159/1@a737a5do with 1 rows and digest eb7edfd28qr3v590pighvhgps76.
[2025-05-13 21:31:08] (2s) Starting to evaluate predicate Class::ClassDef#83097204/1@b6454al8
[2025-05-13 21:31:08] (2s)  >>> Created relation Class::ClassDef#83097204/1@b6454al8 with 0 rows and digest THIS-RELATION-HAS-NO-TUPLES.
[2025-05-13 21:31:08] (2s) Starting to evaluate predicate Stmts::AssignStmt#45f46a75#b/1@cc5b04li
[2025-05-13 21:31:08] (2s)  >>> Created relation Stmts::AssignStmt#45f46a75#b/1@cc5b04li with 6 rows and digest dcbd6f2k3b2affp90i6h2l56ek9.
[2025-05-13 21:31:08] (2s) Starting to evaluate predicate AstGenerated::Assign__not_Stmts::AssignStmt_Class::ClassDef_Function::FunctionDef#9571075b#b/1@96a79de6
[2025-05-13 21:31:08] (2s)  >>> Created relation AstGenerated::Assign__not_Stmts::AssignStmt_Class::ClassDef_Function::FunctionDef#9571075b#b/1@96a79de6 with 0 rows and digest THIS-RELATION-HAS-NO-TUPLES.
[2025-05-13 21:31:08] (2s) Starting to evaluate predicate AstGenerated::AstNode_.toString/0#dispred#192f27b5#bf/2@c3d9a7g2
[2025-05-13 21:31:08] (2s)  >>> Created relation AstGenerated::AstNode_.toString/0#dispred#192f27b5#bf/2@c3d9a7g2 with 58 rows and digest 4586c5udcmrphlmbr8k1qrfmul1.
[2025-05-13 21:31:08] (2s) Starting to evaluate predicate SensitiveData::isSensitivePrinted/1#901a9637/1@9cd1e4n9
[2025-05-13 21:31:08] (2s)  >>> Created relation SensitiveData::isSensitivePrinted/1#901a9637/1@9cd1e4n9 with 3 rows and digest 75c2f0oivvnk6qaakjfv8pgnlo4.
[2025-05-13 21:31:08] (2s) Starting to evaluate predicate let0/4@4b3bf3jk
[2025-05-13 21:31:08] (2s)  >>> Created relation let0/4@4b3bf3jk with 0 rows and digest THIS-RELATION-HAS-NO-TUPLES.
[2025-05-13 21:31:08] (2s) Inferred that SensitiveData::isSensitiveSent/1#3179d65e/1@0105cfsf is empty, due to let0/4@4b3bf3jk.
[2025-05-13 21:31:08] (2s) Starting to evaluate predicate #select/2@151a1dh6
[2025-05-13 21:31:08] (2s)  >>> Created relation #select/2@151a1dh6 with 3 rows and digest 1626387536h6pifs7i68krg7vl2.
[2025-05-13 21:31:08] (2s) Starting to evaluate predicate Module::Module.getFile/0#dispred#53eb9b1b_0#antijoin_rhs/1@128cc0vj
[2025-05-13 21:31:08] (2s)  >>> Created relation Module::Module.getFile/0#dispred#53eb9b1b_0#antijoin_rhs/1@128cc0vj with 4 rows and digest 8e29cemrhk3h7apvd3o9njj0nia.
[2025-05-13 21:31:08] (2s) Starting to evaluate predicate locations_ast_102345#join_rhs/6@ba5e2d5g
[2025-05-13 21:31:08] (2s)  >>> Created relation locations_ast_102345#join_rhs/6@ba5e2d5g with 58 rows and digest 6730e1g0lrds0e1lda84dlsih68.
[2025-05-13 21:31:08] (2s) Starting to evaluate predicate Files::Location.hasLocationInfo/5#dispred#143bb906/6@af7732rr
[2025-05-13 21:31:08] (2s)  >>> Created relation Files::Location.hasLocationInfo/5#dispred#143bb906/6@af7732rr with 58 rows and digest 9af91765q762cn32u232uf9hgu8.
[2025-05-13 21:31:08] (2s) Starting to evaluate predicate _#select_AstExtended::AstNode.getLocation/0#dispred#6b4dcb62#shared/3@f2b47fsk
[2025-05-13 21:31:08] (2s)  >>> Created relation _#select_AstExtended::AstNode.getLocation/0#dispred#6b4dcb62#shared/3@f2b47fsk with 3 rows and digest df8402jnlpj7obrk4u1j75p16k0.
[2025-05-13 21:31:08] (2s) Starting to evaluate predicate _#select_AstGenerated::Expr_.getLocation/0#dispred#3637884c#shared/3@aa5524fa
[2025-05-13 21:31:08] (2s)  >>> Created relation _#select_AstGenerated::Expr_.getLocation/0#dispred#3637884c#shared/3@aa5524fa with 3 rows and digest df8402jnlpj7obrk4u1j75p16k0.
[2025-05-13 21:31:08] (2s) Starting to evaluate predicate project#Files::Location.hasLocationInfo/5#dispred#143bb906/1@8f0a749c
[2025-05-13 21:31:08] (2s)  >>> Created relation project#Files::Location.hasLocationInfo/5#dispred#143bb906/1@8f0a749c with 58 rows and digest a3e4586p9aqgvpqkk2v1q2q4kd6.
[2025-05-13 21:31:08] (2s) Starting to evaluate predicate __#select_AstExtended::AstNode.getLocation/0#dispred#6b4dcb62#shared__#select_AstGenerated::Expr_.ge__#antijoin_rhs/2@27de9745
[2025-05-13 21:31:08] (2s)  >>> Created relation __#select_AstExtended::AstNode.getLocation/0#dispred#6b4dcb62#shared__#select_AstGenerated::Expr_.ge__#antijoin_rhs/2@27de9745 with 3 rows and digest 1626387536h6pifs7i68krg7vl2.
[2025-05-13 21:31:08] (2s) Starting to evaluate predicate _#select_Files::Location.hasLocationInfo/5#dispred#143bb906__#select_AstExtended::AstNode.getLocatio__#shared/7@b527216b
[2025-05-13 21:31:08] (2s)  >>> Created relation _#select_Files::Location.hasLocationInfo/5#dispred#143bb906__#select_AstExtended::AstNode.getLocatio__#shared/7@b527216b with 3 rows and digest d72b70lbtk7ejmvvk0b08741c85.
[2025-05-13 21:31:08] (2s) Starting to evaluate predicate project#AstGenerated::AstNode_.toString/0#dispred#192f27b5#bf/1@33fb838t
[2025-05-13 21:31:08] (2s)  >>> Created relation project#AstGenerated::AstNode_.toString/0#dispred#192f27b5#bf/1@33fb838t with 58 rows and digest 4b69758ce3dfd1gd3i9i3iqo4pe.
[2025-05-13 21:31:08] (2s) Starting to evaluate predicate project#Exprs::Expr.toString/0#dispred#7435dfcd/1@68a913ck
[2025-05-13 21:31:08] (2s)  >>> Created relation project#Exprs::Expr.toString/0#dispred#7435dfcd/1@68a913ck with 38 rows and digest 6bdd09hiktb5asfiuoepb17kija.
[2025-05-13 21:31:08] (2s) Starting to evaluate predicate __#select_Files::Location.hasLocationInfo/5#dispred#143bb906__#select_AstExtended::AstNode.getLocati__#antijoin_rhs/7@9012481s
[2025-05-13 21:31:08] (2s)  >>> Created relation __#select_Files::Location.hasLocationInfo/5#dispred#143bb906__#select_AstExtended::AstNode.getLocati__#antijoin_rhs/7@9012481s with 3 rows and digest d72b70lbtk7ejmvvk0b08741c85.
[2025-05-13 21:31:08] (2s) Starting to evaluate predicate #select#query/8@abf12eq3
[2025-05-13 21:31:08] (2s)  >>> Created relation #select#query/8@abf12eq3 with 3 rows and digest abff75351dnabkn3u7k6m0campc.
[2025-05-13 21:31:08] (2s) Query done
[2025-05-13 21:31:08] (2s) Sequence stamp origin is -6049870928604246709
[2025-05-13 21:31:08] (2s) Pausing evaluation to sync to disk at sequence stamp o+0
[2025-05-13 21:31:08] (2s) Unpausing evaluation
[2025-05-13 21:31:08] Evaluation of C:\Users\sever\OneDrive\Desktop\Language-based Security\Project GDPR Compliance\gdpr-analyzer\custom-queries\python\gdpr\queries\SensitiveData.ql produced BQRS results.
[2025-05-13 21:31:08] [PROGRESS] execute queries> Evaluation completed (2.6s).
[2025-05-13 21:31:08] Constructing in-process plumbing: codeql bqrs decode dummy.bqrs
[2025-05-13 21:31:08] [PROGRESS] execute queries> Shutting down query evaluator.
[2025-05-13 21:31:08] Pausing evaluation to close the cache at sequence stamp o+1
[2025-05-13 21:31:08] The disk cache is freshly trimmed; leave it be.
[2025-05-13 21:31:08] Unpausing evaluation
[2025-05-13 21:31:08] This NaiveBuddyAllocator requested 0 eviction rounds.
[2025-05-13 21:31:08] Exiting with code 0
