[2025-05-13 21:09:09] This is codeql execute queries -J-Xmx1800M --off-heap-ram=1431 --verbosity=progress --logdir=C:\Users\sever\OneDrive\Desktop\Language-based Security\Project GDPR Compliance\gdpr-analyzer\python-db\log --evaluator-log-level=5 --warnings=show --dynamic-join-order-mode=none --qlconfig-file=C:\Users\sever\OneDrive\Desktop\Language-based Security\Project GDPR Compliance\gdpr-analyzer\qlconfig.yml -- C:\Users\sever\OneDrive\Desktop\Language-based Security\Project GDPR Compliance\gdpr-analyzer\python-db\db-python path:C:\Users\sever\OneDrive\Desktop\Language-based Security\Project GDPR Compliance\gdpr-analyzer\custom-queries\python\gdpr\queries\SensitiveData.ql
[2025-05-13 21:09:09] Calling plumbing command: codeql resolve queries --qlconfig-file=C:\Users\sever\OneDrive\Desktop\Language-based Security\Project GDPR Compliance\gdpr-analyzer\qlconfig.yml --format=json -- path:C:\Users\sever\OneDrive\Desktop\Language-based Security\Project GDPR Compliance\gdpr-analyzer\custom-queries\python\gdpr\queries\SensitiveData.ql
[2025-05-13 21:09:10] [PROGRESS] resolve queries> Recording pack reference gdpr-analyzer at C:\Users\sever\OneDrive\Desktop\Language-based Security\Project GDPR Compliance\gdpr-analyzer\custom-queries\python\gdpr.
[2025-05-13 21:09:10] Plumbing command codeql resolve queries completed:
                      [
                        "C:\\Users\\sever\\OneDrive\\Desktop\\Language-based Security\\Project GDPR Compliance\\gdpr-analyzer\\custom-queries\\python\\gdpr\\queries\\SensitiveData.ql"
                      ]
[2025-05-13 21:09:10] Refusing fancy output: The terminal is not an xterm: 
[2025-05-13 21:09:10] Creating executor with 1 threads.
[2025-05-13 21:09:10] Calling plumbing command: codeql resolve extensions --qlconfig-file=C:\Users\sever\OneDrive\Desktop\Language-based Security\Project GDPR Compliance\gdpr-analyzer\qlconfig.yml --include-extension-row-locations path:C:\Users\sever\OneDrive\Desktop\Language-based Security\Project GDPR Compliance\gdpr-analyzer\custom-queries\python\gdpr\queries\SensitiveData.ql
[2025-05-13 21:09:10] Calling plumbing command: codeql resolve queries --qlconfig-file=C:\Users\sever\OneDrive\Desktop\Language-based Security\Project GDPR Compliance\gdpr-analyzer\qlconfig.yml --allow-library-packs --format startingpacks -- path:C:\Users\sever\OneDrive\Desktop\Language-based Security\Project GDPR Compliance\gdpr-analyzer\custom-queries\python\gdpr\queries\SensitiveData.ql
[2025-05-13 21:09:10] [PROGRESS] resolve queries> Recording pack reference gdpr-analyzer at C:\Users\sever\OneDrive\Desktop\Language-based Security\Project GDPR Compliance\gdpr-analyzer\custom-queries\python\gdpr.
[2025-05-13 21:09:11] Plumbing command codeql resolve queries completed:
                      [
                        "C:\\Users\\sever\\OneDrive\\Desktop\\Language-based Security\\Project GDPR Compliance\\gdpr-analyzer\\custom-queries\\python\\gdpr"
                      ]
[2025-05-13 21:09:11] Calling plumbing command: codeql resolve extensions-by-pack --qlconfig-file=C:\Users\sever\OneDrive\Desktop\Language-based Security\Project GDPR Compliance\gdpr-analyzer\qlconfig.yml --include-extension-row-locations -- C:\Users\sever\OneDrive\Desktop\Language-based Security\Project GDPR Compliance\gdpr-analyzer\custom-queries\python\gdpr
[2025-05-13 21:09:11] [SPAMMY] resolve extensions-by-pack> [INCOMPATIBILITY] gdpr-analyzer: not 0.0.1 {root: gdpr-analyzer@0.0.1}
[2025-05-13 21:09:11] [SPAMMY] resolve extensions-by-pack> [DERIVATION] gdpr-analyzer: 0.0.1 {gdpr-analyzer: not 0.0.1 {root: gdpr-analyzer@0.0.1}}
[2025-05-13 21:09:11] [SPAMMY] resolve extensions-by-pack> [INCOMPATIBILITY] gdpr-analyzer: * [*], codeql/python-all: not * [*] {dependency: gdpr-analyzer@* [*] requires codeql/python-all@*}
[2025-05-13 21:09:11] [SPAMMY] resolve extensions-by-pack> [DECISION 1] gdpr-analyzer: 0.0.1
[2025-05-13 21:09:11] [SPAMMY] resolve extensions-by-pack> [DERIVATION] codeql/python-all: * [*] {gdpr-analyzer: * [*], codeql/python-all: not * [*] {dependency: gdpr-analyzer@* [*] requires codeql/python-all@*}}
[2025-05-13 21:09:11] [SPAMMY] resolve extensions-by-pack> [INCOMPATIBILITY] codeql/python-all: * [*], codeql/dataflow: not * [*] {dependency: codeql/python-all@* [*] requires codeql/dataflow@2.0.6}
[2025-05-13 21:09:11] [SPAMMY] resolve extensions-by-pack> [INCOMPATIBILITY] codeql/python-all: * [*], codeql/mad: not * [*] {dependency: codeql/python-all@* [*] requires codeql/mad@1.0.22}
[2025-05-13 21:09:11] [SPAMMY] resolve extensions-by-pack> [INCOMPATIBILITY] codeql/python-all: * [*], codeql/regex: not * [*] {dependency: codeql/python-all@* [*] requires codeql/regex@1.0.22}
[2025-05-13 21:09:11] [SPAMMY] resolve extensions-by-pack> [INCOMPATIBILITY] codeql/python-all: * [*], codeql/threat-models: not * [*] {dependency: codeql/python-all@* [*] requires codeql/threat-models@1.0.22}
[2025-05-13 21:09:11] [SPAMMY] resolve extensions-by-pack> [INCOMPATIBILITY] codeql/python-all: * [*], codeql/tutorial: not * [*] {dependency: codeql/python-all@* [*] requires codeql/tutorial@1.0.22}
[2025-05-13 21:09:11] [SPAMMY] resolve extensions-by-pack> [INCOMPATIBILITY] codeql/python-all: * [*], codeql/util: not * [*] {dependency: codeql/python-all@* [*] requires codeql/util@2.0.9}
[2025-05-13 21:09:11] [SPAMMY] resolve extensions-by-pack> [INCOMPATIBILITY] codeql/python-all: * [*], codeql/xml: not * [*] {dependency: codeql/python-all@* [*] requires codeql/xml@1.0.22}
[2025-05-13 21:09:11] [SPAMMY] resolve extensions-by-pack> [INCOMPATIBILITY] codeql/python-all: * [*], codeql/yaml: not * [*] {dependency: codeql/python-all@* [*] requires codeql/yaml@1.0.22}
[2025-05-13 21:09:11] [SPAMMY] resolve extensions-by-pack> [DECISION 2] codeql/python-all: 4.0.6
[2025-05-13 21:09:11] [SPAMMY] resolve extensions-by-pack> [DERIVATION] codeql/yaml: * [*] {codeql/python-all: * [*], codeql/yaml: not * [*] {dependency: codeql/python-all@* [*] requires codeql/yaml@1.0.22}}
[2025-05-13 21:09:11] [SPAMMY] resolve extensions-by-pack> [DERIVATION] codeql/xml: * [*] {codeql/python-all: * [*], codeql/xml: not * [*] {dependency: codeql/python-all@* [*] requires codeql/xml@1.0.22}}
[2025-05-13 21:09:11] [SPAMMY] resolve extensions-by-pack> [DERIVATION] codeql/util: * [*] {codeql/python-all: * [*], codeql/util: not * [*] {dependency: codeql/python-all@* [*] requires codeql/util@2.0.9}}
[2025-05-13 21:09:11] [SPAMMY] resolve extensions-by-pack> [DERIVATION] codeql/tutorial: * [*] {codeql/python-all: * [*], codeql/tutorial: not * [*] {dependency: codeql/python-all@* [*] requires codeql/tutorial@1.0.22}}
[2025-05-13 21:09:11] [SPAMMY] resolve extensions-by-pack> [DERIVATION] codeql/threat-models: * [*] {codeql/python-all: * [*], codeql/threat-models: not * [*] {dependency: codeql/python-all@* [*] requires codeql/threat-models@1.0.22}}
[2025-05-13 21:09:11] [SPAMMY] resolve extensions-by-pack> [DERIVATION] codeql/regex: * [*] {codeql/python-all: * [*], codeql/regex: not * [*] {dependency: codeql/python-all@* [*] requires codeql/regex@1.0.22}}
[2025-05-13 21:09:11] [SPAMMY] resolve extensions-by-pack> [DERIVATION] codeql/mad: * [*] {codeql/python-all: * [*], codeql/mad: not * [*] {dependency: codeql/python-all@* [*] requires codeql/mad@1.0.22}}
[2025-05-13 21:09:11] [SPAMMY] resolve extensions-by-pack> [DERIVATION] codeql/dataflow: * [*] {codeql/python-all: * [*], codeql/dataflow: not * [*] {dependency: codeql/python-all@* [*] requires codeql/dataflow@2.0.6}}
[2025-05-13 21:09:11] [SPAMMY] resolve extensions-by-pack> [INCOMPATIBILITY] codeql/dataflow: * [*], codeql/ssa: not * [*] {dependency: codeql/dataflow@* [*] requires codeql/ssa@1.1.1}
[2025-05-13 21:09:11] [SPAMMY] resolve extensions-by-pack> [INCOMPATIBILITY] codeql/dataflow: * [*], codeql/typetracking: not * [*] {dependency: codeql/dataflow@* [*] requires codeql/typetracking@2.0.6}
[2025-05-13 21:09:11] [SPAMMY] resolve extensions-by-pack> [INCOMPATIBILITY] codeql/dataflow: * [*], codeql/util: not * [*] {dependency: codeql/dataflow@* [*] requires codeql/util@2.0.9}
[2025-05-13 21:09:11] [SPAMMY] resolve extensions-by-pack> [DECISION 3] codeql/dataflow: 2.0.6
[2025-05-13 21:09:11] [SPAMMY] resolve extensions-by-pack> [DERIVATION] codeql/typetracking: * [*] {codeql/dataflow: * [*], codeql/typetracking: not * [*] {dependency: codeql/dataflow@* [*] requires codeql/typetracking@2.0.6}}
[2025-05-13 21:09:11] [SPAMMY] resolve extensions-by-pack> [DERIVATION] codeql/ssa: * [*] {codeql/dataflow: * [*], codeql/ssa: not * [*] {dependency: codeql/dataflow@* [*] requires codeql/ssa@1.1.1}}
[2025-05-13 21:09:11] [SPAMMY] resolve extensions-by-pack> [INCOMPATIBILITY] codeql/mad: * [*], codeql/dataflow: not * [*] {dependency: codeql/mad@* [*] requires codeql/dataflow@2.0.6}
[2025-05-13 21:09:11] [SPAMMY] resolve extensions-by-pack> [INCOMPATIBILITY] codeql/mad: * [*], codeql/util: not * [*] {dependency: codeql/mad@* [*] requires codeql/util@2.0.9}
[2025-05-13 21:09:11] [SPAMMY] resolve extensions-by-pack> [DECISION 4] codeql/mad: 1.0.22
[2025-05-13 21:09:11] [SPAMMY] resolve extensions-by-pack> [INCOMPATIBILITY] codeql/regex: * [*], codeql/util: not * [*] {dependency: codeql/regex@* [*] requires codeql/util@2.0.9}
[2025-05-13 21:09:11] [SPAMMY] resolve extensions-by-pack> [DECISION 5] codeql/regex: 1.0.22
[2025-05-13 21:09:11] [SPAMMY] resolve extensions-by-pack> [INCOMPATIBILITY] codeql/ssa: * [*], codeql/util: not * [*] {dependency: codeql/ssa@* [*] requires codeql/util@2.0.9}
[2025-05-13 21:09:11] [SPAMMY] resolve extensions-by-pack> [DECISION 6] codeql/ssa: 1.1.1
[2025-05-13 21:09:11] [SPAMMY] resolve extensions-by-pack> [DECISION 7] codeql/threat-models: 1.0.22
[2025-05-13 21:09:11] [SPAMMY] resolve extensions-by-pack> [DECISION 8] codeql/tutorial: 1.0.22
[2025-05-13 21:09:11] [SPAMMY] resolve extensions-by-pack> [INCOMPATIBILITY] codeql/typetracking: * [*], codeql/util: not * [*] {dependency: codeql/typetracking@* [*] requires codeql/util@2.0.9}
[2025-05-13 21:09:11] [SPAMMY] resolve extensions-by-pack> [DECISION 9] codeql/typetracking: 2.0.6
[2025-05-13 21:09:11] [SPAMMY] resolve extensions-by-pack> [DECISION 10] codeql/util: 2.0.9
[2025-05-13 21:09:11] [SPAMMY] resolve extensions-by-pack> [INCOMPATIBILITY] codeql/xml: * [*], codeql/util: not * [*] {dependency: codeql/xml@* [*] requires codeql/util@2.0.9}
[2025-05-13 21:09:11] [SPAMMY] resolve extensions-by-pack> [DECISION 11] codeql/xml: 1.0.22
[2025-05-13 21:09:11] [SPAMMY] resolve extensions-by-pack> [DECISION 12] codeql/yaml: 1.0.22
[2025-05-13 21:09:11] [PROGRESS] resolve extensions-by-pack> Loading data extensions in C:\Users\sever\.codeql\packages\codeql\python-all\4.0.6\ext\default-threat-models-fixup.model.yml.
[2025-05-13 21:09:11] [DETAILS] resolve extensions-by-pack>   Found extension targeting codeql/threat-models:threatModelConfiguration: 1 tuples.
[2025-05-13 21:09:11] [PROGRESS] resolve extensions-by-pack> Loading data extensions in C:\Users\sever\.codeql\packages\codeql\python-all\4.0.6\semmle\python\frameworks\Asyncpg.model.yml.
[2025-05-13 21:09:11] [DETAILS] resolve extensions-by-pack>   Found extension targeting codeql/python-all:sinkModel: 5 tuples.
[2025-05-13 21:09:11] [DETAILS] resolve extensions-by-pack>   Found extension targeting codeql/python-all:typeModel: 6 tuples.
[2025-05-13 21:09:11] [PROGRESS] resolve extensions-by-pack> Loading data extensions in C:\Users\sever\.codeql\packages\codeql\python-all\4.0.6\semmle\python\frameworks\Stdlib.model.yml.
[2025-05-13 21:09:11] [DETAILS] resolve extensions-by-pack>   Found extension targeting codeql/python-all:sourceModel: 12 tuples.
[2025-05-13 21:09:11] [DETAILS] resolve extensions-by-pack>   Found extension targeting codeql/python-all:sinkModel: 1 tuples.
[2025-05-13 21:09:11] [DETAILS] resolve extensions-by-pack>   Found extension targeting codeql/python-all:summaryModel: 66 tuples.
[2025-05-13 21:09:11] [DETAILS] resolve extensions-by-pack>   Found extension targeting codeql/python-all:neutralModel: 0 tuples.
[2025-05-13 21:09:11] [DETAILS] resolve extensions-by-pack>   Found extension targeting codeql/python-all:typeModel: 0 tuples.
[2025-05-13 21:09:11] [DETAILS] resolve extensions-by-pack>   Found extension targeting codeql/python-all:typeVariableModel: 0 tuples.
[2025-05-13 21:09:11] [PROGRESS] resolve extensions-by-pack> Loading data extensions in C:\Users\sever\.codeql\packages\codeql\python-all\4.0.6\semmle\python\frameworks\data\internal\empty.model.yml.
[2025-05-13 21:09:11] [DETAILS] resolve extensions-by-pack>   Found extension targeting codeql/python-all:sourceModel: 0 tuples.
[2025-05-13 21:09:11] [DETAILS] resolve extensions-by-pack>   Found extension targeting codeql/python-all:sinkModel: 0 tuples.
[2025-05-13 21:09:11] [DETAILS] resolve extensions-by-pack>   Found extension targeting codeql/python-all:summaryModel: 0 tuples.
[2025-05-13 21:09:11] [DETAILS] resolve extensions-by-pack>   Found extension targeting codeql/python-all:neutralModel: 0 tuples.
[2025-05-13 21:09:11] [DETAILS] resolve extensions-by-pack>   Found extension targeting codeql/python-all:typeModel: 0 tuples.
[2025-05-13 21:09:11] [DETAILS] resolve extensions-by-pack>   Found extension targeting codeql/python-all:typeVariableModel: 0 tuples.
[2025-05-13 21:09:13] [PROGRESS] resolve extensions-by-pack> Loading data extensions in C:\Users\sever\.codeql\packages\codeql\python-all\4.0.6\semmle\python\frameworks\data\internal\subclass-capture\ALL.model.yml.
[2025-05-13 21:09:13] [DETAILS] resolve extensions-by-pack>   Found extension targeting codeql/python-all:typeModel: 58275 tuples.
[2025-05-13 21:09:13] [PROGRESS] resolve extensions-by-pack> Loading data extensions in C:\Users\sever\.codeql\packages\codeql\threat-models\1.0.22\ext\supported-threat-models.model.yml.
[2025-05-13 21:09:13] [DETAILS] resolve extensions-by-pack>   Found extension targeting codeql/threat-models:threatModelConfiguration: 1 tuples.
[2025-05-13 21:09:13] [PROGRESS] resolve extensions-by-pack> Loading data extensions in C:\Users\sever\.codeql\packages\codeql\threat-models\1.0.22\ext\threat-model-grouping.model.yml.
[2025-05-13 21:09:13] [DETAILS] resolve extensions-by-pack>   Found extension targeting codeql/threat-models:threatModelGrouping: 15 tuples.
[2025-05-13 21:09:13] [PROGRESS] resolve extensions-by-pack> Loading data extensions in C:\Users\sever\.codeql\packages\codeql\util\2.0.9\ext\default-alert-filter.yml.
[2025-05-13 21:09:13] [DETAILS] resolve extensions-by-pack>   Found extension targeting codeql/util:restrictAlertsTo: 0 tuples.
[2025-05-13 21:09:13] [DETAILS] resolve extensions-by-pack>   Found extension targeting codeql/util:restrictAlertsToExactLocation: 0 tuples.
[2025-05-13 21:09:13] Plumbing command codeql resolve extensions-by-pack completed:
                      {
                        "models" : [ ],
                        "data" : {
                          "C:\\Users\\sever\\OneDrive\\Desktop\\Language-based Security\\Project GDPR Compliance\\gdpr-analyzer\\custom-queries\\python\\gdpr" : [
                            {
                              "predicate" : "threatModelConfiguration",
                              "file" : "C:\\Users\\sever\\.codeql\\packages\\codeql\\python-all\\4.0.6\\ext\\default-threat-models-fixup.model.yml",
                              "index" : 0,
                              "firstRowId" : 0,
                              "rowCount" : 1,
                              "predicateHasOrigin" : false,
                              "locations" : {
                                "lineNumbers" : "A=8",
                                "columnNumbers" : "A=9"
                              }
                            },
                            {
                              "predicate" : "sinkModel",
                              "file" : "C:\\Users\\sever\\.codeql\\packages\\codeql\\python-all\\4.0.6\\semmle\\python\\frameworks\\Asyncpg.model.yml",
                              "index" : 0,
                              "firstRowId" : 1,
                              "rowCount" : 5,
                              "predicateHasOrigin" : true,
                              "locations" : {
                                "lineNumbers" : "A=7+1+2+1+2",
                                "columnNumbers" : "A=9*5"
                              }
                            },
                            {
                              "predicate" : "typeModel",
                              "file" : "C:\\Users\\sever\\.codeql\\packages\\codeql\\python-all\\4.0.6\\semmle\\python\\frameworks\\Asyncpg.model.yml",
                              "index" : 1,
                              "firstRowId" : 6,
                              "rowCount" : 6,
                              "predicateHasOrigin" : false,
                              "locations" : {
                                "lineNumbers" : "A=20+4+1*2+2+1",
                                "columnNumbers" : "A=9*6"
                              }
                            },
                            {
                              "predicate" : "sourceModel",
                              "file" : "C:\\Users\\sever\\.codeql\\packages\\codeql\\python-all\\4.0.6\\semmle\\python\\frameworks\\Stdlib.model.yml",
                              "index" : 0,
                              "firstRowId" : 12,
                              "rowCount" : 12,
                              "predicateHasOrigin" : true,
                              "locations" : {
                                "lineNumbers" : "A=6+1*4+2+1+2+1*2+4+2",
                                "columnNumbers" : "A=9*12"
                              }
                            },
                            {
                              "predicate" : "sinkModel",
                              "file" : "C:\\Users\\sever\\.codeql\\packages\\codeql\\python-all\\4.0.6\\semmle\\python\\frameworks\\Stdlib.model.yml",
                              "index" : 1,
                              "firstRowId" : 24,
                              "rowCount" : 1,
                              "predicateHasOrigin" : true,
                              "locations" : {
                                "lineNumbers" : "A=29",
                                "columnNumbers" : "A=9"
                              }
                            },
                            {
                              "predicate" : "summaryModel",
                              "file" : "C:\\Users\\sever\\.codeql\\packages\\codeql\\python-all\\4.0.6\\semmle\\python\\frameworks\\Stdlib.model.yml",
                              "index" : 2,
                              "firstRowId" : 25,
                              "rowCount" : 66,
                              "predicateHasOrigin" : true,
                              "locations" : {
                                "lineNumbers" : "A=37+1+2+4+2*2+4+2*3+1+2+1+2+1+2+4+2+4+2*2+3+2*2+3+1+2*4+4+1+4+1+4+1*5+2*4+4+1+2*11+3+2+3+4+1+2*2+1+2",
                                "columnNumbers" : "A=9*66"
                              }
                            },
                            {
                              "predicate" : "neutralModel",
                              "file" : "C:\\Users\\sever\\.codeql\\packages\\codeql\\python-all\\4.0.6\\semmle\\python\\frameworks\\Stdlib.model.yml",
                              "index" : 3,
                              "firstRowId" : 91,
                              "rowCount" : 0,
                              "predicateHasOrigin" : false,
                              "locations" : {
                                "lineNumbers" : "A",
                                "columnNumbers" : "A"
                              }
                            },
                            {
                              "predicate" : "typeModel",
                              "file" : "C:\\Users\\sever\\.codeql\\packages\\codeql\\python-all\\4.0.6\\semmle\\python\\frameworks\\Stdlib.model.yml",
                              "index" : 4,
                              "firstRowId" : 91,
                              "rowCount" : 0,
                              "predicateHasOrigin" : false,
                              "locations" : {
                                "lineNumbers" : "A",
                                "columnNumbers" : "A"
                              }
                            },
                            {
                              "predicate" : "typeVariableModel",
                              "file" : "C:\\Users\\sever\\.codeql\\packages\\codeql\\python-all\\4.0.6\\semmle\\python\\frameworks\\Stdlib.model.yml",
                              "index" : 5,
                              "firstRowId" : 91,
                              "rowCount" : 0,
                              "predicateHasOrigin" : false,
                              "locations" : {
                                "lineNumbers" : "A",
                                "columnNumbers" : "A"
                              }
                            },
                            {
                              "predicate" : "sourceModel",
                              "file" : "C:\\Users\\sever\\.codeql\\packages\\codeql\\python-all\\4.0.6\\semmle\\python\\frameworks\\data\\internal\\empty.model.yml",
                              "index" : 0,
                              "firstRowId" : 91,
                              "rowCount" : 0,
                              "predicateHasOrigin" : true,
                              "locations" : {
                                "lineNumbers" : "A",
                                "columnNumbers" : "A"
                              }
                            },
                            {
                              "predicate" : "sinkModel",
                              "file" : "C:\\Users\\sever\\.codeql\\packages\\codeql\\python-all\\4.0.6\\semmle\\python\\frameworks\\data\\internal\\empty.model.yml",
                              "index" : 1,
                              "firstRowId" : 91,
                              "rowCount" : 0,
                              "predicateHasOrigin" : true,
                              "locations" : {
                                "lineNumbers" : "A",
                                "columnNumbers" : "A"
                              }
                            },
                            {
                              "predicate" : "summaryModel",
                              "file" : "C:\\Users\\sever\\.codeql\\packages\\codeql\\python-all\\4.0.6\\semmle\\python\\frameworks\\data\\internal\\empty.model.yml",
                              "index" : 2,
                              "firstRowId" : 91,
                              "rowCount" : 0,
                              "predicateHasOrigin" : true,
                              "locations" : {
                                "lineNumbers" : "A",
                                "columnNumbers" : "A"
                              }
                            },
                            {
                              "predicate" : "neutralModel",
                              "file" : "C:\\Users\\sever\\.codeql\\packages\\codeql\\python-all\\4.0.6\\semmle\\python\\frameworks\\data\\internal\\empty.model.yml",
                              "index" : 3,
                              "firstRowId" : 91,
                              "rowCount" : 0,
                              "predicateHasOrigin" : false,
                              "locations" : {
                                "lineNumbers" : "A",
                                "columnNumbers" : "A"
                              }
                            },
                            {
                              "predicate" : "typeModel",
                              "file" : "C:\\Users\\sever\\.codeql\\packages\\codeql\\python-all\\4.0.6\\semmle\\python\\frameworks\\data\\internal\\empty.model.yml",
                              "index" : 4,
                              "firstRowId" : 91,
                              "rowCount" : 0,
                              "predicateHasOrigin" : false,
                              "locations" : {
                                "lineNumbers" : "A",
                                "columnNumbers" : "A"
                              }
                            },
                            {
                              "predicate" : "typeVariableModel",
                              "file" : "C:\\Users\\sever\\.codeql\\packages\\codeql\\python-all\\4.0.6\\semmle\\python\\frameworks\\data\\internal\\empty.model.yml",
                              "index" : 5,
                              "firstRowId" : 91,
                              "rowCount" : 0,
                              "predicateHasOrigin" : false,
                              "locations" : {
                                "lineNumbers" : "A",
                                "columnNumbers" : "A"
                              }
                            },
                            {
                              "predicate" : "typeModel",
                              "file" : "C:\\Users\\sever\\.codeql\\packages\\codeql\\python-all\\4.0.6\\semmle\\python\\frameworks\\data\\internal\\subclass-capture\\ALL.model.yml",
                              "index" : 0,
                              "firstRowId" : 91,
                              "rowCount" : 58275,
                              "predicateHasOrigin" : false,
                              "locations" : {
                                "lineNumbers" : "A=7+3*58274",
                                "columnNumbers" : "A=5*58275"
                              }
                            },
                            {
                              "predicate" : "threatModelConfiguration",
                              "file" : "C:\\Users\\sever\\.codeql\\packages\\codeql\\threat-models\\1.0.22\\ext\\supported-threat-models.model.yml",
                              "index" : 0,
                              "firstRowId" : 58366,
                              "rowCount" : 1,
                              "predicateHasOrigin" : false,
                              "locations" : {
                                "lineNumbers" : "A=6",
                                "columnNumbers" : "A=9"
                              }
                            },
                            {
                              "predicate" : "threatModelGrouping",
                              "file" : "C:\\Users\\sever\\.codeql\\packages\\codeql\\threat-models\\1.0.22\\ext\\threat-model-grouping.model.yml",
                              "index" : 0,
                              "firstRowId" : 58367,
                              "rowCount" : 15,
                              "predicateHasOrigin" : false,
                              "locations" : {
                                "lineNumbers" : "A=8+3+1+3+1*5+3+1+5+1*3",
                                "columnNumbers" : "A=9*15"
                              }
                            },
                            {
                              "predicate" : "restrictAlertsTo",
                              "file" : "C:\\Users\\sever\\.codeql\\packages\\codeql\\util\\2.0.9\\ext\\default-alert-filter.yml",
                              "index" : 0,
                              "firstRowId" : 58382,
                              "rowCount" : 0,
                              "predicateHasOrigin" : false,
                              "locations" : {
                                "lineNumbers" : "A",
                                "columnNumbers" : "A"
                              }
                            },
                            {
                              "predicate" : "restrictAlertsToExactLocation",
                              "file" : "C:\\Users\\sever\\.codeql\\packages\\codeql\\util\\2.0.9\\ext\\default-alert-filter.yml",
                              "index" : 1,
                              "firstRowId" : 58382,
                              "rowCount" : 0,
                              "predicateHasOrigin" : false,
                              "locations" : {
                                "lineNumbers" : "A",
                                "columnNumbers" : "A"
                              }
                            }
                          ]
                        },
                        "threatModels" : {
                          "C:\\Users\\sever\\OneDrive\\Desktop\\Language-based Security\\Project GDPR Compliance\\gdpr-analyzer\\custom-queries\\python\\gdpr" : {
                            "extensions" : [
                              {
                                "data" : [ ],
                                "addsTo" : {
                                  "extensible" : "threatModelConfiguration",
                                  "checkPresence" : true,
                                  "packName" : "codeql/threat-models"
                                }
                              }
                            ]
                          }
                        },
                        "extensionPacks" : [ ]
                      }
[2025-05-13 21:09:13] Plumbing command codeql resolve extensions completed:
                      {
                        "models" : [ ],
                        "data" : {
                          "C:\\Users\\sever\\OneDrive\\Desktop\\Language-based Security\\Project GDPR Compliance\\gdpr-analyzer\\custom-queries\\python\\gdpr" : [
                            {
                              "predicate" : "threatModelConfiguration",
                              "file" : "C:\\Users\\sever\\.codeql\\packages\\codeql\\python-all\\4.0.6\\ext\\default-threat-models-fixup.model.yml",
                              "index" : 0,
                              "firstRowId" : 0,
                              "rowCount" : 1,
                              "predicateHasOrigin" : false,
                              "locations" : {
                                "lineNumbers" : "A=8",
                                "columnNumbers" : "A=9"
                              }
                            },
                            {
                              "predicate" : "sinkModel",
                              "file" : "C:\\Users\\sever\\.codeql\\packages\\codeql\\python-all\\4.0.6\\semmle\\python\\frameworks\\Asyncpg.model.yml",
                              "index" : 0,
                              "firstRowId" : 1,
                              "rowCount" : 5,
                              "predicateHasOrigin" : true,
                              "locations" : {
                                "lineNumbers" : "A=7+1+2+1+2",
                                "columnNumbers" : "A=9*5"
                              }
                            },
                            {
                              "predicate" : "typeModel",
                              "file" : "C:\\Users\\sever\\.codeql\\packages\\codeql\\python-all\\4.0.6\\semmle\\python\\frameworks\\Asyncpg.model.yml",
                              "index" : 1,
                              "firstRowId" : 6,
                              "rowCount" : 6,
                              "predicateHasOrigin" : false,
                              "locations" : {
                                "lineNumbers" : "A=20+4+1*2+2+1",
                                "columnNumbers" : "A=9*6"
                              }
                            },
                            {
                              "predicate" : "sourceModel",
                              "file" : "C:\\Users\\sever\\.codeql\\packages\\codeql\\python-all\\4.0.6\\semmle\\python\\frameworks\\Stdlib.model.yml",
                              "index" : 0,
                              "firstRowId" : 12,
                              "rowCount" : 12,
                              "predicateHasOrigin" : true,
                              "locations" : {
                                "lineNumbers" : "A=6+1*4+2+1+2+1*2+4+2",
                                "columnNumbers" : "A=9*12"
                              }
                            },
                            {
                              "predicate" : "sinkModel",
                              "file" : "C:\\Users\\sever\\.codeql\\packages\\codeql\\python-all\\4.0.6\\semmle\\python\\frameworks\\Stdlib.model.yml",
                              "index" : 1,
                              "firstRowId" : 24,
                              "rowCount" : 1,
                              "predicateHasOrigin" : true,
                              "locations" : {
                                "lineNumbers" : "A=29",
                                "columnNumbers" : "A=9"
                              }
                            },
                            {
                              "predicate" : "summaryModel",
                              "file" : "C:\\Users\\sever\\.codeql\\packages\\codeql\\python-all\\4.0.6\\semmle\\python\\frameworks\\Stdlib.model.yml",
                              "index" : 2,
                              "firstRowId" : 25,
                              "rowCount" : 66,
                              "predicateHasOrigin" : true,
                              "locations" : {
                                "lineNumbers" : "A=37+1+2+4+2*2+4+2*3+1+2+1+2+1+2+4+2+4+2*2+3+2*2+3+1+2*4+4+1+4+1+4+1*5+2*4+4+1+2*11+3+2+3+4+1+2*2+1+2",
                                "columnNumbers" : "A=9*66"
                              }
                            },
                            {
                              "predicate" : "neutralModel",
                              "file" : "C:\\Users\\sever\\.codeql\\packages\\codeql\\python-all\\4.0.6\\semmle\\python\\frameworks\\Stdlib.model.yml",
                              "index" : 3,
                              "firstRowId" : 91,
                              "rowCount" : 0,
                              "predicateHasOrigin" : false,
                              "locations" : {
                                "lineNumbers" : "A",
                                "columnNumbers" : "A"
                              }
                            },
                            {
                              "predicate" : "typeModel",
                              "file" : "C:\\Users\\sever\\.codeql\\packages\\codeql\\python-all\\4.0.6\\semmle\\python\\frameworks\\Stdlib.model.yml",
                              "index" : 4,
                              "firstRowId" : 91,
                              "rowCount" : 0,
                              "predicateHasOrigin" : false,
                              "locations" : {
                                "lineNumbers" : "A",
                                "columnNumbers" : "A"
                              }
                            },
                            {
                              "predicate" : "typeVariableModel",
                              "file" : "C:\\Users\\sever\\.codeql\\packages\\codeql\\python-all\\4.0.6\\semmle\\python\\frameworks\\Stdlib.model.yml",
                              "index" : 5,
                              "firstRowId" : 91,
                              "rowCount" : 0,
                              "predicateHasOrigin" : false,
                              "locations" : {
                                "lineNumbers" : "A",
                                "columnNumbers" : "A"
                              }
                            },
                            {
                              "predicate" : "sourceModel",
                              "file" : "C:\\Users\\sever\\.codeql\\packages\\codeql\\python-all\\4.0.6\\semmle\\python\\frameworks\\data\\internal\\empty.model.yml",
                              "index" : 0,
                              "firstRowId" : 91,
                              "rowCount" : 0,
                              "predicateHasOrigin" : true,
                              "locations" : {
                                "lineNumbers" : "A",
                                "columnNumbers" : "A"
                              }
                            },
                            {
                              "predicate" : "sinkModel",
                              "file" : "C:\\Users\\sever\\.codeql\\packages\\codeql\\python-all\\4.0.6\\semmle\\python\\frameworks\\data\\internal\\empty.model.yml",
                              "index" : 1,
                              "firstRowId" : 91,
                              "rowCount" : 0,
                              "predicateHasOrigin" : true,
                              "locations" : {
                                "lineNumbers" : "A",
                                "columnNumbers" : "A"
                              }
                            },
                            {
                              "predicate" : "summaryModel",
                              "file" : "C:\\Users\\sever\\.codeql\\packages\\codeql\\python-all\\4.0.6\\semmle\\python\\frameworks\\data\\internal\\empty.model.yml",
                              "index" : 2,
                              "firstRowId" : 91,
                              "rowCount" : 0,
                              "predicateHasOrigin" : true,
                              "locations" : {
                                "lineNumbers" : "A",
                                "columnNumbers" : "A"
                              }
                            },
                            {
                              "predicate" : "neutralModel",
                              "file" : "C:\\Users\\sever\\.codeql\\packages\\codeql\\python-all\\4.0.6\\semmle\\python\\frameworks\\data\\internal\\empty.model.yml",
                              "index" : 3,
                              "firstRowId" : 91,
                              "rowCount" : 0,
                              "predicateHasOrigin" : false,
                              "locations" : {
                                "lineNumbers" : "A",
                                "columnNumbers" : "A"
                              }
                            },
                            {
                              "predicate" : "typeModel",
                              "file" : "C:\\Users\\sever\\.codeql\\packages\\codeql\\python-all\\4.0.6\\semmle\\python\\frameworks\\data\\internal\\empty.model.yml",
                              "index" : 4,
                              "firstRowId" : 91,
                              "rowCount" : 0,
                              "predicateHasOrigin" : false,
                              "locations" : {
                                "lineNumbers" : "A",
                                "columnNumbers" : "A"
                              }
                            },
                            {
                              "predicate" : "typeVariableModel",
                              "file" : "C:\\Users\\sever\\.codeql\\packages\\codeql\\python-all\\4.0.6\\semmle\\python\\frameworks\\data\\internal\\empty.model.yml",
                              "index" : 5,
                              "firstRowId" : 91,
                              "rowCount" : 0,
                              "predicateHasOrigin" : false,
                              "locations" : {
                                "lineNumbers" : "A",
                                "columnNumbers" : "A"
                              }
                            },
                            {
                              "predicate" : "typeModel",
                              "file" : "C:\\Users\\sever\\.codeql\\packages\\codeql\\python-all\\4.0.6\\semmle\\python\\frameworks\\data\\internal\\subclass-capture\\ALL.model.yml",
                              "index" : 0,
                              "firstRowId" : 91,
                              "rowCount" : 58275,
                              "predicateHasOrigin" : false,
                              "locations" : {
                                "lineNumbers" : "A=7+3*58274",
                                "columnNumbers" : "A=5*58275"
                              }
                            },
                            {
                              "predicate" : "threatModelConfiguration",
                              "file" : "C:\\Users\\sever\\.codeql\\packages\\codeql\\threat-models\\1.0.22\\ext\\supported-threat-models.model.yml",
                              "index" : 0,
                              "firstRowId" : 58366,
                              "rowCount" : 1,
                              "predicateHasOrigin" : false,
                              "locations" : {
                                "lineNumbers" : "A=6",
                                "columnNumbers" : "A=9"
                              }
                            },
                            {
                              "predicate" : "threatModelGrouping",
                              "file" : "C:\\Users\\sever\\.codeql\\packages\\codeql\\threat-models\\1.0.22\\ext\\threat-model-grouping.model.yml",
                              "index" : 0,
                              "firstRowId" : 58367,
                              "rowCount" : 15,
                              "predicateHasOrigin" : false,
                              "locations" : {
                                "lineNumbers" : "A=8+3+1+3+1*5+3+1+5+1*3",
                                "columnNumbers" : "A=9*15"
                              }
                            },
                            {
                              "predicate" : "restrictAlertsTo",
                              "file" : "C:\\Users\\sever\\.codeql\\packages\\codeql\\util\\2.0.9\\ext\\default-alert-filter.yml",
                              "index" : 0,
                              "firstRowId" : 58382,
                              "rowCount" : 0,
                              "predicateHasOrigin" : false,
                              "locations" : {
                                "lineNumbers" : "A",
                                "columnNumbers" : "A"
                              }
                            },
                            {
                              "predicate" : "restrictAlertsToExactLocation",
                              "file" : "C:\\Users\\sever\\.codeql\\packages\\codeql\\util\\2.0.9\\ext\\default-alert-filter.yml",
                              "index" : 1,
                              "firstRowId" : 58382,
                              "rowCount" : 0,
                              "predicateHasOrigin" : false,
                              "locations" : {
                                "lineNumbers" : "A",
                                "columnNumbers" : "A"
                              }
                            }
                          ]
                        },
                        "threatModels" : {
                          "C:\\Users\\sever\\OneDrive\\Desktop\\Language-based Security\\Project GDPR Compliance\\gdpr-analyzer\\custom-queries\\python\\gdpr" : {
                            "extensions" : [
                              {
                                "data" : [ ],
                                "addsTo" : {
                                  "extensible" : "threatModelConfiguration",
                                  "checkPresence" : true,
                                  "packName" : "codeql/threat-models"
                                }
                              }
                            ]
                          }
                        },
                        "extensionPacks" : [ ]
                      }
[2025-05-13 21:09:14] [WARN] execute queries> Error retrieving qlpack commit hash from Git repository
                             org.eclipse.jgit.api.errors.NoHeadException: No HEAD exists and no explicit starting revision was specified
                             	at org.eclipse.jgit.api.LogCommand.call(LogCommand.java:129)
                             	at com.semmle.cli2.pack.PackUtil.getLastCommit(PackUtil.java:64)
                             	at com.semmle.cli2.pack.PackUtil.queryGitForHeadVersion(PackUtil.java:44)
                             	at com.semmle.cli2.bqrs.InterpretCommand.getQlPackSha(InterpretCommand.java:424)
                             	at com.semmle.cli2.execute.RunResultBuilder.lambda$addPack$0(RunResultBuilder.java:85)
                             	at java.base/java.util.TreeMap.callMappingFunctionWithCheck(Unknown Source)
                             	at java.base/java.util.TreeMap.computeIfAbsent(Unknown Source)
                             	at com.semmle.cli2.execute.RunResultBuilder.addPack(RunResultBuilder.java:82)
                             	at com.semmle.cli2.execute.RunResultBuilder.lambda$recordDataExtensions$4(RunResultBuilder.java:115)
                             	at java.base/java.util.LinkedHashMap.forEach(Unknown Source)
                             	at java.base/java.util.Collections$UnmodifiableMap.forEach(Unknown Source)
                             	at com.semmle.cli2.execute.RunResultBuilder.recordDataExtensions(RunResultBuilder.java:105)
                             	at com.semmle.cli2.execute.ExecuteQueriesCommand.executeSubcommand(ExecuteQueriesCommand.java:480)
                             	at com.semmle.cli2.picocli.SubcommandCommon.lambda$executeSubcommandWithMessages$5(SubcommandCommon.java:892)
                             	at com.semmle.cli2.picocli.SubcommandCommon.withCompilationMessages(SubcommandCommon.java:444)
                             	at com.semmle.cli2.picocli.SubcommandCommon.executeSubcommandWithMessages(SubcommandCommon.java:890)
                             	at com.semmle.cli2.picocli.SubcommandCommon.toplevelMain(SubcommandCommon.java:777)
                             	at com.semmle.cli2.picocli.SubcommandCommon.call(SubcommandCommon.java:757)
                             	at com.semmle.cli2.picocli.SubcommandMaker.runMain(SubcommandMaker.java:238)
                             	at com.semmle.cli2.picocli.SubcommandMaker.runMain(SubcommandMaker.java:259)
                             	at com.semmle.cli2.CodeQL.main(CodeQL.java:115)
[2025-05-13 21:09:15] Calling plumbing command: codeql resolve library-path --qlconfig-file=C:\Users\sever\OneDrive\Desktop\Language-based Security\Project GDPR Compliance\gdpr-analyzer\qlconfig.yml --query=C:\Users\sever\OneDrive\Desktop\Language-based Security\Project GDPR Compliance\gdpr-analyzer\custom-queries\python\gdpr\queries\SensitiveData.ql --format=json
[2025-05-13 21:09:15] [DETAILS] resolve library-path> Resolving query at normalized path C:\Users\sever\OneDrive\Desktop\Language-based Security\Project GDPR Compliance\gdpr-analyzer\custom-queries\python\gdpr\queries\SensitiveData.ql.
[2025-05-13 21:09:15] [DETAILS] resolve library-path> Found enclosing pack 'gdpr-analyzer' at C:\Users\sever\OneDrive\Desktop\Language-based Security\Project GDPR Compliance\gdpr-analyzer\custom-queries\python\gdpr.
[2025-05-13 21:09:15] [DETAILS] resolve library-path> Adding compilation cache at C:\Users\sever\.codeql\compile-cache.
[2025-05-13 21:09:15] [DETAILS] resolve library-path> Resolving library dependencies from C:\Users\sever\OneDrive\Desktop\Language-based Security\Project GDPR Compliance\gdpr-analyzer\custom-queries\python\gdpr\qlpack.yml.
[2025-05-13 21:09:15] [SPAMMY] resolve library-path> [INCOMPATIBILITY] gdpr-analyzer: not 0.0.1 {root: gdpr-analyzer@0.0.1}
[2025-05-13 21:09:15] [SPAMMY] resolve library-path> [DERIVATION] gdpr-analyzer: 0.0.1 {gdpr-analyzer: not 0.0.1 {root: gdpr-analyzer@0.0.1}}
[2025-05-13 21:09:15] [SPAMMY] resolve library-path> [INCOMPATIBILITY] gdpr-analyzer: * [*], codeql/python-all: not * [*] {dependency: gdpr-analyzer@* [*] requires codeql/python-all@*}
[2025-05-13 21:09:15] [SPAMMY] resolve library-path> [DECISION 1] gdpr-analyzer: 0.0.1
[2025-05-13 21:09:15] [SPAMMY] resolve library-path> [DERIVATION] codeql/python-all: * [*] {gdpr-analyzer: * [*], codeql/python-all: not * [*] {dependency: gdpr-analyzer@* [*] requires codeql/python-all@*}}
[2025-05-13 21:09:15] [SPAMMY] resolve library-path> [INCOMPATIBILITY] codeql/python-all: * [*], codeql/dataflow: not * [*] {dependency: codeql/python-all@* [*] requires codeql/dataflow@2.0.6}
[2025-05-13 21:09:15] [SPAMMY] resolve library-path> [INCOMPATIBILITY] codeql/python-all: * [*], codeql/mad: not * [*] {dependency: codeql/python-all@* [*] requires codeql/mad@1.0.22}
[2025-05-13 21:09:15] [SPAMMY] resolve library-path> [INCOMPATIBILITY] codeql/python-all: * [*], codeql/regex: not * [*] {dependency: codeql/python-all@* [*] requires codeql/regex@1.0.22}
[2025-05-13 21:09:15] [SPAMMY] resolve library-path> [INCOMPATIBILITY] codeql/python-all: * [*], codeql/threat-models: not * [*] {dependency: codeql/python-all@* [*] requires codeql/threat-models@1.0.22}
[2025-05-13 21:09:15] [SPAMMY] resolve library-path> [INCOMPATIBILITY] codeql/python-all: * [*], codeql/tutorial: not * [*] {dependency: codeql/python-all@* [*] requires codeql/tutorial@1.0.22}
[2025-05-13 21:09:15] [SPAMMY] resolve library-path> [INCOMPATIBILITY] codeql/python-all: * [*], codeql/util: not * [*] {dependency: codeql/python-all@* [*] requires codeql/util@2.0.9}
[2025-05-13 21:09:15] [SPAMMY] resolve library-path> [INCOMPATIBILITY] codeql/python-all: * [*], codeql/xml: not * [*] {dependency: codeql/python-all@* [*] requires codeql/xml@1.0.22}
[2025-05-13 21:09:15] [SPAMMY] resolve library-path> [INCOMPATIBILITY] codeql/python-all: * [*], codeql/yaml: not * [*] {dependency: codeql/python-all@* [*] requires codeql/yaml@1.0.22}
[2025-05-13 21:09:15] [SPAMMY] resolve library-path> [DECISION 2] codeql/python-all: 4.0.6
[2025-05-13 21:09:15] [SPAMMY] resolve library-path> [DERIVATION] codeql/yaml: * [*] {codeql/python-all: * [*], codeql/yaml: not * [*] {dependency: codeql/python-all@* [*] requires codeql/yaml@1.0.22}}
[2025-05-13 21:09:15] [SPAMMY] resolve library-path> [DERIVATION] codeql/xml: * [*] {codeql/python-all: * [*], codeql/xml: not * [*] {dependency: codeql/python-all@* [*] requires codeql/xml@1.0.22}}
[2025-05-13 21:09:15] [SPAMMY] resolve library-path> [DERIVATION] codeql/util: * [*] {codeql/python-all: * [*], codeql/util: not * [*] {dependency: codeql/python-all@* [*] requires codeql/util@2.0.9}}
[2025-05-13 21:09:15] [SPAMMY] resolve library-path> [DERIVATION] codeql/tutorial: * [*] {codeql/python-all: * [*], codeql/tutorial: not * [*] {dependency: codeql/python-all@* [*] requires codeql/tutorial@1.0.22}}
[2025-05-13 21:09:15] [SPAMMY] resolve library-path> [DERIVATION] codeql/threat-models: * [*] {codeql/python-all: * [*], codeql/threat-models: not * [*] {dependency: codeql/python-all@* [*] requires codeql/threat-models@1.0.22}}
[2025-05-13 21:09:15] [SPAMMY] resolve library-path> [DERIVATION] codeql/regex: * [*] {codeql/python-all: * [*], codeql/regex: not * [*] {dependency: codeql/python-all@* [*] requires codeql/regex@1.0.22}}
[2025-05-13 21:09:15] [SPAMMY] resolve library-path> [DERIVATION] codeql/mad: * [*] {codeql/python-all: * [*], codeql/mad: not * [*] {dependency: codeql/python-all@* [*] requires codeql/mad@1.0.22}}
[2025-05-13 21:09:15] [SPAMMY] resolve library-path> [DERIVATION] codeql/dataflow: * [*] {codeql/python-all: * [*], codeql/dataflow: not * [*] {dependency: codeql/python-all@* [*] requires codeql/dataflow@2.0.6}}
[2025-05-13 21:09:15] [SPAMMY] resolve library-path> [INCOMPATIBILITY] codeql/dataflow: * [*], codeql/ssa: not * [*] {dependency: codeql/dataflow@* [*] requires codeql/ssa@1.1.1}
[2025-05-13 21:09:15] [SPAMMY] resolve library-path> [INCOMPATIBILITY] codeql/dataflow: * [*], codeql/typetracking: not * [*] {dependency: codeql/dataflow@* [*] requires codeql/typetracking@2.0.6}
[2025-05-13 21:09:15] [SPAMMY] resolve library-path> [INCOMPATIBILITY] codeql/dataflow: * [*], codeql/util: not * [*] {dependency: codeql/dataflow@* [*] requires codeql/util@2.0.9}
[2025-05-13 21:09:15] [SPAMMY] resolve library-path> [DECISION 3] codeql/dataflow: 2.0.6
[2025-05-13 21:09:15] [SPAMMY] resolve library-path> [DERIVATION] codeql/typetracking: * [*] {codeql/dataflow: * [*], codeql/typetracking: not * [*] {dependency: codeql/dataflow@* [*] requires codeql/typetracking@2.0.6}}
[2025-05-13 21:09:15] [SPAMMY] resolve library-path> [DERIVATION] codeql/ssa: * [*] {codeql/dataflow: * [*], codeql/ssa: not * [*] {dependency: codeql/dataflow@* [*] requires codeql/ssa@1.1.1}}
[2025-05-13 21:09:15] [SPAMMY] resolve library-path> [INCOMPATIBILITY] codeql/mad: * [*], codeql/dataflow: not * [*] {dependency: codeql/mad@* [*] requires codeql/dataflow@2.0.6}
[2025-05-13 21:09:15] [SPAMMY] resolve library-path> [INCOMPATIBILITY] codeql/mad: * [*], codeql/util: not * [*] {dependency: codeql/mad@* [*] requires codeql/util@2.0.9}
[2025-05-13 21:09:15] [SPAMMY] resolve library-path> [DECISION 4] codeql/mad: 1.0.22
[2025-05-13 21:09:15] [SPAMMY] resolve library-path> [INCOMPATIBILITY] codeql/regex: * [*], codeql/util: not * [*] {dependency: codeql/regex@* [*] requires codeql/util@2.0.9}
[2025-05-13 21:09:15] [SPAMMY] resolve library-path> [DECISION 5] codeql/regex: 1.0.22
[2025-05-13 21:09:15] [SPAMMY] resolve library-path> [INCOMPATIBILITY] codeql/ssa: * [*], codeql/util: not * [*] {dependency: codeql/ssa@* [*] requires codeql/util@2.0.9}
[2025-05-13 21:09:15] [SPAMMY] resolve library-path> [DECISION 6] codeql/ssa: 1.1.1
[2025-05-13 21:09:15] [SPAMMY] resolve library-path> [DECISION 7] codeql/threat-models: 1.0.22
[2025-05-13 21:09:15] [SPAMMY] resolve library-path> [DECISION 8] codeql/tutorial: 1.0.22
[2025-05-13 21:09:15] [SPAMMY] resolve library-path> [INCOMPATIBILITY] codeql/typetracking: * [*], codeql/util: not * [*] {dependency: codeql/typetracking@* [*] requires codeql/util@2.0.9}
[2025-05-13 21:09:15] [SPAMMY] resolve library-path> [DECISION 9] codeql/typetracking: 2.0.6
[2025-05-13 21:09:15] [SPAMMY] resolve library-path> [DECISION 10] codeql/util: 2.0.9
[2025-05-13 21:09:15] [SPAMMY] resolve library-path> [INCOMPATIBILITY] codeql/xml: * [*], codeql/util: not * [*] {dependency: codeql/xml@* [*] requires codeql/util@2.0.9}
[2025-05-13 21:09:15] [SPAMMY] resolve library-path> [DECISION 11] codeql/xml: 1.0.22
[2025-05-13 21:09:15] [SPAMMY] resolve library-path> [DECISION 12] codeql/yaml: 1.0.22
[2025-05-13 21:09:15] [DETAILS] resolve library-path> QL pack dependencies for C:\Users\sever\OneDrive\Desktop\Language-based Security\Project GDPR Compliance\gdpr-analyzer\custom-queries\python\gdpr resolved OK.
[2025-05-13 21:09:15] [DETAILS] resolve library-path> Found dbscheme through QL packs: C:\Users\sever\.codeql\packages\codeql\python-all\4.0.6\semmlecode.python.dbscheme.
[2025-05-13 21:09:15] Plumbing command codeql resolve library-path completed:
                      {
                        "libraryPath" : [
                          "C:\\Users\\sever\\OneDrive\\Desktop\\Language-based Security\\Project GDPR Compliance\\gdpr-analyzer\\custom-queries\\python\\gdpr",
                          "C:\\Users\\sever\\.codeql\\packages\\codeql\\python-all\\4.0.6",
                          "C:\\Users\\sever\\.codeql\\packages\\codeql\\dataflow\\2.0.6",
                          "C:\\Users\\sever\\.codeql\\packages\\codeql\\mad\\1.0.22",
                          "C:\\Users\\sever\\.codeql\\packages\\codeql\\regex\\1.0.22",
                          "C:\\Users\\sever\\.codeql\\packages\\codeql\\ssa\\1.1.1",
                          "C:\\Users\\sever\\.codeql\\packages\\codeql\\threat-models\\1.0.22",
                          "C:\\Users\\sever\\.codeql\\packages\\codeql\\tutorial\\1.0.22",
                          "C:\\Users\\sever\\.codeql\\packages\\codeql\\typetracking\\2.0.6",
                          "C:\\Users\\sever\\.codeql\\packages\\codeql\\util\\2.0.9",
                          "C:\\Users\\sever\\.codeql\\packages\\codeql\\xml\\1.0.22",
                          "C:\\Users\\sever\\.codeql\\packages\\codeql\\yaml\\1.0.22"
                        ],
                        "dbscheme" : "C:\\Users\\sever\\.codeql\\packages\\codeql\\python-all\\4.0.6\\semmlecode.python.dbscheme",
                        "compilationCache" : [
                          "C:\\Users\\sever\\.codeql\\compile-cache"
                        ],
                        "relativeName" : "gdpr-analyzer\\queries\\SensitiveData.ql",
                        "qlPackName" : "gdpr-analyzer"
                      }
[2025-05-13 21:09:15] [PROGRESS] execute queries> Compiling query plan for C:\Users\sever\OneDrive\Desktop\Language-based Security\Project GDPR Compliance\gdpr-analyzer\custom-queries\python\gdpr\queries\SensitiveData.ql.
[2025-05-13 21:09:15] [DETAILS] execute queries> Resolving imports for C:\Users\sever\OneDrive\Desktop\Language-based Security\Project GDPR Compliance\gdpr-analyzer\custom-queries\python\gdpr\queries\SensitiveData.ql.
[2025-05-13 21:09:17] Resolved file set for C:\Users\sever\OneDrive\Desktop\Language-based Security\Project GDPR Compliance\gdpr-analyzer\custom-queries\python\gdpr\queries\SensitiveData.ql hashes to 644840497c013b31bacdf975cf2dbbaf.
[2025-05-13 21:09:17] [DETAILS] execute queries> Checking QL for C:\Users\sever\OneDrive\Desktop\Language-based Security\Project GDPR Compliance\gdpr-analyzer\custom-queries\python\gdpr\queries\SensitiveData.ql.
[2025-05-13 21:09:17] Stale frontend caches are invalidated based on import graph reachability.
[2025-05-13 21:09:18] ExternalModuleBindingPass ...
[2025-05-13 21:09:20] ExternalModuleBindingPass time: 00:01.760
[2025-05-13 21:09:20] CollectInstantiationsPass ...
[2025-05-13 21:09:20] CollectInstantiationsPass time: 00:00.633
[2025-05-13 21:09:20] Ql checks ...
[2025-05-13 21:09:26] Ql checks time: 00:06.012
[2025-05-13 21:09:35] Compilation pipeline
[2025-05-13 21:09:36] Type Inference ...
[2025-05-13 21:09:36] CSV_TYPE_HIERARCHY: Best number of iterations,Maximum number of runs,Number of BDD variables,Size of BDD for typefacts
[2025-05-13 21:09:36] CSV_TYPE_HIERARCHY: 0,0,1,1
[2025-05-13 21:09:36] CSV_TYPE_HIERARCHY: 0,0,0,0
[2025-05-13 21:09:36] CSV_TYPE_HIERARCHY: 0,0,0,0
[2025-05-13 21:09:36] CSV_TYPE_HIERARCHY: 0,0,96,97
[2025-05-13 21:09:36] CSV_TYPE_HIERARCHY: 0,0,1,1
[2025-05-13 21:09:36] CSV_TYPE_HIERARCHY: 0,0,0,0
[2025-05-13 21:09:36] CSV_TYPE_HIERARCHY: 0,0,326,384
[2025-05-13 21:09:36] CSV_TYPE_HIERARCHY: 0,0,0,0
[2025-05-13 21:09:36] CSV_TYPE_HIERARCHY: 0,0,24,24
[2025-05-13 21:09:36] CSV_TYPE_HIERARCHY: 0,0,48,72
[2025-05-13 21:09:36] CSV_TYPE_HIERARCHY: 0,0,5,5
[2025-05-13 21:09:36] CSV_TYPE_HIERARCHY: 0,0,2,2
[2025-05-13 21:09:36] CSV_TYPE_HIERARCHY: 0,0,2,2
[2025-05-13 21:09:36] CSV_TYPE_HIERARCHY: 0,0,7,7
[2025-05-13 21:09:36] CSV_TYPE_HIERARCHY: 0,0,560,15728
[2025-05-13 21:09:36] CSV_TYPE_HIERARCHY: 0,0,2,2
[2025-05-13 21:09:36] CSV_TYPE_HIERARCHY: 0,0,2,2
[2025-05-13 21:09:36] CSV_TYPE_HIERARCHY: 0,0,12,13
[2025-05-13 21:09:36] CSV_TYPE_HIERARCHY: 0,0,2,2
[2025-05-13 21:09:36] CSV_TYPE_HIERARCHY: 0,0,8,10
[2025-05-13 21:09:36] CSV_TYPE_HIERARCHY: 0,0,4,4
[2025-05-13 21:09:36] CSV_TYPE_HIERARCHY: 0,0,2,2
[2025-05-13 21:09:36] CSV_TYPE_HIERARCHY: 0,0,7,7
[2025-05-13 21:09:36] CSV_TYPE_HIERARCHY: 0,0,6,6
[2025-05-13 21:09:36] CSV_TYPE_HIERARCHY: 0,0,5,5
[2025-05-13 21:09:36] CSV_TYPE_HIERARCHY: 0,0,9,9
[2025-05-13 21:09:36] CSV_TYPE_HIERARCHY: 0,0,1,1
[2025-05-13 21:09:36] CSV_TYPE_HIERARCHY: 0,0,10,11
[2025-05-13 21:09:36] CSV_TYPE_HIERARCHY: 0,0,10,10
[2025-05-13 21:09:36] CSV_TYPE_HIERARCHY: 0,0,13,17
[2025-05-13 21:09:36] CSV_TYPE_HIERARCHY: 0,0,6,7
[2025-05-13 21:09:36] CSV_TYPE_HIERARCHY: 0,0,2,2
[2025-05-13 21:09:36] CSV_TYPE_HIERARCHY: 0,0,3,3
[2025-05-13 21:09:36] CSV_TYPE_HIERARCHY: 0,0,1,1
[2025-05-13 21:09:36] CSV_TYPE_HIERARCHY: 0,0,1,1
[2025-05-13 21:09:36] CSV_TYPE_HIERARCHY: 0,0,1,1
[2025-05-13 21:09:36] CSV_TYPE_HIERARCHY: 0,0,9,9
[2025-05-13 21:09:36] CSV_TYPE_HIERARCHY: 0,0,8,10
[2025-05-13 21:09:36] CSV_TYPE_HIERARCHY: 0,0,2,2
[2025-05-13 21:09:36] CSV_TYPE_HIERARCHY: 0,0,51,61
[2025-05-13 21:09:36] CSV_TYPE_HIERARCHY: 0,0,18,18
[2025-05-13 21:09:36] CSV_TYPE_HIERARCHY: 0,0,4,4
[2025-05-13 21:09:36] CSV_TYPE_HIERARCHY: 0,0,2,2
[2025-05-13 21:09:36] CSV_TYPE_HIERARCHY: 0,0,8,8
[2025-05-13 21:09:36] CSV_TYPE_HIERARCHY: 0,0,2,2
[2025-05-13 21:09:36] CSV_TYPE_HIERARCHY: 0,0,4,4
[2025-05-13 21:09:36] CSV_TYPE_HIERARCHY: 0,0,2,2
[2025-05-13 21:09:36] CSV_TYPE_HIERARCHY: 0,0,1,1
[2025-05-13 21:09:36] CSV_TYPE_HIERARCHY: 0,0,1,1
[2025-05-13 21:09:36] CSV_TYPE_HIERARCHY: 0,0,2,2
[2025-05-13 21:09:36] CSV_TYPE_HIERARCHY: 0,0,2,2
[2025-05-13 21:09:36] CSV_TYPE_HIERARCHY: 0,0,2,2
[2025-05-13 21:09:36] CSV_TYPE_HIERARCHY: 0,0,1,1
[2025-05-13 21:09:36] CSV_TYPE_HIERARCHY: 0,0,1,1
[2025-05-13 21:09:36] CSV_TYPE_HIERARCHY: 0,0,1,1
[2025-05-13 21:09:36] CSV_TYPE_HIERARCHY: 0,0,1,1
[2025-05-13 21:09:36] CSV_TYPE_HIERARCHY: 0,0,3,3
[2025-05-13 21:09:36] CSV_TYPE_HIERARCHY: 0,0,2,2
[2025-05-13 21:09:36] CSV_TYPE_HIERARCHY: 0,0,3,3
[2025-05-13 21:09:36] CSV_TYPE_HIERARCHY: 0,0,2,2
[2025-05-13 21:09:36] CSV_TYPE_HIERARCHY: 0,0,2,2
[2025-05-13 21:09:36] CSV_TYPE_HIERARCHY: 0,0,3,3
[2025-05-13 21:09:36] CSV_TYPE_HIERARCHY: 0,0,2,2
[2025-05-13 21:09:36] CSV_TYPE_HIERARCHY: 0,0,3,3
[2025-05-13 21:09:36] CSV_TYPE_HIERARCHY: 0,0,2,2
[2025-05-13 21:09:36] CSV_TYPE_HIERARCHY: 0,0,2,2
[2025-05-13 21:09:36] CSV_TYPE_HIERARCHY: 0,0,2,2
[2025-05-13 21:09:36] CSV_TYPE_HIERARCHY: 0,0,9,9
[2025-05-13 21:09:36] CSV_TYPE_HIERARCHY: 0,0,6,7
[2025-05-13 21:09:36] CSV_TYPE_HIERARCHY: 0,0,41,52
[2025-05-13 21:09:36] CSV_TYPE_HIERARCHY: 0,0,1,1
[2025-05-13 21:09:36] CSV_TYPE_HIERARCHY: 0,0,2,2
[2025-05-13 21:09:36] CSV_TYPE_HIERARCHY: 0,0,3,3
[2025-05-13 21:09:36] CSV_TYPE_HIERARCHY: 0,0,3,3
[2025-05-13 21:09:36] CSV_TYPE_HIERARCHY: 0,0,3,3
[2025-05-13 21:09:36] CSV_TYPE_HIERARCHY: 0,0,1,1
[2025-05-13 21:09:36] CSV_TYPE_HIERARCHY: 0,0,3,3
[2025-05-13 21:09:38] Type Inference time: 00:02.252
[2025-05-13 21:09:39] [DETAILS] execute queries> Optimizing C:\Users\sever\OneDrive\Desktop\Language-based Security\Project GDPR Compliance\gdpr-analyzer\custom-queries\python\gdpr\queries\SensitiveData.ql.
[2025-05-13 21:09:39] Processing compilation pipeline
[2025-05-13 21:09:39] Started compiling a query
[2025-05-13 21:09:39] Initialising compiler...
[2025-05-13 21:09:39] 	 ... compiler initialised
[2025-05-13 21:09:39] About to start query optimisation
[2025-05-13 21:09:39] Compilation cache hit - skipping compilation.
[2025-05-13 21:09:40] Compilation cache hit - skipping compilation.
[2025-05-13 21:09:40] Compilation cache miss for c329c4b7eba16058e4815428385db904.
[2025-05-13 21:09:43] Stored compiled program for c329c4b7eba16058e4815428385db904.
[2025-05-13 21:09:43] CSV_COMPILATION: NONE,MISC,RA_TRANSLATION,OPTIMISATIONS
[2025-05-13 21:09:43] CSV_COMPILATION: 299,637,769,1939
[2025-05-13 21:09:43] [SPAMMY] execute queries> No database upgrade/downgrade needed for C:\Users\sever\OneDrive\Desktop\Language-based Security\Project GDPR Compliance\gdpr-analyzer\custom-queries\python\gdpr\queries\SensitiveData.ql
[2025-05-13 21:09:43] [PROGRESS] execute queries> [1/1 comp 27.9s] Compiled C:\Users\sever\OneDrive\Desktop\Language-based Security\Project GDPR Compliance\gdpr-analyzer\custom-queries\python\gdpr\queries\SensitiveData.ql.
[2025-05-13 21:09:43] [PROGRESS] execute queries> Starting evaluation of gdpr-analyzer\queries\SensitiveData.ql.
[2025-05-13 21:09:43] Starting evaluation of C:\Users\sever\OneDrive\Desktop\Language-based Security\Project GDPR Compliance\gdpr-analyzer\custom-queries\python\gdpr\queries\SensitiveData.ql
[2025-05-13 21:09:43] (0s) Start query execution
[2025-05-13 21:09:43] (0s) Beginning execution of C:\Users\sever\OneDrive\Desktop\Language-based Security\Project GDPR Compliance\gdpr-analyzer\custom-queries\python\gdpr\queries\SensitiveData.ql
[2025-05-13 21:09:43] (0s)  >>> Full cache hit cached_Files::Impl::Container.splitAbsolutePath/2#dispred#324a3985/3@c992f399 with 30 rows and digest 4c46b3fin1d0qf2nrlhic8qsi6d.
[2025-05-13 21:09:43] (0s)  >>> First-level cache hit cached_Module::moduleNameFromFile/1#a01d5f51/2@010e4f4r with empty relation.
[2025-05-13 21:09:43] (0s)  >>> First-level cache hit cached_Import::ImportStar.getModuleExpr/0#dispred#8ab9ce73/2@9212cahk with empty relation.
[2025-05-13 21:09:43] (0s)  >>> Full cache hit cached_Exprs::Expr.toString/0#dispred#7435dfcd/2@a8c03872 with 35 rows and digest 6546d27j0v0krkfub7vjcrfuve3.
[2025-05-13 21:09:43] (0s)  >>> Full cache hit cached_AstExtended::AstNode.getLocation/0#dispred#6b4dcb62/2@389a43u0 with 53 rows and digest 4541283opskeo92d408f2quv6t5.
[2025-05-13 21:09:43] (0s)  >>> Full cache hit cached_Essa::TEssaDefinition#4c062f56/1@918595pb with 24 rows and digest 796e567qscjfjnlm06ioofq0clf.
[2025-05-13 21:09:43] (0s)  >>> First-level cache hit cached_Essa::TEssaEdgeDefinition#be4738bc/4@2da913f5 with empty relation.
[2025-05-13 21:09:43] (0s)  >>> First-level cache hit cached_SsaCompute::EssaDefinitions::piNode/3#b1917f93/3@3204beti with empty relation.
[2025-05-13 21:09:43] (0s)  >>> First-level cache hit cached_SsaCompute::AdjacentUses::adjacentUseUse/2#c094915e/2@1fd2fe9p with empty relation.
[2025-05-13 21:09:43] (0s)  >>> First-level cache hit cached_SsaCompute::AdjacentUses::adjacentUseUseSameVar/2#2eafd7db/2@0dcc16hn with empty relation.
[2025-05-13 21:09:43] (0s)  >>> Full cache hit cached_SsaCompute::AdjacentUses::adjacentVarRefs/5#de1f7cd5/5@4359219o with 14 rows and digest 4eda13tv2dmaofp9kvceiubqu23.
[2025-05-13 21:09:43] (0s)  >>> Full cache hit cached_SsaCompute::AdjacentUses::defSourceUseRank/4#ebad7bcb/4@99c70bvp with 38 rows and digest ad9dad7pi3u733qgv18034gocf0.
[2025-05-13 21:09:43] (0s)  >>> Full cache hit cached_SsaCompute::SsaComputeImpl::variableDefine/4#79261f91/4@1e9ed9n1 with 27 rows and digest 058880pmbtpkc3mppdunkea2s96.
[2025-05-13 21:09:43] (0s)  >>> First-level cache hit cached_Flow::BasicBlock.strictlyDominates/1#dispred#65ae2ca3/2@40c1c68m with empty relation.
[2025-05-13 21:09:43] (0s)  >>> Full cache hit cached_CachedStages::Stages::AST::ref/0#e52d92b5/0@c876115v with 1 rows and digest ac90f0ei322hhreshlvdl215c38.
[2025-05-13 21:09:43] (0s)  >>> Full cache hit cached_CachedStages::Stages::AST::backref/0#dddb3000/0@a80d27a0 with 1 rows and digest ac90f0ei322hhreshlvdl215c38.
[2025-05-13 21:09:43] (0s)  >>> Full cache hit cached_SsaDefinitions::SsaSource::method_call_refinement/3#3634d2a9/3@ec7d91se with 1 rows and digest 85b08bfbc3p04up386rb4jgrbkb.
[2025-05-13 21:09:43] (0s)  >>> Full cache hit cached_SsaDefinitions::SsaSource::argument_refinement/3#615fb3a9/3@2d844778 with 3 rows and digest 1e0dc372s3j8ijp5hala8c5ibo1.
[2025-05-13 21:09:43] (0s)  >>> Full cache hit cached_SsaDefinitions::SsaSource::assignment_definition/3#a5ba4d99/3@5c11868o with 7 rows and digest e3150810m6i7s993gpvrqivberf.
[2025-05-13 21:09:43] (0s)  >>> Full cache hit cached_Flow::DefinitionNode#e8809c3b/1@a95b912i with 7 rows and digest 109124son1ls8eqebcakt0ncm0d.
[2025-05-13 21:09:43] (0s)  >>> Full cache hit cached_AstExtended::AstNode.getAFlowNode/0#dispred#fcebb9ee/2@89ae53vo with 48 rows and digest 5fd176f1qrpocusn2fsm1fhjei3.
[2025-05-13 21:09:43] (0s)  >>> Full cache hit cached_SsaDefinitions::SsaSource::parameter_definition/2#40b2fede/2@9409b5ba with 1 rows and digest 7fbddaujgsgppmkgphh1951bia9.
[2025-05-13 21:09:43] (0s)  >>> First-level cache hit cached_SsaDefinitions::SsaSource::attribute_assignment_refinement/3#5f777592/3@f4c9688s with empty relation.
[2025-05-13 21:09:43] (0s)  >>> Full cache hit cached_Flow::ControlFlowNode.getScope/0#dispred#b061daac/2@afe6a2k8 with 48 rows and digest 7cdb61n7r3m511g8npasbrv7jc4.
[2025-05-13 21:09:43] (0s)  >>> Full cache hit cached_AstExtended::AstNode.getAChildNode/0#dispred#a130356d/2@4a4f6brg with 49 rows and digest c27ae5c9gtqsql4em561iqqau21.
[2025-05-13 21:09:43] (0s)  >>> First-level cache hit cached_Flow::BasicBlock.getASuccessor/0#dispred#7249dd96/2@debdc7ao with empty relation.
[2025-05-13 21:09:43] (0s)  >>> First-level cache hit cached_SsaDefinitions::SsaSource::attribute_deletion_refinement/3#7de1bd7a/3@bc7edf3e with empty relation.
[2025-05-13 21:09:43] (0s)  >>> First-level cache hit cached_SsaDefinitions::SsaSource::deletion_definition/2#e74a17e3/2@a934fde8 with empty relation.
[2025-05-13 21:09:43] (0s)  >>> First-level cache hit cached_SsaDefinitions::SsaSource::exception_capture/2#fd0779df/2@793700dj with empty relation.
[2025-05-13 21:09:43] (0s)  >>> First-level cache hit cached_SsaDefinitions::SsaSource::exception_group_capture/2#d53f492d/2@790fdeja with empty relation.
[2025-05-13 21:09:43] (0s)  >>> First-level cache hit cached_SsaDefinitions::SsaSource::import_star_refinement/3#1675f8e2/3@39fa47h0 with empty relation.
[2025-05-13 21:09:43] (0s)  >>> First-level cache hit cached_SsaDefinitions::SsaSource::init_module_submodule_defn/2#64b1af7d/2@2761bd9c with empty relation.
[2025-05-13 21:09:43] (0s)  >>> First-level cache hit cached_SsaDefinitions::SsaSource::multi_assignment_definition/4#1d17889e/4@89e653d3 with empty relation.
[2025-05-13 21:09:43] (0s)  >>> First-level cache hit cached_Flow::SequenceNode.getElement/1#dispred#4cc4068f/3@cc5e78ka with empty relation.
[2025-05-13 21:09:43] (0s)  >>> First-level cache hit cached_SsaDefinitions::SsaSource::pattern_alias_definition/2#e55586af/2@f91af3ha with empty relation.
[2025-05-13 21:09:43] (0s)  >>> First-level cache hit cached_SsaDefinitions::SsaSource::pattern_capture_definition/2#77b3ae42/2@6e282c28 with empty relation.
[2025-05-13 21:09:43] (0s)  >>> First-level cache hit cached_SsaDefinitions::SsaSource::test_refinement/3#2cbdf557/3@c646bdum with empty relation.
[2025-05-13 21:09:43] (0s)  >>> First-level cache hit cached_SsaDefinitions::SsaSource::with_definition/2#e1888ceb/2@e0bd2902 with empty relation.
[2025-05-13 21:09:43] (0s)  >>> First-level cache hit cached_SsaCompute::SsaDefinitions::reachesEndOfBlock/4#214bd902/4@8d3536mv with empty relation.
[2025-05-13 21:09:43] (0s)  >>> First-level cache hit cached_SsaCompute::Liveness::liveAtExit/2#b6aa63f4/2@00f3ba04 with empty relation.
[2025-05-13 21:09:43] (0s)  >>> Full cache hit cached_SsaCompute::Liveness::liveAtEntry/2#bab3ea7c/2@6601ffvo with 5 rows and digest 9935250aakavbveqa45icmfac18.
[2025-05-13 21:09:43] (0s)  >>> Full cache hit cached_SsaCompute::SsaComputeImpl::defUseRank/4#782a2f48/4@a2d696uu with 80 rows and digest 179410kvi10nvm58e38o7qcd1v6.
[2025-05-13 21:09:43] (0s)  >>> Full cache hit cached_SsaCompute::SsaComputeImpl::variableDef/4#38b3ef7e/4@8a1c0f76 with 30 rows and digest 474151ab7gl3qnus1gokv8jsuaf.
[2025-05-13 21:09:43] (0s)  >>> Full cache hit cached_SsaCompute::SsaComputeImpl::variableRefine/4#b20a3c26/4@209e7767 with 3 rows and digest 2d5657vbmjonej4puquejsiq0f0.
[2025-05-13 21:09:43] (0s)  >>> Full cache hit cached_SsaCompute::SsaComputeImpl::variableUse/4#da62dc30/4@ce02f549 with 50 rows and digest d160d1o7g8qqeo2cmp3hsa64sq8.
[2025-05-13 21:09:43] (0s)  >>> Full cache hit cached_SsaCompute::SsaComputeImpl::defRank/4#f608ea69/4@7f1611ue with 30 rows and digest 214634qne55s00316aat49q43o3.
[2025-05-13 21:09:43] (0s)  >>> Full cache hit cached_SsaCompute::SsaComputeImpl::lastRank/2#6cfcb19d/3@0891d874 with 25 rows and digest 3464928982nhv4tnls09pf9ven9.
[2025-05-13 21:09:43] (0s)  >>> First-level cache hit cached_SsaCompute::EssaDefinitions::phiNode/2#4864b30d/2@ce8e8e2f with empty relation.
[2025-05-13 21:09:43] (0s)  >>> Full cache hit cached_SsaCompute::SsaComputeImpl::ssaDef/2#1ca5a11b/2@ae9182bm with 20 rows and digest 20a2acomq5g4epdek762q2p9hof.
[2025-05-13 21:09:43] (0s)  >>> Full cache hit cached_SsaCompute::EssaDefinitions::variableUpdate/5#c42159b9/5@2ba91fut with 24 rows and digest 9a3beaql1usrgu71avf4t6gq3ne.
[2025-05-13 21:09:43] (0s)  >>> Full cache hit cached_SsaCompute::EssaDefinitions::variableDefinition/5#32b5d84f/5@5f1279gb with 21 rows and digest b3109df7929i3pki9vu6o4pm3cb.
[2025-05-13 21:09:43] (0s)  >>> Full cache hit cached_SsaCompute::EssaDefinitions::variableRefinement/5#4e891107/5@95e977ab with 3 rows and digest b86d081b4mll7br7l3vrd2ssnq7.
[2025-05-13 21:09:43] (0s)  >>> Full cache hit cached_SsaCompute::SsaComputeImpl::ssaDefReachesRank/4#f19c6fee/4@404efe5b with 66 rows and digest 7c5b2bjh8lag1ceai58cns2gme0.
[2025-05-13 21:09:43] (0s)  >>> First-level cache hit cached_Flow::BasicBlock.getImmediateDominator/0#dispred#0f15e8ec/2@408ca88v with empty relation.
[2025-05-13 21:09:43] (0s)  >>> First-level cache hit cached_Essa::TPhiFunction#dfb6fe3b/3@2bce46ul with empty relation.
[2025-05-13 21:09:43] (0s)  >>> First-level cache hit cached_Essa::PhiFunction.getInput/1#dispred#f797e1b9/3@8f4ad7c4 with empty relation.
[2025-05-13 21:09:43] (0s)  >>> Full cache hit cached_Essa::TEssaNodeDefinition#96e9ebfe/4@a811d0mp with 21 rows and digest a27b7cr9uhlo03klc3j657d9ap1.
[2025-05-13 21:09:43] (0s)  >>> Full cache hit cached_Essa::TEssaNodeRefinement#8de2de42/4@3787696p with 3 rows and digest b5ad6b8dipcc21tn81s3q9nis34.
[2025-05-13 21:09:43] (0s)  >>> Full cache hit cached_AstExtended::AstNode.getParentNode/0#dispred#c159e3ee/2@699751d5 with 49 rows and digest 13bb5c4c6tpeqrv1nbt2mfgv9b8.
[2025-05-13 21:09:43] (0s)  >>> First-level cache hit cached_#Flow::BasicBlock.getASuccessor/0#dispred#7249dd96Plus/2@4ae642b8 with empty relation.
[2025-05-13 21:09:43] (0s)  >>> Full cache hit cached_Flow::ControlFlowNode.toString/0#dispred#e1af144b/2@54b666h0 with 48 rows and digest e0201es8adfolk45m5mvlp6gcac.
[2025-05-13 21:09:43] (0s)  >>> Full cache hit cached_SsaCompute::AdjacentUses::variableSourceUse/4#4525ef19/4@271bba4s with 11 rows and digest 93199b1ibgd4i7ean13p8rfh547.
[2025-05-13 21:09:43] (0s)  >>> Full cache hit cached_SsaCompute::AdjacentUses::definesAt/4#68130204/4@388909lj with 21 rows and digest bb9be0d0or1f0mbijfheq8ojugc.
[2025-05-13 21:09:43] (0s)  >>> Full cache hit cached_SsaCompute::AdjacentUses::firstUse/2#ca053ce0/2@b3437a3s with 7 rows and digest ea9e99c9oodh77dvmrpip6l7an6.
[2025-05-13 21:09:43] (0s)  >>> Full cache hit cached_SsaCompute::AdjacentUses::useOfDef/2#16a7ee50/2@c0f71efh with 7 rows and digest ea9e99c9oodh77dvmrpip6l7an6.
[2025-05-13 21:09:43] (0s)  >>> Full cache hit cached_SsaCompute::SsaDefinitions::reachesExit/3#a534505a/3@cbea635k with 20 rows and digest 0cf0cd7p2ss7ondrjls34ahvhc7.
[2025-05-13 21:09:43] (0s)  >>> Full cache hit cached_SsaCompute::SsaDefinitions::reachesUse/4#216dc4f6/4@2dbd699l with 42 rows and digest 062c04i6i0phig4i05shl7n65sa.
[2025-05-13 21:09:43] (0s)  >>> Full cache hit cached_SsaCompute::SsaComputeImpl::ssaDefReachesUseWithinBlock/4#87a91e15/4@f3e4d889 with 42 rows and digest 062c04i6i0phig4i05shl7n65sa.
[2025-05-13 21:09:43] (0s)  >>> Created relation py_variables/2@62cd450b with 19 rows and digest fd4659lobl5pj5igge750lh84fe.
[2025-05-13 21:09:43] (0s)  >>> Created relation py_exprs/4@62fb455g with 35 rows and digest e59ee0smb2v3h651u7vuep4lm48.
[2025-05-13 21:09:43] (0s) Starting to evaluate predicate SensitiveData::isSensitiveName/1#6ce2539c/1@d44404cr
[2025-05-13 21:09:43] (0s)  >>> Created relation SensitiveData::isSensitiveName/1#6ce2539c/1@d44404cr with 4 rows and digest 0126c34rb2tmou87s59g9mst4m5.
[2025-05-13 21:09:43] (0s)  >>> Created relation variable/3@5e1d40kq with 24 rows and digest 2e1f051fe82oaduiojvq0c43n90.
[2025-05-13 21:09:43] (0s) Starting to evaluate predicate variable_201#join_rhs/3@0467c2qr
[2025-05-13 21:09:43] (0s)  >>> Created relation variable_201#join_rhs/3@0467c2qr with 24 rows and digest 768fef7k5h0vk32rlpav1ivik64.
[2025-05-13 21:09:43] (0s) Starting to evaluate predicate Exprs::Name.getId/0#dispred#4fa5460e#fb/2@caa6391m
[2025-05-13 21:09:43] (0s)  >>> Created relation Exprs::Name.getId/0#dispred#4fa5460e#fb/2@caa6391m with 12 rows and digest ad7818haig2idav2r9bq2jri97a.
[2025-05-13 21:09:43] (0s)  >>> Created relation files/2@ec93749g with 4 rows and digest 329651vaur2cljp6eqjm05j7nda.
[2025-05-13 21:09:43] (0s)  >>> Created relation locations_default/6@2b5cc3pr with 0 rows and digest THIS-RELATION-HAS-NO-TUPLES.
[2025-05-13 21:09:43] (0s)  >>> Created relation locations_ast/6@aba204da with 53 rows and digest 58cdf7boevv2q6oolhqjhaj6dl2.
[2025-05-13 21:09:43] (0s)  >>> Created relation py_module_path/2@7a0f7599 with 4 rows and digest 483a5e9cchtqjkv33ec8j4fr116.
[2025-05-13 21:09:43] (0s) Starting to evaluate predicate Files::Location.getPath/0#dispred#4f81638b#bf/2@be01cb0n
[2025-05-13 21:09:43] (0s)  >>> Created relation Files::Location.getPath/0#dispred#4f81638b#bf/2@be01cb0n with 53 rows and digest c042fao6grc2fph8vgi0s8em5jc.
[2025-05-13 21:09:43] (0s) Starting to evaluate predicate Files::Location.getPath/0#dispred#4f81638b#bf_10#join_rhs/2@1bb850kp
[2025-05-13 21:09:43] (0s)  >>> Created relation Files::Location.getPath/0#dispred#4f81638b#bf_10#join_rhs/2@1bb850kp with 53 rows and digest e20c12cluskuatnpo0lvccrldkb.
[2025-05-13 21:09:43] (0s) Starting to evaluate predicate Files::Location.getFile/0#dispred#fab46add#bf/2@778b9b1i
[2025-05-13 21:09:43] (0s)  >>> Created relation Files::Location.getFile/0#dispred#fab46add#bf/2@778b9b1i with 53 rows and digest c042fao6grc2fph8vgi0s8em5jc.
[2025-05-13 21:09:43] (0s) Starting to evaluate predicate Files::Location.getStartLine/0#dispred#a15d2f9d#bf/2@926f7cpc
[2025-05-13 21:09:43] (0s)  >>> Created relation Files::Location.getStartLine/0#dispred#a15d2f9d#bf/2@926f7cpc with 53 rows and digest a1aabftrpesoqal06r4hnt1m0h1.
[2025-05-13 21:09:43] (0s) Starting to evaluate predicate Files::Location.getStartLine/0#dispred#a15d2f9d#bf_10#join_rhs/2@65b2c82j
[2025-05-13 21:09:43] (0s)  >>> Created relation Files::Location.getStartLine/0#dispred#a15d2f9d#bf_10#join_rhs/2@65b2c82j with 53 rows and digest 4d828cu9c9pid8s9872gitpcpn6.
[2025-05-13 21:09:43] (0s)  >>> Created relation folders/2@bad7d9u0 with 9 rows and digest 013ee1k6671k53efrvufvjbk9a4.
[2025-05-13 21:09:43] (0s) Starting to evaluate predicate Files::Input::ContainerBase.getAbsolutePath/0#dispred#bb5aca3b/2@966d67vo
[2025-05-13 21:09:43] (0s)  >>> Created relation Files::Input::ContainerBase.getAbsolutePath/0#dispred#bb5aca3b/2@966d67vo with 13 rows and digest 2511adgieh83kngu1uvtsode9r5.
[2025-05-13 21:09:43] (0s) Starting to evaluate predicate Files::Impl::Container.splitAbsolutePath/2#dispred#324a3985_021#join_rhs/3@9a865792
[2025-05-13 21:09:43] (0s)  >>> Created relation Files::Impl::Container.splitAbsolutePath/2#dispred#324a3985_021#join_rhs/3@9a865792 with 30 rows and digest 34de5fv7ghe116vrqi3pdq54ba8.
[2025-05-13 21:09:43] (0s) Starting to evaluate predicate py_module_path_10#join_rhs/2@5a2bd62f
[2025-05-13 21:09:43] (0s)  >>> Created relation py_module_path_10#join_rhs/2@5a2bd62f with 4 rows and digest 52ec51ska0o77ro5dmfb2nhkn81.
[2025-05-13 21:09:43] (0s) Starting to evaluate predicate Module::Module.isPackage/0#dispred#a8679d5f/1@9131c737
[2025-05-13 21:09:43] (0s)  >>> Created relation Module::Module.isPackage/0#dispred#a8679d5f/1@9131c737 with 0 rows and digest THIS-RELATION-HAS-NO-TUPLES.
[2025-05-13 21:09:43] (0s)  >>> Created relation py_strs/3@35cd6b34 with 19 rows and digest 07d660qcv9j17fmk5j0isjjndpc.
[2025-05-13 21:09:43] (0s) Starting to evaluate predicate py_strs_120#join_rhs/3@bec877pd
[2025-05-13 21:09:43] (0s)  >>> Created relation py_strs_120#join_rhs/3@bec877pd with 19 rows and digest ddcf54kqh58r6adekpftifd7n3d.
[2025-05-13 21:09:43] (0s)  >>> Created relation py_Modules/1@3e58c00b with 4 rows and digest 57d5edj8blje4k500qpsgcrqk93.
[2025-05-13 21:09:43] (0s) Starting to evaluate predicate AstGenerated::Module_.getName/0#2ccd625a/2@38f91ee0
[2025-05-13 21:09:43] (0s)  >>> Created relation AstGenerated::Module_.getName/0#2ccd625a/2@38f91ee0 with 0 rows and digest THIS-RELATION-HAS-NO-TUPLES.
[2025-05-13 21:09:43] (0s) Inferred that AstGenerated::Module_.getName/0#2ccd625a_0#antijoin_rhs/1@a8f41596 is empty, due to AstGenerated::Module_.getName/0#2ccd625a/2@38f91ee0.
[2025-05-13 21:09:43] (0s)  >>> Created relation py_stmts/4@93720efi with 11 rows and digest bad535q00eubns2fa0vi8a9icrb.
[2025-05-13 21:09:43] (0s) Starting to evaluate predicate py_stmts_10#join_rhs/2@97ec97cm
[2025-05-13 21:09:43] (0s)  >>> Created relation py_stmts_10#join_rhs/2@97ec97cm with 11 rows and digest b42b9b26ue6334uahaum48lgv70.
[2025-05-13 21:09:43] (0s)  >>> Created relation py_type_parameters/4@a1fcadgi with 0 rows and digest THIS-RELATION-HAS-NO-TUPLES.
[2025-05-13 21:09:43] (0s) Inferred that py_type_parameters_10#join_rhs/2@dc8dd6s9 is empty, due to py_type_parameters/4@a1fcadgi.
[2025-05-13 21:09:43] (0s) Inferred that py_type_parameters_20#join_rhs/2@e9503ao7 is empty, due to py_type_parameters/4@a1fcadgi.
[2025-05-13 21:09:43] (0s)  >>> Created relation py_comprehensions/3@5a5a332m with 0 rows and digest THIS-RELATION-HAS-NO-TUPLES.
[2025-05-13 21:09:43] (0s) Inferred that AstExtended::Comprehension.getASubExpression/0#dispred#63af4970/2@8f912bbl is empty, due to py_comprehensions/3@5a5a332m.
[2025-05-13 21:09:43] (0s) Inferred that AstGenerated::ListComp_.getAGenerator/0#dispred#0726485f/2@776433m6 is empty, due to py_comprehensions/3@5a5a332m.
[2025-05-13 21:09:43] (0s)  >>> Created relation py_StringParts/3@40e65fbh with 0 rows and digest THIS-RELATION-HAS-NO-TUPLES.
[2025-05-13 21:09:43] (0s) Inferred that py_StringParts_10#join_rhs/2@09edc2s7 is empty, due to py_StringParts/3@40e65fbh.
[2025-05-13 21:09:43] (0s) Inferred that AstGenerated::Str_.getAnImplicitlyConcatenatedPart/0#dispred#08057c4a/2@b548ab4a is empty, due to py_StringParts_10#join_rhs/2@09edc2s7.
[2025-05-13 21:09:43] (0s) Inferred that project#AstGenerated::Str_.getAnImplicitlyConcatenatedPart/0#dispred#08057c4a/1@fbc996q5 is empty, due to AstGenerated::Str_.getAnImplicitlyConcatenatedPart/0#dispred#08057c4a/2@b548ab4a.
[2025-05-13 21:09:43] (0s) Inferred that Exprs::StringLiteral.isUnicode/0#dispred#64a81fc8#b/1@7bc781ti is empty, due to project#AstGenerated::Str_.getAnImplicitlyConcatenatedPart/0#dispred#08057c4a/1@fbc996q5.
[2025-05-13 21:09:43] (0s)  >>> Created relation py_patterns/4@5b268b2a with 0 rows and digest THIS-RELATION-HAS-NO-TUPLES.
[2025-05-13 21:09:43] (0s) Inferred that py_patterns_20#join_rhs/2@063912q6 is empty, due to py_patterns/4@5b268b2a.
[2025-05-13 21:09:43] (0s) Inferred that py_patterns_10#join_rhs/2@626962h6 is empty, due to py_patterns/4@5b268b2a.
[2025-05-13 21:09:43] (0s) Inferred that py_patterns_230#join_rhs/3@54219et2 is empty, due to py_patterns/4@5b268b2a.
[2025-05-13 21:09:43] (0s) Inferred that #AstExtended::AstNode.getAChildNode/0#dispred#a130356dPlus#fb#flipped/2@f3d5f3hl is empty, due to py_patterns/4@5b268b2a.
[2025-05-13 21:09:43] (0s) Inferred that AstGenerated::PatternList_.getAnItem/0#dispred#3c725bc9/2@4e0113eh is empty, due to py_patterns_20#join_rhs/2@063912q6.
[2025-05-13 21:09:43] (0s) Inferred that Patterns::MatchAsPattern.getAlias/0#dispred#766c9d3f/2@e01a224v is empty, due to py_patterns_10#join_rhs/2@626962h6.
[2025-05-13 21:09:43] (0s) Inferred that Patterns::MatchCapturePattern.getVariable/0#dispred#1afb04d9/2@fac7a9lg is empty, due to py_patterns_10#join_rhs/2@626962h6.
[2025-05-13 21:09:43] (0s) Inferred that #AstExtended::AstNode.getAChildNode/0#dispred#a130356dPlus#fb#flipped_10#join_rhs/2@bf08f8qt is empty, due to #AstExtended::AstNode.getAChildNode/0#dispred#a130356dPlus#fb#flipped/2@f3d5f3hl.
[2025-05-13 21:09:43] (0s) Inferred that SsaDefinitions::SsaSource::pattern_alias_definition/2#e55586af/2@f8ca01uf is empty, due to Patterns::MatchAsPattern.getAlias/0#dispred#766c9d3f/2@e01a224v.
[2025-05-13 21:09:43] (0s) Inferred that SsaDefinitions::SsaSource::pattern_capture_definition/2#77b3ae42/2@330db0d6 is empty, due to Patterns::MatchCapturePattern.getVariable/0#dispred#1afb04d9/2@fac7a9lg.
[2025-05-13 21:09:43] (0s) Inferred that Patterns::Pattern.getCase/0#72a79c75/2@c7fb3fgs is empty, due to #AstExtended::AstNode.getAChildNode/0#dispred#a130356dPlus#fb#flipped_10#join_rhs/2@bf08f8qt.
[2025-05-13 21:09:43] (0s)  >>> Created relation py_locations/2@d222f4l2 with 48 rows and digest 93b6dfqha245cvvq7dm686tuirb.
[2025-05-13 21:09:43] (0s) Starting to evaluate predicate py_locations_10#join_rhs/2@cad24bnc
[2025-05-13 21:09:43] (0s)  >>> Created relation py_locations_10#join_rhs/2@cad24bnc with 48 rows and digest 467add4f1j2kkdthobmh236peee.
[2025-05-13 21:09:43] (0s)  >>> Created relation py_dict_items/4@f807ab0r with 2 rows and digest b1c2bbosols4lc93o1q5un0iq3b.
[2025-05-13 21:09:43] (0s) Starting to evaluate predicate py_dict_items_10#join_rhs/2@1abaaa6d
[2025-05-13 21:09:43] (0s)  >>> Created relation py_dict_items_10#join_rhs/2@1abaaa6d with 2 rows and digest ec255cvcj44ctaeblqvabgf3f37.
[2025-05-13 21:09:43] (0s)  >>> Created relation py_Functions/2@dc6e589f with 1 rows and digest 54b91528ndnejck9vl7qim47hq4.
[2025-05-13 21:09:43] (0s)  >>> Created relation py_Classes/2@2777c63f with 0 rows and digest THIS-RELATION-HAS-NO-TUPLES.
[2025-05-13 21:09:43] (0s) Inferred that Class::Class.toString/0#dispred#19bc00cc/2@ef38470h is empty, due to py_Classes/2@2777c63f.
[2025-05-13 21:09:43] (0s) Inferred that py_Classes_10#join_rhs/2@132b13h6 is empty, due to py_Classes/2@2777c63f.
[2025-05-13 21:09:43] (0s) Inferred that ImportTime::ImportTimeScope.entryEdge/2#dispred#d2e3d051/3@14e4aflr is empty, due to py_Classes/2@2777c63f.
[2025-05-13 21:09:43] (0s) Inferred that Definitions::class_with_global_metaclass/2#f9fedc22/2@2f3991ea is empty, due to py_Classes/2@2777c63f.
[2025-05-13 21:09:43] (0s) Inferred that Definitions::ClassLocalVariable#75f27010/1@f553a8ab is empty, due to py_Classes/2@2777c63f.
[2025-05-13 21:09:43] (0s) Inferred that ImportTime::class_var_scope/3#59eab847/3@8ff9bdsa is empty, due to py_Classes/2@2777c63f.
[2025-05-13 21:09:43] (0s) Inferred that Variables::Variable.isSelf/0#dispred#7f6832b2/1@05d48c1b is empty, due to py_Classes/2@2777c63f.
[2025-05-13 21:09:43] (0s) Inferred that Class::Class.getScope/0#dispred#a9980f24/2@cbc60c1m is empty, due to py_Classes_10#join_rhs/2@132b13h6.
[2025-05-13 21:09:43] (0s) Inferred that project#ImportTime::ImportTimeScope.entryEdge/2#dispred#d2e3d051/2@f4a2dbiu is empty, due to ImportTime::ImportTimeScope.entryEdge/2#dispred#d2e3d051/3@14e4aflr.
[2025-05-13 21:09:43] (0s) Inferred that ImportTime::ImportTimeScope.getOuterVariable/1#dispred#2509ef70/3@31cc1fjt is empty, due to ImportTime::class_var_scope/3#59eab847/3@8ff9bdsa.
[2025-05-13 21:09:43] (0s) Inferred that project#ImportTime::ImportTimeScope.getOuterVariable/1#dispred#2509ef70/2@1cbf43a0 is empty, due to ImportTime::ImportTimeScope.getOuterVariable/1#dispred#2509ef70/3@31cc1fjt.
[2025-05-13 21:09:43] (0s) Starting to evaluate predicate Exprs::Expr.getLocation/0#dispred#c128155b/2@d10f96ct
[2025-05-13 21:09:43] (0s)  >>> Created relation Exprs::Expr.getLocation/0#dispred#c128155b/2@d10f96ct with 35 rows and digest 8a399brnc8ntb8mdrjp23m98co2.
[2025-05-13 21:09:43] (0s) Starting to evaluate predicate Module::Module.getName/0#dispred#45a481b3#bf/2@2e1c3br9
[2025-05-13 21:09:43] (0s)  >>> Created relation Module::Module.getName/0#dispred#45a481b3#bf/2@2e1c3br9 with 0 rows and digest THIS-RELATION-HAS-NO-TUPLES.
[2025-05-13 21:09:43] (0s) Inferred that project#Module::Module.getName/0#dispred#45a481b3#bf/1@2279393d is empty, due to Module::Module.getName/0#dispred#45a481b3#bf/2@2e1c3br9.
[2025-05-13 21:09:43] (0s) Starting to evaluate predicate Module::Module.getFile/0#dispred#53eb9b1b/2@816ea0rg
[2025-05-13 21:09:43] (0s)  >>> Created relation Module::Module.getFile/0#dispred#53eb9b1b/2@816ea0rg with 4 rows and digest 483a5e9cchtqjkv33ec8j4fr116.
[2025-05-13 21:09:43] (0s) Starting to evaluate predicate AstGenerated::Module_.getKind/0#dd90ac6f/2@95377982
[2025-05-13 21:09:43] (0s)  >>> Created relation AstGenerated::Module_.getKind/0#dd90ac6f/2@95377982 with 0 rows and digest THIS-RELATION-HAS-NO-TUPLES.
[2025-05-13 21:09:43] (0s) Inferred that AstGenerated::Module_.getKind/0#dd90ac6f_0#antijoin_rhs/1@a84c4ek9 is empty, due to AstGenerated::Module_.getKind/0#dd90ac6f/2@95377982.
[2025-05-13 21:09:43] (0s) Starting to evaluate predicate Module::Module.getKind/0#dispred#ccc4de3e/2@2d81416l
[2025-05-13 21:09:43] (0s)  >>> Created relation Module::Module.getKind/0#dispred#ccc4de3e/2@2d81416l with 4 rows and digest ec4531pr9t5ghhsv5e40voves04.
[2025-05-13 21:09:43] (0s) Starting to evaluate predicate AstExtended::AstNode.getLocation/0#dispred#6b4dcb62_10#join_rhs/2@47d2f8d7
[2025-05-13 21:09:43] (0s)  >>> Created relation AstExtended::AstNode.getLocation/0#dispred#6b4dcb62_10#join_rhs/2@47d2f8d7 with 53 rows and digest 26f8a8cioeu314t0ogvbb4tjqre.
[2025-05-13 21:09:43] (0s) Starting to evaluate predicate AstGenerated::Expr_.getLocation/0#dispred#3637884c_10#join_rhs/2@159b1fbo
[2025-05-13 21:09:43] (0s)  >>> Created relation AstGenerated::Expr_.getLocation/0#dispred#3637884c_10#join_rhs/2@159b1fbo with 35 rows and digest 29a265sgkhnuq7ujp315buisa80.
[2025-05-13 21:09:43] (0s) Starting to evaluate predicate py_exprs_10#join_rhs/2@073ac12u
[2025-05-13 21:09:43] (0s)  >>> Created relation py_exprs_10#join_rhs/2@073ac12u with 35 rows and digest ecc15as38n3hb1qpgbqr2dsv6sd.
[2025-05-13 21:09:44] (0s)  >>> Created relation py_expr_lists/3@1b5e391t with 14 rows and digest 9cc1055kbj4ilqm1t0nqkiae7h1.
[2025-05-13 21:09:44] (0s) Starting to evaluate predicate py_expr_lists_120#join_rhs/3@3304a2u1
[2025-05-13 21:09:44] (0s)  >>> Created relation py_expr_lists_120#join_rhs/3@3304a2u1 with 14 rows and digest da5693samc0v6c1l56jaemm1ple.
[2025-05-13 21:09:44] (0s) Starting to evaluate predicate py_exprs_203#join_rhs/3@0e8aa5mo
[2025-05-13 21:09:44] (0s)  >>> Created relation py_exprs_203#join_rhs/3@0e8aa5mo with 35 rows and digest 22a7e6nhc99u0vd3hgs7tm0d5n8.
[2025-05-13 21:09:44] (0s) Starting to evaluate predicate AstGenerated::Call_.getPositionalArg/1#dispred#16c46df7#ffb/3@a4dc08h1
[2025-05-13 21:09:44] (0s)  >>> Created relation AstGenerated::Call_.getPositionalArg/1#dispred#16c46df7#ffb/3@a4dc08h1 with 6 rows and digest cf0f1df4pbrokhd9blc394pk5pc.
[2025-05-13 21:09:44] (0s) Starting to evaluate predicate _py_exprs_10#join_rhs#antijoin_rhs#10/1@8754f207
[2025-05-13 21:09:44] (0s)  >>> Created relation _py_exprs_10#join_rhs#antijoin_rhs#10/1@8754f207 with 0 rows and digest THIS-RELATION-HAS-NO-TUPLES.
[2025-05-13 21:09:44] (0s) Inferred that Flow::StarredNode.getValue/0#dispred#77106d16/2@ecb8631a is empty, due to _py_exprs_10#join_rhs#antijoin_rhs#10/1@8754f207.
[2025-05-13 21:09:44] (0s) Starting to evaluate predicate _AstGenerated::Call_.getPositionalArg/1#dispred#16c46df7#ffb_py_exprs#antijoin_rhs/3@45e6d618
[2025-05-13 21:09:44] (0s)  >>> Created relation _AstGenerated::Call_.getPositionalArg/1#dispred#16c46df7#ffb_py_exprs#antijoin_rhs/3@45e6d618 with 0 rows and digest THIS-RELATION-HAS-NO-TUPLES.
[2025-05-13 21:09:44] (0s) Starting to evaluate predicate Exprs::Call.getArg/1#dispred#50c53eea#ffb/3@1505fcts
[2025-05-13 21:09:44] (0s)  >>> Created relation Exprs::Call.getArg/1#dispred#50c53eea#ffb/3@1505fcts with 6 rows and digest cf0f1df4pbrokhd9blc394pk5pc.
[2025-05-13 21:09:44] (0s) Starting to evaluate predicate Exprs::Call.getArg/1#dispred#50c53eea#ffb_120#join_rhs/3@3628ddph
[2025-05-13 21:09:44] (0s)  >>> Created relation Exprs::Call.getArg/1#dispred#50c53eea#ffb_120#join_rhs/3@3628ddph with 6 rows and digest 29269b5p4idmbnh7pp8dsk7vrpa.
[2025-05-13 21:09:44] (0s) Starting to evaluate predicate Function::FunctionExpr.getADecoratorCall/0#062a6e2a/2@i1#0345bbbi (iteration 1)
[2025-05-13 21:09:44] (0s) Empty delta for Function::FunctionExpr.getADecoratorCall/0#062a6e2a_delta (order for disjuncts: delta=<standard>).
[2025-05-13 21:09:44] (0s) Accumulating deltas
[2025-05-13 21:09:44] (0s)  >>> Created relation Function::FunctionExpr.getADecoratorCall/0#062a6e2a/2@0345bbbi with 0 rows and digest THIS-RELATION-HAS-NO-TUPLES.
[2025-05-13 21:09:44] (0s) Inferred that project#Function::FunctionExpr.getADecoratorCall/0#062a6e2a/1@d0a3dcds is empty, due to Function::FunctionExpr.getADecoratorCall/0#062a6e2a/2@0345bbbi.
[2025-05-13 21:09:44] (0s) Starting to evaluate predicate Class::ClassExpr.getADecoratorCall/0#54df5696/2@i1#a74da0oo (iteration 1)
[2025-05-13 21:09:44] (0s) Empty delta for Class::ClassExpr.getADecoratorCall/0#54df5696_delta (order for disjuncts: delta=<standard>).
[2025-05-13 21:09:44] (0s) Accumulating deltas
[2025-05-13 21:09:44] (0s)  >>> Created relation Class::ClassExpr.getADecoratorCall/0#54df5696/2@a74da0oo with 0 rows and digest THIS-RELATION-HAS-NO-TUPLES.
[2025-05-13 21:09:44] (0s) Inferred that project#Class::ClassExpr.getADecoratorCall/0#54df5696/1@a676207g is empty, due to Class::ClassExpr.getADecoratorCall/0#54df5696/2@a74da0oo.
[2025-05-13 21:09:44] (0s) Starting to evaluate predicate m#AstGenerated::Assign_.getValue/0#dispred#53d00b56#fb/1@848cbad6
[2025-05-13 21:09:44] (0s)  >>> Created relation m#AstGenerated::Assign_.getValue/0#dispred#53d00b56#fb/1@848cbad6 with 1 rows and digest 169ccc06k9qaq76u2pc6pfft7i4.
[2025-05-13 21:09:44] (0s) Starting to evaluate predicate py_exprs_032#join_rhs/3@dc21c4iv
[2025-05-13 21:09:44] (0s)  >>> Created relation py_exprs_032#join_rhs/3@dc21c4iv with 35 rows and digest 0ac883kfan9vdafom2slnsp9lqe.
[2025-05-13 21:09:44] (0s) Starting to evaluate predicate AstGenerated::Assign_.getValue/0#dispred#53d00b56#fb/2@af3894pm
[2025-05-13 21:09:44] (0s)  >>> Created relation AstGenerated::Assign_.getValue/0#dispred#53d00b56#fb/2@af3894pm with 1 rows and digest 6d97349rqaokd3b2mdohqgmadi2.
[2025-05-13 21:09:44] (0s) Starting to evaluate predicate AstGenerated::Assign_.getValue/0#dispred#53d00b56#fb_10#join_rhs/2@45a2358g
[2025-05-13 21:09:44] (0s)  >>> Created relation AstGenerated::Assign_.getValue/0#dispred#53d00b56#fb_10#join_rhs/2@45a2358g with 1 rows and digest 9edc29h43n5as937ssdg70fg5ha.
[2025-05-13 21:09:44] (0s) Starting to evaluate predicate Function::FunctionDef#ffa22159/2@9fd1a8fr
[2025-05-13 21:09:44] (0s)  >>> Created relation Function::FunctionDef#ffa22159/2@9fd1a8fr with 1 rows and digest 6d97349rqaokd3b2mdohqgmadi2.
[2025-05-13 21:09:44] (0s) Starting to evaluate predicate project#Function::FunctionDef#ffa22159/1@a737a5do
[2025-05-13 21:09:44] (0s)  >>> Created relation project#Function::FunctionDef#ffa22159/1@a737a5do with 1 rows and digest 9a04feucll1jhgpckgo1rodgd58.
[2025-05-13 21:09:44] (0s) Starting to evaluate predicate Class::ClassDef#83097204/1@b6454al8
[2025-05-13 21:09:44] (0s)  >>> Created relation Class::ClassDef#83097204/1@b6454al8 with 0 rows and digest THIS-RELATION-HAS-NO-TUPLES.
[2025-05-13 21:09:44] (0s) Starting to evaluate predicate Stmts::AssignStmt#45f46a75#b/1@cc5b04li
[2025-05-13 21:09:44] (0s)  >>> Created relation Stmts::AssignStmt#45f46a75#b/1@cc5b04li with 6 rows and digest fe7ca92pg4j75upo3mefldvierd.
[2025-05-13 21:09:44] (0s) Starting to evaluate predicate AstGenerated::Assign__not_Stmts::AssignStmt_Class::ClassDef_Function::FunctionDef#9571075b#b/1@96a79de6
[2025-05-13 21:09:44] (0s)  >>> Created relation AstGenerated::Assign__not_Stmts::AssignStmt_Class::ClassDef_Function::FunctionDef#9571075b#b/1@96a79de6 with 0 rows and digest THIS-RELATION-HAS-NO-TUPLES.
[2025-05-13 21:09:44] (0s) Starting to evaluate predicate AstGenerated::AstNode_.toString/0#dispred#192f27b5#bf/2@c3d9a7g2
[2025-05-13 21:09:44] (0s)  >>> Created relation AstGenerated::AstNode_.toString/0#dispred#192f27b5#bf/2@c3d9a7g2 with 53 rows and digest 0e4e7cm1kt7r4mfqqc8njir88ee.
[2025-05-13 21:09:44] (0s) Starting to evaluate predicate SensitiveData::isSensitiveInserted/1#0a3ccdb5/1@ab07cc0h
[2025-05-13 21:09:44] (0s)  >>> Created relation SensitiveData::isSensitiveInserted/1#0a3ccdb5/1@ab07cc0h with 0 rows and digest THIS-RELATION-HAS-NO-TUPLES.
[2025-05-13 21:09:44] (0s) Inferred that #select/2@1e8c0fvc is empty, due to SensitiveData::isSensitiveInserted/1#0a3ccdb5/1@ab07cc0h.
[2025-05-13 21:09:44] (0s) Inferred that _#select_AstGenerated::Expr_.getLocation/0#dispred#3637884c#shared/3@1de36au5 is empty, due to #select/2@1e8c0fvc.
[2025-05-13 21:09:44] (0s) Inferred that _#select_AstExtended::AstNode.getLocation/0#dispred#6b4dcb62#shared/3@c3b7fd5b is empty, due to #select/2@1e8c0fvc.
[2025-05-13 21:09:44] (0s) Inferred that __#select_AstExtended::AstNode.getLocation/0#dispred#6b4dcb62#shared__#select_AstGenerated::Expr_.ge__#antijoin_rhs/2@cfdd40h4 is empty, due to #select/2@1e8c0fvc.
[2025-05-13 21:09:44] (0s) Inferred that _#select_Files::Location.hasLocationInfo/5#dispred#143bb906__#select_AstExtended::AstNode.getLocatio__#shared/7@7b370617 is empty, due to #select/2@1e8c0fvc.
[2025-05-13 21:09:44] (0s) Inferred that __#select_Files::Location.hasLocationInfo/5#dispred#143bb906__#select_AstExtended::AstNode.getLocati__#antijoin_rhs/7@8b79dd24 is empty, due to _#select_Files::Location.hasLocationInfo/5#dispred#143bb906__#select_AstExtended::AstNode.getLocatio__#shared/7@7b370617.
[2025-05-13 21:09:44] (0s) Inferred that #select#query/8@a84de79e is empty, due to _#select_Files::Location.hasLocationInfo/5#dispred#143bb906__#select_AstExtended::AstNode.getLocatio__#shared/7@7b370617.
[2025-05-13 21:09:44] (0s) Query done
[2025-05-13 21:09:44] (0s) Sequence stamp origin is -6049876541562745699
[2025-05-13 21:09:44] (0s) Pausing evaluation to sync to disk at sequence stamp o+0
[2025-05-13 21:09:44] (0s) Unpausing evaluation
[2025-05-13 21:09:44] Evaluation of C:\Users\sever\OneDrive\Desktop\Language-based Security\Project GDPR Compliance\gdpr-analyzer\custom-queries\python\gdpr\queries\SensitiveData.ql produced BQRS results.
[2025-05-13 21:09:44] [PROGRESS] execute queries> Evaluation completed (662ms).
[2025-05-13 21:09:44] Constructing in-process plumbing: codeql bqrs decode dummy.bqrs
[2025-05-13 21:09:44] [PROGRESS] execute queries> Shutting down query evaluator.
[2025-05-13 21:09:44] Pausing evaluation to close the cache at sequence stamp o+1
[2025-05-13 21:09:44] The disk cache is freshly trimmed; leave it be.
[2025-05-13 21:09:44] Unpausing evaluation
[2025-05-13 21:09:44] This NaiveBuddyAllocator requested 0 eviction rounds.
[2025-05-13 21:09:44] Exiting with code 0
