[2025-05-13 22:06:23] This is codeql execute queries -J-Xmx1800M --off-heap-ram=1431 --verbosity=progress --logdir=C:\Users\sever\OneDrive\Desktop\Language-based Security\Project GDPR Compliance\gdpr-analyzer\python-db\log --evaluator-log-level=5 --warnings=show --dynamic-join-order-mode=none --qlconfig-file=C:\Users\sever\OneDrive\Desktop\Language-based Security\Project GDPR Compliance\gdpr-analyzer\qlconfig.yml -- C:\Users\sever\OneDrive\Desktop\Language-based Security\Project GDPR Compliance\gdpr-analyzer\python-db\db-python path:C:\Users\sever\OneDrive\Desktop\Language-based Security\Project GDPR Compliance\gdpr-analyzer\custom-queries\python\gdpr\queries\SensitiveData.ql
[2025-05-13 22:06:23] Calling plumbing command: codeql resolve queries --qlconfig-file=C:\Users\sever\OneDrive\Desktop\Language-based Security\Project GDPR Compliance\gdpr-analyzer\qlconfig.yml --format=json -- path:C:\Users\sever\OneDrive\Desktop\Language-based Security\Project GDPR Compliance\gdpr-analyzer\custom-queries\python\gdpr\queries\SensitiveData.ql
[2025-05-13 22:06:24] [PROGRESS] resolve queries> Recording pack reference gdpr-analyzer at C:\Users\sever\OneDrive\Desktop\Language-based Security\Project GDPR Compliance\gdpr-analyzer\custom-queries\python\gdpr.
[2025-05-13 22:06:24] Plumbing command codeql resolve queries completed:
                      [
                        "C:\\Users\\sever\\OneDrive\\Desktop\\Language-based Security\\Project GDPR Compliance\\gdpr-analyzer\\custom-queries\\python\\gdpr\\queries\\SensitiveData.ql"
                      ]
[2025-05-13 22:06:24] Refusing fancy output: The terminal is not an xterm: 
[2025-05-13 22:06:24] Creating executor with 1 threads.
[2025-05-13 22:06:24] Calling plumbing command: codeql resolve extensions --qlconfig-file=C:\Users\sever\OneDrive\Desktop\Language-based Security\Project GDPR Compliance\gdpr-analyzer\qlconfig.yml --include-extension-row-locations path:C:\Users\sever\OneDrive\Desktop\Language-based Security\Project GDPR Compliance\gdpr-analyzer\custom-queries\python\gdpr\queries\SensitiveData.ql
[2025-05-13 22:06:24] Calling plumbing command: codeql resolve queries --qlconfig-file=C:\Users\sever\OneDrive\Desktop\Language-based Security\Project GDPR Compliance\gdpr-analyzer\qlconfig.yml --allow-library-packs --format startingpacks -- path:C:\Users\sever\OneDrive\Desktop\Language-based Security\Project GDPR Compliance\gdpr-analyzer\custom-queries\python\gdpr\queries\SensitiveData.ql
[2025-05-13 22:06:24] [PROGRESS] resolve queries> Recording pack reference gdpr-analyzer at C:\Users\sever\OneDrive\Desktop\Language-based Security\Project GDPR Compliance\gdpr-analyzer\custom-queries\python\gdpr.
[2025-05-13 22:06:24] Plumbing command codeql resolve queries completed:
                      [
                        "C:\\Users\\sever\\OneDrive\\Desktop\\Language-based Security\\Project GDPR Compliance\\gdpr-analyzer\\custom-queries\\python\\gdpr"
                      ]
[2025-05-13 22:06:24] Calling plumbing command: codeql resolve extensions-by-pack --qlconfig-file=C:\Users\sever\OneDrive\Desktop\Language-based Security\Project GDPR Compliance\gdpr-analyzer\qlconfig.yml --include-extension-row-locations -- C:\Users\sever\OneDrive\Desktop\Language-based Security\Project GDPR Compliance\gdpr-analyzer\custom-queries\python\gdpr
[2025-05-13 22:06:24] [SPAMMY] resolve extensions-by-pack> [INCOMPATIBILITY] gdpr-analyzer: not 0.0.1 {root: gdpr-analyzer@0.0.1}
[2025-05-13 22:06:24] [SPAMMY] resolve extensions-by-pack> [DERIVATION] gdpr-analyzer: 0.0.1 {gdpr-analyzer: not 0.0.1 {root: gdpr-analyzer@0.0.1}}
[2025-05-13 22:06:24] [SPAMMY] resolve extensions-by-pack> [INCOMPATIBILITY] gdpr-analyzer: * [*], codeql/python-all: not * [*] {dependency: gdpr-analyzer@* [*] requires codeql/python-all@*}
[2025-05-13 22:06:24] [SPAMMY] resolve extensions-by-pack> [DECISION 1] gdpr-analyzer: 0.0.1
[2025-05-13 22:06:24] [SPAMMY] resolve extensions-by-pack> [DERIVATION] codeql/python-all: * [*] {gdpr-analyzer: * [*], codeql/python-all: not * [*] {dependency: gdpr-analyzer@* [*] requires codeql/python-all@*}}
[2025-05-13 22:06:24] [SPAMMY] resolve extensions-by-pack> [INCOMPATIBILITY] codeql/python-all: * [*], codeql/dataflow: not * [*] {dependency: codeql/python-all@* [*] requires codeql/dataflow@2.0.6}
[2025-05-13 22:06:24] [SPAMMY] resolve extensions-by-pack> [INCOMPATIBILITY] codeql/python-all: * [*], codeql/mad: not * [*] {dependency: codeql/python-all@* [*] requires codeql/mad@1.0.22}
[2025-05-13 22:06:24] [SPAMMY] resolve extensions-by-pack> [INCOMPATIBILITY] codeql/python-all: * [*], codeql/regex: not * [*] {dependency: codeql/python-all@* [*] requires codeql/regex@1.0.22}
[2025-05-13 22:06:24] [SPAMMY] resolve extensions-by-pack> [INCOMPATIBILITY] codeql/python-all: * [*], codeql/threat-models: not * [*] {dependency: codeql/python-all@* [*] requires codeql/threat-models@1.0.22}
[2025-05-13 22:06:24] [SPAMMY] resolve extensions-by-pack> [INCOMPATIBILITY] codeql/python-all: * [*], codeql/tutorial: not * [*] {dependency: codeql/python-all@* [*] requires codeql/tutorial@1.0.22}
[2025-05-13 22:06:24] [SPAMMY] resolve extensions-by-pack> [INCOMPATIBILITY] codeql/python-all: * [*], codeql/util: not * [*] {dependency: codeql/python-all@* [*] requires codeql/util@2.0.9}
[2025-05-13 22:06:24] [SPAMMY] resolve extensions-by-pack> [INCOMPATIBILITY] codeql/python-all: * [*], codeql/xml: not * [*] {dependency: codeql/python-all@* [*] requires codeql/xml@1.0.22}
[2025-05-13 22:06:24] [SPAMMY] resolve extensions-by-pack> [INCOMPATIBILITY] codeql/python-all: * [*], codeql/yaml: not * [*] {dependency: codeql/python-all@* [*] requires codeql/yaml@1.0.22}
[2025-05-13 22:06:24] [SPAMMY] resolve extensions-by-pack> [DECISION 2] codeql/python-all: 4.0.6
[2025-05-13 22:06:24] [SPAMMY] resolve extensions-by-pack> [DERIVATION] codeql/yaml: * [*] {codeql/python-all: * [*], codeql/yaml: not * [*] {dependency: codeql/python-all@* [*] requires codeql/yaml@1.0.22}}
[2025-05-13 22:06:24] [SPAMMY] resolve extensions-by-pack> [DERIVATION] codeql/xml: * [*] {codeql/python-all: * [*], codeql/xml: not * [*] {dependency: codeql/python-all@* [*] requires codeql/xml@1.0.22}}
[2025-05-13 22:06:24] [SPAMMY] resolve extensions-by-pack> [DERIVATION] codeql/util: * [*] {codeql/python-all: * [*], codeql/util: not * [*] {dependency: codeql/python-all@* [*] requires codeql/util@2.0.9}}
[2025-05-13 22:06:24] [SPAMMY] resolve extensions-by-pack> [DERIVATION] codeql/tutorial: * [*] {codeql/python-all: * [*], codeql/tutorial: not * [*] {dependency: codeql/python-all@* [*] requires codeql/tutorial@1.0.22}}
[2025-05-13 22:06:24] [SPAMMY] resolve extensions-by-pack> [DERIVATION] codeql/threat-models: * [*] {codeql/python-all: * [*], codeql/threat-models: not * [*] {dependency: codeql/python-all@* [*] requires codeql/threat-models@1.0.22}}
[2025-05-13 22:06:24] [SPAMMY] resolve extensions-by-pack> [DERIVATION] codeql/regex: * [*] {codeql/python-all: * [*], codeql/regex: not * [*] {dependency: codeql/python-all@* [*] requires codeql/regex@1.0.22}}
[2025-05-13 22:06:24] [SPAMMY] resolve extensions-by-pack> [DERIVATION] codeql/mad: * [*] {codeql/python-all: * [*], codeql/mad: not * [*] {dependency: codeql/python-all@* [*] requires codeql/mad@1.0.22}}
[2025-05-13 22:06:24] [SPAMMY] resolve extensions-by-pack> [DERIVATION] codeql/dataflow: * [*] {codeql/python-all: * [*], codeql/dataflow: not * [*] {dependency: codeql/python-all@* [*] requires codeql/dataflow@2.0.6}}
[2025-05-13 22:06:24] [SPAMMY] resolve extensions-by-pack> [INCOMPATIBILITY] codeql/dataflow: * [*], codeql/ssa: not * [*] {dependency: codeql/dataflow@* [*] requires codeql/ssa@1.1.1}
[2025-05-13 22:06:24] [SPAMMY] resolve extensions-by-pack> [INCOMPATIBILITY] codeql/dataflow: * [*], codeql/typetracking: not * [*] {dependency: codeql/dataflow@* [*] requires codeql/typetracking@2.0.6}
[2025-05-13 22:06:24] [SPAMMY] resolve extensions-by-pack> [INCOMPATIBILITY] codeql/dataflow: * [*], codeql/util: not * [*] {dependency: codeql/dataflow@* [*] requires codeql/util@2.0.9}
[2025-05-13 22:06:24] [SPAMMY] resolve extensions-by-pack> [DECISION 3] codeql/dataflow: 2.0.6
[2025-05-13 22:06:24] [SPAMMY] resolve extensions-by-pack> [DERIVATION] codeql/typetracking: * [*] {codeql/dataflow: * [*], codeql/typetracking: not * [*] {dependency: codeql/dataflow@* [*] requires codeql/typetracking@2.0.6}}
[2025-05-13 22:06:24] [SPAMMY] resolve extensions-by-pack> [DERIVATION] codeql/ssa: * [*] {codeql/dataflow: * [*], codeql/ssa: not * [*] {dependency: codeql/dataflow@* [*] requires codeql/ssa@1.1.1}}
[2025-05-13 22:06:24] [SPAMMY] resolve extensions-by-pack> [INCOMPATIBILITY] codeql/mad: * [*], codeql/dataflow: not * [*] {dependency: codeql/mad@* [*] requires codeql/dataflow@2.0.6}
[2025-05-13 22:06:24] [SPAMMY] resolve extensions-by-pack> [INCOMPATIBILITY] codeql/mad: * [*], codeql/util: not * [*] {dependency: codeql/mad@* [*] requires codeql/util@2.0.9}
[2025-05-13 22:06:24] [SPAMMY] resolve extensions-by-pack> [DECISION 4] codeql/mad: 1.0.22
[2025-05-13 22:06:24] [SPAMMY] resolve extensions-by-pack> [INCOMPATIBILITY] codeql/regex: * [*], codeql/util: not * [*] {dependency: codeql/regex@* [*] requires codeql/util@2.0.9}
[2025-05-13 22:06:24] [SPAMMY] resolve extensions-by-pack> [DECISION 5] codeql/regex: 1.0.22
[2025-05-13 22:06:24] [SPAMMY] resolve extensions-by-pack> [INCOMPATIBILITY] codeql/ssa: * [*], codeql/util: not * [*] {dependency: codeql/ssa@* [*] requires codeql/util@2.0.9}
[2025-05-13 22:06:24] [SPAMMY] resolve extensions-by-pack> [DECISION 6] codeql/ssa: 1.1.1
[2025-05-13 22:06:24] [SPAMMY] resolve extensions-by-pack> [DECISION 7] codeql/threat-models: 1.0.22
[2025-05-13 22:06:24] [SPAMMY] resolve extensions-by-pack> [DECISION 8] codeql/tutorial: 1.0.22
[2025-05-13 22:06:24] [SPAMMY] resolve extensions-by-pack> [INCOMPATIBILITY] codeql/typetracking: * [*], codeql/util: not * [*] {dependency: codeql/typetracking@* [*] requires codeql/util@2.0.9}
[2025-05-13 22:06:24] [SPAMMY] resolve extensions-by-pack> [DECISION 9] codeql/typetracking: 2.0.6
[2025-05-13 22:06:24] [SPAMMY] resolve extensions-by-pack> [DECISION 10] codeql/util: 2.0.9
[2025-05-13 22:06:24] [SPAMMY] resolve extensions-by-pack> [INCOMPATIBILITY] codeql/xml: * [*], codeql/util: not * [*] {dependency: codeql/xml@* [*] requires codeql/util@2.0.9}
[2025-05-13 22:06:24] [SPAMMY] resolve extensions-by-pack> [DECISION 11] codeql/xml: 1.0.22
[2025-05-13 22:06:24] [SPAMMY] resolve extensions-by-pack> [DECISION 12] codeql/yaml: 1.0.22
[2025-05-13 22:06:24] [PROGRESS] resolve extensions-by-pack> Loading data extensions in C:\Users\sever\.codeql\packages\codeql\python-all\4.0.6\ext\default-threat-models-fixup.model.yml.
[2025-05-13 22:06:24] [DETAILS] resolve extensions-by-pack>   Found extension targeting codeql/threat-models:threatModelConfiguration: 1 tuples.
[2025-05-13 22:06:24] [PROGRESS] resolve extensions-by-pack> Loading data extensions in C:\Users\sever\.codeql\packages\codeql\python-all\4.0.6\semmle\python\frameworks\Asyncpg.model.yml.
[2025-05-13 22:06:24] [DETAILS] resolve extensions-by-pack>   Found extension targeting codeql/python-all:sinkModel: 5 tuples.
[2025-05-13 22:06:24] [DETAILS] resolve extensions-by-pack>   Found extension targeting codeql/python-all:typeModel: 6 tuples.
[2025-05-13 22:06:24] [PROGRESS] resolve extensions-by-pack> Loading data extensions in C:\Users\sever\.codeql\packages\codeql\python-all\4.0.6\semmle\python\frameworks\Stdlib.model.yml.
[2025-05-13 22:06:24] [DETAILS] resolve extensions-by-pack>   Found extension targeting codeql/python-all:sourceModel: 12 tuples.
[2025-05-13 22:06:24] [DETAILS] resolve extensions-by-pack>   Found extension targeting codeql/python-all:sinkModel: 1 tuples.
[2025-05-13 22:06:24] [DETAILS] resolve extensions-by-pack>   Found extension targeting codeql/python-all:summaryModel: 66 tuples.
[2025-05-13 22:06:24] [DETAILS] resolve extensions-by-pack>   Found extension targeting codeql/python-all:neutralModel: 0 tuples.
[2025-05-13 22:06:24] [DETAILS] resolve extensions-by-pack>   Found extension targeting codeql/python-all:typeModel: 0 tuples.
[2025-05-13 22:06:24] [DETAILS] resolve extensions-by-pack>   Found extension targeting codeql/python-all:typeVariableModel: 0 tuples.
[2025-05-13 22:06:24] [PROGRESS] resolve extensions-by-pack> Loading data extensions in C:\Users\sever\.codeql\packages\codeql\python-all\4.0.6\semmle\python\frameworks\data\internal\empty.model.yml.
[2025-05-13 22:06:24] [DETAILS] resolve extensions-by-pack>   Found extension targeting codeql/python-all:sourceModel: 0 tuples.
[2025-05-13 22:06:24] [DETAILS] resolve extensions-by-pack>   Found extension targeting codeql/python-all:sinkModel: 0 tuples.
[2025-05-13 22:06:24] [DETAILS] resolve extensions-by-pack>   Found extension targeting codeql/python-all:summaryModel: 0 tuples.
[2025-05-13 22:06:24] [DETAILS] resolve extensions-by-pack>   Found extension targeting codeql/python-all:neutralModel: 0 tuples.
[2025-05-13 22:06:24] [DETAILS] resolve extensions-by-pack>   Found extension targeting codeql/python-all:typeModel: 0 tuples.
[2025-05-13 22:06:24] [DETAILS] resolve extensions-by-pack>   Found extension targeting codeql/python-all:typeVariableModel: 0 tuples.
[2025-05-13 22:06:25] [PROGRESS] resolve extensions-by-pack> Loading data extensions in C:\Users\sever\.codeql\packages\codeql\python-all\4.0.6\semmle\python\frameworks\data\internal\subclass-capture\ALL.model.yml.
[2025-05-13 22:06:25] [DETAILS] resolve extensions-by-pack>   Found extension targeting codeql/python-all:typeModel: 58275 tuples.
[2025-05-13 22:06:25] [PROGRESS] resolve extensions-by-pack> Loading data extensions in C:\Users\sever\.codeql\packages\codeql\threat-models\1.0.22\ext\supported-threat-models.model.yml.
[2025-05-13 22:06:25] [DETAILS] resolve extensions-by-pack>   Found extension targeting codeql/threat-models:threatModelConfiguration: 1 tuples.
[2025-05-13 22:06:25] [PROGRESS] resolve extensions-by-pack> Loading data extensions in C:\Users\sever\.codeql\packages\codeql\threat-models\1.0.22\ext\threat-model-grouping.model.yml.
[2025-05-13 22:06:25] [DETAILS] resolve extensions-by-pack>   Found extension targeting codeql/threat-models:threatModelGrouping: 15 tuples.
[2025-05-13 22:06:25] [PROGRESS] resolve extensions-by-pack> Loading data extensions in C:\Users\sever\.codeql\packages\codeql\util\2.0.9\ext\default-alert-filter.yml.
[2025-05-13 22:06:25] [DETAILS] resolve extensions-by-pack>   Found extension targeting codeql/util:restrictAlertsTo: 0 tuples.
[2025-05-13 22:06:25] [DETAILS] resolve extensions-by-pack>   Found extension targeting codeql/util:restrictAlertsToExactLocation: 0 tuples.
[2025-05-13 22:06:25] Plumbing command codeql resolve extensions-by-pack completed:
                      {
                        "models" : [ ],
                        "data" : {
                          "C:\\Users\\sever\\OneDrive\\Desktop\\Language-based Security\\Project GDPR Compliance\\gdpr-analyzer\\custom-queries\\python\\gdpr" : [
                            {
                              "predicate" : "threatModelConfiguration",
                              "file" : "C:\\Users\\sever\\.codeql\\packages\\codeql\\python-all\\4.0.6\\ext\\default-threat-models-fixup.model.yml",
                              "index" : 0,
                              "firstRowId" : 0,
                              "rowCount" : 1,
                              "predicateHasOrigin" : false,
                              "locations" : {
                                "lineNumbers" : "A=8",
                                "columnNumbers" : "A=9"
                              }
                            },
                            {
                              "predicate" : "sinkModel",
                              "file" : "C:\\Users\\sever\\.codeql\\packages\\codeql\\python-all\\4.0.6\\semmle\\python\\frameworks\\Asyncpg.model.yml",
                              "index" : 0,
                              "firstRowId" : 1,
                              "rowCount" : 5,
                              "predicateHasOrigin" : true,
                              "locations" : {
                                "lineNumbers" : "A=7+1+2+1+2",
                                "columnNumbers" : "A=9*5"
                              }
                            },
                            {
                              "predicate" : "typeModel",
                              "file" : "C:\\Users\\sever\\.codeql\\packages\\codeql\\python-all\\4.0.6\\semmle\\python\\frameworks\\Asyncpg.model.yml",
                              "index" : 1,
                              "firstRowId" : 6,
                              "rowCount" : 6,
                              "predicateHasOrigin" : false,
                              "locations" : {
                                "lineNumbers" : "A=20+4+1*2+2+1",
                                "columnNumbers" : "A=9*6"
                              }
                            },
                            {
                              "predicate" : "sourceModel",
                              "file" : "C:\\Users\\sever\\.codeql\\packages\\codeql\\python-all\\4.0.6\\semmle\\python\\frameworks\\Stdlib.model.yml",
                              "index" : 0,
                              "firstRowId" : 12,
                              "rowCount" : 12,
                              "predicateHasOrigin" : true,
                              "locations" : {
                                "lineNumbers" : "A=6+1*4+2+1+2+1*2+4+2",
                                "columnNumbers" : "A=9*12"
                              }
                            },
                            {
                              "predicate" : "sinkModel",
                              "file" : "C:\\Users\\sever\\.codeql\\packages\\codeql\\python-all\\4.0.6\\semmle\\python\\frameworks\\Stdlib.model.yml",
                              "index" : 1,
                              "firstRowId" : 24,
                              "rowCount" : 1,
                              "predicateHasOrigin" : true,
                              "locations" : {
                                "lineNumbers" : "A=29",
                                "columnNumbers" : "A=9"
                              }
                            },
                            {
                              "predicate" : "summaryModel",
                              "file" : "C:\\Users\\sever\\.codeql\\packages\\codeql\\python-all\\4.0.6\\semmle\\python\\frameworks\\Stdlib.model.yml",
                              "index" : 2,
                              "firstRowId" : 25,
                              "rowCount" : 66,
                              "predicateHasOrigin" : true,
                              "locations" : {
                                "lineNumbers" : "A=37+1+2+4+2*2+4+2*3+1+2+1+2+1+2+4+2+4+2*2+3+2*2+3+1+2*4+4+1+4+1+4+1*5+2*4+4+1+2*11+3+2+3+4+1+2*2+1+2",
                                "columnNumbers" : "A=9*66"
                              }
                            },
                            {
                              "predicate" : "neutralModel",
                              "file" : "C:\\Users\\sever\\.codeql\\packages\\codeql\\python-all\\4.0.6\\semmle\\python\\frameworks\\Stdlib.model.yml",
                              "index" : 3,
                              "firstRowId" : 91,
                              "rowCount" : 0,
                              "predicateHasOrigin" : false,
                              "locations" : {
                                "lineNumbers" : "A",
                                "columnNumbers" : "A"
                              }
                            },
                            {
                              "predicate" : "typeModel",
                              "file" : "C:\\Users\\sever\\.codeql\\packages\\codeql\\python-all\\4.0.6\\semmle\\python\\frameworks\\Stdlib.model.yml",
                              "index" : 4,
                              "firstRowId" : 91,
                              "rowCount" : 0,
                              "predicateHasOrigin" : false,
                              "locations" : {
                                "lineNumbers" : "A",
                                "columnNumbers" : "A"
                              }
                            },
                            {
                              "predicate" : "typeVariableModel",
                              "file" : "C:\\Users\\sever\\.codeql\\packages\\codeql\\python-all\\4.0.6\\semmle\\python\\frameworks\\Stdlib.model.yml",
                              "index" : 5,
                              "firstRowId" : 91,
                              "rowCount" : 0,
                              "predicateHasOrigin" : false,
                              "locations" : {
                                "lineNumbers" : "A",
                                "columnNumbers" : "A"
                              }
                            },
                            {
                              "predicate" : "sourceModel",
                              "file" : "C:\\Users\\sever\\.codeql\\packages\\codeql\\python-all\\4.0.6\\semmle\\python\\frameworks\\data\\internal\\empty.model.yml",
                              "index" : 0,
                              "firstRowId" : 91,
                              "rowCount" : 0,
                              "predicateHasOrigin" : true,
                              "locations" : {
                                "lineNumbers" : "A",
                                "columnNumbers" : "A"
                              }
                            },
                            {
                              "predicate" : "sinkModel",
                              "file" : "C:\\Users\\sever\\.codeql\\packages\\codeql\\python-all\\4.0.6\\semmle\\python\\frameworks\\data\\internal\\empty.model.yml",
                              "index" : 1,
                              "firstRowId" : 91,
                              "rowCount" : 0,
                              "predicateHasOrigin" : true,
                              "locations" : {
                                "lineNumbers" : "A",
                                "columnNumbers" : "A"
                              }
                            },
                            {
                              "predicate" : "summaryModel",
                              "file" : "C:\\Users\\sever\\.codeql\\packages\\codeql\\python-all\\4.0.6\\semmle\\python\\frameworks\\data\\internal\\empty.model.yml",
                              "index" : 2,
                              "firstRowId" : 91,
                              "rowCount" : 0,
                              "predicateHasOrigin" : true,
                              "locations" : {
                                "lineNumbers" : "A",
                                "columnNumbers" : "A"
                              }
                            },
                            {
                              "predicate" : "neutralModel",
                              "file" : "C:\\Users\\sever\\.codeql\\packages\\codeql\\python-all\\4.0.6\\semmle\\python\\frameworks\\data\\internal\\empty.model.yml",
                              "index" : 3,
                              "firstRowId" : 91,
                              "rowCount" : 0,
                              "predicateHasOrigin" : false,
                              "locations" : {
                                "lineNumbers" : "A",
                                "columnNumbers" : "A"
                              }
                            },
                            {
                              "predicate" : "typeModel",
                              "file" : "C:\\Users\\sever\\.codeql\\packages\\codeql\\python-all\\4.0.6\\semmle\\python\\frameworks\\data\\internal\\empty.model.yml",
                              "index" : 4,
                              "firstRowId" : 91,
                              "rowCount" : 0,
                              "predicateHasOrigin" : false,
                              "locations" : {
                                "lineNumbers" : "A",
                                "columnNumbers" : "A"
                              }
                            },
                            {
                              "predicate" : "typeVariableModel",
                              "file" : "C:\\Users\\sever\\.codeql\\packages\\codeql\\python-all\\4.0.6\\semmle\\python\\frameworks\\data\\internal\\empty.model.yml",
                              "index" : 5,
                              "firstRowId" : 91,
                              "rowCount" : 0,
                              "predicateHasOrigin" : false,
                              "locations" : {
                                "lineNumbers" : "A",
                                "columnNumbers" : "A"
                              }
                            },
                            {
                              "predicate" : "typeModel",
                              "file" : "C:\\Users\\sever\\.codeql\\packages\\codeql\\python-all\\4.0.6\\semmle\\python\\frameworks\\data\\internal\\subclass-capture\\ALL.model.yml",
                              "index" : 0,
                              "firstRowId" : 91,
                              "rowCount" : 58275,
                              "predicateHasOrigin" : false,
                              "locations" : {
                                "lineNumbers" : "A=7+3*58274",
                                "columnNumbers" : "A=5*58275"
                              }
                            },
                            {
                              "predicate" : "threatModelConfiguration",
                              "file" : "C:\\Users\\sever\\.codeql\\packages\\codeql\\threat-models\\1.0.22\\ext\\supported-threat-models.model.yml",
                              "index" : 0,
                              "firstRowId" : 58366,
                              "rowCount" : 1,
                              "predicateHasOrigin" : false,
                              "locations" : {
                                "lineNumbers" : "A=6",
                                "columnNumbers" : "A=9"
                              }
                            },
                            {
                              "predicate" : "threatModelGrouping",
                              "file" : "C:\\Users\\sever\\.codeql\\packages\\codeql\\threat-models\\1.0.22\\ext\\threat-model-grouping.model.yml",
                              "index" : 0,
                              "firstRowId" : 58367,
                              "rowCount" : 15,
                              "predicateHasOrigin" : false,
                              "locations" : {
                                "lineNumbers" : "A=8+3+1+3+1*5+3+1+5+1*3",
                                "columnNumbers" : "A=9*15"
                              }
                            },
                            {
                              "predicate" : "restrictAlertsTo",
                              "file" : "C:\\Users\\sever\\.codeql\\packages\\codeql\\util\\2.0.9\\ext\\default-alert-filter.yml",
                              "index" : 0,
                              "firstRowId" : 58382,
                              "rowCount" : 0,
                              "predicateHasOrigin" : false,
                              "locations" : {
                                "lineNumbers" : "A",
                                "columnNumbers" : "A"
                              }
                            },
                            {
                              "predicate" : "restrictAlertsToExactLocation",
                              "file" : "C:\\Users\\sever\\.codeql\\packages\\codeql\\util\\2.0.9\\ext\\default-alert-filter.yml",
                              "index" : 1,
                              "firstRowId" : 58382,
                              "rowCount" : 0,
                              "predicateHasOrigin" : false,
                              "locations" : {
                                "lineNumbers" : "A",
                                "columnNumbers" : "A"
                              }
                            }
                          ]
                        },
                        "threatModels" : {
                          "C:\\Users\\sever\\OneDrive\\Desktop\\Language-based Security\\Project GDPR Compliance\\gdpr-analyzer\\custom-queries\\python\\gdpr" : {
                            "extensions" : [
                              {
                                "data" : [ ],
                                "addsTo" : {
                                  "extensible" : "threatModelConfiguration",
                                  "checkPresence" : true,
                                  "packName" : "codeql/threat-models"
                                }
                              }
                            ]
                          }
                        },
                        "extensionPacks" : [ ]
                      }
[2025-05-13 22:06:25] Plumbing command codeql resolve extensions completed:
                      {
                        "models" : [ ],
                        "data" : {
                          "C:\\Users\\sever\\OneDrive\\Desktop\\Language-based Security\\Project GDPR Compliance\\gdpr-analyzer\\custom-queries\\python\\gdpr" : [
                            {
                              "predicate" : "threatModelConfiguration",
                              "file" : "C:\\Users\\sever\\.codeql\\packages\\codeql\\python-all\\4.0.6\\ext\\default-threat-models-fixup.model.yml",
                              "index" : 0,
                              "firstRowId" : 0,
                              "rowCount" : 1,
                              "predicateHasOrigin" : false,
                              "locations" : {
                                "lineNumbers" : "A=8",
                                "columnNumbers" : "A=9"
                              }
                            },
                            {
                              "predicate" : "sinkModel",
                              "file" : "C:\\Users\\sever\\.codeql\\packages\\codeql\\python-all\\4.0.6\\semmle\\python\\frameworks\\Asyncpg.model.yml",
                              "index" : 0,
                              "firstRowId" : 1,
                              "rowCount" : 5,
                              "predicateHasOrigin" : true,
                              "locations" : {
                                "lineNumbers" : "A=7+1+2+1+2",
                                "columnNumbers" : "A=9*5"
                              }
                            },
                            {
                              "predicate" : "typeModel",
                              "file" : "C:\\Users\\sever\\.codeql\\packages\\codeql\\python-all\\4.0.6\\semmle\\python\\frameworks\\Asyncpg.model.yml",
                              "index" : 1,
                              "firstRowId" : 6,
                              "rowCount" : 6,
                              "predicateHasOrigin" : false,
                              "locations" : {
                                "lineNumbers" : "A=20+4+1*2+2+1",
                                "columnNumbers" : "A=9*6"
                              }
                            },
                            {
                              "predicate" : "sourceModel",
                              "file" : "C:\\Users\\sever\\.codeql\\packages\\codeql\\python-all\\4.0.6\\semmle\\python\\frameworks\\Stdlib.model.yml",
                              "index" : 0,
                              "firstRowId" : 12,
                              "rowCount" : 12,
                              "predicateHasOrigin" : true,
                              "locations" : {
                                "lineNumbers" : "A=6+1*4+2+1+2+1*2+4+2",
                                "columnNumbers" : "A=9*12"
                              }
                            },
                            {
                              "predicate" : "sinkModel",
                              "file" : "C:\\Users\\sever\\.codeql\\packages\\codeql\\python-all\\4.0.6\\semmle\\python\\frameworks\\Stdlib.model.yml",
                              "index" : 1,
                              "firstRowId" : 24,
                              "rowCount" : 1,
                              "predicateHasOrigin" : true,
                              "locations" : {
                                "lineNumbers" : "A=29",
                                "columnNumbers" : "A=9"
                              }
                            },
                            {
                              "predicate" : "summaryModel",
                              "file" : "C:\\Users\\sever\\.codeql\\packages\\codeql\\python-all\\4.0.6\\semmle\\python\\frameworks\\Stdlib.model.yml",
                              "index" : 2,
                              "firstRowId" : 25,
                              "rowCount" : 66,
                              "predicateHasOrigin" : true,
                              "locations" : {
                                "lineNumbers" : "A=37+1+2+4+2*2+4+2*3+1+2+1+2+1+2+4+2+4+2*2+3+2*2+3+1+2*4+4+1+4+1+4+1*5+2*4+4+1+2*11+3+2+3+4+1+2*2+1+2",
                                "columnNumbers" : "A=9*66"
                              }
                            },
                            {
                              "predicate" : "neutralModel",
                              "file" : "C:\\Users\\sever\\.codeql\\packages\\codeql\\python-all\\4.0.6\\semmle\\python\\frameworks\\Stdlib.model.yml",
                              "index" : 3,
                              "firstRowId" : 91,
                              "rowCount" : 0,
                              "predicateHasOrigin" : false,
                              "locations" : {
                                "lineNumbers" : "A",
                                "columnNumbers" : "A"
                              }
                            },
                            {
                              "predicate" : "typeModel",
                              "file" : "C:\\Users\\sever\\.codeql\\packages\\codeql\\python-all\\4.0.6\\semmle\\python\\frameworks\\Stdlib.model.yml",
                              "index" : 4,
                              "firstRowId" : 91,
                              "rowCount" : 0,
                              "predicateHasOrigin" : false,
                              "locations" : {
                                "lineNumbers" : "A",
                                "columnNumbers" : "A"
                              }
                            },
                            {
                              "predicate" : "typeVariableModel",
                              "file" : "C:\\Users\\sever\\.codeql\\packages\\codeql\\python-all\\4.0.6\\semmle\\python\\frameworks\\Stdlib.model.yml",
                              "index" : 5,
                              "firstRowId" : 91,
                              "rowCount" : 0,
                              "predicateHasOrigin" : false,
                              "locations" : {
                                "lineNumbers" : "A",
                                "columnNumbers" : "A"
                              }
                            },
                            {
                              "predicate" : "sourceModel",
                              "file" : "C:\\Users\\sever\\.codeql\\packages\\codeql\\python-all\\4.0.6\\semmle\\python\\frameworks\\data\\internal\\empty.model.yml",
                              "index" : 0,
                              "firstRowId" : 91,
                              "rowCount" : 0,
                              "predicateHasOrigin" : true,
                              "locations" : {
                                "lineNumbers" : "A",
                                "columnNumbers" : "A"
                              }
                            },
                            {
                              "predicate" : "sinkModel",
                              "file" : "C:\\Users\\sever\\.codeql\\packages\\codeql\\python-all\\4.0.6\\semmle\\python\\frameworks\\data\\internal\\empty.model.yml",
                              "index" : 1,
                              "firstRowId" : 91,
                              "rowCount" : 0,
                              "predicateHasOrigin" : true,
                              "locations" : {
                                "lineNumbers" : "A",
                                "columnNumbers" : "A"
                              }
                            },
                            {
                              "predicate" : "summaryModel",
                              "file" : "C:\\Users\\sever\\.codeql\\packages\\codeql\\python-all\\4.0.6\\semmle\\python\\frameworks\\data\\internal\\empty.model.yml",
                              "index" : 2,
                              "firstRowId" : 91,
                              "rowCount" : 0,
                              "predicateHasOrigin" : true,
                              "locations" : {
                                "lineNumbers" : "A",
                                "columnNumbers" : "A"
                              }
                            },
                            {
                              "predicate" : "neutralModel",
                              "file" : "C:\\Users\\sever\\.codeql\\packages\\codeql\\python-all\\4.0.6\\semmle\\python\\frameworks\\data\\internal\\empty.model.yml",
                              "index" : 3,
                              "firstRowId" : 91,
                              "rowCount" : 0,
                              "predicateHasOrigin" : false,
                              "locations" : {
                                "lineNumbers" : "A",
                                "columnNumbers" : "A"
                              }
                            },
                            {
                              "predicate" : "typeModel",
                              "file" : "C:\\Users\\sever\\.codeql\\packages\\codeql\\python-all\\4.0.6\\semmle\\python\\frameworks\\data\\internal\\empty.model.yml",
                              "index" : 4,
                              "firstRowId" : 91,
                              "rowCount" : 0,
                              "predicateHasOrigin" : false,
                              "locations" : {
                                "lineNumbers" : "A",
                                "columnNumbers" : "A"
                              }
                            },
                            {
                              "predicate" : "typeVariableModel",
                              "file" : "C:\\Users\\sever\\.codeql\\packages\\codeql\\python-all\\4.0.6\\semmle\\python\\frameworks\\data\\internal\\empty.model.yml",
                              "index" : 5,
                              "firstRowId" : 91,
                              "rowCount" : 0,
                              "predicateHasOrigin" : false,
                              "locations" : {
                                "lineNumbers" : "A",
                                "columnNumbers" : "A"
                              }
                            },
                            {
                              "predicate" : "typeModel",
                              "file" : "C:\\Users\\sever\\.codeql\\packages\\codeql\\python-all\\4.0.6\\semmle\\python\\frameworks\\data\\internal\\subclass-capture\\ALL.model.yml",
                              "index" : 0,
                              "firstRowId" : 91,
                              "rowCount" : 58275,
                              "predicateHasOrigin" : false,
                              "locations" : {
                                "lineNumbers" : "A=7+3*58274",
                                "columnNumbers" : "A=5*58275"
                              }
                            },
                            {
                              "predicate" : "threatModelConfiguration",
                              "file" : "C:\\Users\\sever\\.codeql\\packages\\codeql\\threat-models\\1.0.22\\ext\\supported-threat-models.model.yml",
                              "index" : 0,
                              "firstRowId" : 58366,
                              "rowCount" : 1,
                              "predicateHasOrigin" : false,
                              "locations" : {
                                "lineNumbers" : "A=6",
                                "columnNumbers" : "A=9"
                              }
                            },
                            {
                              "predicate" : "threatModelGrouping",
                              "file" : "C:\\Users\\sever\\.codeql\\packages\\codeql\\threat-models\\1.0.22\\ext\\threat-model-grouping.model.yml",
                              "index" : 0,
                              "firstRowId" : 58367,
                              "rowCount" : 15,
                              "predicateHasOrigin" : false,
                              "locations" : {
                                "lineNumbers" : "A=8+3+1+3+1*5+3+1+5+1*3",
                                "columnNumbers" : "A=9*15"
                              }
                            },
                            {
                              "predicate" : "restrictAlertsTo",
                              "file" : "C:\\Users\\sever\\.codeql\\packages\\codeql\\util\\2.0.9\\ext\\default-alert-filter.yml",
                              "index" : 0,
                              "firstRowId" : 58382,
                              "rowCount" : 0,
                              "predicateHasOrigin" : false,
                              "locations" : {
                                "lineNumbers" : "A",
                                "columnNumbers" : "A"
                              }
                            },
                            {
                              "predicate" : "restrictAlertsToExactLocation",
                              "file" : "C:\\Users\\sever\\.codeql\\packages\\codeql\\util\\2.0.9\\ext\\default-alert-filter.yml",
                              "index" : 1,
                              "firstRowId" : 58382,
                              "rowCount" : 0,
                              "predicateHasOrigin" : false,
                              "locations" : {
                                "lineNumbers" : "A",
                                "columnNumbers" : "A"
                              }
                            }
                          ]
                        },
                        "threatModels" : {
                          "C:\\Users\\sever\\OneDrive\\Desktop\\Language-based Security\\Project GDPR Compliance\\gdpr-analyzer\\custom-queries\\python\\gdpr" : {
                            "extensions" : [
                              {
                                "data" : [ ],
                                "addsTo" : {
                                  "extensible" : "threatModelConfiguration",
                                  "checkPresence" : true,
                                  "packName" : "codeql/threat-models"
                                }
                              }
                            ]
                          }
                        },
                        "extensionPacks" : [ ]
                      }
[2025-05-13 22:06:26] [WARN] execute queries> Error retrieving qlpack commit hash from Git repository
                             org.eclipse.jgit.api.errors.NoHeadException: No HEAD exists and no explicit starting revision was specified
                             	at org.eclipse.jgit.api.LogCommand.call(LogCommand.java:129)
                             	at com.semmle.cli2.pack.PackUtil.getLastCommit(PackUtil.java:64)
                             	at com.semmle.cli2.pack.PackUtil.queryGitForHeadVersion(PackUtil.java:44)
                             	at com.semmle.cli2.bqrs.InterpretCommand.getQlPackSha(InterpretCommand.java:424)
                             	at com.semmle.cli2.execute.RunResultBuilder.lambda$addPack$0(RunResultBuilder.java:85)
                             	at java.base/java.util.TreeMap.callMappingFunctionWithCheck(Unknown Source)
                             	at java.base/java.util.TreeMap.computeIfAbsent(Unknown Source)
                             	at com.semmle.cli2.execute.RunResultBuilder.addPack(RunResultBuilder.java:82)
                             	at com.semmle.cli2.execute.RunResultBuilder.lambda$recordDataExtensions$4(RunResultBuilder.java:115)
                             	at java.base/java.util.LinkedHashMap.forEach(Unknown Source)
                             	at java.base/java.util.Collections$UnmodifiableMap.forEach(Unknown Source)
                             	at com.semmle.cli2.execute.RunResultBuilder.recordDataExtensions(RunResultBuilder.java:105)
                             	at com.semmle.cli2.execute.ExecuteQueriesCommand.executeSubcommand(ExecuteQueriesCommand.java:480)
                             	at com.semmle.cli2.picocli.SubcommandCommon.lambda$executeSubcommandWithMessages$5(SubcommandCommon.java:892)
                             	at com.semmle.cli2.picocli.SubcommandCommon.withCompilationMessages(SubcommandCommon.java:444)
                             	at com.semmle.cli2.picocli.SubcommandCommon.executeSubcommandWithMessages(SubcommandCommon.java:890)
                             	at com.semmle.cli2.picocli.SubcommandCommon.toplevelMain(SubcommandCommon.java:777)
                             	at com.semmle.cli2.picocli.SubcommandCommon.call(SubcommandCommon.java:757)
                             	at com.semmle.cli2.picocli.SubcommandMaker.runMain(SubcommandMaker.java:238)
                             	at com.semmle.cli2.picocli.SubcommandMaker.runMain(SubcommandMaker.java:259)
                             	at com.semmle.cli2.CodeQL.main(CodeQL.java:115)
[2025-05-13 22:06:26] Calling plumbing command: codeql resolve library-path --qlconfig-file=C:\Users\sever\OneDrive\Desktop\Language-based Security\Project GDPR Compliance\gdpr-analyzer\qlconfig.yml --query=C:\Users\sever\OneDrive\Desktop\Language-based Security\Project GDPR Compliance\gdpr-analyzer\custom-queries\python\gdpr\queries\SensitiveData.ql --format=json
[2025-05-13 22:06:26] [DETAILS] resolve library-path> Resolving query at normalized path C:\Users\sever\OneDrive\Desktop\Language-based Security\Project GDPR Compliance\gdpr-analyzer\custom-queries\python\gdpr\queries\SensitiveData.ql.
[2025-05-13 22:06:26] [DETAILS] resolve library-path> Found enclosing pack 'gdpr-analyzer' at C:\Users\sever\OneDrive\Desktop\Language-based Security\Project GDPR Compliance\gdpr-analyzer\custom-queries\python\gdpr.
[2025-05-13 22:06:26] [DETAILS] resolve library-path> Adding compilation cache at C:\Users\sever\.codeql\compile-cache.
[2025-05-13 22:06:26] [DETAILS] resolve library-path> Resolving library dependencies from C:\Users\sever\OneDrive\Desktop\Language-based Security\Project GDPR Compliance\gdpr-analyzer\custom-queries\python\gdpr\qlpack.yml.
[2025-05-13 22:06:26] [SPAMMY] resolve library-path> [INCOMPATIBILITY] gdpr-analyzer: not 0.0.1 {root: gdpr-analyzer@0.0.1}
[2025-05-13 22:06:26] [SPAMMY] resolve library-path> [DERIVATION] gdpr-analyzer: 0.0.1 {gdpr-analyzer: not 0.0.1 {root: gdpr-analyzer@0.0.1}}
[2025-05-13 22:06:26] [SPAMMY] resolve library-path> [INCOMPATIBILITY] gdpr-analyzer: * [*], codeql/python-all: not * [*] {dependency: gdpr-analyzer@* [*] requires codeql/python-all@*}
[2025-05-13 22:06:26] [SPAMMY] resolve library-path> [DECISION 1] gdpr-analyzer: 0.0.1
[2025-05-13 22:06:26] [SPAMMY] resolve library-path> [DERIVATION] codeql/python-all: * [*] {gdpr-analyzer: * [*], codeql/python-all: not * [*] {dependency: gdpr-analyzer@* [*] requires codeql/python-all@*}}
[2025-05-13 22:06:26] [SPAMMY] resolve library-path> [INCOMPATIBILITY] codeql/python-all: * [*], codeql/dataflow: not * [*] {dependency: codeql/python-all@* [*] requires codeql/dataflow@2.0.6}
[2025-05-13 22:06:26] [SPAMMY] resolve library-path> [INCOMPATIBILITY] codeql/python-all: * [*], codeql/mad: not * [*] {dependency: codeql/python-all@* [*] requires codeql/mad@1.0.22}
[2025-05-13 22:06:26] [SPAMMY] resolve library-path> [INCOMPATIBILITY] codeql/python-all: * [*], codeql/regex: not * [*] {dependency: codeql/python-all@* [*] requires codeql/regex@1.0.22}
[2025-05-13 22:06:26] [SPAMMY] resolve library-path> [INCOMPATIBILITY] codeql/python-all: * [*], codeql/threat-models: not * [*] {dependency: codeql/python-all@* [*] requires codeql/threat-models@1.0.22}
[2025-05-13 22:06:26] [SPAMMY] resolve library-path> [INCOMPATIBILITY] codeql/python-all: * [*], codeql/tutorial: not * [*] {dependency: codeql/python-all@* [*] requires codeql/tutorial@1.0.22}
[2025-05-13 22:06:26] [SPAMMY] resolve library-path> [INCOMPATIBILITY] codeql/python-all: * [*], codeql/util: not * [*] {dependency: codeql/python-all@* [*] requires codeql/util@2.0.9}
[2025-05-13 22:06:26] [SPAMMY] resolve library-path> [INCOMPATIBILITY] codeql/python-all: * [*], codeql/xml: not * [*] {dependency: codeql/python-all@* [*] requires codeql/xml@1.0.22}
[2025-05-13 22:06:26] [SPAMMY] resolve library-path> [INCOMPATIBILITY] codeql/python-all: * [*], codeql/yaml: not * [*] {dependency: codeql/python-all@* [*] requires codeql/yaml@1.0.22}
[2025-05-13 22:06:26] [SPAMMY] resolve library-path> [DECISION 2] codeql/python-all: 4.0.6
[2025-05-13 22:06:26] [SPAMMY] resolve library-path> [DERIVATION] codeql/yaml: * [*] {codeql/python-all: * [*], codeql/yaml: not * [*] {dependency: codeql/python-all@* [*] requires codeql/yaml@1.0.22}}
[2025-05-13 22:06:26] [SPAMMY] resolve library-path> [DERIVATION] codeql/xml: * [*] {codeql/python-all: * [*], codeql/xml: not * [*] {dependency: codeql/python-all@* [*] requires codeql/xml@1.0.22}}
[2025-05-13 22:06:26] [SPAMMY] resolve library-path> [DERIVATION] codeql/util: * [*] {codeql/python-all: * [*], codeql/util: not * [*] {dependency: codeql/python-all@* [*] requires codeql/util@2.0.9}}
[2025-05-13 22:06:26] [SPAMMY] resolve library-path> [DERIVATION] codeql/tutorial: * [*] {codeql/python-all: * [*], codeql/tutorial: not * [*] {dependency: codeql/python-all@* [*] requires codeql/tutorial@1.0.22}}
[2025-05-13 22:06:26] [SPAMMY] resolve library-path> [DERIVATION] codeql/threat-models: * [*] {codeql/python-all: * [*], codeql/threat-models: not * [*] {dependency: codeql/python-all@* [*] requires codeql/threat-models@1.0.22}}
[2025-05-13 22:06:26] [SPAMMY] resolve library-path> [DERIVATION] codeql/regex: * [*] {codeql/python-all: * [*], codeql/regex: not * [*] {dependency: codeql/python-all@* [*] requires codeql/regex@1.0.22}}
[2025-05-13 22:06:26] [SPAMMY] resolve library-path> [DERIVATION] codeql/mad: * [*] {codeql/python-all: * [*], codeql/mad: not * [*] {dependency: codeql/python-all@* [*] requires codeql/mad@1.0.22}}
[2025-05-13 22:06:26] [SPAMMY] resolve library-path> [DERIVATION] codeql/dataflow: * [*] {codeql/python-all: * [*], codeql/dataflow: not * [*] {dependency: codeql/python-all@* [*] requires codeql/dataflow@2.0.6}}
[2025-05-13 22:06:26] [SPAMMY] resolve library-path> [INCOMPATIBILITY] codeql/dataflow: * [*], codeql/ssa: not * [*] {dependency: codeql/dataflow@* [*] requires codeql/ssa@1.1.1}
[2025-05-13 22:06:26] [SPAMMY] resolve library-path> [INCOMPATIBILITY] codeql/dataflow: * [*], codeql/typetracking: not * [*] {dependency: codeql/dataflow@* [*] requires codeql/typetracking@2.0.6}
[2025-05-13 22:06:26] [SPAMMY] resolve library-path> [INCOMPATIBILITY] codeql/dataflow: * [*], codeql/util: not * [*] {dependency: codeql/dataflow@* [*] requires codeql/util@2.0.9}
[2025-05-13 22:06:26] [SPAMMY] resolve library-path> [DECISION 3] codeql/dataflow: 2.0.6
[2025-05-13 22:06:26] [SPAMMY] resolve library-path> [DERIVATION] codeql/typetracking: * [*] {codeql/dataflow: * [*], codeql/typetracking: not * [*] {dependency: codeql/dataflow@* [*] requires codeql/typetracking@2.0.6}}
[2025-05-13 22:06:26] [SPAMMY] resolve library-path> [DERIVATION] codeql/ssa: * [*] {codeql/dataflow: * [*], codeql/ssa: not * [*] {dependency: codeql/dataflow@* [*] requires codeql/ssa@1.1.1}}
[2025-05-13 22:06:26] [SPAMMY] resolve library-path> [INCOMPATIBILITY] codeql/mad: * [*], codeql/dataflow: not * [*] {dependency: codeql/mad@* [*] requires codeql/dataflow@2.0.6}
[2025-05-13 22:06:26] [SPAMMY] resolve library-path> [INCOMPATIBILITY] codeql/mad: * [*], codeql/util: not * [*] {dependency: codeql/mad@* [*] requires codeql/util@2.0.9}
[2025-05-13 22:06:26] [SPAMMY] resolve library-path> [DECISION 4] codeql/mad: 1.0.22
[2025-05-13 22:06:26] [SPAMMY] resolve library-path> [INCOMPATIBILITY] codeql/regex: * [*], codeql/util: not * [*] {dependency: codeql/regex@* [*] requires codeql/util@2.0.9}
[2025-05-13 22:06:26] [SPAMMY] resolve library-path> [DECISION 5] codeql/regex: 1.0.22
[2025-05-13 22:06:26] [SPAMMY] resolve library-path> [INCOMPATIBILITY] codeql/ssa: * [*], codeql/util: not * [*] {dependency: codeql/ssa@* [*] requires codeql/util@2.0.9}
[2025-05-13 22:06:26] [SPAMMY] resolve library-path> [DECISION 6] codeql/ssa: 1.1.1
[2025-05-13 22:06:26] [SPAMMY] resolve library-path> [DECISION 7] codeql/threat-models: 1.0.22
[2025-05-13 22:06:26] [SPAMMY] resolve library-path> [DECISION 8] codeql/tutorial: 1.0.22
[2025-05-13 22:06:26] [SPAMMY] resolve library-path> [INCOMPATIBILITY] codeql/typetracking: * [*], codeql/util: not * [*] {dependency: codeql/typetracking@* [*] requires codeql/util@2.0.9}
[2025-05-13 22:06:26] [SPAMMY] resolve library-path> [DECISION 9] codeql/typetracking: 2.0.6
[2025-05-13 22:06:26] [SPAMMY] resolve library-path> [DECISION 10] codeql/util: 2.0.9
[2025-05-13 22:06:26] [SPAMMY] resolve library-path> [INCOMPATIBILITY] codeql/xml: * [*], codeql/util: not * [*] {dependency: codeql/xml@* [*] requires codeql/util@2.0.9}
[2025-05-13 22:06:26] [SPAMMY] resolve library-path> [DECISION 11] codeql/xml: 1.0.22
[2025-05-13 22:06:26] [SPAMMY] resolve library-path> [DECISION 12] codeql/yaml: 1.0.22
[2025-05-13 22:06:26] [DETAILS] resolve library-path> QL pack dependencies for C:\Users\sever\OneDrive\Desktop\Language-based Security\Project GDPR Compliance\gdpr-analyzer\custom-queries\python\gdpr resolved OK.
[2025-05-13 22:06:26] [DETAILS] resolve library-path> Found dbscheme through QL packs: C:\Users\sever\.codeql\packages\codeql\python-all\4.0.6\semmlecode.python.dbscheme.
[2025-05-13 22:06:26] Plumbing command codeql resolve library-path completed:
                      {
                        "libraryPath" : [
                          "C:\\Users\\sever\\OneDrive\\Desktop\\Language-based Security\\Project GDPR Compliance\\gdpr-analyzer\\custom-queries\\python\\gdpr",
                          "C:\\Users\\sever\\.codeql\\packages\\codeql\\python-all\\4.0.6",
                          "C:\\Users\\sever\\.codeql\\packages\\codeql\\dataflow\\2.0.6",
                          "C:\\Users\\sever\\.codeql\\packages\\codeql\\mad\\1.0.22",
                          "C:\\Users\\sever\\.codeql\\packages\\codeql\\regex\\1.0.22",
                          "C:\\Users\\sever\\.codeql\\packages\\codeql\\ssa\\1.1.1",
                          "C:\\Users\\sever\\.codeql\\packages\\codeql\\threat-models\\1.0.22",
                          "C:\\Users\\sever\\.codeql\\packages\\codeql\\tutorial\\1.0.22",
                          "C:\\Users\\sever\\.codeql\\packages\\codeql\\typetracking\\2.0.6",
                          "C:\\Users\\sever\\.codeql\\packages\\codeql\\util\\2.0.9",
                          "C:\\Users\\sever\\.codeql\\packages\\codeql\\xml\\1.0.22",
                          "C:\\Users\\sever\\.codeql\\packages\\codeql\\yaml\\1.0.22"
                        ],
                        "dbscheme" : "C:\\Users\\sever\\.codeql\\packages\\codeql\\python-all\\4.0.6\\semmlecode.python.dbscheme",
                        "compilationCache" : [
                          "C:\\Users\\sever\\.codeql\\compile-cache"
                        ],
                        "relativeName" : "gdpr-analyzer\\queries\\SensitiveData.ql",
                        "qlPackName" : "gdpr-analyzer"
                      }
[2025-05-13 22:06:26] [PROGRESS] execute queries> Compiling query plan for C:\Users\sever\OneDrive\Desktop\Language-based Security\Project GDPR Compliance\gdpr-analyzer\custom-queries\python\gdpr\queries\SensitiveData.ql.
[2025-05-13 22:06:26] [DETAILS] execute queries> Resolving imports for C:\Users\sever\OneDrive\Desktop\Language-based Security\Project GDPR Compliance\gdpr-analyzer\custom-queries\python\gdpr\queries\SensitiveData.ql.
[2025-05-13 22:06:27] Resolved file set for C:\Users\sever\OneDrive\Desktop\Language-based Security\Project GDPR Compliance\gdpr-analyzer\custom-queries\python\gdpr\queries\SensitiveData.ql hashes to d2ff912ca8d963f6fa38a9ba3710c0a7.
[2025-05-13 22:06:27] [DETAILS] execute queries> Checking QL for C:\Users\sever\OneDrive\Desktop\Language-based Security\Project GDPR Compliance\gdpr-analyzer\custom-queries\python\gdpr\queries\SensitiveData.ql.
[2025-05-13 22:06:27] Stale frontend caches are invalidated based on import graph reachability.
[2025-05-13 22:06:28] ExternalModuleBindingPass ...
[2025-05-13 22:06:29] ExternalModuleBindingPass time: 00:01.046
[2025-05-13 22:06:29] CollectInstantiationsPass ...
[2025-05-13 22:06:29] CollectInstantiationsPass time: 00:00.457
[2025-05-13 22:06:29] Ql checks ...
[2025-05-13 22:06:33] Ql checks time: 00:03.316
[2025-05-13 22:06:36] [WARN] execute queries> WARNING: QLDoc comment is not attached to any QL element (C:\Users\sever\OneDrive\Desktop\Language-based Security\Project GDPR Compliance\gdpr-analyzer\custom-queries\python\gdpr\queries\SensitiveData.ql:22,1-24,4)
[2025-05-13 22:06:36] [ERROR] execute queries> ERROR: unexpected input 'exists' expecting one of: <EOF>, 'boolean', 'class', 'newtype', 'date', 'float', 'from', 'import', 'int', 'module', 'predicate', 'select', 'string', 'where', Lowerid, Upperid, Atlowerid, '/**' (C:\Users\sever\OneDrive\Desktop\Language-based Security\Project GDPR Compliance\gdpr-analyzer\custom-queries\python\gdpr\queries\SensitiveData.ql:25,1-7)
[2025-05-13 22:06:36] [ERROR] execute queries> ERROR: query module does not have any queries in scope (C:\Users\sever\OneDrive\Desktop\Language-based Security\Project GDPR Compliance\gdpr-analyzer\custom-queries\python\gdpr\queries\SensitiveData.ql:1,1-1)
[2025-05-13 22:06:36] [WARN] execute queries> WARNING: unused predicate 'isSensitivePrinted' (C:\Users\sever\OneDrive\Desktop\Language-based Security\Project GDPR Compliance\gdpr-analyzer\custom-queries\python\gdpr\queries\SensitiveData.ql:13,11-29)
[2025-05-13 22:06:36] Sequence stamp origin is -6049861794312713441
[2025-05-13 22:06:36] Pausing evaluation to close the cache at sequence stamp o+0
[2025-05-13 22:06:36] The disk cache is freshly trimmed; leave it be.
[2025-05-13 22:06:36] Unpausing evaluation
[2025-05-13 22:06:36] This NaiveBuddyAllocator requested 0 eviction rounds.
[2025-05-13 22:06:36] Exiting with code 2
