[2025-05-13 20:42:40] This is codeql execute queries -J-Xmx1800M --off-heap-ram=1431 --verbosity=progress --logdir=C:\Users\sever\OneDrive\Desktop\Language-based Security\Project GDPR Compliance\gdpr-analyzer\python-db\log --evaluator-log-level=5 --warnings=show --dynamic-join-order-mode=none --qlconfig-file=C:\Users\sever\OneDrive\Desktop\Language-based Security\Project GDPR Compliance\gdpr-analyzer\qlconfig.yml -- C:\Users\sever\OneDrive\Desktop\Language-based Security\Project GDPR Compliance\gdpr-analyzer\python-db\db-python path:C:\Users\sever\OneDrive\Desktop\Language-based Security\Project GDPR Compliance\gdpr-analyzer\custom-queries\python\gdpr\queries\SensitiveData.ql
[2025-05-13 20:42:40] Calling plumbing command: codeql resolve queries --qlconfig-file=C:\Users\sever\OneDrive\Desktop\Language-based Security\Project GDPR Compliance\gdpr-analyzer\qlconfig.yml --format=json -- path:C:\Users\sever\OneDrive\Desktop\Language-based Security\Project GDPR Compliance\gdpr-analyzer\custom-queries\python\gdpr\queries\SensitiveData.ql
[2025-05-13 20:42:41] [PROGRESS] resolve queries> Recording pack reference gdpr-analyzer at C:\Users\sever\OneDrive\Desktop\Language-based Security\Project GDPR Compliance\gdpr-analyzer\custom-queries\python\gdpr.
[2025-05-13 20:42:41] Plumbing command codeql resolve queries completed:
                      [
                        "C:\\Users\\sever\\OneDrive\\Desktop\\Language-based Security\\Project GDPR Compliance\\gdpr-analyzer\\custom-queries\\python\\gdpr\\queries\\SensitiveData.ql"
                      ]
[2025-05-13 20:42:41] Refusing fancy output: The terminal is not an xterm: 
[2025-05-13 20:42:41] Creating executor with 1 threads.
[2025-05-13 20:42:42] Calling plumbing command: codeql resolve extensions --qlconfig-file=C:\Users\sever\OneDrive\Desktop\Language-based Security\Project GDPR Compliance\gdpr-analyzer\qlconfig.yml --include-extension-row-locations path:C:\Users\sever\OneDrive\Desktop\Language-based Security\Project GDPR Compliance\gdpr-analyzer\custom-queries\python\gdpr\queries\SensitiveData.ql
[2025-05-13 20:42:42] Calling plumbing command: codeql resolve queries --qlconfig-file=C:\Users\sever\OneDrive\Desktop\Language-based Security\Project GDPR Compliance\gdpr-analyzer\qlconfig.yml --allow-library-packs --format startingpacks -- path:C:\Users\sever\OneDrive\Desktop\Language-based Security\Project GDPR Compliance\gdpr-analyzer\custom-queries\python\gdpr\queries\SensitiveData.ql
[2025-05-13 20:42:42] [PROGRESS] resolve queries> Recording pack reference gdpr-analyzer at C:\Users\sever\OneDrive\Desktop\Language-based Security\Project GDPR Compliance\gdpr-analyzer\custom-queries\python\gdpr.
[2025-05-13 20:42:42] Plumbing command codeql resolve queries completed:
                      [
                        "C:\\Users\\sever\\OneDrive\\Desktop\\Language-based Security\\Project GDPR Compliance\\gdpr-analyzer\\custom-queries\\python\\gdpr"
                      ]
[2025-05-13 20:42:42] Calling plumbing command: codeql resolve extensions-by-pack --qlconfig-file=C:\Users\sever\OneDrive\Desktop\Language-based Security\Project GDPR Compliance\gdpr-analyzer\qlconfig.yml --include-extension-row-locations -- C:\Users\sever\OneDrive\Desktop\Language-based Security\Project GDPR Compliance\gdpr-analyzer\custom-queries\python\gdpr
[2025-05-13 20:42:42] [SPAMMY] resolve extensions-by-pack> [INCOMPATIBILITY] gdpr-analyzer: not 0.0.1 {root: gdpr-analyzer@0.0.1}
[2025-05-13 20:42:42] [SPAMMY] resolve extensions-by-pack> [DERIVATION] gdpr-analyzer: 0.0.1 {gdpr-analyzer: not 0.0.1 {root: gdpr-analyzer@0.0.1}}
[2025-05-13 20:42:42] [SPAMMY] resolve extensions-by-pack> [INCOMPATIBILITY] gdpr-analyzer: * [*], codeql/python-all: not * [*] {dependency: gdpr-analyzer@* [*] requires codeql/python-all@*}
[2025-05-13 20:42:42] [SPAMMY] resolve extensions-by-pack> [DECISION 1] gdpr-analyzer: 0.0.1
[2025-05-13 20:42:42] [SPAMMY] resolve extensions-by-pack> [DERIVATION] codeql/python-all: * [*] {gdpr-analyzer: * [*], codeql/python-all: not * [*] {dependency: gdpr-analyzer@* [*] requires codeql/python-all@*}}
[2025-05-13 20:42:42] [SPAMMY] resolve extensions-by-pack> [INCOMPATIBILITY] codeql/python-all: * [*], codeql/dataflow: not * [*] {dependency: codeql/python-all@* [*] requires codeql/dataflow@2.0.6}
[2025-05-13 20:42:42] [SPAMMY] resolve extensions-by-pack> [INCOMPATIBILITY] codeql/python-all: * [*], codeql/mad: not * [*] {dependency: codeql/python-all@* [*] requires codeql/mad@1.0.22}
[2025-05-13 20:42:42] [SPAMMY] resolve extensions-by-pack> [INCOMPATIBILITY] codeql/python-all: * [*], codeql/regex: not * [*] {dependency: codeql/python-all@* [*] requires codeql/regex@1.0.22}
[2025-05-13 20:42:42] [SPAMMY] resolve extensions-by-pack> [INCOMPATIBILITY] codeql/python-all: * [*], codeql/threat-models: not * [*] {dependency: codeql/python-all@* [*] requires codeql/threat-models@1.0.22}
[2025-05-13 20:42:42] [SPAMMY] resolve extensions-by-pack> [INCOMPATIBILITY] codeql/python-all: * [*], codeql/tutorial: not * [*] {dependency: codeql/python-all@* [*] requires codeql/tutorial@1.0.22}
[2025-05-13 20:42:42] [SPAMMY] resolve extensions-by-pack> [INCOMPATIBILITY] codeql/python-all: * [*], codeql/util: not * [*] {dependency: codeql/python-all@* [*] requires codeql/util@2.0.9}
[2025-05-13 20:42:42] [SPAMMY] resolve extensions-by-pack> [INCOMPATIBILITY] codeql/python-all: * [*], codeql/xml: not * [*] {dependency: codeql/python-all@* [*] requires codeql/xml@1.0.22}
[2025-05-13 20:42:42] [SPAMMY] resolve extensions-by-pack> [INCOMPATIBILITY] codeql/python-all: * [*], codeql/yaml: not * [*] {dependency: codeql/python-all@* [*] requires codeql/yaml@1.0.22}
[2025-05-13 20:42:42] [SPAMMY] resolve extensions-by-pack> [DECISION 2] codeql/python-all: 4.0.6
[2025-05-13 20:42:42] [SPAMMY] resolve extensions-by-pack> [DERIVATION] codeql/yaml: * [*] {codeql/python-all: * [*], codeql/yaml: not * [*] {dependency: codeql/python-all@* [*] requires codeql/yaml@1.0.22}}
[2025-05-13 20:42:42] [SPAMMY] resolve extensions-by-pack> [DERIVATION] codeql/xml: * [*] {codeql/python-all: * [*], codeql/xml: not * [*] {dependency: codeql/python-all@* [*] requires codeql/xml@1.0.22}}
[2025-05-13 20:42:42] [SPAMMY] resolve extensions-by-pack> [DERIVATION] codeql/util: * [*] {codeql/python-all: * [*], codeql/util: not * [*] {dependency: codeql/python-all@* [*] requires codeql/util@2.0.9}}
[2025-05-13 20:42:42] [SPAMMY] resolve extensions-by-pack> [DERIVATION] codeql/tutorial: * [*] {codeql/python-all: * [*], codeql/tutorial: not * [*] {dependency: codeql/python-all@* [*] requires codeql/tutorial@1.0.22}}
[2025-05-13 20:42:42] [SPAMMY] resolve extensions-by-pack> [DERIVATION] codeql/threat-models: * [*] {codeql/python-all: * [*], codeql/threat-models: not * [*] {dependency: codeql/python-all@* [*] requires codeql/threat-models@1.0.22}}
[2025-05-13 20:42:42] [SPAMMY] resolve extensions-by-pack> [DERIVATION] codeql/regex: * [*] {codeql/python-all: * [*], codeql/regex: not * [*] {dependency: codeql/python-all@* [*] requires codeql/regex@1.0.22}}
[2025-05-13 20:42:42] [SPAMMY] resolve extensions-by-pack> [DERIVATION] codeql/mad: * [*] {codeql/python-all: * [*], codeql/mad: not * [*] {dependency: codeql/python-all@* [*] requires codeql/mad@1.0.22}}
[2025-05-13 20:42:42] [SPAMMY] resolve extensions-by-pack> [DERIVATION] codeql/dataflow: * [*] {codeql/python-all: * [*], codeql/dataflow: not * [*] {dependency: codeql/python-all@* [*] requires codeql/dataflow@2.0.6}}
[2025-05-13 20:42:42] [SPAMMY] resolve extensions-by-pack> [INCOMPATIBILITY] codeql/dataflow: * [*], codeql/ssa: not * [*] {dependency: codeql/dataflow@* [*] requires codeql/ssa@1.1.1}
[2025-05-13 20:42:42] [SPAMMY] resolve extensions-by-pack> [INCOMPATIBILITY] codeql/dataflow: * [*], codeql/typetracking: not * [*] {dependency: codeql/dataflow@* [*] requires codeql/typetracking@2.0.6}
[2025-05-13 20:42:42] [SPAMMY] resolve extensions-by-pack> [INCOMPATIBILITY] codeql/dataflow: * [*], codeql/util: not * [*] {dependency: codeql/dataflow@* [*] requires codeql/util@2.0.9}
[2025-05-13 20:42:42] [SPAMMY] resolve extensions-by-pack> [DECISION 3] codeql/dataflow: 2.0.6
[2025-05-13 20:42:42] [SPAMMY] resolve extensions-by-pack> [DERIVATION] codeql/typetracking: * [*] {codeql/dataflow: * [*], codeql/typetracking: not * [*] {dependency: codeql/dataflow@* [*] requires codeql/typetracking@2.0.6}}
[2025-05-13 20:42:42] [SPAMMY] resolve extensions-by-pack> [DERIVATION] codeql/ssa: * [*] {codeql/dataflow: * [*], codeql/ssa: not * [*] {dependency: codeql/dataflow@* [*] requires codeql/ssa@1.1.1}}
[2025-05-13 20:42:42] [SPAMMY] resolve extensions-by-pack> [INCOMPATIBILITY] codeql/mad: * [*], codeql/dataflow: not * [*] {dependency: codeql/mad@* [*] requires codeql/dataflow@2.0.6}
[2025-05-13 20:42:42] [SPAMMY] resolve extensions-by-pack> [INCOMPATIBILITY] codeql/mad: * [*], codeql/util: not * [*] {dependency: codeql/mad@* [*] requires codeql/util@2.0.9}
[2025-05-13 20:42:42] [SPAMMY] resolve extensions-by-pack> [DECISION 4] codeql/mad: 1.0.22
[2025-05-13 20:42:42] [SPAMMY] resolve extensions-by-pack> [INCOMPATIBILITY] codeql/regex: * [*], codeql/util: not * [*] {dependency: codeql/regex@* [*] requires codeql/util@2.0.9}
[2025-05-13 20:42:42] [SPAMMY] resolve extensions-by-pack> [DECISION 5] codeql/regex: 1.0.22
[2025-05-13 20:42:42] [SPAMMY] resolve extensions-by-pack> [INCOMPATIBILITY] codeql/ssa: * [*], codeql/util: not * [*] {dependency: codeql/ssa@* [*] requires codeql/util@2.0.9}
[2025-05-13 20:42:42] [SPAMMY] resolve extensions-by-pack> [DECISION 6] codeql/ssa: 1.1.1
[2025-05-13 20:42:42] [SPAMMY] resolve extensions-by-pack> [DECISION 7] codeql/threat-models: 1.0.22
[2025-05-13 20:42:42] [SPAMMY] resolve extensions-by-pack> [DECISION 8] codeql/tutorial: 1.0.22
[2025-05-13 20:42:42] [SPAMMY] resolve extensions-by-pack> [INCOMPATIBILITY] codeql/typetracking: * [*], codeql/util: not * [*] {dependency: codeql/typetracking@* [*] requires codeql/util@2.0.9}
[2025-05-13 20:42:42] [SPAMMY] resolve extensions-by-pack> [DECISION 9] codeql/typetracking: 2.0.6
[2025-05-13 20:42:42] [SPAMMY] resolve extensions-by-pack> [DECISION 10] codeql/util: 2.0.9
[2025-05-13 20:42:42] [SPAMMY] resolve extensions-by-pack> [INCOMPATIBILITY] codeql/xml: * [*], codeql/util: not * [*] {dependency: codeql/xml@* [*] requires codeql/util@2.0.9}
[2025-05-13 20:42:42] [SPAMMY] resolve extensions-by-pack> [DECISION 11] codeql/xml: 1.0.22
[2025-05-13 20:42:42] [SPAMMY] resolve extensions-by-pack> [DECISION 12] codeql/yaml: 1.0.22
[2025-05-13 20:42:42] [PROGRESS] resolve extensions-by-pack> Loading data extensions in C:\Users\sever\.codeql\packages\codeql\python-all\4.0.6\ext\default-threat-models-fixup.model.yml.
[2025-05-13 20:42:42] [DETAILS] resolve extensions-by-pack>   Found extension targeting codeql/threat-models:threatModelConfiguration: 1 tuples.
[2025-05-13 20:42:42] [PROGRESS] resolve extensions-by-pack> Loading data extensions in C:\Users\sever\.codeql\packages\codeql\python-all\4.0.6\semmle\python\frameworks\Asyncpg.model.yml.
[2025-05-13 20:42:42] [DETAILS] resolve extensions-by-pack>   Found extension targeting codeql/python-all:sinkModel: 5 tuples.
[2025-05-13 20:42:42] [DETAILS] resolve extensions-by-pack>   Found extension targeting codeql/python-all:typeModel: 6 tuples.
[2025-05-13 20:42:42] [PROGRESS] resolve extensions-by-pack> Loading data extensions in C:\Users\sever\.codeql\packages\codeql\python-all\4.0.6\semmle\python\frameworks\Stdlib.model.yml.
[2025-05-13 20:42:42] [DETAILS] resolve extensions-by-pack>   Found extension targeting codeql/python-all:sourceModel: 12 tuples.
[2025-05-13 20:42:42] [DETAILS] resolve extensions-by-pack>   Found extension targeting codeql/python-all:sinkModel: 1 tuples.
[2025-05-13 20:42:42] [DETAILS] resolve extensions-by-pack>   Found extension targeting codeql/python-all:summaryModel: 66 tuples.
[2025-05-13 20:42:42] [DETAILS] resolve extensions-by-pack>   Found extension targeting codeql/python-all:neutralModel: 0 tuples.
[2025-05-13 20:42:42] [DETAILS] resolve extensions-by-pack>   Found extension targeting codeql/python-all:typeModel: 0 tuples.
[2025-05-13 20:42:42] [DETAILS] resolve extensions-by-pack>   Found extension targeting codeql/python-all:typeVariableModel: 0 tuples.
[2025-05-13 20:42:42] [PROGRESS] resolve extensions-by-pack> Loading data extensions in C:\Users\sever\.codeql\packages\codeql\python-all\4.0.6\semmle\python\frameworks\data\internal\empty.model.yml.
[2025-05-13 20:42:42] [DETAILS] resolve extensions-by-pack>   Found extension targeting codeql/python-all:sourceModel: 0 tuples.
[2025-05-13 20:42:42] [DETAILS] resolve extensions-by-pack>   Found extension targeting codeql/python-all:sinkModel: 0 tuples.
[2025-05-13 20:42:42] [DETAILS] resolve extensions-by-pack>   Found extension targeting codeql/python-all:summaryModel: 0 tuples.
[2025-05-13 20:42:42] [DETAILS] resolve extensions-by-pack>   Found extension targeting codeql/python-all:neutralModel: 0 tuples.
[2025-05-13 20:42:42] [DETAILS] resolve extensions-by-pack>   Found extension targeting codeql/python-all:typeModel: 0 tuples.
[2025-05-13 20:42:42] [DETAILS] resolve extensions-by-pack>   Found extension targeting codeql/python-all:typeVariableModel: 0 tuples.
[2025-05-13 20:42:44] [PROGRESS] resolve extensions-by-pack> Loading data extensions in C:\Users\sever\.codeql\packages\codeql\python-all\4.0.6\semmle\python\frameworks\data\internal\subclass-capture\ALL.model.yml.
[2025-05-13 20:42:44] [DETAILS] resolve extensions-by-pack>   Found extension targeting codeql/python-all:typeModel: 58275 tuples.
[2025-05-13 20:42:44] [PROGRESS] resolve extensions-by-pack> Loading data extensions in C:\Users\sever\.codeql\packages\codeql\threat-models\1.0.22\ext\supported-threat-models.model.yml.
[2025-05-13 20:42:44] [DETAILS] resolve extensions-by-pack>   Found extension targeting codeql/threat-models:threatModelConfiguration: 1 tuples.
[2025-05-13 20:42:44] [PROGRESS] resolve extensions-by-pack> Loading data extensions in C:\Users\sever\.codeql\packages\codeql\threat-models\1.0.22\ext\threat-model-grouping.model.yml.
[2025-05-13 20:42:44] [DETAILS] resolve extensions-by-pack>   Found extension targeting codeql/threat-models:threatModelGrouping: 15 tuples.
[2025-05-13 20:42:44] [PROGRESS] resolve extensions-by-pack> Loading data extensions in C:\Users\sever\.codeql\packages\codeql\util\2.0.9\ext\default-alert-filter.yml.
[2025-05-13 20:42:44] [DETAILS] resolve extensions-by-pack>   Found extension targeting codeql/util:restrictAlertsTo: 0 tuples.
[2025-05-13 20:42:44] [DETAILS] resolve extensions-by-pack>   Found extension targeting codeql/util:restrictAlertsToExactLocation: 0 tuples.
[2025-05-13 20:42:44] Plumbing command codeql resolve extensions-by-pack completed:
                      {
                        "models" : [ ],
                        "data" : {
                          "C:\\Users\\sever\\OneDrive\\Desktop\\Language-based Security\\Project GDPR Compliance\\gdpr-analyzer\\custom-queries\\python\\gdpr" : [
                            {
                              "predicate" : "threatModelConfiguration",
                              "file" : "C:\\Users\\sever\\.codeql\\packages\\codeql\\python-all\\4.0.6\\ext\\default-threat-models-fixup.model.yml",
                              "index" : 0,
                              "firstRowId" : 0,
                              "rowCount" : 1,
                              "predicateHasOrigin" : false,
                              "locations" : {
                                "lineNumbers" : "A=8",
                                "columnNumbers" : "A=9"
                              }
                            },
                            {
                              "predicate" : "sinkModel",
                              "file" : "C:\\Users\\sever\\.codeql\\packages\\codeql\\python-all\\4.0.6\\semmle\\python\\frameworks\\Asyncpg.model.yml",
                              "index" : 0,
                              "firstRowId" : 1,
                              "rowCount" : 5,
                              "predicateHasOrigin" : true,
                              "locations" : {
                                "lineNumbers" : "A=7+1+2+1+2",
                                "columnNumbers" : "A=9*5"
                              }
                            },
                            {
                              "predicate" : "typeModel",
                              "file" : "C:\\Users\\sever\\.codeql\\packages\\codeql\\python-all\\4.0.6\\semmle\\python\\frameworks\\Asyncpg.model.yml",
                              "index" : 1,
                              "firstRowId" : 6,
                              "rowCount" : 6,
                              "predicateHasOrigin" : false,
                              "locations" : {
                                "lineNumbers" : "A=20+4+1*2+2+1",
                                "columnNumbers" : "A=9*6"
                              }
                            },
                            {
                              "predicate" : "sourceModel",
                              "file" : "C:\\Users\\sever\\.codeql\\packages\\codeql\\python-all\\4.0.6\\semmle\\python\\frameworks\\Stdlib.model.yml",
                              "index" : 0,
                              "firstRowId" : 12,
                              "rowCount" : 12,
                              "predicateHasOrigin" : true,
                              "locations" : {
                                "lineNumbers" : "A=6+1*4+2+1+2+1*2+4+2",
                                "columnNumbers" : "A=9*12"
                              }
                            },
                            {
                              "predicate" : "sinkModel",
                              "file" : "C:\\Users\\sever\\.codeql\\packages\\codeql\\python-all\\4.0.6\\semmle\\python\\frameworks\\Stdlib.model.yml",
                              "index" : 1,
                              "firstRowId" : 24,
                              "rowCount" : 1,
                              "predicateHasOrigin" : true,
                              "locations" : {
                                "lineNumbers" : "A=29",
                                "columnNumbers" : "A=9"
                              }
                            },
                            {
                              "predicate" : "summaryModel",
                              "file" : "C:\\Users\\sever\\.codeql\\packages\\codeql\\python-all\\4.0.6\\semmle\\python\\frameworks\\Stdlib.model.yml",
                              "index" : 2,
                              "firstRowId" : 25,
                              "rowCount" : 66,
                              "predicateHasOrigin" : true,
                              "locations" : {
                                "lineNumbers" : "A=37+1+2+4+2*2+4+2*3+1+2+1+2+1+2+4+2+4+2*2+3+2*2+3+1+2*4+4+1+4+1+4+1*5+2*4+4+1+2*11+3+2+3+4+1+2*2+1+2",
                                "columnNumbers" : "A=9*66"
                              }
                            },
                            {
                              "predicate" : "neutralModel",
                              "file" : "C:\\Users\\sever\\.codeql\\packages\\codeql\\python-all\\4.0.6\\semmle\\python\\frameworks\\Stdlib.model.yml",
                              "index" : 3,
                              "firstRowId" : 91,
                              "rowCount" : 0,
                              "predicateHasOrigin" : false,
                              "locations" : {
                                "lineNumbers" : "A",
                                "columnNumbers" : "A"
                              }
                            },
                            {
                              "predicate" : "typeModel",
                              "file" : "C:\\Users\\sever\\.codeql\\packages\\codeql\\python-all\\4.0.6\\semmle\\python\\frameworks\\Stdlib.model.yml",
                              "index" : 4,
                              "firstRowId" : 91,
                              "rowCount" : 0,
                              "predicateHasOrigin" : false,
                              "locations" : {
                                "lineNumbers" : "A",
                                "columnNumbers" : "A"
                              }
                            },
                            {
                              "predicate" : "typeVariableModel",
                              "file" : "C:\\Users\\sever\\.codeql\\packages\\codeql\\python-all\\4.0.6\\semmle\\python\\frameworks\\Stdlib.model.yml",
                              "index" : 5,
                              "firstRowId" : 91,
                              "rowCount" : 0,
                              "predicateHasOrigin" : false,
                              "locations" : {
                                "lineNumbers" : "A",
                                "columnNumbers" : "A"
                              }
                            },
                            {
                              "predicate" : "sourceModel",
                              "file" : "C:\\Users\\sever\\.codeql\\packages\\codeql\\python-all\\4.0.6\\semmle\\python\\frameworks\\data\\internal\\empty.model.yml",
                              "index" : 0,
                              "firstRowId" : 91,
                              "rowCount" : 0,
                              "predicateHasOrigin" : true,
                              "locations" : {
                                "lineNumbers" : "A",
                                "columnNumbers" : "A"
                              }
                            },
                            {
                              "predicate" : "sinkModel",
                              "file" : "C:\\Users\\sever\\.codeql\\packages\\codeql\\python-all\\4.0.6\\semmle\\python\\frameworks\\data\\internal\\empty.model.yml",
                              "index" : 1,
                              "firstRowId" : 91,
                              "rowCount" : 0,
                              "predicateHasOrigin" : true,
                              "locations" : {
                                "lineNumbers" : "A",
                                "columnNumbers" : "A"
                              }
                            },
                            {
                              "predicate" : "summaryModel",
                              "file" : "C:\\Users\\sever\\.codeql\\packages\\codeql\\python-all\\4.0.6\\semmle\\python\\frameworks\\data\\internal\\empty.model.yml",
                              "index" : 2,
                              "firstRowId" : 91,
                              "rowCount" : 0,
                              "predicateHasOrigin" : true,
                              "locations" : {
                                "lineNumbers" : "A",
                                "columnNumbers" : "A"
                              }
                            },
                            {
                              "predicate" : "neutralModel",
                              "file" : "C:\\Users\\sever\\.codeql\\packages\\codeql\\python-all\\4.0.6\\semmle\\python\\frameworks\\data\\internal\\empty.model.yml",
                              "index" : 3,
                              "firstRowId" : 91,
                              "rowCount" : 0,
                              "predicateHasOrigin" : false,
                              "locations" : {
                                "lineNumbers" : "A",
                                "columnNumbers" : "A"
                              }
                            },
                            {
                              "predicate" : "typeModel",
                              "file" : "C:\\Users\\sever\\.codeql\\packages\\codeql\\python-all\\4.0.6\\semmle\\python\\frameworks\\data\\internal\\empty.model.yml",
                              "index" : 4,
                              "firstRowId" : 91,
                              "rowCount" : 0,
                              "predicateHasOrigin" : false,
                              "locations" : {
                                "lineNumbers" : "A",
                                "columnNumbers" : "A"
                              }
                            },
                            {
                              "predicate" : "typeVariableModel",
                              "file" : "C:\\Users\\sever\\.codeql\\packages\\codeql\\python-all\\4.0.6\\semmle\\python\\frameworks\\data\\internal\\empty.model.yml",
                              "index" : 5,
                              "firstRowId" : 91,
                              "rowCount" : 0,
                              "predicateHasOrigin" : false,
                              "locations" : {
                                "lineNumbers" : "A",
                                "columnNumbers" : "A"
                              }
                            },
                            {
                              "predicate" : "typeModel",
                              "file" : "C:\\Users\\sever\\.codeql\\packages\\codeql\\python-all\\4.0.6\\semmle\\python\\frameworks\\data\\internal\\subclass-capture\\ALL.model.yml",
                              "index" : 0,
                              "firstRowId" : 91,
                              "rowCount" : 58275,
                              "predicateHasOrigin" : false,
                              "locations" : {
                                "lineNumbers" : "A=7+3*58274",
                                "columnNumbers" : "A=5*58275"
                              }
                            },
                            {
                              "predicate" : "threatModelConfiguration",
                              "file" : "C:\\Users\\sever\\.codeql\\packages\\codeql\\threat-models\\1.0.22\\ext\\supported-threat-models.model.yml",
                              "index" : 0,
                              "firstRowId" : 58366,
                              "rowCount" : 1,
                              "predicateHasOrigin" : false,
                              "locations" : {
                                "lineNumbers" : "A=6",
                                "columnNumbers" : "A=9"
                              }
                            },
                            {
                              "predicate" : "threatModelGrouping",
                              "file" : "C:\\Users\\sever\\.codeql\\packages\\codeql\\threat-models\\1.0.22\\ext\\threat-model-grouping.model.yml",
                              "index" : 0,
                              "firstRowId" : 58367,
                              "rowCount" : 15,
                              "predicateHasOrigin" : false,
                              "locations" : {
                                "lineNumbers" : "A=8+3+1+3+1*5+3+1+5+1*3",
                                "columnNumbers" : "A=9*15"
                              }
                            },
                            {
                              "predicate" : "restrictAlertsTo",
                              "file" : "C:\\Users\\sever\\.codeql\\packages\\codeql\\util\\2.0.9\\ext\\default-alert-filter.yml",
                              "index" : 0,
                              "firstRowId" : 58382,
                              "rowCount" : 0,
                              "predicateHasOrigin" : false,
                              "locations" : {
                                "lineNumbers" : "A",
                                "columnNumbers" : "A"
                              }
                            },
                            {
                              "predicate" : "restrictAlertsToExactLocation",
                              "file" : "C:\\Users\\sever\\.codeql\\packages\\codeql\\util\\2.0.9\\ext\\default-alert-filter.yml",
                              "index" : 1,
                              "firstRowId" : 58382,
                              "rowCount" : 0,
                              "predicateHasOrigin" : false,
                              "locations" : {
                                "lineNumbers" : "A",
                                "columnNumbers" : "A"
                              }
                            }
                          ]
                        },
                        "threatModels" : {
                          "C:\\Users\\sever\\OneDrive\\Desktop\\Language-based Security\\Project GDPR Compliance\\gdpr-analyzer\\custom-queries\\python\\gdpr" : {
                            "extensions" : [
                              {
                                "data" : [ ],
                                "addsTo" : {
                                  "extensible" : "threatModelConfiguration",
                                  "checkPresence" : true,
                                  "packName" : "codeql/threat-models"
                                }
                              }
                            ]
                          }
                        },
                        "extensionPacks" : [ ]
                      }
[2025-05-13 20:42:44] Plumbing command codeql resolve extensions completed:
                      {
                        "models" : [ ],
                        "data" : {
                          "C:\\Users\\sever\\OneDrive\\Desktop\\Language-based Security\\Project GDPR Compliance\\gdpr-analyzer\\custom-queries\\python\\gdpr" : [
                            {
                              "predicate" : "threatModelConfiguration",
                              "file" : "C:\\Users\\sever\\.codeql\\packages\\codeql\\python-all\\4.0.6\\ext\\default-threat-models-fixup.model.yml",
                              "index" : 0,
                              "firstRowId" : 0,
                              "rowCount" : 1,
                              "predicateHasOrigin" : false,
                              "locations" : {
                                "lineNumbers" : "A=8",
                                "columnNumbers" : "A=9"
                              }
                            },
                            {
                              "predicate" : "sinkModel",
                              "file" : "C:\\Users\\sever\\.codeql\\packages\\codeql\\python-all\\4.0.6\\semmle\\python\\frameworks\\Asyncpg.model.yml",
                              "index" : 0,
                              "firstRowId" : 1,
                              "rowCount" : 5,
                              "predicateHasOrigin" : true,
                              "locations" : {
                                "lineNumbers" : "A=7+1+2+1+2",
                                "columnNumbers" : "A=9*5"
                              }
                            },
                            {
                              "predicate" : "typeModel",
                              "file" : "C:\\Users\\sever\\.codeql\\packages\\codeql\\python-all\\4.0.6\\semmle\\python\\frameworks\\Asyncpg.model.yml",
                              "index" : 1,
                              "firstRowId" : 6,
                              "rowCount" : 6,
                              "predicateHasOrigin" : false,
                              "locations" : {
                                "lineNumbers" : "A=20+4+1*2+2+1",
                                "columnNumbers" : "A=9*6"
                              }
                            },
                            {
                              "predicate" : "sourceModel",
                              "file" : "C:\\Users\\sever\\.codeql\\packages\\codeql\\python-all\\4.0.6\\semmle\\python\\frameworks\\Stdlib.model.yml",
                              "index" : 0,
                              "firstRowId" : 12,
                              "rowCount" : 12,
                              "predicateHasOrigin" : true,
                              "locations" : {
                                "lineNumbers" : "A=6+1*4+2+1+2+1*2+4+2",
                                "columnNumbers" : "A=9*12"
                              }
                            },
                            {
                              "predicate" : "sinkModel",
                              "file" : "C:\\Users\\sever\\.codeql\\packages\\codeql\\python-all\\4.0.6\\semmle\\python\\frameworks\\Stdlib.model.yml",
                              "index" : 1,
                              "firstRowId" : 24,
                              "rowCount" : 1,
                              "predicateHasOrigin" : true,
                              "locations" : {
                                "lineNumbers" : "A=29",
                                "columnNumbers" : "A=9"
                              }
                            },
                            {
                              "predicate" : "summaryModel",
                              "file" : "C:\\Users\\sever\\.codeql\\packages\\codeql\\python-all\\4.0.6\\semmle\\python\\frameworks\\Stdlib.model.yml",
                              "index" : 2,
                              "firstRowId" : 25,
                              "rowCount" : 66,
                              "predicateHasOrigin" : true,
                              "locations" : {
                                "lineNumbers" : "A=37+1+2+4+2*2+4+2*3+1+2+1+2+1+2+4+2+4+2*2+3+2*2+3+1+2*4+4+1+4+1+4+1*5+2*4+4+1+2*11+3+2+3+4+1+2*2+1+2",
                                "columnNumbers" : "A=9*66"
                              }
                            },
                            {
                              "predicate" : "neutralModel",
                              "file" : "C:\\Users\\sever\\.codeql\\packages\\codeql\\python-all\\4.0.6\\semmle\\python\\frameworks\\Stdlib.model.yml",
                              "index" : 3,
                              "firstRowId" : 91,
                              "rowCount" : 0,
                              "predicateHasOrigin" : false,
                              "locations" : {
                                "lineNumbers" : "A",
                                "columnNumbers" : "A"
                              }
                            },
                            {
                              "predicate" : "typeModel",
                              "file" : "C:\\Users\\sever\\.codeql\\packages\\codeql\\python-all\\4.0.6\\semmle\\python\\frameworks\\Stdlib.model.yml",
                              "index" : 4,
                              "firstRowId" : 91,
                              "rowCount" : 0,
                              "predicateHasOrigin" : false,
                              "locations" : {
                                "lineNumbers" : "A",
                                "columnNumbers" : "A"
                              }
                            },
                            {
                              "predicate" : "typeVariableModel",
                              "file" : "C:\\Users\\sever\\.codeql\\packages\\codeql\\python-all\\4.0.6\\semmle\\python\\frameworks\\Stdlib.model.yml",
                              "index" : 5,
                              "firstRowId" : 91,
                              "rowCount" : 0,
                              "predicateHasOrigin" : false,
                              "locations" : {
                                "lineNumbers" : "A",
                                "columnNumbers" : "A"
                              }
                            },
                            {
                              "predicate" : "sourceModel",
                              "file" : "C:\\Users\\sever\\.codeql\\packages\\codeql\\python-all\\4.0.6\\semmle\\python\\frameworks\\data\\internal\\empty.model.yml",
                              "index" : 0,
                              "firstRowId" : 91,
                              "rowCount" : 0,
                              "predicateHasOrigin" : true,
                              "locations" : {
                                "lineNumbers" : "A",
                                "columnNumbers" : "A"
                              }
                            },
                            {
                              "predicate" : "sinkModel",
                              "file" : "C:\\Users\\sever\\.codeql\\packages\\codeql\\python-all\\4.0.6\\semmle\\python\\frameworks\\data\\internal\\empty.model.yml",
                              "index" : 1,
                              "firstRowId" : 91,
                              "rowCount" : 0,
                              "predicateHasOrigin" : true,
                              "locations" : {
                                "lineNumbers" : "A",
                                "columnNumbers" : "A"
                              }
                            },
                            {
                              "predicate" : "summaryModel",
                              "file" : "C:\\Users\\sever\\.codeql\\packages\\codeql\\python-all\\4.0.6\\semmle\\python\\frameworks\\data\\internal\\empty.model.yml",
                              "index" : 2,
                              "firstRowId" : 91,
                              "rowCount" : 0,
                              "predicateHasOrigin" : true,
                              "locations" : {
                                "lineNumbers" : "A",
                                "columnNumbers" : "A"
                              }
                            },
                            {
                              "predicate" : "neutralModel",
                              "file" : "C:\\Users\\sever\\.codeql\\packages\\codeql\\python-all\\4.0.6\\semmle\\python\\frameworks\\data\\internal\\empty.model.yml",
                              "index" : 3,
                              "firstRowId" : 91,
                              "rowCount" : 0,
                              "predicateHasOrigin" : false,
                              "locations" : {
                                "lineNumbers" : "A",
                                "columnNumbers" : "A"
                              }
                            },
                            {
                              "predicate" : "typeModel",
                              "file" : "C:\\Users\\sever\\.codeql\\packages\\codeql\\python-all\\4.0.6\\semmle\\python\\frameworks\\data\\internal\\empty.model.yml",
                              "index" : 4,
                              "firstRowId" : 91,
                              "rowCount" : 0,
                              "predicateHasOrigin" : false,
                              "locations" : {
                                "lineNumbers" : "A",
                                "columnNumbers" : "A"
                              }
                            },
                            {
                              "predicate" : "typeVariableModel",
                              "file" : "C:\\Users\\sever\\.codeql\\packages\\codeql\\python-all\\4.0.6\\semmle\\python\\frameworks\\data\\internal\\empty.model.yml",
                              "index" : 5,
                              "firstRowId" : 91,
                              "rowCount" : 0,
                              "predicateHasOrigin" : false,
                              "locations" : {
                                "lineNumbers" : "A",
                                "columnNumbers" : "A"
                              }
                            },
                            {
                              "predicate" : "typeModel",
                              "file" : "C:\\Users\\sever\\.codeql\\packages\\codeql\\python-all\\4.0.6\\semmle\\python\\frameworks\\data\\internal\\subclass-capture\\ALL.model.yml",
                              "index" : 0,
                              "firstRowId" : 91,
                              "rowCount" : 58275,
                              "predicateHasOrigin" : false,
                              "locations" : {
                                "lineNumbers" : "A=7+3*58274",
                                "columnNumbers" : "A=5*58275"
                              }
                            },
                            {
                              "predicate" : "threatModelConfiguration",
                              "file" : "C:\\Users\\sever\\.codeql\\packages\\codeql\\threat-models\\1.0.22\\ext\\supported-threat-models.model.yml",
                              "index" : 0,
                              "firstRowId" : 58366,
                              "rowCount" : 1,
                              "predicateHasOrigin" : false,
                              "locations" : {
                                "lineNumbers" : "A=6",
                                "columnNumbers" : "A=9"
                              }
                            },
                            {
                              "predicate" : "threatModelGrouping",
                              "file" : "C:\\Users\\sever\\.codeql\\packages\\codeql\\threat-models\\1.0.22\\ext\\threat-model-grouping.model.yml",
                              "index" : 0,
                              "firstRowId" : 58367,
                              "rowCount" : 15,
                              "predicateHasOrigin" : false,
                              "locations" : {
                                "lineNumbers" : "A=8+3+1+3+1*5+3+1+5+1*3",
                                "columnNumbers" : "A=9*15"
                              }
                            },
                            {
                              "predicate" : "restrictAlertsTo",
                              "file" : "C:\\Users\\sever\\.codeql\\packages\\codeql\\util\\2.0.9\\ext\\default-alert-filter.yml",
                              "index" : 0,
                              "firstRowId" : 58382,
                              "rowCount" : 0,
                              "predicateHasOrigin" : false,
                              "locations" : {
                                "lineNumbers" : "A",
                                "columnNumbers" : "A"
                              }
                            },
                            {
                              "predicate" : "restrictAlertsToExactLocation",
                              "file" : "C:\\Users\\sever\\.codeql\\packages\\codeql\\util\\2.0.9\\ext\\default-alert-filter.yml",
                              "index" : 1,
                              "firstRowId" : 58382,
                              "rowCount" : 0,
                              "predicateHasOrigin" : false,
                              "locations" : {
                                "lineNumbers" : "A",
                                "columnNumbers" : "A"
                              }
                            }
                          ]
                        },
                        "threatModels" : {
                          "C:\\Users\\sever\\OneDrive\\Desktop\\Language-based Security\\Project GDPR Compliance\\gdpr-analyzer\\custom-queries\\python\\gdpr" : {
                            "extensions" : [
                              {
                                "data" : [ ],
                                "addsTo" : {
                                  "extensible" : "threatModelConfiguration",
                                  "checkPresence" : true,
                                  "packName" : "codeql/threat-models"
                                }
                              }
                            ]
                          }
                        },
                        "extensionPacks" : [ ]
                      }
[2025-05-13 20:42:45] [WARN] execute queries> Error retrieving qlpack commit hash from Git repository
                             org.eclipse.jgit.api.errors.NoHeadException: No HEAD exists and no explicit starting revision was specified
                             	at org.eclipse.jgit.api.LogCommand.call(LogCommand.java:129)
                             	at com.semmle.cli2.pack.PackUtil.getLastCommit(PackUtil.java:64)
                             	at com.semmle.cli2.pack.PackUtil.queryGitForHeadVersion(PackUtil.java:44)
                             	at com.semmle.cli2.bqrs.InterpretCommand.getQlPackSha(InterpretCommand.java:424)
                             	at com.semmle.cli2.execute.RunResultBuilder.lambda$addPack$0(RunResultBuilder.java:85)
                             	at java.base/java.util.TreeMap.callMappingFunctionWithCheck(Unknown Source)
                             	at java.base/java.util.TreeMap.computeIfAbsent(Unknown Source)
                             	at com.semmle.cli2.execute.RunResultBuilder.addPack(RunResultBuilder.java:82)
                             	at com.semmle.cli2.execute.RunResultBuilder.lambda$recordDataExtensions$4(RunResultBuilder.java:115)
                             	at java.base/java.util.LinkedHashMap.forEach(Unknown Source)
                             	at java.base/java.util.Collections$UnmodifiableMap.forEach(Unknown Source)
                             	at com.semmle.cli2.execute.RunResultBuilder.recordDataExtensions(RunResultBuilder.java:105)
                             	at com.semmle.cli2.execute.ExecuteQueriesCommand.executeSubcommand(ExecuteQueriesCommand.java:480)
                             	at com.semmle.cli2.picocli.SubcommandCommon.lambda$executeSubcommandWithMessages$5(SubcommandCommon.java:892)
                             	at com.semmle.cli2.picocli.SubcommandCommon.withCompilationMessages(SubcommandCommon.java:444)
                             	at com.semmle.cli2.picocli.SubcommandCommon.executeSubcommandWithMessages(SubcommandCommon.java:890)
                             	at com.semmle.cli2.picocli.SubcommandCommon.toplevelMain(SubcommandCommon.java:777)
                             	at com.semmle.cli2.picocli.SubcommandCommon.call(SubcommandCommon.java:757)
                             	at com.semmle.cli2.picocli.SubcommandMaker.runMain(SubcommandMaker.java:238)
                             	at com.semmle.cli2.picocli.SubcommandMaker.runMain(SubcommandMaker.java:259)
                             	at com.semmle.cli2.CodeQL.main(CodeQL.java:115)
[2025-05-13 20:42:46] Calling plumbing command: codeql resolve library-path --qlconfig-file=C:\Users\sever\OneDrive\Desktop\Language-based Security\Project GDPR Compliance\gdpr-analyzer\qlconfig.yml --query=C:\Users\sever\OneDrive\Desktop\Language-based Security\Project GDPR Compliance\gdpr-analyzer\custom-queries\python\gdpr\queries\SensitiveData.ql --format=json
[2025-05-13 20:42:46] [DETAILS] resolve library-path> Resolving query at normalized path C:\Users\sever\OneDrive\Desktop\Language-based Security\Project GDPR Compliance\gdpr-analyzer\custom-queries\python\gdpr\queries\SensitiveData.ql.
[2025-05-13 20:42:46] [DETAILS] resolve library-path> Found enclosing pack 'gdpr-analyzer' at C:\Users\sever\OneDrive\Desktop\Language-based Security\Project GDPR Compliance\gdpr-analyzer\custom-queries\python\gdpr.
[2025-05-13 20:42:46] [DETAILS] resolve library-path> Adding compilation cache at C:\Users\sever\.codeql\compile-cache.
[2025-05-13 20:42:46] [DETAILS] resolve library-path> Resolving library dependencies from C:\Users\sever\OneDrive\Desktop\Language-based Security\Project GDPR Compliance\gdpr-analyzer\custom-queries\python\gdpr\qlpack.yml.
[2025-05-13 20:42:46] [SPAMMY] resolve library-path> [INCOMPATIBILITY] gdpr-analyzer: not 0.0.1 {root: gdpr-analyzer@0.0.1}
[2025-05-13 20:42:46] [SPAMMY] resolve library-path> [DERIVATION] gdpr-analyzer: 0.0.1 {gdpr-analyzer: not 0.0.1 {root: gdpr-analyzer@0.0.1}}
[2025-05-13 20:42:46] [SPAMMY] resolve library-path> [INCOMPATIBILITY] gdpr-analyzer: * [*], codeql/python-all: not * [*] {dependency: gdpr-analyzer@* [*] requires codeql/python-all@*}
[2025-05-13 20:42:46] [SPAMMY] resolve library-path> [DECISION 1] gdpr-analyzer: 0.0.1
[2025-05-13 20:42:46] [SPAMMY] resolve library-path> [DERIVATION] codeql/python-all: * [*] {gdpr-analyzer: * [*], codeql/python-all: not * [*] {dependency: gdpr-analyzer@* [*] requires codeql/python-all@*}}
[2025-05-13 20:42:46] [SPAMMY] resolve library-path> [INCOMPATIBILITY] codeql/python-all: * [*], codeql/dataflow: not * [*] {dependency: codeql/python-all@* [*] requires codeql/dataflow@2.0.6}
[2025-05-13 20:42:46] [SPAMMY] resolve library-path> [INCOMPATIBILITY] codeql/python-all: * [*], codeql/mad: not * [*] {dependency: codeql/python-all@* [*] requires codeql/mad@1.0.22}
[2025-05-13 20:42:46] [SPAMMY] resolve library-path> [INCOMPATIBILITY] codeql/python-all: * [*], codeql/regex: not * [*] {dependency: codeql/python-all@* [*] requires codeql/regex@1.0.22}
[2025-05-13 20:42:46] [SPAMMY] resolve library-path> [INCOMPATIBILITY] codeql/python-all: * [*], codeql/threat-models: not * [*] {dependency: codeql/python-all@* [*] requires codeql/threat-models@1.0.22}
[2025-05-13 20:42:46] [SPAMMY] resolve library-path> [INCOMPATIBILITY] codeql/python-all: * [*], codeql/tutorial: not * [*] {dependency: codeql/python-all@* [*] requires codeql/tutorial@1.0.22}
[2025-05-13 20:42:46] [SPAMMY] resolve library-path> [INCOMPATIBILITY] codeql/python-all: * [*], codeql/util: not * [*] {dependency: codeql/python-all@* [*] requires codeql/util@2.0.9}
[2025-05-13 20:42:46] [SPAMMY] resolve library-path> [INCOMPATIBILITY] codeql/python-all: * [*], codeql/xml: not * [*] {dependency: codeql/python-all@* [*] requires codeql/xml@1.0.22}
[2025-05-13 20:42:46] [SPAMMY] resolve library-path> [INCOMPATIBILITY] codeql/python-all: * [*], codeql/yaml: not * [*] {dependency: codeql/python-all@* [*] requires codeql/yaml@1.0.22}
[2025-05-13 20:42:46] [SPAMMY] resolve library-path> [DECISION 2] codeql/python-all: 4.0.6
[2025-05-13 20:42:46] [SPAMMY] resolve library-path> [DERIVATION] codeql/yaml: * [*] {codeql/python-all: * [*], codeql/yaml: not * [*] {dependency: codeql/python-all@* [*] requires codeql/yaml@1.0.22}}
[2025-05-13 20:42:46] [SPAMMY] resolve library-path> [DERIVATION] codeql/xml: * [*] {codeql/python-all: * [*], codeql/xml: not * [*] {dependency: codeql/python-all@* [*] requires codeql/xml@1.0.22}}
[2025-05-13 20:42:46] [SPAMMY] resolve library-path> [DERIVATION] codeql/util: * [*] {codeql/python-all: * [*], codeql/util: not * [*] {dependency: codeql/python-all@* [*] requires codeql/util@2.0.9}}
[2025-05-13 20:42:46] [SPAMMY] resolve library-path> [DERIVATION] codeql/tutorial: * [*] {codeql/python-all: * [*], codeql/tutorial: not * [*] {dependency: codeql/python-all@* [*] requires codeql/tutorial@1.0.22}}
[2025-05-13 20:42:46] [SPAMMY] resolve library-path> [DERIVATION] codeql/threat-models: * [*] {codeql/python-all: * [*], codeql/threat-models: not * [*] {dependency: codeql/python-all@* [*] requires codeql/threat-models@1.0.22}}
[2025-05-13 20:42:46] [SPAMMY] resolve library-path> [DERIVATION] codeql/regex: * [*] {codeql/python-all: * [*], codeql/regex: not * [*] {dependency: codeql/python-all@* [*] requires codeql/regex@1.0.22}}
[2025-05-13 20:42:46] [SPAMMY] resolve library-path> [DERIVATION] codeql/mad: * [*] {codeql/python-all: * [*], codeql/mad: not * [*] {dependency: codeql/python-all@* [*] requires codeql/mad@1.0.22}}
[2025-05-13 20:42:46] [SPAMMY] resolve library-path> [DERIVATION] codeql/dataflow: * [*] {codeql/python-all: * [*], codeql/dataflow: not * [*] {dependency: codeql/python-all@* [*] requires codeql/dataflow@2.0.6}}
[2025-05-13 20:42:46] [SPAMMY] resolve library-path> [INCOMPATIBILITY] codeql/dataflow: * [*], codeql/ssa: not * [*] {dependency: codeql/dataflow@* [*] requires codeql/ssa@1.1.1}
[2025-05-13 20:42:46] [SPAMMY] resolve library-path> [INCOMPATIBILITY] codeql/dataflow: * [*], codeql/typetracking: not * [*] {dependency: codeql/dataflow@* [*] requires codeql/typetracking@2.0.6}
[2025-05-13 20:42:46] [SPAMMY] resolve library-path> [INCOMPATIBILITY] codeql/dataflow: * [*], codeql/util: not * [*] {dependency: codeql/dataflow@* [*] requires codeql/util@2.0.9}
[2025-05-13 20:42:46] [SPAMMY] resolve library-path> [DECISION 3] codeql/dataflow: 2.0.6
[2025-05-13 20:42:46] [SPAMMY] resolve library-path> [DERIVATION] codeql/typetracking: * [*] {codeql/dataflow: * [*], codeql/typetracking: not * [*] {dependency: codeql/dataflow@* [*] requires codeql/typetracking@2.0.6}}
[2025-05-13 20:42:46] [SPAMMY] resolve library-path> [DERIVATION] codeql/ssa: * [*] {codeql/dataflow: * [*], codeql/ssa: not * [*] {dependency: codeql/dataflow@* [*] requires codeql/ssa@1.1.1}}
[2025-05-13 20:42:46] [SPAMMY] resolve library-path> [INCOMPATIBILITY] codeql/mad: * [*], codeql/dataflow: not * [*] {dependency: codeql/mad@* [*] requires codeql/dataflow@2.0.6}
[2025-05-13 20:42:46] [SPAMMY] resolve library-path> [INCOMPATIBILITY] codeql/mad: * [*], codeql/util: not * [*] {dependency: codeql/mad@* [*] requires codeql/util@2.0.9}
[2025-05-13 20:42:46] [SPAMMY] resolve library-path> [DECISION 4] codeql/mad: 1.0.22
[2025-05-13 20:42:46] [SPAMMY] resolve library-path> [INCOMPATIBILITY] codeql/regex: * [*], codeql/util: not * [*] {dependency: codeql/regex@* [*] requires codeql/util@2.0.9}
[2025-05-13 20:42:46] [SPAMMY] resolve library-path> [DECISION 5] codeql/regex: 1.0.22
[2025-05-13 20:42:46] [SPAMMY] resolve library-path> [INCOMPATIBILITY] codeql/ssa: * [*], codeql/util: not * [*] {dependency: codeql/ssa@* [*] requires codeql/util@2.0.9}
[2025-05-13 20:42:46] [SPAMMY] resolve library-path> [DECISION 6] codeql/ssa: 1.1.1
[2025-05-13 20:42:46] [SPAMMY] resolve library-path> [DECISION 7] codeql/threat-models: 1.0.22
[2025-05-13 20:42:46] [SPAMMY] resolve library-path> [DECISION 8] codeql/tutorial: 1.0.22
[2025-05-13 20:42:46] [SPAMMY] resolve library-path> [INCOMPATIBILITY] codeql/typetracking: * [*], codeql/util: not * [*] {dependency: codeql/typetracking@* [*] requires codeql/util@2.0.9}
[2025-05-13 20:42:46] [SPAMMY] resolve library-path> [DECISION 9] codeql/typetracking: 2.0.6
[2025-05-13 20:42:46] [SPAMMY] resolve library-path> [DECISION 10] codeql/util: 2.0.9
[2025-05-13 20:42:46] [SPAMMY] resolve library-path> [INCOMPATIBILITY] codeql/xml: * [*], codeql/util: not * [*] {dependency: codeql/xml@* [*] requires codeql/util@2.0.9}
[2025-05-13 20:42:46] [SPAMMY] resolve library-path> [DECISION 11] codeql/xml: 1.0.22
[2025-05-13 20:42:46] [SPAMMY] resolve library-path> [DECISION 12] codeql/yaml: 1.0.22
[2025-05-13 20:42:46] [DETAILS] resolve library-path> QL pack dependencies for C:\Users\sever\OneDrive\Desktop\Language-based Security\Project GDPR Compliance\gdpr-analyzer\custom-queries\python\gdpr resolved OK.
[2025-05-13 20:42:46] [DETAILS] resolve library-path> Found dbscheme through QL packs: C:\Users\sever\.codeql\packages\codeql\python-all\4.0.6\semmlecode.python.dbscheme.
[2025-05-13 20:42:46] Plumbing command codeql resolve library-path completed:
                      {
                        "libraryPath" : [
                          "C:\\Users\\sever\\OneDrive\\Desktop\\Language-based Security\\Project GDPR Compliance\\gdpr-analyzer\\custom-queries\\python\\gdpr",
                          "C:\\Users\\sever\\.codeql\\packages\\codeql\\python-all\\4.0.6",
                          "C:\\Users\\sever\\.codeql\\packages\\codeql\\dataflow\\2.0.6",
                          "C:\\Users\\sever\\.codeql\\packages\\codeql\\mad\\1.0.22",
                          "C:\\Users\\sever\\.codeql\\packages\\codeql\\regex\\1.0.22",
                          "C:\\Users\\sever\\.codeql\\packages\\codeql\\ssa\\1.1.1",
                          "C:\\Users\\sever\\.codeql\\packages\\codeql\\threat-models\\1.0.22",
                          "C:\\Users\\sever\\.codeql\\packages\\codeql\\tutorial\\1.0.22",
                          "C:\\Users\\sever\\.codeql\\packages\\codeql\\typetracking\\2.0.6",
                          "C:\\Users\\sever\\.codeql\\packages\\codeql\\util\\2.0.9",
                          "C:\\Users\\sever\\.codeql\\packages\\codeql\\xml\\1.0.22",
                          "C:\\Users\\sever\\.codeql\\packages\\codeql\\yaml\\1.0.22"
                        ],
                        "dbscheme" : "C:\\Users\\sever\\.codeql\\packages\\codeql\\python-all\\4.0.6\\semmlecode.python.dbscheme",
                        "compilationCache" : [
                          "C:\\Users\\sever\\.codeql\\compile-cache"
                        ],
                        "relativeName" : "gdpr-analyzer\\queries\\SensitiveData.ql",
                        "qlPackName" : "gdpr-analyzer"
                      }
[2025-05-13 20:42:46] [PROGRESS] execute queries> Compiling query plan for C:\Users\sever\OneDrive\Desktop\Language-based Security\Project GDPR Compliance\gdpr-analyzer\custom-queries\python\gdpr\queries\SensitiveData.ql.
[2025-05-13 20:42:46] [DETAILS] execute queries> Resolving imports for C:\Users\sever\OneDrive\Desktop\Language-based Security\Project GDPR Compliance\gdpr-analyzer\custom-queries\python\gdpr\queries\SensitiveData.ql.
[2025-05-13 20:42:48] Resolved file set for C:\Users\sever\OneDrive\Desktop\Language-based Security\Project GDPR Compliance\gdpr-analyzer\custom-queries\python\gdpr\queries\SensitiveData.ql hashes to c5f82ce662efec0b0b1effe372ef25e6.
[2025-05-13 20:42:48] [DETAILS] execute queries> Checking QL for C:\Users\sever\OneDrive\Desktop\Language-based Security\Project GDPR Compliance\gdpr-analyzer\custom-queries\python\gdpr\queries\SensitiveData.ql.
[2025-05-13 20:42:48] Stale frontend caches are invalidated based on import graph reachability.
[2025-05-13 20:42:49] ExternalModuleBindingPass ...
[2025-05-13 20:42:50] ExternalModuleBindingPass time: 00:01.649
[2025-05-13 20:42:50] CollectInstantiationsPass ...
[2025-05-13 20:42:51] CollectInstantiationsPass time: 00:00.566
[2025-05-13 20:42:51] Ql checks ...
[2025-05-13 20:42:56] Ql checks time: 00:05.045
[2025-05-13 20:43:05] Compilation pipeline
[2025-05-13 20:43:06] Type Inference ...
[2025-05-13 20:43:06] CSV_TYPE_HIERARCHY: Best number of iterations,Maximum number of runs,Number of BDD variables,Size of BDD for typefacts
[2025-05-13 20:43:06] CSV_TYPE_HIERARCHY: 0,0,1,1
[2025-05-13 20:43:06] CSV_TYPE_HIERARCHY: 0,0,0,0
[2025-05-13 20:43:06] CSV_TYPE_HIERARCHY: 0,0,0,0
[2025-05-13 20:43:06] CSV_TYPE_HIERARCHY: 0,0,96,97
[2025-05-13 20:43:06] CSV_TYPE_HIERARCHY: 0,0,1,1
[2025-05-13 20:43:06] CSV_TYPE_HIERARCHY: 0,0,0,0
[2025-05-13 20:43:06] CSV_TYPE_HIERARCHY: 0,0,326,384
[2025-05-13 20:43:06] CSV_TYPE_HIERARCHY: 0,0,0,0
[2025-05-13 20:43:06] CSV_TYPE_HIERARCHY: 0,0,24,24
[2025-05-13 20:43:06] CSV_TYPE_HIERARCHY: 0,0,48,72
[2025-05-13 20:43:06] CSV_TYPE_HIERARCHY: 0,0,5,5
[2025-05-13 20:43:06] CSV_TYPE_HIERARCHY: 0,0,2,2
[2025-05-13 20:43:06] CSV_TYPE_HIERARCHY: 0,0,2,2
[2025-05-13 20:43:06] CSV_TYPE_HIERARCHY: 0,0,7,7
[2025-05-13 20:43:06] CSV_TYPE_HIERARCHY: 0,0,560,15728
[2025-05-13 20:43:06] CSV_TYPE_HIERARCHY: 0,0,2,2
[2025-05-13 20:43:06] CSV_TYPE_HIERARCHY: 0,0,2,2
[2025-05-13 20:43:06] CSV_TYPE_HIERARCHY: 0,0,12,13
[2025-05-13 20:43:06] CSV_TYPE_HIERARCHY: 0,0,2,2
[2025-05-13 20:43:06] CSV_TYPE_HIERARCHY: 0,0,8,10
[2025-05-13 20:43:06] CSV_TYPE_HIERARCHY: 0,0,4,4
[2025-05-13 20:43:06] CSV_TYPE_HIERARCHY: 0,0,2,2
[2025-05-13 20:43:06] CSV_TYPE_HIERARCHY: 0,0,7,7
[2025-05-13 20:43:06] CSV_TYPE_HIERARCHY: 0,0,6,6
[2025-05-13 20:43:06] CSV_TYPE_HIERARCHY: 0,0,5,5
[2025-05-13 20:43:06] CSV_TYPE_HIERARCHY: 0,0,9,9
[2025-05-13 20:43:06] CSV_TYPE_HIERARCHY: 0,0,1,1
[2025-05-13 20:43:06] CSV_TYPE_HIERARCHY: 0,0,10,11
[2025-05-13 20:43:06] CSV_TYPE_HIERARCHY: 0,0,10,10
[2025-05-13 20:43:06] CSV_TYPE_HIERARCHY: 0,0,13,17
[2025-05-13 20:43:06] CSV_TYPE_HIERARCHY: 0,0,6,7
[2025-05-13 20:43:06] CSV_TYPE_HIERARCHY: 0,0,2,2
[2025-05-13 20:43:06] CSV_TYPE_HIERARCHY: 0,0,3,3
[2025-05-13 20:43:06] CSV_TYPE_HIERARCHY: 0,0,1,1
[2025-05-13 20:43:06] CSV_TYPE_HIERARCHY: 0,0,1,1
[2025-05-13 20:43:06] CSV_TYPE_HIERARCHY: 0,0,1,1
[2025-05-13 20:43:06] CSV_TYPE_HIERARCHY: 0,0,9,9
[2025-05-13 20:43:06] CSV_TYPE_HIERARCHY: 0,0,8,10
[2025-05-13 20:43:06] CSV_TYPE_HIERARCHY: 0,0,2,2
[2025-05-13 20:43:06] CSV_TYPE_HIERARCHY: 0,0,51,61
[2025-05-13 20:43:06] CSV_TYPE_HIERARCHY: 0,0,18,18
[2025-05-13 20:43:06] CSV_TYPE_HIERARCHY: 0,0,4,4
[2025-05-13 20:43:06] CSV_TYPE_HIERARCHY: 0,0,2,2
[2025-05-13 20:43:06] CSV_TYPE_HIERARCHY: 0,0,8,8
[2025-05-13 20:43:06] CSV_TYPE_HIERARCHY: 0,0,2,2
[2025-05-13 20:43:06] CSV_TYPE_HIERARCHY: 0,0,4,4
[2025-05-13 20:43:06] CSV_TYPE_HIERARCHY: 0,0,2,2
[2025-05-13 20:43:06] CSV_TYPE_HIERARCHY: 0,0,1,1
[2025-05-13 20:43:06] CSV_TYPE_HIERARCHY: 0,0,1,1
[2025-05-13 20:43:06] CSV_TYPE_HIERARCHY: 0,0,2,2
[2025-05-13 20:43:06] CSV_TYPE_HIERARCHY: 0,0,2,2
[2025-05-13 20:43:06] CSV_TYPE_HIERARCHY: 0,0,2,2
[2025-05-13 20:43:06] CSV_TYPE_HIERARCHY: 0,0,1,1
[2025-05-13 20:43:06] CSV_TYPE_HIERARCHY: 0,0,1,1
[2025-05-13 20:43:06] CSV_TYPE_HIERARCHY: 0,0,1,1
[2025-05-13 20:43:06] CSV_TYPE_HIERARCHY: 0,0,1,1
[2025-05-13 20:43:06] CSV_TYPE_HIERARCHY: 0,0,3,3
[2025-05-13 20:43:06] CSV_TYPE_HIERARCHY: 0,0,2,2
[2025-05-13 20:43:06] CSV_TYPE_HIERARCHY: 0,0,3,3
[2025-05-13 20:43:06] CSV_TYPE_HIERARCHY: 0,0,2,2
[2025-05-13 20:43:06] CSV_TYPE_HIERARCHY: 0,0,2,2
[2025-05-13 20:43:06] CSV_TYPE_HIERARCHY: 0,0,3,3
[2025-05-13 20:43:06] CSV_TYPE_HIERARCHY: 0,0,2,2
[2025-05-13 20:43:06] CSV_TYPE_HIERARCHY: 0,0,3,3
[2025-05-13 20:43:06] CSV_TYPE_HIERARCHY: 0,0,2,2
[2025-05-13 20:43:06] CSV_TYPE_HIERARCHY: 0,0,2,2
[2025-05-13 20:43:06] CSV_TYPE_HIERARCHY: 0,0,2,2
[2025-05-13 20:43:06] CSV_TYPE_HIERARCHY: 0,0,9,9
[2025-05-13 20:43:06] CSV_TYPE_HIERARCHY: 0,0,6,7
[2025-05-13 20:43:06] CSV_TYPE_HIERARCHY: 0,0,41,52
[2025-05-13 20:43:06] CSV_TYPE_HIERARCHY: 0,0,1,1
[2025-05-13 20:43:06] CSV_TYPE_HIERARCHY: 0,0,2,2
[2025-05-13 20:43:06] CSV_TYPE_HIERARCHY: 0,0,3,3
[2025-05-13 20:43:06] CSV_TYPE_HIERARCHY: 0,0,3,3
[2025-05-13 20:43:06] CSV_TYPE_HIERARCHY: 0,0,3,3
[2025-05-13 20:43:06] CSV_TYPE_HIERARCHY: 0,0,1,1
[2025-05-13 20:43:06] CSV_TYPE_HIERARCHY: 0,0,3,3
[2025-05-13 20:43:08] Type Inference time: 00:02.223
[2025-05-13 20:43:09] [DETAILS] execute queries> Optimizing C:\Users\sever\OneDrive\Desktop\Language-based Security\Project GDPR Compliance\gdpr-analyzer\custom-queries\python\gdpr\queries\SensitiveData.ql.
[2025-05-13 20:43:09] Processing compilation pipeline
[2025-05-13 20:43:09] Started compiling a query
[2025-05-13 20:43:09] Initialising compiler...
[2025-05-13 20:43:09] 	 ... compiler initialised
[2025-05-13 20:43:09] About to start query optimisation
[2025-05-13 20:43:09] Compilation cache hit - skipping compilation.
[2025-05-13 20:43:10] Compilation cache hit - skipping compilation.
[2025-05-13 20:43:10] Compilation cache miss for 76e127403baf89ef9359d3149a93ff07.
[2025-05-13 20:43:12] Stored compiled program for 76e127403baf89ef9359d3149a93ff07.
[2025-05-13 20:43:12] CSV_COMPILATION: NONE,MISC,RA_TRANSLATION,OPTIMISATIONS
[2025-05-13 20:43:12] CSV_COMPILATION: 355,620,386,1235
[2025-05-13 20:43:12] [SPAMMY] execute queries> No database upgrade/downgrade needed for C:\Users\sever\OneDrive\Desktop\Language-based Security\Project GDPR Compliance\gdpr-analyzer\custom-queries\python\gdpr\queries\SensitiveData.ql
[2025-05-13 20:43:12] [PROGRESS] execute queries> [1/1 comp 26s] Compiled C:\Users\sever\OneDrive\Desktop\Language-based Security\Project GDPR Compliance\gdpr-analyzer\custom-queries\python\gdpr\queries\SensitiveData.ql.
[2025-05-13 20:43:12] [PROGRESS] execute queries> Starting evaluation of gdpr-analyzer\queries\SensitiveData.ql.
[2025-05-13 20:43:12] Starting evaluation of C:\Users\sever\OneDrive\Desktop\Language-based Security\Project GDPR Compliance\gdpr-analyzer\custom-queries\python\gdpr\queries\SensitiveData.ql
[2025-05-13 20:43:12] (0s) Start query execution
[2025-05-13 20:43:12] (0s) Beginning execution of C:\Users\sever\OneDrive\Desktop\Language-based Security\Project GDPR Compliance\gdpr-analyzer\custom-queries\python\gdpr\queries\SensitiveData.ql
[2025-05-13 20:43:12] (0s)  >>> Full cache hit cached_AstExtended::AstNode.getLocation/0#dispred#6b4dcb62/2@389a43u0 with 8 rows and digest 03f7b1ai818rf5lr05kb7t94b2c.
[2025-05-13 20:43:12] (0s)  >>> Full cache hit cached_Files::Impl::Container.splitAbsolutePath/2#dispred#324a3985/3@c992f399 with 21 rows and digest d8f4945euu2cdou336m1pagqlf3.
[2025-05-13 20:43:12] (0s)  >>> Full cache hit cached_Exprs::Expr.toString/0#dispred#7435dfcd/2@a8c03872 with 5 rows and digest 8272bceu3emfienj6fs4r2ksqaa.
[2025-05-13 20:43:12] (0s)  >>> Full cache hit cached_Essa::TEssaDefinition#4c062f56/1@918595pb with 5 rows and digest 107287kaipeebm5p0vucino11f5.
[2025-05-13 20:43:12] (0s)  >>> First-level cache hit cached_Essa::TEssaEdgeDefinition#be4738bc/4@2da913f5 with empty relation.
[2025-05-13 20:43:12] (0s)  >>> First-level cache hit cached_SsaCompute::EssaDefinitions::piNode/3#b1917f93/3@3204beti with empty relation.
[2025-05-13 20:43:12] (0s)  >>> First-level cache hit cached_SsaCompute::AdjacentUses::adjacentUseUse/2#c094915e/2@1fd2fe9p with empty relation.
[2025-05-13 20:43:12] (0s)  >>> First-level cache hit cached_SsaCompute::AdjacentUses::adjacentUseUseSameVar/2#2eafd7db/2@0dcc16hn with empty relation.
[2025-05-13 20:43:12] (0s)  >>> Full cache hit cached_SsaCompute::AdjacentUses::adjacentVarRefs/5#de1f7cd5/5@4359219o with 2 rows and digest 2ad936valgefae4q8pihv5he7kb.
[2025-05-13 20:43:13] (0s)  >>> Full cache hit cached_SsaCompute::AdjacentUses::defSourceUseRank/4#ebad7bcb/4@99c70bvp with 7 rows and digest 0b01224tch5ok369nktknrork66.
[2025-05-13 20:43:13] (0s)  >>> Full cache hit cached_SsaCompute::SsaComputeImpl::variableDefine/4#79261f91/4@1e9ed9n1 with 5 rows and digest 0718da1l7dgj8lsn9kht76vbak6.
[2025-05-13 20:43:13] (0s)  >>> First-level cache hit cached_Flow::BasicBlock.strictlyDominates/1#dispred#65ae2ca3/2@40c1c68m with empty relation.
[2025-05-13 20:43:13] (0s)  >>> Full cache hit cached_CachedStages::Stages::AST::ref/0#e52d92b5/0@c876115v with 1 rows and digest ac90f0ei322hhreshlvdl215c38.
[2025-05-13 20:43:13] (0s)  >>> Full cache hit cached_CachedStages::Stages::AST::backref/0#dddb3000/0@a80d27a0 with 1 rows and digest ac90f0ei322hhreshlvdl215c38.
[2025-05-13 20:43:13] (0s)  >>> First-level cache hit cached_SsaDefinitions::SsaSource::method_call_refinement/3#3634d2a9/3@ec7d91se with empty relation.
[2025-05-13 20:43:13] (0s)  >>> Full cache hit cached_SsaDefinitions::SsaSource::argument_refinement/3#615fb3a9/3@2d844778 with 1 rows and digest 919db36h3b6ab0vn46hlagf5409.
[2025-05-13 20:43:13] (0s)  >>> Full cache hit cached_SsaDefinitions::SsaSource::assignment_definition/3#a5ba4d99/3@5c11868o with 1 rows and digest f91a4ao5q522ru3a4itkmfl4075.
[2025-05-13 20:43:13] (0s)  >>> Full cache hit cached_Flow::DefinitionNode#e8809c3b/1@a95b912i with 1 rows and digest 8e0da6tef7ifi3278ech3981041.
[2025-05-13 20:43:13] (0s)  >>> Full cache hit cached_AstExtended::AstNode.getAFlowNode/0#dispred#fcebb9ee/2@89ae53vo with 7 rows and digest 4d9698disbmnb5sepk3jq5p88h0.
[2025-05-13 20:43:13] (0s)  >>> First-level cache hit cached_SsaDefinitions::SsaSource::parameter_definition/2#40b2fede/2@9409b5ba with empty relation.
[2025-05-13 20:43:13] (0s)  >>> First-level cache hit cached_SsaDefinitions::SsaSource::attribute_assignment_refinement/3#5f777592/3@f4c9688s with empty relation.
[2025-05-13 20:43:13] (0s)  >>> Full cache hit cached_Flow::ControlFlowNode.getScope/0#dispred#b061daac/2@afe6a2k8 with 7 rows and digest 5e3c23vtk2eaclu3igs189oljrd.
[2025-05-13 20:43:13] (0s)  >>> Full cache hit cached_AstExtended::AstNode.getAChildNode/0#dispred#a130356d/2@4a4f6brg with 7 rows and digest bfe6d34mkao4f7erc3kq9vel2e7.
[2025-05-13 20:43:13] (0s)  >>> First-level cache hit cached_Flow::BasicBlock.getASuccessor/0#dispred#7249dd96/2@debdc7ao with empty relation.
[2025-05-13 20:43:13] (0s)  >>> First-level cache hit cached_SsaDefinitions::SsaSource::attribute_deletion_refinement/3#7de1bd7a/3@bc7edf3e with empty relation.
[2025-05-13 20:43:13] (0s)  >>> First-level cache hit cached_SsaDefinitions::SsaSource::deletion_definition/2#e74a17e3/2@a934fde8 with empty relation.
[2025-05-13 20:43:13] (0s)  >>> First-level cache hit cached_SsaDefinitions::SsaSource::exception_capture/2#fd0779df/2@793700dj with empty relation.
[2025-05-13 20:43:13] (0s)  >>> First-level cache hit cached_SsaDefinitions::SsaSource::exception_group_capture/2#d53f492d/2@790fdeja with empty relation.
[2025-05-13 20:43:13] (0s)  >>> First-level cache hit cached_SsaDefinitions::SsaSource::import_star_refinement/3#1675f8e2/3@39fa47h0 with empty relation.
[2025-05-13 20:43:13] (0s)  >>> First-level cache hit cached_SsaDefinitions::SsaSource::init_module_submodule_defn/2#64b1af7d/2@2761bd9c with empty relation.
[2025-05-13 20:43:13] (0s)  >>> First-level cache hit cached_Module::moduleNameFromFile/1#a01d5f51/2@010e4f4r with empty relation.
[2025-05-13 20:43:13] (0s)  >>> First-level cache hit cached_SsaDefinitions::SsaSource::multi_assignment_definition/4#1d17889e/4@89e653d3 with empty relation.
[2025-05-13 20:43:13] (0s)  >>> First-level cache hit cached_Flow::SequenceNode.getElement/1#dispred#4cc4068f/3@cc5e78ka with empty relation.
[2025-05-13 20:43:13] (0s)  >>> First-level cache hit cached_SsaDefinitions::SsaSource::pattern_alias_definition/2#e55586af/2@f91af3ha with empty relation.
[2025-05-13 20:43:13] (0s)  >>> First-level cache hit cached_SsaDefinitions::SsaSource::pattern_capture_definition/2#77b3ae42/2@6e282c28 with empty relation.
[2025-05-13 20:43:13] (0s)  >>> First-level cache hit cached_SsaDefinitions::SsaSource::test_refinement/3#2cbdf557/3@c646bdum with empty relation.
[2025-05-13 20:43:13] (1s)  >>> First-level cache hit cached_SsaDefinitions::SsaSource::with_definition/2#e1888ceb/2@e0bd2902 with empty relation.
[2025-05-13 20:43:13] (1s)  >>> First-level cache hit cached_SsaCompute::SsaDefinitions::reachesEndOfBlock/4#214bd902/4@8d3536mv with empty relation.
[2025-05-13 20:43:13] (1s)  >>> First-level cache hit cached_SsaCompute::Liveness::liveAtExit/2#b6aa63f4/2@00f3ba04 with empty relation.
[2025-05-13 20:43:13] (1s)  >>> Full cache hit cached_SsaCompute::Liveness::liveAtEntry/2#bab3ea7c/2@6601ffvo with 1 rows and digest 56c21d4arkp67ckn4lmh9br3h24.
[2025-05-13 20:43:13] (1s)  >>> Full cache hit cached_SsaCompute::SsaComputeImpl::defUseRank/4#782a2f48/4@a2d696uu with 16 rows and digest 4a0b7d7na7jqbmlqrl6rquuj0hb.
[2025-05-13 20:43:13] (1s)  >>> Full cache hit cached_SsaCompute::SsaComputeImpl::variableDef/4#38b3ef7e/4@8a1c0f76 with 6 rows and digest 5d6bbehnnihpkp66rf033kbl2ca.
[2025-05-13 20:43:13] (1s)  >>> Full cache hit cached_SsaCompute::SsaComputeImpl::variableRefine/4#b20a3c26/4@209e7767 with 1 rows and digest 04245erberlqfn5vgqifeqp3ep5.
[2025-05-13 20:43:13] (1s)  >>> Full cache hit cached_SsaCompute::SsaComputeImpl::variableUse/4#da62dc30/4@ce02f549 with 10 rows and digest f0dc878h0f88fhdbgpne194trn8.
[2025-05-13 20:43:13] (1s)  >>> Full cache hit cached_SsaCompute::SsaComputeImpl::defRank/4#f608ea69/4@7f1611ue with 6 rows and digest 780f917c65kvbk8q7njjsq3qaf6.
[2025-05-13 20:43:13] (1s)  >>> Full cache hit cached_SsaCompute::SsaComputeImpl::lastRank/2#6cfcb19d/3@0891d874 with 5 rows and digest ace17688f8n8bgb438q7amkgkv1.
[2025-05-13 20:43:13] (1s)  >>> First-level cache hit cached_SsaCompute::EssaDefinitions::phiNode/2#4864b30d/2@ce8e8e2f with empty relation.
[2025-05-13 20:43:13] (1s)  >>> Full cache hit cached_SsaCompute::SsaComputeImpl::ssaDef/2#1ca5a11b/2@ae9182bm with 4 rows and digest a8ab9cvvn5tuuqmlc8ul0gmtsb9.
[2025-05-13 20:43:13] (1s)  >>> Full cache hit cached_SsaCompute::EssaDefinitions::variableUpdate/5#c42159b9/5@2ba91fut with 5 rows and digest b41faaicbmpt95ferenj2bqjtaa.
[2025-05-13 20:43:13] (1s)  >>> Full cache hit cached_SsaCompute::EssaDefinitions::variableDefinition/5#32b5d84f/5@5f1279gb with 4 rows and digest f7236bi2li1baghhp8icr18kef6.
[2025-05-13 20:43:14] (1s)  >>> Full cache hit cached_SsaCompute::EssaDefinitions::variableRefinement/5#4e891107/5@95e977ab with 1 rows and digest 73596c75oufl2uojgg5o0r2tjh8.
[2025-05-13 20:43:14] (1s)  >>> Full cache hit cached_SsaCompute::SsaComputeImpl::ssaDefReachesRank/4#f19c6fee/4@404efe5b with 13 rows and digest 8c949c89jl9pbfkfvca4bto1rtc.
[2025-05-13 20:43:14] (1s)  >>> First-level cache hit cached_Flow::BasicBlock.getImmediateDominator/0#dispred#0f15e8ec/2@408ca88v with empty relation.
[2025-05-13 20:43:14] (1s)  >>> First-level cache hit cached_Essa::TPhiFunction#dfb6fe3b/3@2bce46ul with empty relation.
[2025-05-13 20:43:14] (1s)  >>> First-level cache hit cached_Essa::PhiFunction.getInput/1#dispred#f797e1b9/3@8f4ad7c4 with empty relation.
[2025-05-13 20:43:14] (1s)  >>> Full cache hit cached_Essa::TEssaNodeDefinition#96e9ebfe/4@a811d0mp with 4 rows and digest b4ed4ebmhcss9uu5rd6fqjok8n9.
[2025-05-13 20:43:14] (1s)  >>> Full cache hit cached_Essa::TEssaNodeRefinement#8de2de42/4@3787696p with 1 rows and digest 192ffbei3rsqb39oklerjqkq804.
[2025-05-13 20:43:14] (1s)  >>> First-level cache hit cached_Import::ImportStar.getModuleExpr/0#dispred#8ab9ce73/2@9212cahk with empty relation.
[2025-05-13 20:43:14] (1s)  >>> Full cache hit cached_AstExtended::AstNode.getParentNode/0#dispred#c159e3ee/2@699751d5 with 7 rows and digest d30535gfife5kqnv3bpfe12o3nd.
[2025-05-13 20:43:14] (1s)  >>> First-level cache hit cached_#Flow::BasicBlock.getASuccessor/0#dispred#7249dd96Plus/2@4ae642b8 with empty relation.
[2025-05-13 20:43:14] (1s)  >>> Full cache hit cached_Flow::ControlFlowNode.toString/0#dispred#e1af144b/2@54b666h0 with 7 rows and digest 5a5025l8c9lnume4ngdntj2rk6a.
[2025-05-13 20:43:14] (1s)  >>> Full cache hit cached_SsaCompute::AdjacentUses::variableSourceUse/4#4525ef19/4@271bba4s with 2 rows and digest 34b43drlpg2li7h4360dlhm0vp9.
[2025-05-13 20:43:14] (1s)  >>> Full cache hit cached_SsaCompute::AdjacentUses::definesAt/4#68130204/4@388909lj with 4 rows and digest f3d0187dabn3fbuelg68ukb7v95.
[2025-05-13 20:43:14] (1s)  >>> Full cache hit cached_SsaCompute::AdjacentUses::firstUse/2#ca053ce0/2@b3437a3s with 1 rows and digest 429766br6aki50sjmc3uu9qtqb7.
[2025-05-13 20:43:14] (1s)  >>> Full cache hit cached_SsaCompute::AdjacentUses::useOfDef/2#16a7ee50/2@c0f71efh with 1 rows and digest 429766br6aki50sjmc3uu9qtqb7.
[2025-05-13 20:43:14] (1s)  >>> Full cache hit cached_SsaCompute::SsaDefinitions::reachesExit/3#a534505a/3@cbea635k with 4 rows and digest 728dcdt0jkb2jjsgh31e4hi9s3f.
[2025-05-13 20:43:14] (1s)  >>> Full cache hit cached_SsaCompute::SsaDefinitions::reachesUse/4#216dc4f6/4@2dbd699l with 8 rows and digest 1ffe2ditgcnebbl2t9mt7457ine.
[2025-05-13 20:43:14] (1s)  >>> Full cache hit cached_SsaCompute::SsaComputeImpl::ssaDefReachesUseWithinBlock/4#87a91e15/4@f3e4d889 with 8 rows and digest 1ffe2ditgcnebbl2t9mt7457ine.
[2025-05-13 20:43:14] (1s)  >>> Created relation files/2@ec93749g with 1 rows and digest 52c0ad7mh3tofdclbbqkmifrfn8.
[2025-05-13 20:43:14] (1s)  >>> Created relation sourceLocationPrefix/1@64802cd1 with 1 rows and digest 8a3ae6qhdnd8d74ovm5e2odhl7a.
[2025-05-13 20:43:14] (1s)  >>> Created relation py_variables/2@62cd450b with 3 rows and digest 72eca4qf3r3r037dg41l46vefn3.
[2025-05-13 20:43:14] (1s)  >>> Created relation py_exprs/4@62fb455g with 5 rows and digest 95ac0agv3s035bipcnuv2g9edq0.
[2025-05-13 20:43:14] (1s) Starting to evaluate predicate SensitiveData::isSensitiveName/1#6ce2539c/1@d44404cr
[2025-05-13 20:43:14] (1s)  >>> Created relation SensitiveData::isSensitiveName/1#6ce2539c/1@d44404cr with 4 rows and digest 4e01352oknpcnlp0fhrdhgisigc.
[2025-05-13 20:43:14] (1s)  >>> Created relation variable/3@5e1d40kq with 5 rows and digest 71b6b781epb7au6snkh9ip2sgs5.
[2025-05-13 20:43:14] (1s) Starting to evaluate predicate variable_201#join_rhs/3@0467c2qr
[2025-05-13 20:43:14] (1s)  >>> Created relation variable_201#join_rhs/3@0467c2qr with 5 rows and digest b7a23dfd87nh6hvslp1vk27c1g5.
[2025-05-13 20:43:14] (1s) Starting to evaluate predicate Exprs::Name.getId/0#dispred#4fa5460e#fb/2@caa6391m
[2025-05-13 20:43:14] (1s)  >>> Created relation Exprs::Name.getId/0#dispred#4fa5460e#fb/2@caa6391m with 2 rows and digest edf09f4goelad7pgdusf3lgvpa2.
[2025-05-13 20:43:14] (2s)  >>> Created relation py_locations/2@d222f4l2 with 7 rows and digest 286f71au8pp2qu1v16ger3p6mre.
[2025-05-13 20:43:14] (2s) Starting to evaluate predicate py_locations_10#join_rhs/2@cad24bnc
[2025-05-13 20:43:14] (2s)  >>> Created relation py_locations_10#join_rhs/2@cad24bnc with 7 rows and digest aafe1dsd31hdaes6kt0492lmgt1.
[2025-05-13 20:43:14] (2s) Starting to evaluate predicate Exprs::Expr.getLocation/0#dispred#c128155b/2@d10f96ct
[2025-05-13 20:43:14] (2s)  >>> Created relation Exprs::Expr.getLocation/0#dispred#c128155b/2@d10f96ct with 5 rows and digest 9004657bveln068acljq1th7fva.
[2025-05-13 20:43:14] (2s) Starting to evaluate predicate m#Files::Location.getPath/0#dispred#4f81638b#bf/1@d0075413
[2025-05-13 20:43:14] (2s)  >>> Created relation m#Files::Location.getPath/0#dispred#4f81638b#bf/1@d0075413 with 2 rows and digest 59f12d3ci20jlde7gih81af4753.
[2025-05-13 20:43:14] (2s)  >>> Created relation locations_ast/6@aba204da with 8 rows and digest 48a0b7elsmvof92l9qi8mvoarf6.
[2025-05-13 20:43:14] (2s)  >>> Created relation py_module_path/2@7a0f7599 with 1 rows and digest 504662ef152k8eh6e702madibcb.
[2025-05-13 20:43:14] (2s)  >>> Created relation locations_default/6@2b5cc3pr with 0 rows and digest THIS-RELATION-HAS-NO-TUPLES.
[2025-05-13 20:43:14] (2s) Starting to evaluate predicate Files::Location.getPath/0#dispred#4f81638b#bf/2@31e56b57
[2025-05-13 20:43:14] (2s)  >>> Created relation Files::Location.getPath/0#dispred#4f81638b#bf/2@31e56b57 with 2 rows and digest 748820e4mosml6fnmmmnt0ok650.
[2025-05-13 20:43:14] (2s) Starting to evaluate predicate project#Files::Location.getPath/0#dispred#4f81638b#bf/1@81dcb07q
[2025-05-13 20:43:14] (2s)  >>> Created relation project#Files::Location.getPath/0#dispred#4f81638b#bf/1@81dcb07q with 1 rows and digest bf1523qujqflveijk2t1i3e3lv0.
[2025-05-13 20:43:14] (2s)  >>> Created relation folders/2@bad7d9u0 with 9 rows and digest 013ee1k6671k53efrvufvjbk9a4.
[2025-05-13 20:43:14] (2s) Starting to evaluate predicate Files::Input::ContainerBase.getAbsolutePath/0#dispred#bb5aca3b/2@966d67vo
[2025-05-13 20:43:14] (2s)  >>> Created relation Files::Input::ContainerBase.getAbsolutePath/0#dispred#bb5aca3b/2@966d67vo with 10 rows and digest d34ae5belvgip610bchcp4gv3c0.
[2025-05-13 20:43:14] (2s) Starting to evaluate predicate Files::Impl::Container.getRelativePath/0#dispred#21f7a09a#bf/2@7dfe9bna
[2025-05-13 20:43:14] (2s)  >>> Created relation Files::Impl::Container.getRelativePath/0#dispred#21f7a09a#bf/2@7dfe9bna with 1 rows and digest 51becfls3ird38gkbed8al24isd.
[2025-05-13 20:43:14] (2s) Starting to evaluate predicate #select/2@8cc082t1
[2025-05-13 20:43:14] (2s)  >>> Created relation #select/2@8cc082t1 with 2 rows and digest 07a28ftuiamar1gh0k8gd30n37b.
[2025-05-13 20:43:14] (2s) Starting to evaluate predicate Module::Module.getFile/0#dispred#53eb9b1b/2@648ff7sb
[2025-05-13 20:43:14] (2s)  >>> Created relation Module::Module.getFile/0#dispred#53eb9b1b/2@648ff7sb with 1 rows and digest 504662ef152k8eh6e702madibcb.
[2025-05-13 20:43:14] (2s) Starting to evaluate predicate Module::Module.getFile/0#dispred#53eb9b1b_0#antijoin_rhs/1@b54f01qv
[2025-05-13 20:43:14] (2s)  >>> Created relation Module::Module.getFile/0#dispred#53eb9b1b_0#antijoin_rhs/1@b54f01qv with 1 rows and digest af286bmisb7md5hoei5sq5fd727.
[2025-05-13 20:43:14] (2s) Starting to evaluate predicate locations_ast_102345#join_rhs/6@ba5e2d5g
[2025-05-13 20:43:14] (2s)  >>> Created relation locations_ast_102345#join_rhs/6@ba5e2d5g with 8 rows and digest d9c634edaeuhgti8fnb5vvk4bt2.
[2025-05-13 20:43:14] (2s) Starting to evaluate predicate Files::Location.hasLocationInfo/5#dispred#143bb906/6@5c85b9n0
[2025-05-13 20:43:14] (2s)  >>> Created relation Files::Location.hasLocationInfo/5#dispred#143bb906/6@5c85b9n0 with 8 rows and digest adb12511c527vbdbskq1v1l69h9.
[2025-05-13 20:43:14] (2s) Starting to evaluate predicate _#select_AstExtended::AstNode.getLocation/0#dispred#6b4dcb62#shared/3@c0ac1aee
[2025-05-13 20:43:14] (2s)  >>> Created relation _#select_AstExtended::AstNode.getLocation/0#dispred#6b4dcb62#shared/3@c0ac1aee with 2 rows and digest 184ea48o9t08h9pu5v2rjbsviof.
[2025-05-13 20:43:14] (2s) Starting to evaluate predicate _#select_AstGenerated::Expr_.getLocation/0#dispred#3637884c#shared/3@186bd6un
[2025-05-13 20:43:14] (2s)  >>> Created relation _#select_AstGenerated::Expr_.getLocation/0#dispred#3637884c#shared/3@186bd6un with 2 rows and digest 184ea48o9t08h9pu5v2rjbsviof.
[2025-05-13 20:43:14] (2s) Starting to evaluate predicate project#Files::Location.hasLocationInfo/5#dispred#143bb906/1@2da765ju
[2025-05-13 20:43:14] (2s)  >>> Created relation project#Files::Location.hasLocationInfo/5#dispred#143bb906/1@2da765ju with 8 rows and digest edb0b4slq7l63k0jp7hgcoqe9d6.
[2025-05-13 20:43:14] (2s) Starting to evaluate predicate __#select_AstExtended::AstNode.getLocation/0#dispred#6b4dcb62#shared__#select_AstGenerated::Expr_.ge__#antijoin_rhs/2@b2650fas
[2025-05-13 20:43:14] (2s)  >>> Created relation __#select_AstExtended::AstNode.getLocation/0#dispred#6b4dcb62#shared__#select_AstGenerated::Expr_.ge__#antijoin_rhs/2@b2650fas with 2 rows and digest 07a28ftuiamar1gh0k8gd30n37b.
[2025-05-13 20:43:14] (2s) Starting to evaluate predicate _#select_Files::Location.hasLocationInfo/5#dispred#143bb906__#select_AstExtended::AstNode.getLocatio__#shared/7@36318572
[2025-05-13 20:43:14] (2s)  >>> Created relation _#select_Files::Location.hasLocationInfo/5#dispred#143bb906__#select_AstExtended::AstNode.getLocatio__#shared/7@36318572 with 2 rows and digest 0f34aan3g8ei4bti5vhm2crqsk2.
[2025-05-13 20:43:14] (2s) Starting to evaluate predicate project#Exprs::Expr.toString/0#dispred#7435dfcd/1@68a913ck
[2025-05-13 20:43:14] (2s)  >>> Created relation project#Exprs::Expr.toString/0#dispred#7435dfcd/1@68a913ck with 5 rows and digest e7bc5faadu4si8mkaphoh9i8j61.
[2025-05-13 20:43:14] (2s) Starting to evaluate predicate project##select/1@d16a84cf
[2025-05-13 20:43:14] (2s)  >>> Created relation project##select/1@d16a84cf with 2 rows and digest 9b2f536ong0kt440srm3sm7hea0.
[2025-05-13 20:43:14] (2s) Starting to evaluate predicate AstGenerated::AstNode_.toString/0#dispred#192f27b5#bf/2@a11fec3d
[2025-05-13 20:43:14] (2s)  >>> Created relation AstGenerated::AstNode_.toString/0#dispred#192f27b5#bf/2@a11fec3d with 2 rows and digest edf09f4goelad7pgdusf3lgvpa2.
[2025-05-13 20:43:14] (2s) Starting to evaluate predicate project#AstGenerated::AstNode_.toString/0#dispred#192f27b5#bf/1@9c52eb3f
[2025-05-13 20:43:14] (2s)  >>> Created relation project#AstGenerated::AstNode_.toString/0#dispred#192f27b5#bf/1@9c52eb3f with 2 rows and digest 9b2f536ong0kt440srm3sm7hea0.
[2025-05-13 20:43:14] (2s) Starting to evaluate predicate __#select_Files::Location.hasLocationInfo/5#dispred#143bb906__#select_AstExtended::AstNode.getLocati__#antijoin_rhs/7@ba1d863u
[2025-05-13 20:43:14] (2s)  >>> Created relation __#select_Files::Location.hasLocationInfo/5#dispred#143bb906__#select_AstExtended::AstNode.getLocati__#antijoin_rhs/7@ba1d863u with 2 rows and digest 0f34aan3g8ei4bti5vhm2crqsk2.
[2025-05-13 20:43:14] (2s) Starting to evaluate predicate #select#query/8@7f0cebp2
[2025-05-13 20:43:14] (2s)  >>> Created relation #select#query/8@7f0cebp2 with 2 rows and digest 2c5a580u5rdis24urkhtll4k1a0.
[2025-05-13 20:43:14] (2s) Query done
[2025-05-13 20:43:14] (2s) Sequence stamp origin is -6049883364628681102
[2025-05-13 20:43:14] (2s) Pausing evaluation to sync to disk at sequence stamp o+0
[2025-05-13 20:43:14] (2s) Unpausing evaluation
[2025-05-13 20:43:14] Evaluation of C:\Users\sever\OneDrive\Desktop\Language-based Security\Project GDPR Compliance\gdpr-analyzer\custom-queries\python\gdpr\queries\SensitiveData.ql produced BQRS results.
[2025-05-13 20:43:14] [PROGRESS] execute queries> Evaluation completed (2.1s).
[2025-05-13 20:43:14] Constructing in-process plumbing: codeql bqrs decode dummy.bqrs
[2025-05-13 20:43:14] [PROGRESS] execute queries> Shutting down query evaluator.
[2025-05-13 20:43:14] Pausing evaluation to close the cache at sequence stamp o+1
[2025-05-13 20:43:14] The disk cache is freshly trimmed; leave it be.
[2025-05-13 20:43:14] Unpausing evaluation
[2025-05-13 20:43:14] This NaiveBuddyAllocator requested 0 eviction rounds.
[2025-05-13 20:43:14] Exiting with code 0
