[2025-05-04 17:09:17] This is codeql database create python-db --language=python --source-root=test-code
[2025-05-04 17:09:17] Log file was started late.
[2025-05-04 17:09:17] [PROGRESS] database create> Initializing database at C:\Users\sever\OneDrive\Desktop\Language-based Security\Project GDPR Compliance\gdpr-analyzer\custom-queries\python\gdpr\python-db.
[2025-05-04 17:09:17] Running plumbing command: codeql database init --language=python --extractor-options-verbosity=1 --qlconfig-file=C:\Users\sever\OneDrive\Desktop\Language-based Security\Project GDPR Compliance\gdpr-analyzer\custom-queries\python\gdpr\qlconfig.yml --source-root=C:\Users\sever\OneDrive\Desktop\Language-based Security\Project GDPR Compliance\gdpr-analyzer\custom-queries\python\gdpr\test-code --allow-missing-source-root=false --allow-already-existing -- C:\Users\sever\OneDrive\Desktop\Language-based Security\Project GDPR Compliance\gdpr-analyzer\custom-queries\python\gdpr\python-db
[2025-05-04 17:09:17] Exception caught at top level: Invalid source root: C:\Users\sever\OneDrive\Desktop\Language-based Security\Project GDPR Compliance\gdpr-analyzer\custom-queries\python\gdpr\test-code.
                      com.semmle.cli2.database.InitCommand.executeSubcommand(InitCommand.java:170)
                      com.semmle.cli2.picocli.SubcommandCommon.lambda$executeSubcommandWithMessages$5(SubcommandCommon.java:892)
                      com.semmle.cli2.picocli.SubcommandCommon.withCompilationMessages(SubcommandCommon.java:444)
                      com.semmle.cli2.picocli.SubcommandCommon.executeSubcommandWithMessages(SubcommandCommon.java:890)
                      com.semmle.cli2.picocli.PlumbingRunner.run(PlumbingRunner.java:119)
                      com.semmle.cli2.picocli.SubcommandCommon.runPlumbingInProcess(SubcommandCommon.java:201)
                      com.semmle.cli2.database.CreateCommand.executeSubcommand(CreateCommand.java:113)
                      com.semmle.cli2.picocli.SubcommandCommon.lambda$executeSubcommandWithMessages$5(SubcommandCommon.java:892)
                      com.semmle.cli2.picocli.SubcommandCommon.withCompilationMessages(SubcommandCommon.java:444)
                      com.semmle.cli2.picocli.SubcommandCommon.executeSubcommandWithMessages(SubcommandCommon.java:890)
                      com.semmle.cli2.picocli.SubcommandCommon.toplevelMain(SubcommandCommon.java:777)
                      com.semmle.cli2.picocli.SubcommandCommon.call(SubcommandCommon.java:757)
                      com.semmle.cli2.picocli.SubcommandMaker.runMain(SubcommandMaker.java:238)
                      com.semmle.cli2.picocli.SubcommandMaker.runMain(SubcommandMaker.java:259)
                      com.semmle.cli2.CodeQL.main(CodeQL.java:115)
